@!@!@STARTMSG 2262:0 @!@!@
TLC2 Version 2.14 of 10 July 2019
@!@!@ENDMSG 2262 @!@!@
@!@!@STARTMSG 2187:0 @!@!@
Running breadth-first search Model-Checking with fp 61 and seed -3516300359875781862 with 2 workers on 4 cores with 599MB heap and 1346MB offheap memory [pid: 2564] (Windows 10 10.0 amd64, AdoptOpenJDK 11.0.3 x86_64, OffHeapDiskFPSet, DiskStateQueue).
@!@!@ENDMSG 2187 @!@!@
@!@!@STARTMSG 2220:0 @!@!@
Starting SANY...
@!@!@ENDMSG 2220 @!@!@
Parsing file C:\Users\HP\Desktop\Distributed Systems\project\TLA-Plus\BenOr\BenOr.toolbox\benor5\MC.tla
Parsing file C:\Users\HP\Desktop\Distributed Systems\project\TLA-Plus\BenOr\BenOr.toolbox\benor5\BenOr.tla
Parsing file C:\Users\HP\Desktop\Distributed Systems\tla+\toolbox\plugins\org.lamport.tlatools_1.0.0.201907102009\tla2sany\StandardModules\TLC.tla
Parsing file C:\Users\HP\Desktop\Distributed Systems\tla+\toolbox\plugins\org.lamport.tlatools_1.0.0.201907102009\tla2sany\StandardModules\Integers.tla
Parsing file C:\Users\HP\Desktop\Distributed Systems\tla+\toolbox\plugins\org.lamport.tlatools_1.0.0.201907102009\tla2sany\StandardModules\Sequences.tla
Parsing file C:\Users\HP\Desktop\Distributed Systems\tla+\toolbox\plugins\org.lamport.tlatools_1.0.0.201907102009\tla2sany\StandardModules\FiniteSets.tla
Parsing file C:\Users\HP\Desktop\Distributed Systems\tla+\toolbox\plugins\org.lamport.tlatools_1.0.0.201907102009\tla2sany\StandardModules\Naturals.tla
Semantic processing of module Naturals
Semantic processing of module Integers
Semantic processing of module Sequences
Semantic processing of module FiniteSets
Semantic processing of module TLC
Semantic processing of module BenOr
Semantic processing of module MC
@!@!@STARTMSG 2219:0 @!@!@
SANY finished.
@!@!@ENDMSG 2219 @!@!@
@!@!@STARTMSG 2185:0 @!@!@
Starting... (2019-11-27 13:32:23)
@!@!@ENDMSG 2185 @!@!@
@!@!@STARTMSG 2189:0 @!@!@
Computing initial states...
@!@!@ENDMSG 2189 @!@!@
@!@!@STARTMSG 2190:0 @!@!@
Finished computing initial states: 1 distinct state generated at 2019-11-27 13:32:24.
@!@!@ENDMSG 2190 @!@!@
1
0
1
1
0
1
1
1
1
1
0
1
1
0
1
1
1
0
0
1
1
0
1
1
1
1
1
1
1
1
1
1
0
0
1
1
1
1
1
1
1
1
1
0
1
0
1
0
1
0
1
1
1
0
1
1
1
1
1
1
1
1
1
0
1
0
1
1
1
1
1
1
1
1
0
0
1
1
0
0
1
1
0
0
1
1
1
1
1
0
"1"
"1"
"1"
1
1
"1"
"1"
"1"
1
1
1
1
0
1
0
1
0
1
"1"
"1"
"1"
"1"
"1"
"1"
"1"
"1"
"1"
"1"
"1"
"1"
"1"
"1"
"1"
1
"1"
"1"
1
"1"
"1"
"1"
"1"
"1"
"1"
"1"
"1"
1
"1"
"1"
0
"1"
"1"
"1"
"1"
"1"
"1"
"1"
"1"
"1"
1
1
"1"
"1"
"1"
"1"
"1"
"1"
"1"
"1"
"1"
"1"
1
"1"
"1"
"1"
"1"
"1"
1
"1"
"1"
"1"
"1"
1
"1"
"1"
"1"
"1"
"1"
1
"1"
"1"
1
"1"
"1"
"1"
1
"1"
"1"
"1"
"1"
"1"
"1"
"1"
"1"
"1"
1
"1"
"1"
"1"
1
"1"
"1"
1
"1"
0
"1"
"1"
"1"
0
"1"
"1"
0
"1"
"1"
"1"
"1"
"1"
"1"
"1"
"1"
"1"
"1"
"1"
"1"
"1"
"1"
"1"
"1"
"1"
"1"
"1"
"1"
"1"
"1"
"1"
"1"
1
"1"
"1"
1
"1"
"1"
1
"1"
"1"
"1"
"1"
"1"
"1"
"1"
"1"
1
"1"
"1"
1
"1"
"1"
"1"
"1"
"1"
"1"
"1"
1
"1"
"1"
"1"
"1"
"1"
"1"
"1"
"1"
1
"1"
1
"1"
"1"
1
"1"
1
"1"
"1"
1
"1"
"1"
1
"1"
"1"
"1"
"1"
"1"
"1"
"1"
"1"
"1"
"1"
"1"
"1"
"1"
"1"
1
"1"
"1"
1
"1"
1
"1"
"1"
1
"1"
"1"
1
"1"
1
"1"
0
"1"
"1"
0
"1"
0
"1"
0
"1"
"1"
0
"1"
0
"1"
"1"
"1"
"1"
"1"
"1"
"1"
"1"
"1"
"1"
"1"
"1"
"1"
"1"
"1"
"1"
"1"
"1"
"1"
"1"
"1"
"1"
"1"
"1"
"1"
"1"
"1"
"1"
1
"1"
"1"
1
"1"
"1"
1
"1"
"1"
"1"
"1"
"1"
1
1
"1"
"1"
"1"
"1"
1
"1"
"1"
"1"
"1"
"1"
"1"
"1"
1
"1"
"1"
1
"1"
"1"
"1"
"1"
"1"
1
"1"
"1"
"1"
"1"
"1"
"1"
"1"
"1"
"1"
"1"
"1"
"1"
"1"
"1"
"1"
1
"1"
1
"1"
"1"
1
1
"1"
1
"1"
1
"1"
1
"1"
"1"
1
"1"
1
"1"
"1"
1
"1"
"1"
"1"
"1"
"1"
"1"
"1"
"1"
"1"
"1"
"1"
1
"1"
"1"
1
"1"
1
"1"
1
"1"
1
1
"1"
"1"
1
"1"
"1"
1
"1"
1
"1"
1
"1"
0
"1"
"1"
0
"1"
0
"1"
0
"1"
0
0
"1"
0
"1"
"1"
0
"1"
0
"1"
0
"1"
"1"
"1"
"1"
"1"
"1"
"1"
"1"
"1"
"1"
"1"
"1"
"1"
"1"
"1"
"1"
"1"
"1"
"1"
"1"
"1"
"1"
1
"1"
"1"
1
"1"
"1"
"1"
"1"
1
1
"1"
"1"
"1"
"1"
1
"1"
"1"
"1"
"1"
"1"
1
1
"1"
"1"
1
"1"
"1"
"1"
1
"1"
"1"
"1"
"1"
"1"
"1"
"1"
1
"1"
"1"
"1"
"1"
"1"
1
"1"
"1"
"1"
"1"
"1"
1
"1"
"1"
"1"
"1"
"1"
"1"
"1"
"1"
"1"
"1"
"1"
"1"
"1"
"1"
"1"
1
"1"
"1"
1
1
"1"
1
"1"
1
1
"1"
1
1
"1"
1
"1"
1
"1"
1
"1"
1
"1"
"1"
"1"
1
"1"
"1"
"1"
1
"1"
1
"1"
1
"1"
1
1
"1"
1
"1"
1
1
1
"1"
"1"
1
"1"
1
"1"
1
0
"1"
0
"1"
0
"1"
0
0
"1"
0
"1"
0
0
0
"1"
0
"1"
0
"1"
0
"1"
"1"
"1"
"1"
"1"
"1"
"1"
"1"
"1"
"1"
"1"
"1"
"1"
"1"
"1"
1
1
"1"
"1"
"1"
"1"
1
"1"
"1"
"1"
"1"
"1"
1
1
1
"1"
"1"
"1"
"1"
"1"
1
"1"
"1"
"1"
"1"
"1"
1
"1"
"1"
1
"1"
"1"
1
"1"
"1"
"1"
"1"
"1"
"1"
"1"
"1"
"1"
"1"
1
"1"
"1"
"1"
"1"
"1"
1
"1"
"1"
"1"
"1"
"1"
"1"
"1"
"1"
"1"
"1"
"1"
"1"
"1"
"1"
"1"
"1"
"1"
1
"1"
1
"1"
1
1
"1"
1
1
"1"
1
1
1
1
"1"
1
"1"
1
"1"
"1"
"1"
1
"1"
1
1
"1"
1
"1"
1
1
1
"1"
1
1
"1"
"1"
1
1
0
"1"
1
"1"
0
0
"1"
0
0
0
"1"
0
0
0
0
"1"
0
"1"
"1"
"1"
"1"
"1"
"1"
"1"
"1"
1
1
"1"
"1"
1
"1"
"1"
"1"
1
"1"
"1"
"1"
"1"
"1"
1
"1"
"1"
1
"1"
1
"1"
"1"
"1"
"1"
"1"
"1"
"1"
"1"
"1"
1
"1"
"1"
1
"1"
"1"
"1"
"1"
"1"
"1"
"1"
"1"
1
"1"
"1"
"1"
"1"
"1"
"1"
"1"
"1"
"1"
"1"
"1"
"1"
"1"
"1"
"1"
"1"
0
"1"
"1"
"1"
1
"1"
1
"1"
1
1
1
1
1
1
"1"
1
1
"1"
1
1
1
"1"
1
1
1
1
1
"1"
1
0
"1"
0
0
0
0
0
0
"1"
0
0
0
"1"
1
"1"
"1"
1
"1"
"1"
1
"1"
"1"
"1"
"1"
"1"
"1"
"1"
"1"
1
"1"
"1"
1
"1"
"1"
"1"
"1"
"1"
"1"
"1"
1
"1"
"1"
"1"
"1"
"1"
"1"
"1"
"1"
"1"
"1"
"1"
"1"
"1"
"1"
"1"
"1"
"1"
"1"
"1"
1
1
1
1
1
1
1
1
1
1
1
0
0
0
0
0
0
1
"1"
"1"
1
"1"
"1"
"1"
"1"
"1"
"1"
"1"
1
"1"
"1"
"1"
"1"
"1"
"1"
"1"
"1"
"1"
"1"
"1"
"1"
"1"
"1"
"1"
1
1
1
1
1
1
0
0
0
1
"1"
"1"
"1"
"1"
"1"
"1"
"1"
"1"
"1"
"1"
"1"
"1"
1
1
1
0
"1"
"1"
"1"
"1"
1
@!@!@STARTMSG 2193:0 @!@!@
Model checking completed. No error has been found.
  Estimates of the probability that TLC did not check all reachable states
  because two distinct states had the same fingerprint:
  calculated (optimistic):  val = 8.2E-14
@!@!@ENDMSG 2193 @!@!@
@!@!@STARTMSG 2201:0 @!@!@
The coverage statistics at 2019-11-27 13:32:25
@!@!@ENDMSG 2201 @!@!@
@!@!@STARTMSG 2773:0 @!@!@
<Init line 94, col 1 to line 94, col 4 of module BenOr>: 1:1
@!@!@ENDMSG 2773 @!@!@
@!@!@STARTMSG 2221:0 @!@!@
  line 95, col 9 to line 103, col 50 of module BenOr: 1
@!@!@ENDMSG 2221 @!@!@
@!@!@STARTMSG 2772:0 @!@!@
<broadcast line 105, col 1 to line 105, col 15 of module BenOr>: 316:1000
@!@!@ENDMSG 2772 @!@!@
@!@!@STARTMSG 2221:0 @!@!@
  line 105, col 23 to line 105, col 44 of module BenOr: 4360
@!@!@ENDMSG 2221 @!@!@
@!@!@STARTMSG 2221:0 @!@!@
  |line 105, col 23 to line 105, col 30 of module BenOr: 3360
@!@!@ENDMSG 2221 @!@!@
@!@!@STARTMSG 2221:0 @!@!@
  line 106, col 26 to line 106, col 42 of module BenOr: 1000
@!@!@ENDMSG 2221 @!@!@
@!@!@STARTMSG 2221:0 @!@!@
  line 107, col 31 to line 107, col 66 of module BenOr: 360
@!@!@ENDMSG 2221 @!@!@
@!@!@STARTMSG 2221:0 @!@!@
  line 108, col 31 to line 108, col 67 of module BenOr: 640
@!@!@ENDMSG 2221 @!@!@
@!@!@STARTMSG 2221:0 @!@!@
  line 109, col 23 to line 110, col 45 of module BenOr: 1000
@!@!@ENDMSG 2221 @!@!@
@!@!@STARTMSG 2772:0 @!@!@
<P1S line 112, col 1 to line 112, col 9 of module BenOr>: 105:360
@!@!@ENDMSG 2772 @!@!@
@!@!@STARTMSG 2221:0 @!@!@
  line 112, col 17 to line 112, col 32 of module BenOr: 3720
@!@!@ENDMSG 2221 @!@!@
@!@!@STARTMSG 2221:0 @!@!@
  |line 112, col 17 to line 112, col 24 of module BenOr: 3360
@!@!@ENDMSG 2221 @!@!@
@!@!@STARTMSG 2221:0 @!@!@
  line 113, col 17 to line 113, col 35 of module BenOr: 360
@!@!@ENDMSG 2221 @!@!@
@!@!@STARTMSG 2221:0 @!@!@
  line 114, col 17 to line 114, col 99 of module BenOr: 360
@!@!@ENDMSG 2221 @!@!@
@!@!@STARTMSG 2221:0 @!@!@
  line 115, col 17 to line 115, col 49 of module BenOr: 360
@!@!@ENDMSG 2221 @!@!@
@!@!@STARTMSG 2221:0 @!@!@
  line 116, col 17 to line 116, col 76 of module BenOr: 360
@!@!@ENDMSG 2221 @!@!@
@!@!@STARTMSG 2772:0 @!@!@
<P1R line 118, col 1 to line 118, col 9 of module BenOr>: 205:640
@!@!@ENDMSG 2772 @!@!@
@!@!@STARTMSG 2221:0 @!@!@
  line 118, col 17 to line 118, col 32 of module BenOr: 4000
@!@!@ENDMSG 2221 @!@!@
@!@!@STARTMSG 2221:0 @!@!@
  |line 118, col 17 to line 118, col 24 of module BenOr: 3360
@!@!@ENDMSG 2221 @!@!@
@!@!@STARTMSG 2221:0 @!@!@
  line 119, col 18 to line 119, col 58 of module BenOr: 640
@!@!@ENDMSG 2221 @!@!@
@!@!@STARTMSG 2221:0 @!@!@
  |line 119, col 18 to line 119, col 54 of module BenOr: 720
@!@!@ENDMSG 2221 @!@!@
@!@!@STARTMSG 2221:0 @!@!@
  ||line 119, col 18 to line 119, col 52 of module BenOr: 720
@!@!@ENDMSG 2221 @!@!@
@!@!@STARTMSG 2221:0 @!@!@
  |||line 119, col 30 to line 119, col 51 of module BenOr: 720
@!@!@ENDMSG 2221 @!@!@
@!@!@STARTMSG 2221:0 @!@!@
  ||||line 83, col 21 to line 83, col 48 of module BenOr: 720
@!@!@ENDMSG 2221 @!@!@
@!@!@STARTMSG 2221:0 @!@!@
  |||||line 83, col 36 to line 83, col 46 of module BenOr: 2304
@!@!@ENDMSG 2221 @!@!@
@!@!@STARTMSG 2221:0 @!@!@
  |||||line 83, col 28 to line 83, col 32 of module BenOr: 720
@!@!@ENDMSG 2221 @!@!@
@!@!@STARTMSG 2221:0 @!@!@
  ||||line 119, col 44 to line 119, col 50 of module BenOr: 720
@!@!@ENDMSG 2221 @!@!@
@!@!@STARTMSG 2221:0 @!@!@
  |line 119, col 58 to line 119, col 58 of module BenOr: 720
@!@!@ENDMSG 2221 @!@!@
@!@!@STARTMSG 2221:0 @!@!@
  line 120, col 20 to line 120, col 86 of module BenOr: 640
@!@!@ENDMSG 2221 @!@!@
@!@!@STARTMSG 2221:0 @!@!@
  |line 120, col 20 to line 120, col 51 of module BenOr: 640
@!@!@ENDMSG 2221 @!@!@
@!@!@STARTMSG 2221:0 @!@!@
  ||line 120, col 32 to line 120, col 50 of module BenOr: 640
@!@!@ENDMSG 2221 @!@!@
@!@!@STARTMSG 2221:0 @!@!@
  |||line 86, col 19 to line 86, col 63 of module BenOr: 640
@!@!@ENDMSG 2221 @!@!@
@!@!@STARTMSG 2221:0 @!@!@
  ||||line 86, col 33 to line 86, col 62 of module BenOr: 2176
@!@!@ENDMSG 2221 @!@!@
@!@!@STARTMSG 2221:0 @!@!@
  ||||line 86, col 26 to line 86, col 30 of module BenOr: 640
@!@!@ENDMSG 2221 @!@!@
@!@!@STARTMSG 2221:0 @!@!@
  |||line 120, col 41 to line 120, col 47 of module BenOr: 640
@!@!@ENDMSG 2221 @!@!@
@!@!@STARTMSG 2221:0 @!@!@
  |line 120, col 55 to line 120, col 86 of module BenOr: 640
@!@!@ENDMSG 2221 @!@!@
@!@!@STARTMSG 2221:0 @!@!@
  ||line 120, col 67 to line 120, col 85 of module BenOr: 640
@!@!@ENDMSG 2221 @!@!@
@!@!@STARTMSG 2221:0 @!@!@
  |||line 86, col 19 to line 86, col 63 of module BenOr: 640
@!@!@ENDMSG 2221 @!@!@
@!@!@STARTMSG 2221:0 @!@!@
  ||||line 86, col 33 to line 86, col 62 of module BenOr: 2176
@!@!@ENDMSG 2221 @!@!@
@!@!@STARTMSG 2221:0 @!@!@
  ||||line 86, col 26 to line 86, col 30 of module BenOr: 640
@!@!@ENDMSG 2221 @!@!@
@!@!@STARTMSG 2221:0 @!@!@
  |||line 120, col 76 to line 120, col 82 of module BenOr: 640
@!@!@ENDMSG 2221 @!@!@
@!@!@STARTMSG 2221:0 @!@!@
  line 121, col 25 to line 121, col 40 of module BenOr: 640
@!@!@ENDMSG 2221 @!@!@
@!@!@STARTMSG 2221:0 @!@!@
  line 123, col 17 to line 123, col 49 of module BenOr: 640
@!@!@ENDMSG 2221 @!@!@
@!@!@STARTMSG 2221:0 @!@!@
  line 124, col 17 to line 125, col 39 of module BenOr: 640
@!@!@ENDMSG 2221 @!@!@
@!@!@STARTMSG 2772:0 @!@!@
<P2S line 127, col 1 to line 127, col 9 of module BenOr>: 213:640
@!@!@ENDMSG 2772 @!@!@
@!@!@STARTMSG 2221:0 @!@!@
  line 127, col 17 to line 127, col 32 of module BenOr: 4000
@!@!@ENDMSG 2221 @!@!@
@!@!@STARTMSG 2221:0 @!@!@
  |line 127, col 17 to line 127, col 24 of module BenOr: 3360
@!@!@ENDMSG 2221 @!@!@
@!@!@STARTMSG 2221:0 @!@!@
  line 128, col 17 to line 128, col 99 of module BenOr: 640
@!@!@ENDMSG 2221 @!@!@
@!@!@STARTMSG 2221:0 @!@!@
  line 129, col 17 to line 129, col 53 of module BenOr: 640
@!@!@ENDMSG 2221 @!@!@
@!@!@STARTMSG 2221:0 @!@!@
  line 130, col 17 to line 130, col 55 of module BenOr: 640
@!@!@ENDMSG 2221 @!@!@
@!@!@STARTMSG 2221:0 @!@!@
  line 131, col 17 to line 131, col 73 of module BenOr: 640
@!@!@ENDMSG 2221 @!@!@
@!@!@STARTMSG 2772:0 @!@!@
<Terminating line 136, col 1 to line 136, col 11 of module BenOr>: 0:1
@!@!@ENDMSG 2772 @!@!@
@!@!@STARTMSG 2221:0 @!@!@
  line 136, col 40 to line 136, col 56 of module BenOr: 1042
@!@!@ENDMSG 2221 @!@!@
@!@!@STARTMSG 2221:0 @!@!@
  |line 136, col 40 to line 136, col 47 of module BenOr: 1038
@!@!@ENDMSG 2221 @!@!@
@!@!@STARTMSG 2221:0 @!@!@
  line 136, col 31 to line 136, col 37 of module BenOr: 840
@!@!@ENDMSG 2221 @!@!@
@!@!@STARTMSG 2221:0 @!@!@
  line 137, col 19 to line 137, col 32 of module BenOr: 1
@!@!@ENDMSG 2221 @!@!@
@!@!@STARTMSG 2202:0 @!@!@
End of statistics.
@!@!@ENDMSG 2202 @!@!@
@!@!@STARTMSG 2200:0 @!@!@
Progress(21) at 2019-11-27 13:32:25: 2,642 states generated (33,393 s/min), 840 distinct states found (10,617 ds/min), 0 states left on queue.
@!@!@ENDMSG 2200 @!@!@
@!@!@STARTMSG 2199:0 @!@!@
2642 states generated, 840 distinct states found, 0 states left on queue.
@!@!@ENDMSG 2199 @!@!@
@!@!@STARTMSG 2194:0 @!@!@
The depth of the complete state graph search is 21.
@!@!@ENDMSG 2194 @!@!@
@!@!@STARTMSG 2268:0 @!@!@
The average outdegree of the complete state graph is 1 (minimum is 0, the maximum 4 and the 95th percentile is 2).
@!@!@ENDMSG 2268 @!@!@
@!@!@STARTMSG 2186:0 @!@!@
Finished in 4775ms at (2019-11-27 13:32:25)
@!@!@ENDMSG 2186 @!@!@
