@!@!@STARTMSG 2262:0 @!@!@
TLC2 Version 2.14 of 10 July 2019
@!@!@ENDMSG 2262 @!@!@
@!@!@STARTMSG 2188:0 @!@!@
Running Random Simulation with seed 2977159492671481904 with 6 workers on 12 cores with 1173MB heap and 2638MB offheap memory [pid: 18936] (Linux 5.0.0-36-generic amd64, AdoptOpenJDK 11.0.3 x86_64).
@!@!@ENDMSG 2188 @!@!@
@!@!@STARTMSG 2220:0 @!@!@
Starting SANY...
@!@!@ENDMSG 2220 @!@!@
Parsing file /home/pratik/TLA-Plus/BenOr/BenOr.toolbox/Model_7/MC.tla
Parsing file /home/pratik/TLA-Plus/BenOr/BenOr.toolbox/Model_7/BenOr.tla
Parsing file /home/pratik/TLAToolbox-1.6.0-linux.gtk.x86_64/toolbox/plugins/org.lamport.tlatools_1.0.0.201907102009/tla2sany/StandardModules/TLC.tla
Parsing file /home/pratik/TLAToolbox-1.6.0-linux.gtk.x86_64/toolbox/plugins/org.lamport.tlatools_1.0.0.201907102009/tla2sany/StandardModules/Integers.tla
Parsing file /home/pratik/TLAToolbox-1.6.0-linux.gtk.x86_64/toolbox/plugins/org.lamport.tlatools_1.0.0.201907102009/tla2sany/StandardModules/Sequences.tla
Parsing file /home/pratik/TLAToolbox-1.6.0-linux.gtk.x86_64/toolbox/plugins/org.lamport.tlatools_1.0.0.201907102009/tla2sany/StandardModules/FiniteSets.tla
Parsing file /home/pratik/TLAToolbox-1.6.0-linux.gtk.x86_64/toolbox/plugins/org.lamport.tlatools_1.0.0.201907102009/tla2sany/StandardModules/Naturals.tla
Semantic processing of module Naturals
Semantic processing of module Integers
Semantic processing of module Sequences
Semantic processing of module FiniteSets
Semantic processing of module TLC
Semantic processing of module BenOr
Semantic processing of module MC
@!@!@STARTMSG 2219:0 @!@!@
SANY finished.
@!@!@ENDMSG 2219 @!@!@
@!@!@STARTMSG 2185:0 @!@!@
Starting... (2019-11-26 00:10:37)
@!@!@ENDMSG 2185 @!@!@
@!@!@STARTMSG 2269:0 @!@!@
Computed 1 initial states...
@!@!@ENDMSG 2269 @!@!@
{0}
{0}
{0}
@!@!@STARTMSG 2114:1 @!@!@
Deadlock reached.
@!@!@ENDMSG 2114 @!@!@
@!@!@STARTMSG 2121:1 @!@!@
The behavior up to this point is:
@!@!@ENDMSG 2121 @!@!@
{0}
@!@!@STARTMSG 2216:4 @!@!@
1:
/\ decided = <<-1, -1, -1, -1, -1>>
/\ p1v = <<0, 0, 0, 0, 0>>
/\ p2v = <<-1, -1, -1, -1, -1>>
/\ p2Msg = {}
/\ p1Msg = {}
/\ r = <<1, 1, 1, 1, 1>>
/\ pc = <<"broadcast", "broadcast", "broadcast", "broadcast", "broadcast">>

@!@!@ENDMSG 2216 @!@!@
{0}
@!@!@STARTMSG 2216:4 @!@!@
2:
/\ decided = <<-1, -1, -1, -1, -1>>
/\ p1v = <<0, 0, 0, 0, 0>>
/\ p2v = <<-1, -1, -1, -1, -1>>
/\ p2Msg = {}
/\ p1Msg = {}
/\ r = <<1, 1, 1, 1, 1>>
/\ pc = <<"broadcast", "broadcast", "broadcast", "broadcast", "P1S">>

@!@!@ENDMSG 2216 @!@!@
{0}
@!@!@STARTMSG 2216:4 @!@!@
3:
/\ decided = <<-1, -1, -1, -1, -1>>
/\ p1v = <<0, 0, 0, 0, 0>>
/\ p2v = <<-1, -1, -1, -1, -1>>
/\ p2Msg = {}
/\ p1Msg = {}
/\ r = <<1, 1, 1, 1, 1>>
/\ pc = <<"broadcast", "broadcast", "broadcast", "P1S", "P1S">>

@!@!@ENDMSG 2216 @!@!@
{0}
@!@!@STARTMSG 2216:4 @!@!@
4:
/\ decided = <<-1, -1, -1, -1, -1>>
/\ p1v = <<0, 0, 0, 0, 0>>
/\ p2v = <<-1, -1, -1, -1, -1>>
/\ p2Msg = {}
/\ p1Msg = {[value |-> 0, round |-> 1, nodeid |-> 4]}
/\ r = <<1, 1, 1, 1, 1>>
/\ pc = <<"broadcast", "broadcast", "broadcast", "P1R", "P1S">>

@!@!@ENDMSG 2216 @!@!@
@!@!@STARTMSG 2216:4 @!@!@
5:
/\ decided = <<-1, -1, -1, -1, -1>>
/\ p1v = <<0, 0, 0, 0, 0>>
/\ p2v = <<-1, -1, -1, -1, -1>>
/\ p2Msg = {}
/\ p1Msg = {[value |-> 0, round |-> 1, nodeid |-> 4]}
/\ r = <<1, 1, 1, 1, 1>>
/\ pc = <<"P1S", "broadcast", "broadcast", "P1R", "P1S">>

@!@!@ENDMSG 2216 @!@!@
{0}
@!@!@STARTMSG 2216:4 @!@!@
6:
/\ decided = <<-1, -1, -1, -1, -1>>
/\ p1v = <<0, 0, 0, 0, 0>>
/\ p2v = <<-1, -1, -1, -1, -1>>
/\ p2Msg = {}
/\ p1Msg = {[value |-> 0, round |-> 1, nodeid |-> 4]}
/\ r = <<1, 1, 1, 1, 1>>
/\ pc = <<"P1S", "P1S", "broadcast", "P1R", "P1S">>

@!@!@ENDMSG 2216 @!@!@
{0}
@!@!@STARTMSG 2216:4 @!@!@
7:
/\ decided = <<-1, -1, -1, -1, -1>>
/\ p1v = <<0, 0, 0, 0, 0>>
/\ p2v = <<-1, -1, -1, -1, -1>>
/\ p2Msg = {}
/\ p1Msg = { [value |-> 0, round |-> 1, nodeid |-> 1],
  [value |-> 0, round |-> 1, nodeid |-> 4] }
/\ r = <<1, 1, 1, 1, 1>>
/\ pc = <<"P1R", "P1S", "broadcast", "P1R", "P1S">>

@!@!@ENDMSG 2216 @!@!@
{0}
{0}
@!@!@STARTMSG 2216:4 @!@!@
8:
/\ decided = <<-1, -1, -1, -1, -1>>
/\ p1v = <<0, 0, 0, 0, 0>>
/\ p2v = <<-1, -1, -1, -1, -1>>
/\ p2Msg = {}
/\ p1Msg = { [value |-> 0, round |-> 1, nodeid |-> 1],
  [value |-> 0, round |-> 1, nodeid |-> 2],
  [value |-> 0, round |-> 1, nodeid |-> 4] }
/\ r = <<1, 1, 1, 1, 1>>
/\ pc = <<"P1R", "P1R", "broadcast", "P1R", "P1S">>

@!@!@ENDMSG 2216 @!@!@
@!@!@STARTMSG 2216:4 @!@!@
9:
/\ decided = <<-1, -1, -1, -1, -1>>
/\ p1v = <<0, 0, 0, 0, 0>>
/\ p2v = <<-1, -1, -1, -1, -1>>
/\ p2Msg = {}
/\ p1Msg = { [value |-> 0, round |-> 1, nodeid |-> 1],
  [value |-> 0, round |-> 1, nodeid |-> 2],
  [value |-> 0, round |-> 1, nodeid |-> 4] }
/\ r = <<1, 1, 1, 1, 1>>
/\ pc = <<"P1R", "P1R", "P1S", "P1R", "P1S">>

@!@!@ENDMSG 2216 @!@!@
{0}
{0}
@!@!@STARTMSG 2216:4 @!@!@
10:
/\ decided = <<-1, -1, -1, -1, -1>>
/\ p1v = <<0, 0, 0, 0, 0>>
/\ p2v = <<-1, -1, -1, -1, -1>>
/\ p2Msg = {}
/\ p1Msg = { [value |-> 0, round |-> 1, nodeid |-> 1],
  [value |-> 0, round |-> 1, nodeid |-> 2],
  [value |-> 0, round |-> 1, nodeid |-> 4],
  [value |-> 0, round |-> 1, nodeid |-> 5] }
/\ r = <<1, 1, 1, 1, 1>>
/\ pc = <<"P1R", "P1R", "P1S", "P1R", "P1R">>

@!@!@ENDMSG 2216 @!@!@
@!@!@STARTMSG 2216:4 @!@!@
11:
/\ decided = <<-1, -1, -1, -1, -1>>
/\ p1v = <<0, 0, 0, 0, 0>>
/\ p2v = <<-1, -1, -1, -1, -1>>
/\ p2Msg = {}
/\ p1Msg = { [value |-> 0, round |-> 1, nodeid |-> 1],
  [value |-> 0, round |-> 1, nodeid |-> 2],
  [value |-> 0, round |-> 1, nodeid |-> 3],
  [value |-> 0, round |-> 1, nodeid |-> 4],
  [value |-> 0, round |-> 1, nodeid |-> 5] }
/\ r = <<1, 1, 1, 1, 1>>
/\ pc = <<"P1R", "P1R", "P1R", "P1R", "P1R">>

@!@!@ENDMSG 2216 @!@!@
@!@!@STARTMSG 2216:4 @!@!@
12:
/\ decided = <<-1, -1, -1, -1, -1>>
/\ p1v = <<0, 0, 0, 0, 0>>
/\ p2v = <<-1, -1, -1, -1, -1>>
/\ p2Msg = {}
/\ p1Msg = { [value |-> 0, round |-> 1, nodeid |-> 1],
  [value |-> 0, round |-> 1, nodeid |-> 2],
  [value |-> 0, round |-> 1, nodeid |-> 3],
  [value |-> 0, round |-> 1, nodeid |-> 4],
  [value |-> 0, round |-> 1, nodeid |-> 5] }
/\ r = <<1, 1, 1, 1, 1>>
/\ pc = <<"P1R", "P1R", "P1R", "P1R", "P1R">>

@!@!@ENDMSG 2216 @!@!@
@!@!@STARTMSG 2201:0 @!@!@
The coverage statistics at 2019-11-26 00:10:37
@!@!@ENDMSG 2201 @!@!@
@!@!@STARTMSG 2773:0 @!@!@
<Init line 88, col 1 to line 88, col 4 of module BenOr>: 1:1
@!@!@ENDMSG 2773 @!@!@
@!@!@STARTMSG 2221:0 @!@!@
  line 89, col 9 to line 96, col 50 of module BenOr: 1
@!@!@ENDMSG 2221 @!@!@
@!@!@STARTMSG 2772:0 @!@!@
<broadcast line 98, col 1 to line 98, col 15 of module BenOr>: 0:65
@!@!@ENDMSG 2772 @!@!@
{0}
@!@!@STARTMSG 2221:0 @!@!@
  line 98, col 23 to line 98, col 44 of module BenOr: 290
@!@!@ENDMSG 2221 @!@!@
@!@!@STARTMSG 2221:0 @!@!@
  |line 98, col 23 to line 98, col 30 of module BenOr: 225
@!@!@ENDMSG 2221 @!@!@
{0}
@!@!@STARTMSG 2221:0 @!@!@
  ||line 98, col 23 to line 98, col 24 of module BenOr: 226
@!@!@ENDMSG 2221 @!@!@
@!@!@STARTMSG 2221:0 @!@!@
  ||line 98, col 26 to line 98, col 29 of module BenOr: 226
@!@!@ENDMSG 2221 @!@!@
@!@!@STARTMSG 2221:0 @!@!@
  line 99, col 26 to line 99, col 42 of module BenOr: 67
@!@!@ENDMSG 2221 @!@!@
@!@!@STARTMSG 2221:0 @!@!@
  line 100, col 31 to line 100, col 66 of module BenOr: 65
@!@!@ENDMSG 2221 @!@!@
@!@!@STARTMSG 2221:0 @!@!@
  line 101, col 34 to line 101, col 67 of module BenOr: 0
@!@!@ENDMSG 2221 @!@!@
@!@!@STARTMSG 2221:0 @!@!@
  line 102, col 23 to line 102, col 72 of module BenOr: 65
@!@!@ENDMSG 2221 @!@!@
{0}
@!@!@STARTMSG 2772:0 @!@!@
<P1S line 104, col 1 to line 104, col 9 of module BenOr>: 0:65
@!@!@ENDMSG 2772 @!@!@
{0}
@!@!@STARTMSG 2221:0 @!@!@
  line 104, col 17 to line 104, col 32 of module BenOr: 312
@!@!@ENDMSG 2221 @!@!@
@!@!@STARTMSG 2221:0 @!@!@
  |line 104, col 17 to line 104, col 24 of module BenOr: 250
@!@!@ENDMSG 2221 @!@!@
@!@!@STARTMSG 2221:0 @!@!@
  line 105, col 17 to line 105, col 99 of module BenOr: 65
@!@!@ENDMSG 2221 @!@!@
@!@!@STARTMSG 2221:0 @!@!@
  line 106, col 17 to line 106, col 49 of module BenOr: 67
@!@!@ENDMSG 2221 @!@!@
@!@!@STARTMSG 2221:0 @!@!@
  line 107, col 17 to line 107, col 59 of module BenOr: 65
@!@!@ENDMSG 2221 @!@!@
@!@!@STARTMSG 2772:0 @!@!@
<P1R line 109, col 1 to line 109, col 9 of module BenOr>: 0:15
@!@!@ENDMSG 2772 @!@!@
{0}
{0}
@!@!@STARTMSG 2221:0 @!@!@
  line 109, col 17 to line 109, col 32 of module BenOr: 256
@!@!@ENDMSG 2221 @!@!@
@!@!@STARTMSG 2221:0 @!@!@
  |line 109, col 17 to line 109, col 24 of module BenOr: 241
@!@!@ENDMSG 2221 @!@!@
@!@!@STARTMSG 2221:0 @!@!@
  line 110, col 18 to line 110, col 58 of module BenOr: 144
@!@!@ENDMSG 2221 @!@!@
@!@!@STARTMSG 2221:0 @!@!@
  |line 110, col 18 to line 110, col 52 of module BenOr: 129
@!@!@ENDMSG 2221 @!@!@
@!@!@STARTMSG 2221:0 @!@!@
  ||line 110, col 30 to line 110, col 51 of module BenOr: 129
@!@!@ENDMSG 2221 @!@!@
{0}
{0}
{0}
{0}
{0}
{0}
{0}
{0}
{0}
{0}
{0}
{0}
@!@!@STARTMSG 2221:0 @!@!@
  |||line 80, col 21 to line 80, col 48 of module BenOr: 129
@!@!@ENDMSG 2221 @!@!@
{0}
@!@!@STARTMSG 2221:0 @!@!@
  ||||line 80, col 36 to line 80, col 46 of module BenOr: 1067
@!@!@ENDMSG 2221 @!@!@
{0}
@!@!@STARTMSG 2221:0 @!@!@
  ||||line 80, col 28 to line 80, col 32 of module BenOr: 208
@!@!@ENDMSG 2221 @!@!@
{0}
@!@!@STARTMSG 2221:0 @!@!@
  |||line 110, col 44 to line 110, col 50 of module BenOr: 209
@!@!@ENDMSG 2221 @!@!@
{0}
@!@!@STARTMSG 2221:0 @!@!@
  |line 110, col 56 to line 110, col 58 of module BenOr: 209
@!@!@ENDMSG 2221 @!@!@
{0}
@!@!@STARTMSG 2221:0 @!@!@
  line 111, col 17 to line 111, col 61 of module BenOr: 31
@!@!@ENDMSG 2221 @!@!@
@!@!@STARTMSG 2221:0 @!@!@
  |line 111, col 24 to line 111, col 60 of module BenOr: 36
@!@!@ENDMSG 2221 @!@!@
@!@!@STARTMSG 2221:0 @!@!@
  ||line 79, col 21 to line 79, col 38 of module BenOr: 36
@!@!@ENDMSG 2221 @!@!@
@!@!@STARTMSG 2221:0 @!@!@
  |||line 79, col 22 to line 79, col 28 of module BenOr: 144
@!@!@ENDMSG 2221 @!@!@
@!@!@STARTMSG 2221:0 @!@!@
  |||line 79, col 37 to line 79, col 37 of module BenOr: 36
@!@!@ENDMSG 2221 @!@!@
@!@!@STARTMSG 2221:0 @!@!@
  ||line 111, col 38 to line 111, col 59 of module BenOr: 37
@!@!@ENDMSG 2221 @!@!@
{0}
@!@!@STARTMSG 2775:0 @!@!@
  |||line 80, col 21 to line 80, col 48 of module BenOr: 37:185
@!@!@ENDMSG 2775 @!@!@
@!@!@STARTMSG 2221:0 @!@!@
  ||||line 80, col 36 to line 80, col 46 of module BenOr: 203
@!@!@ENDMSG 2221 @!@!@
{0}
{0}
@!@!@STARTMSG 2221:0 @!@!@
  ||||line 80, col 28 to line 80, col 32 of module BenOr: 39
@!@!@ENDMSG 2221 @!@!@
@!@!@STARTMSG 2221:0 @!@!@
  |||line 111, col 52 to line 111, col 58 of module BenOr: 40
@!@!@ENDMSG 2221 @!@!@
@!@!@STARTMSG 2221:0 @!@!@
  line 112, col 20 to line 112, col 88 of module BenOr: 39
@!@!@ENDMSG 2221 @!@!@
{0}
@!@!@STARTMSG 2221:0 @!@!@
  |line 112, col 36 to line 112, col 88 of module BenOr: 39
@!@!@ENDMSG 2221 @!@!@
{0}
@!@!@STARTMSG 2221:0 @!@!@
  ||line 112, col 84 to line 112, col 88 of module BenOr: 39
@!@!@ENDMSG 2221 @!@!@
@!@!@STARTMSG 2221:0 @!@!@
  ||line 112, col 45 to line 112, col 81 of module BenOr: 41
@!@!@ENDMSG 2221 @!@!@
@!@!@STARTMSG 2775:0 @!@!@
  |||line 79, col 21 to line 79, col 38 of module BenOr: 41:80
@!@!@ENDMSG 2775 @!@!@
@!@!@STARTMSG 2221:0 @!@!@
  ||||line 79, col 22 to line 79, col 28 of module BenOr: 164
@!@!@ENDMSG 2221 @!@!@
@!@!@STARTMSG 2221:0 @!@!@
  ||||line 79, col 37 to line 79, col 37 of module BenOr: 41
@!@!@ENDMSG 2221 @!@!@
@!@!@STARTMSG 2221:0 @!@!@
  |||line 112, col 59 to line 112, col 80 of module BenOr: 41
@!@!@ENDMSG 2221 @!@!@
{0}
@!@!@STARTMSG 2775:0 @!@!@
  ||||line 80, col 21 to line 80, col 48 of module BenOr: 41:205
@!@!@ENDMSG 2775 @!@!@
@!@!@STARTMSG 2221:0 @!@!@
  |||||line 80, col 36 to line 80, col 46 of module BenOr: 223
@!@!@ENDMSG 2221 @!@!@
@!@!@STARTMSG 2221:0 @!@!@
  |||||line 80, col 28 to line 80, col 32 of module BenOr: 42
@!@!@ENDMSG 2221 @!@!@
@!@!@STARTMSG 2221:0 @!@!@
  ||||line 112, col 73 to line 112, col 79 of module BenOr: 42
@!@!@ENDMSG 2221 @!@!@
@!@!@STARTMSG 2775:0 @!@!@
  |line 112, col 29 to line 112, col 33 of module BenOr: 42:84
@!@!@ENDMSG 2775 @!@!@
{0}
@!@!@STARTMSG 2221:0 @!@!@
  line 113, col 31 to line 113, col 88 of module BenOr: 42
@!@!@ENDMSG 2221 @!@!@
{0}
@!@!@STARTMSG 2221:0 @!@!@
  |line 113, col 31 to line 113, col 82 of module BenOr: 42
@!@!@ENDMSG 2221 @!@!@
@!@!@STARTMSG 2221:0 @!@!@
  ||line 113, col 31 to line 113, col 67 of module BenOr: 42
@!@!@ENDMSG 2221 @!@!@
@!@!@STARTMSG 2221:0 @!@!@
  |||line 79, col 21 to line 79, col 38 of module BenOr: 42
@!@!@ENDMSG 2221 @!@!@
@!@!@STARTMSG 2221:0 @!@!@
  ||||line 79, col 22 to line 79, col 28 of module BenOr: 168
@!@!@ENDMSG 2221 @!@!@
@!@!@STARTMSG 2221:0 @!@!@
  ||||line 79, col 37 to line 79, col 37 of module BenOr: 44
@!@!@ENDMSG 2221 @!@!@
@!@!@STARTMSG 2221:0 @!@!@
  |||line 113, col 45 to line 113, col 66 of module BenOr: 44
@!@!@ENDMSG 2221 @!@!@
@!@!@STARTMSG 2775:0 @!@!@
  ||||line 80, col 21 to line 80, col 48 of module BenOr: 44:220
@!@!@ENDMSG 2775 @!@!@
@!@!@STARTMSG 2221:0 @!@!@
  |||||line 80, col 36 to line 80, col 46 of module BenOr: 244
@!@!@ENDMSG 2221 @!@!@
@!@!@STARTMSG 2221:0 @!@!@
  ||||||line 80, col 36 to line 80, col 42 of module BenOr: 244
@!@!@ENDMSG 2221 @!@!@
@!@!@STARTMSG 2221:0 @!@!@
  |||||||line 80, col 36 to line 80, col 36 of module BenOr: 244
@!@!@ENDMSG 2221 @!@!@
@!@!@STARTMSG 2221:0 @!@!@
  ||||||line 80, col 46 to line 80, col 46 of module BenOr: 244
@!@!@ENDMSG 2221 @!@!@
@!@!@STARTMSG 2221:0 @!@!@
  |||||line 80, col 28 to line 80, col 32 of module BenOr: 44
@!@!@ENDMSG 2221 @!@!@
@!@!@STARTMSG 2221:0 @!@!@
  ||||line 113, col 59 to line 113, col 65 of module BenOr: 44
@!@!@ENDMSG 2221 @!@!@
@!@!@STARTMSG 2221:0 @!@!@
  ||line 113, col 80 to line 113, col 82 of module BenOr: 44
@!@!@ENDMSG 2221 @!@!@
@!@!@STARTMSG 2221:0 @!@!@
  |line 113, col 86 to line 113, col 88 of module BenOr: 44
@!@!@ENDMSG 2221 @!@!@
@!@!@STARTMSG 2221:0 @!@!@
  line 114, col 39 to line 114, col 69 of module BenOr: 0
@!@!@ENDMSG 2221 @!@!@
{0}
@!@!@STARTMSG 2221:0 @!@!@
  line 115, col 36 to line 115, col 69 of module BenOr: 16
@!@!@ENDMSG 2221 @!@!@
@!@!@STARTMSG 2221:0 @!@!@
  line 117, col 28 to line 117, col 37 of module BenOr: 0
@!@!@ENDMSG 2221 @!@!@
@!@!@STARTMSG 2221:0 @!@!@
  line 118, col 17 to line 118, col 49 of module BenOr: 44
@!@!@ENDMSG 2221 @!@!@
@!@!@STARTMSG 2221:0 @!@!@
  line 119, col 17 to line 119, col 61 of module BenOr: 16
@!@!@ENDMSG 2221 @!@!@
@!@!@STARTMSG 2772:0 @!@!@
<P2S line 121, col 1 to line 121, col 9 of module BenOr>: 0:42
@!@!@ENDMSG 2772 @!@!@
@!@!@STARTMSG 2221:0 @!@!@
  line 121, col 17 to line 121, col 32 of module BenOr: 531
@!@!@ENDMSG 2221 @!@!@
@!@!@STARTMSG 2221:0 @!@!@
  |line 121, col 17 to line 121, col 24 of module BenOr: 494
@!@!@ENDMSG 2221 @!@!@
@!@!@STARTMSG 2221:0 @!@!@
  line 122, col 17 to line 122, col 99 of module BenOr: 42
@!@!@ENDMSG 2221 @!@!@
@!@!@STARTMSG 2221:0 @!@!@
  line 123, col 17 to line 123, col 53 of module BenOr: 42
@!@!@ENDMSG 2221 @!@!@
@!@!@STARTMSG 2221:0 @!@!@
  line 124, col 17 to line 124, col 55 of module BenOr: 42
@!@!@ENDMSG 2221 @!@!@
@!@!@STARTMSG 2221:0 @!@!@
  line 125, col 17 to line 125, col 56 of module BenOr: 42
@!@!@ENDMSG 2221 @!@!@
@!@!@STARTMSG 2772:0 @!@!@
<Terminating line 130, col 1 to line 130, col 11 of module BenOr>: 0:0
@!@!@ENDMSG 2772 @!@!@
@!@!@STARTMSG 2221:0 @!@!@
  line 130, col 40 to line 130, col 56 of module BenOr: 127
@!@!@ENDMSG 2221 @!@!@
{0}
@!@!@STARTMSG 2221:0 @!@!@
  line 130, col 31 to line 130, col 37 of module BenOr: 116
@!@!@ENDMSG 2221 @!@!@
{0}
@!@!@STARTMSG 2221:0 @!@!@
  line 131, col 19 to line 131, col 32 of module BenOr: 0
@!@!@ENDMSG 2221 @!@!@
@!@!@STARTMSG 2202:0 @!@!@
End of statistics.
@!@!@ENDMSG 2202 @!@!@
@!@!@STARTMSG 2209:0 @!@!@
Progress(-1) at 2019-11-26 00:10:37: 343 states generated, -1 distinct states found, -1 states left on queue.
@!@!@ENDMSG 2209 @!@!@
@!@!@STARTMSG 2210:0 @!@!@
The number of states generated: 344
Simulation using seed 2977159492671481904 and aril 0
@!@!@ENDMSG 2210 @!@!@
{0}
@!@!@STARTMSG 2209:0 @!@!@
Progress(-1) at 2019-11-26 00:10:37: 359 states generated, -1 distinct states found, -1 states left on queue.
@!@!@ENDMSG 2209 @!@!@
@!@!@STARTMSG 2186:0 @!@!@
Finished in 256ms at (2019-11-26 00:10:37)
@!@!@ENDMSG 2186 @!@!@
