@!@!@STARTMSG 2262:0 @!@!@
TLC2 Version 2.14 of 10 July 2019
@!@!@ENDMSG 2262 @!@!@
@!@!@STARTMSG 2187:0 @!@!@
Running breadth-first search Model-Checking with fp 34 and seed 7057037642371555580 with 6 workers on 12 cores with 1173MB heap and 2638MB offheap memory [pid: 18797] (Linux 5.0.0-36-generic amd64, AdoptOpenJDK 11.0.3 x86_64, OffHeapDiskFPSet, DiskStateQueue).
@!@!@ENDMSG 2187 @!@!@
@!@!@STARTMSG 2220:0 @!@!@
Starting SANY...
@!@!@ENDMSG 2220 @!@!@
Parsing file /home/pratik/TLA-Plus/BenOr/BenOr.toolbox/BaitProgress/MC.tla
Parsing file /home/pratik/TLA-Plus/BenOr/BenOr.toolbox/BaitProgress/BenOr.tla
Parsing file /home/pratik/TLAToolbox-1.6.0-linux.gtk.x86_64/toolbox/plugins/org.lamport.tlatools_1.0.0.201907102009/tla2sany/StandardModules/TLC.tla
Parsing file /home/pratik/TLAToolbox-1.6.0-linux.gtk.x86_64/toolbox/plugins/org.lamport.tlatools_1.0.0.201907102009/tla2sany/StandardModules/Integers.tla
Parsing file /home/pratik/TLAToolbox-1.6.0-linux.gtk.x86_64/toolbox/plugins/org.lamport.tlatools_1.0.0.201907102009/tla2sany/StandardModules/Sequences.tla
Parsing file /home/pratik/TLAToolbox-1.6.0-linux.gtk.x86_64/toolbox/plugins/org.lamport.tlatools_1.0.0.201907102009/tla2sany/StandardModules/FiniteSets.tla
Parsing file /home/pratik/TLAToolbox-1.6.0-linux.gtk.x86_64/toolbox/plugins/org.lamport.tlatools_1.0.0.201907102009/tla2sany/StandardModules/Naturals.tla
Semantic processing of module Naturals
Semantic processing of module Integers
Semantic processing of module Sequences
Semantic processing of module FiniteSets
Semantic processing of module TLC
Semantic processing of module BenOr
Semantic processing of module MC
@!@!@STARTMSG 2219:0 @!@!@
SANY finished.
@!@!@ENDMSG 2219 @!@!@
@!@!@STARTMSG 2185:0 @!@!@
Starting... (2019-11-30 22:18:42)
@!@!@ENDMSG 2185 @!@!@
@!@!@STARTMSG 2189:0 @!@!@
Computing initial states...
@!@!@ENDMSG 2189 @!@!@
@!@!@STARTMSG 2102:1 @!@!@
Attempted to apply function:
<<-1, -1, -1, -1>>
to argument 5, which is not in the domain of the function.
While working on the initial state:
/\ r = <<1, 1, 1, 1>>
/\ p1v = <<1, 1, 1, 1>>
/\ pc = <<"entry", "entry", "entry", "entry">>
/\ p2v = <<-1, -1, -1, -1>>
/\ p2Msg = {}
/\ decided = <<-1, -1, -1, -1>>
/\ p1Msg = {}
/\ DBCollectP1Msgs = {}

@!@!@ENDMSG 2102 @!@!@
@!@!@STARTMSG 2103:1 @!@!@
The error occurred when TLC was evaluating the nested
expressions at the following positions:
0. Line 152, column 9 to line 160, column 46 in BenOr
1. Line 152, column 12 to line 152, column 21 in BenOr
2. Line 153, column 12 to line 153, column 21 in BenOr
3. Line 154, column 12 to line 154, column 31 in BenOr
4. Line 156, column 12 to line 156, column 37 in BenOr
5. Line 157, column 12 to line 157, column 49 in BenOr
6. Line 158, column 12 to line 158, column 40 in BenOr
7. Line 159, column 12 to line 159, column 44 in BenOr
8. Line 160, column 12 to line 160, column 46 in BenOr
9. Line 26, column 2 to line 27, column 85 in MC
10. Line 27, column 9 to line 27, column 85 in MC
11. Line 27, column 25 to line 27, column 85 in MC
12. Line 27, column 25 to line 27, column 56 in MC
13. Line 27, column 26 to line 27, column 42 in MC
14. Line 27, column 26 to line 27, column 37 in MC


@!@!@ENDMSG 2103 @!@!@
@!@!@STARTMSG 2201:0 @!@!@
The coverage statistics at 2019-11-30 22:18:43
@!@!@ENDMSG 2201 @!@!@
@!@!@STARTMSG 2773:0 @!@!@
<Init line 151, col 1 to line 151, col 4 of module BenOr>: 2:2
@!@!@ENDMSG 2773 @!@!@
@!@!@STARTMSG 2221:0 @!@!@
  line 152, col 9 to line 160, col 46 of module BenOr: 2
@!@!@ENDMSG 2221 @!@!@
@!@!@STARTMSG 2772:0 @!@!@
<entry line 162, col 1 to line 162, col 11 of module BenOr>: 0:0
@!@!@ENDMSG 2772 @!@!@
@!@!@STARTMSG 2221:0 @!@!@
  line 164, col 30 to line 164, col 62 of module BenOr: 0
@!@!@ENDMSG 2221 @!@!@
@!@!@STARTMSG 2221:0 @!@!@
  line 165, col 30 to line 165, col 63 of module BenOr: 0
@!@!@ENDMSG 2221 @!@!@
@!@!@STARTMSG 2221:0 @!@!@
  line 166, col 19 to line 167, col 41 of module BenOr: 0
@!@!@ENDMSG 2221 @!@!@
@!@!@STARTMSG 2772:0 @!@!@
<P1S line 169, col 1 to line 169, col 9 of module BenOr>: 0:0
@!@!@ENDMSG 2772 @!@!@
@!@!@STARTMSG 2221:0 @!@!@
  line 170, col 17 to line 170, col 99 of module BenOr: 0
@!@!@ENDMSG 2221 @!@!@
@!@!@STARTMSG 2221:0 @!@!@
  line 171, col 17 to line 171, col 49 of module BenOr: 0
@!@!@ENDMSG 2221 @!@!@
@!@!@STARTMSG 2221:0 @!@!@
  line 172, col 17 to line 172, col 76 of module BenOr: 0
@!@!@ENDMSG 2221 @!@!@
@!@!@STARTMSG 2772:0 @!@!@
<P1R line 174, col 1 to line 174, col 9 of module BenOr>: 0:0
@!@!@ENDMSG 2772 @!@!@
@!@!@STARTMSG 2221:0 @!@!@
  line 177, col 28 to line 177, col 58 of module BenOr: 0
@!@!@ENDMSG 2221 @!@!@
@!@!@STARTMSG 2221:0 @!@!@
  line 179, col 39 to line 179, col 69 of module BenOr: 0
@!@!@ENDMSG 2221 @!@!@
@!@!@STARTMSG 2221:0 @!@!@
  line 180, col 39 to line 180, col 70 of module BenOr: 0
@!@!@ENDMSG 2221 @!@!@
@!@!@STARTMSG 2221:0 @!@!@
  line 181, col 17 to line 181, col 49 of module BenOr: 0
@!@!@ENDMSG 2221 @!@!@
@!@!@STARTMSG 2221:0 @!@!@
  line 182, col 17 to line 182, col 78 of module BenOr: 0
@!@!@ENDMSG 2221 @!@!@
@!@!@STARTMSG 2772:0 @!@!@
<P2S line 184, col 1 to line 184, col 9 of module BenOr>: 0:0
@!@!@ENDMSG 2772 @!@!@
@!@!@STARTMSG 2221:0 @!@!@
  line 185, col 17 to line 185, col 99 of module BenOr: 0
@!@!@ENDMSG 2221 @!@!@
@!@!@STARTMSG 2221:0 @!@!@
  line 186, col 17 to line 186, col 49 of module BenOr: 0
@!@!@ENDMSG 2221 @!@!@
@!@!@STARTMSG 2221:0 @!@!@
  line 187, col 17 to line 187, col 76 of module BenOr: 0
@!@!@ENDMSG 2221 @!@!@
@!@!@STARTMSG 2772:0 @!@!@
<P2R line 189, col 1 to line 189, col 9 of module BenOr>: 0:0
@!@!@ENDMSG 2772 @!@!@
@!@!@STARTMSG 2221:0 @!@!@
  line 192, col 28 to line 192, col 66 of module BenOr: 0
@!@!@ENDMSG 2221 @!@!@
@!@!@STARTMSG 2221:0 @!@!@
  line 194, col 39 to line 194, col 77 of module BenOr: 0
@!@!@ENDMSG 2221 @!@!@
@!@!@STARTMSG 2221:0 @!@!@
  line 196, col 39 to line 196, col 55 of module BenOr: 0
@!@!@ENDMSG 2221 @!@!@
@!@!@STARTMSG 2221:0 @!@!@
  line 198, col 28 to line 198, col 58 of module BenOr: 0
@!@!@ENDMSG 2221 @!@!@
@!@!@STARTMSG 2221:0 @!@!@
  line 200, col 39 to line 200, col 69 of module BenOr: 0
@!@!@ENDMSG 2221 @!@!@
@!@!@STARTMSG 2221:0 @!@!@
  line 203, col 52 to line 203, col 82 of module BenOr: 0
@!@!@ENDMSG 2221 @!@!@
@!@!@STARTMSG 2221:0 @!@!@
  line 206, col 50 to line 206, col 59 of module BenOr: 0
@!@!@ENDMSG 2221 @!@!@
@!@!@STARTMSG 2221:0 @!@!@
  line 207, col 17 to line 207, col 53 of module BenOr: 0
@!@!@ENDMSG 2221 @!@!@
@!@!@STARTMSG 2221:0 @!@!@
  line 208, col 17 to line 208, col 51 of module BenOr: 0
@!@!@ENDMSG 2221 @!@!@
@!@!@STARTMSG 2221:0 @!@!@
  line 209, col 17 to line 209, col 66 of module BenOr: 0
@!@!@ENDMSG 2221 @!@!@
@!@!@STARTMSG 2772:0 @!@!@
<Terminating line 214, col 1 to line 214, col 11 of module BenOr>: 0:0
@!@!@ENDMSG 2772 @!@!@
@!@!@STARTMSG 2221:0 @!@!@
  line 215, col 19 to line 215, col 32 of module BenOr: 0
@!@!@ENDMSG 2221 @!@!@
@!@!@STARTMSG 2774:0 @!@!@
<inv_1575170322324211000 line 25, col 1 to line 25, col 23 of module MC>
@!@!@ENDMSG 2774 @!@!@
@!@!@STARTMSG 2221:0 @!@!@
  line 26, col 2 to line 27, col 85 of module MC: 2
@!@!@ENDMSG 2221 @!@!@
@!@!@STARTMSG 2221:0 @!@!@
  |line 27, col 9 to line 27, col 85 of module MC: 2
@!@!@ENDMSG 2221 @!@!@
@!@!@STARTMSG 2221:0 @!@!@
  ||line 27, col 25 to line 27, col 85 of module MC: 8
@!@!@ENDMSG 2221 @!@!@
@!@!@STARTMSG 2221:0 @!@!@
  |||line 27, col 25 to line 27, col 56 of module MC: 8
@!@!@ENDMSG 2221 @!@!@
@!@!@STARTMSG 2221:0 @!@!@
  ||||line 27, col 26 to line 27, col 42 of module MC: 8
@!@!@ENDMSG 2221 @!@!@
@!@!@STARTMSG 2221:0 @!@!@
  |||||line 27, col 26 to line 27, col 37 of module MC: 8
@!@!@ENDMSG 2221 @!@!@
@!@!@STARTMSG 2221:0 @!@!@
  |||||line 27, col 41 to line 27, col 42 of module MC: 6
@!@!@ENDMSG 2221 @!@!@
@!@!@STARTMSG 2221:0 @!@!@
  ||line 27, col 18 to line 27, col 22 of module MC: 2
@!@!@ENDMSG 2221 @!@!@
@!@!@STARTMSG 2221:0 @!@!@
  |line 26, col 11 to line 26, col 15 of module MC: 2
@!@!@ENDMSG 2221 @!@!@
@!@!@STARTMSG 2202:0 @!@!@
End of statistics.
@!@!@ENDMSG 2202 @!@!@
@!@!@STARTMSG 2200:0 @!@!@
Progress(1) at 2019-11-30 22:18:43: 1 states generated (96 s/min), 1 distinct states found (96 ds/min), 1 states left on queue.
@!@!@ENDMSG 2200 @!@!@
@!@!@STARTMSG 2199:0 @!@!@
1 states generated, 1 distinct states found, 1 states left on queue.
@!@!@ENDMSG 2199 @!@!@
@!@!@STARTMSG 2186:0 @!@!@
Finished in 622ms at (2019-11-30 22:18:43)
@!@!@ENDMSG 2186 @!@!@
