@!@!@STARTMSG 2262:0 @!@!@
TLC2 Version 2.14 of 10 July 2019
@!@!@ENDMSG 2262 @!@!@
@!@!@STARTMSG 2188:0 @!@!@
Running Random Simulation with seed -6041184272094791380 with 6 workers on 12 cores with 1173MB heap and 2638MB offheap memory [pid: 19951] (Linux 5.0.0-36-generic amd64, AdoptOpenJDK 11.0.3 x86_64).
@!@!@ENDMSG 2188 @!@!@
@!@!@STARTMSG 2220:0 @!@!@
Starting SANY...
@!@!@ENDMSG 2220 @!@!@
Parsing file /home/pratik/TLA-Plus/BenOr/BenOr.toolbox/Model_1/MC.tla
Parsing file /home/pratik/TLA-Plus/BenOr/BenOr.toolbox/Model_1/BenOr.tla
Parsing file /home/pratik/TLAToolbox-1.6.0-linux.gtk.x86_64/toolbox/plugins/org.lamport.tlatools_1.0.0.201907102009/tla2sany/StandardModules/TLC.tla
Parsing file /home/pratik/TLAToolbox-1.6.0-linux.gtk.x86_64/toolbox/plugins/org.lamport.tlatools_1.0.0.201907102009/tla2sany/StandardModules/Integers.tla
Parsing file /home/pratik/TLAToolbox-1.6.0-linux.gtk.x86_64/toolbox/plugins/org.lamport.tlatools_1.0.0.201907102009/tla2sany/StandardModules/Sequences.tla
Parsing file /home/pratik/TLAToolbox-1.6.0-linux.gtk.x86_64/toolbox/plugins/org.lamport.tlatools_1.0.0.201907102009/tla2sany/StandardModules/FiniteSets.tla
Parsing file /home/pratik/TLAToolbox-1.6.0-linux.gtk.x86_64/toolbox/plugins/org.lamport.tlatools_1.0.0.201907102009/tla2sany/StandardModules/Naturals.tla
Semantic processing of module Naturals
Semantic processing of module Integers
Semantic processing of module Sequences
Semantic processing of module FiniteSets
Semantic processing of module TLC
Semantic processing of module BenOr
Semantic processing of module MC
@!@!@STARTMSG 2219:0 @!@!@
SANY finished.
@!@!@ENDMSG 2219 @!@!@
@!@!@STARTMSG 2185:0 @!@!@
Starting... (2019-11-26 00:27:25)
@!@!@ENDMSG 2185 @!@!@
@!@!@STARTMSG 2269:0 @!@!@
Computed 1 initial states...
@!@!@ENDMSG 2269 @!@!@
{1}
{1}
{1}
{1}
@!@!@STARTMSG 2114:1 @!@!@
Deadlock reached.
@!@!@ENDMSG 2114 @!@!@
{1}
@!@!@STARTMSG 2121:1 @!@!@
The behavior up to this point is:
@!@!@ENDMSG 2121 @!@!@
{0}
@!@!@STARTMSG 2216:4 @!@!@
1:
/\ decided = <<-1, -1, -1, -1>>
/\ p1v = <<0, 1, 0, 1>>
/\ p2v = <<-1, -1, -1, -1>>
/\ p2Msg = {}
/\ p1Msg = {}
/\ r = <<1, 1, 1, 1>>
/\ pc = <<"broadcast", "broadcast", "broadcast", "broadcast">>
/\ DBCollectP1Msgs = {}

@!@!@ENDMSG 2216 @!@!@
@!@!@STARTMSG 2216:4 @!@!@
2:
/\ decided = <<-1, -1, -1, -1>>
/\ p1v = <<0, 1, 0, 1>>
/\ p2v = <<-1, -1, -1, -1>>
/\ p2Msg = {}
/\ p1Msg = {}
/\ r = <<1, 1, 1, 1>>
/\ pc = <<"broadcast", "P1S", "broadcast", "broadcast">>
/\ DBCollectP1Msgs = {}

@!@!@ENDMSG 2216 @!@!@
{0, 1}
@!@!@STARTMSG 2216:4 @!@!@
3:
/\ decided = <<-1, -1, -1, -1>>
/\ p1v = <<0, 1, 0, 1>>
/\ p2v = <<-1, -1, -1, -1>>
/\ p2Msg = {}
/\ p1Msg = {}
/\ r = <<1, 1, 1, 1>>
/\ pc = <<"broadcast", "P1S", "P1S", "broadcast">>
/\ DBCollectP1Msgs = {}

@!@!@ENDMSG 2216 @!@!@
@!@!@STARTMSG 2216:4 @!@!@
4:
/\ decided = <<-1, -1, -1, -1>>
/\ p1v = <<0, 1, 0, 1>>
/\ p2v = <<-1, -1, -1, -1>>
/\ p2Msg = {}
/\ p1Msg = {[value |-> 0, round |-> 1, nodeid |-> 3]}
/\ r = <<1, 1, 1, 1>>
/\ pc = <<"broadcast", "P1S", "P1R", "broadcast">>
/\ DBCollectP1Msgs = {}

@!@!@ENDMSG 2216 @!@!@
@!@!@STARTMSG 2216:4 @!@!@
5:
/\ decided = <<-1, -1, -1, -1>>
/\ p1v = <<0, 1, 0, 1>>
/\ p2v = <<-1, -1, -1, -1>>
/\ p2Msg = {}
/\ p1Msg = { [value |-> 0, round |-> 1, nodeid |-> 3],
  [value |-> 1, round |-> 1, nodeid |-> 2] }
/\ r = <<1, 1, 1, 1>>
/\ pc = <<"broadcast", "P1R", "P1R", "broadcast">>
/\ DBCollectP1Msgs = {}

@!@!@ENDMSG 2216 @!@!@
@!@!@STARTMSG 2216:4 @!@!@
6:
/\ decided = <<-1, -1, -1, -1>>
/\ p1v = <<0, 1, 0, 1>>
/\ p2v = <<-1, -1, -1, -1>>
/\ p2Msg = {}
/\ p1Msg = { [value |-> 0, round |-> 1, nodeid |-> 3],
  [value |-> 1, round |-> 1, nodeid |-> 2] }
/\ r = <<1, 1, 1, 1>>
/\ pc = <<"broadcast", "P1R", "P1R", "P1S">>
/\ DBCollectP1Msgs = {}

@!@!@ENDMSG 2216 @!@!@
{0, 1}
@!@!@STARTMSG 2216:4 @!@!@
7:
/\ decided = <<-1, -1, -1, -1>>
/\ p1v = <<0, 1, 0, 1>>
/\ p2v = <<-1, -1, -1, -1>>
/\ p2Msg = {}
/\ p1Msg = { [value |-> 0, round |-> 1, nodeid |-> 3],
  [value |-> 1, round |-> 1, nodeid |-> 2],
  [value |-> 1, round |-> 1, nodeid |-> 4] }
/\ r = <<1, 1, 1, 1>>
/\ pc = <<"broadcast", "P1R", "P1R", "P1R">>
/\ DBCollectP1Msgs = {}

@!@!@ENDMSG 2216 @!@!@
@!@!@STARTMSG 2216:4 @!@!@
8:
/\ decided = <<-1, -1, -1, -1>>
/\ p1v = <<0, 1, 0, 1>>
/\ p2v = <<-1, -1, -1, -1>>
/\ p2Msg = {}
/\ p1Msg = { [value |-> 0, round |-> 1, nodeid |-> 3],
  [value |-> 1, round |-> 1, nodeid |-> 2],
  [value |-> 1, round |-> 1, nodeid |-> 4] }
/\ r = <<1, 1, 1, 1>>
/\ pc = <<"P1S", "P1R", "P1R", "P1R">>
/\ DBCollectP1Msgs = {}

@!@!@ENDMSG 2216 @!@!@
{1}
@!@!@STARTMSG 2216:4 @!@!@
9:
/\ decided = <<-1, -1, -1, -1>>
/\ p1v = <<0, 1, 0, 1>>
/\ p2v = <<-1, -1, -1, -1>>
/\ p2Msg = {}
/\ p1Msg = { [value |-> 0, round |-> 1, nodeid |-> 1],
  [value |-> 0, round |-> 1, nodeid |-> 3],
  [value |-> 1, round |-> 1, nodeid |-> 2],
  [value |-> 1, round |-> 1, nodeid |-> 4] }
/\ r = <<1, 1, 1, 1>>
/\ pc = <<"P1R", "P1R", "P1R", "P1R">>
/\ DBCollectP1Msgs = {}

@!@!@ENDMSG 2216 @!@!@
{0, 1}
@!@!@STARTMSG 2216:4 @!@!@
10:
/\ decided = <<-1, -1, -1, -1>>
/\ p1v = <<0, 1, 0, 1>>
/\ p2v = <<-1, -1, -1, -1>>
/\ p2Msg = {}
/\ p1Msg = { [value |-> 0, round |-> 1, nodeid |-> 1],
  [value |-> 0, round |-> 1, nodeid |-> 3],
  [value |-> 1, round |-> 1, nodeid |-> 2],
  [value |-> 1, round |-> 1, nodeid |-> 4] }
/\ r = <<1, 1, 1, 1>>
/\ pc = <<"P1R", "P1R", "P1R", "P1R">>
/\ DBCollectP1Msgs = {}

@!@!@ENDMSG 2216 @!@!@
{1}
@!@!@STARTMSG 2201:0 @!@!@
The coverage statistics at 2019-11-26 00:27:25
@!@!@ENDMSG 2201 @!@!@
@!@!@STARTMSG 2773:0 @!@!@
<Init line 89, col 1 to line 89, col 4 of module BenOr>: 1:1
@!@!@ENDMSG 2773 @!@!@
{0, 1}
{1}
@!@!@STARTMSG 2221:0 @!@!@
  line 90, col 9 to line 98, col 50 of module BenOr: 1
@!@!@ENDMSG 2221 @!@!@
{1}
@!@!@STARTMSG 2772:0 @!@!@
<broadcast line 100, col 1 to line 100, col 15 of module BenOr>: 0:60
@!@!@ENDMSG 2772 @!@!@
{0, 1}
@!@!@STARTMSG 2221:0 @!@!@
  line 100, col 23 to line 100, col 44 of module BenOr: 241
@!@!@ENDMSG 2221 @!@!@
@!@!@STARTMSG 2221:0 @!@!@
  |line 100, col 23 to line 100, col 30 of module BenOr: 181
@!@!@ENDMSG 2221 @!@!@
@!@!@STARTMSG 2221:0 @!@!@
  line 101, col 26 to line 101, col 42 of module BenOr: 61
@!@!@ENDMSG 2221 @!@!@
@!@!@STARTMSG 2221:0 @!@!@
  line 102, col 34 to line 102, col 66 of module BenOr: 60
@!@!@ENDMSG 2221 @!@!@
@!@!@STARTMSG 2221:0 @!@!@
  |line 102, col 40 to line 102, col 66 of module BenOr: 61
@!@!@ENDMSG 2221 @!@!@
@!@!@STARTMSG 2221:0 @!@!@
  line 103, col 31 to line 103, col 67 of module BenOr: 1
@!@!@ENDMSG 2221 @!@!@
@!@!@STARTMSG 2221:0 @!@!@
  line 104, col 23 to line 105, col 45 of module BenOr: 61
@!@!@ENDMSG 2221 @!@!@
@!@!@STARTMSG 2772:0 @!@!@
<P1S line 107, col 1 to line 107, col 9 of module BenOr>: 0:59
@!@!@ENDMSG 2772 @!@!@
@!@!@STARTMSG 2221:0 @!@!@
  line 107, col 17 to line 107, col 32 of module BenOr: 296
@!@!@ENDMSG 2221 @!@!@
@!@!@STARTMSG 2221:0 @!@!@
  |line 107, col 17 to line 107, col 24 of module BenOr: 239
@!@!@ENDMSG 2221 @!@!@
@!@!@STARTMSG 2221:0 @!@!@
  line 108, col 17 to line 108, col 99 of module BenOr: 60
@!@!@ENDMSG 2221 @!@!@
@!@!@STARTMSG 2221:0 @!@!@
  line 109, col 17 to line 109, col 49 of module BenOr: 60
@!@!@ENDMSG 2221 @!@!@
@!@!@STARTMSG 2221:0 @!@!@
  line 110, col 17 to line 110, col 76 of module BenOr: 59
@!@!@ENDMSG 2221 @!@!@
@!@!@STARTMSG 2772:0 @!@!@
<P1R line 112, col 1 to line 112, col 9 of module BenOr>: 0:15
@!@!@ENDMSG 2772 @!@!@
{0, 1}
@!@!@STARTMSG 2221:0 @!@!@
  line 112, col 17 to line 112, col 32 of module BenOr: 218
@!@!@ENDMSG 2221 @!@!@
@!@!@STARTMSG 2221:0 @!@!@
  |line 112, col 17 to line 112, col 24 of module BenOr: 204
@!@!@ENDMSG 2221 @!@!@
{0, 1}
@!@!@STARTMSG 2221:0 @!@!@
  line 113, col 18 to line 113, col 58 of module BenOr: 121
@!@!@ENDMSG 2221 @!@!@
@!@!@STARTMSG 2221:0 @!@!@
  |line 113, col 18 to line 113, col 52 of module BenOr: 106
@!@!@ENDMSG 2221 @!@!@
@!@!@STARTMSG 2221:0 @!@!@
  ||line 113, col 30 to line 113, col 51 of module BenOr: 106
@!@!@ENDMSG 2221 @!@!@
@!@!@STARTMSG 2221:0 @!@!@
  |||line 81, col 21 to line 81, col 48 of module BenOr: 107
@!@!@ENDMSG 2221 @!@!@
@!@!@STARTMSG 2221:0 @!@!@
  ||||line 81, col 36 to line 81, col 46 of module BenOr: 433
@!@!@ENDMSG 2221 @!@!@
@!@!@STARTMSG 2221:0 @!@!@
  ||||line 81, col 28 to line 81, col 32 of module BenOr: 107
@!@!@ENDMSG 2221 @!@!@
@!@!@STARTMSG 2221:0 @!@!@
  |||line 113, col 44 to line 113, col 50 of module BenOr: 107
@!@!@ENDMSG 2221 @!@!@
@!@!@STARTMSG 2221:0 @!@!@
  |line 113, col 56 to line 113, col 58 of module BenOr: 107
@!@!@ENDMSG 2221 @!@!@
@!@!@STARTMSG 2221:0 @!@!@
  line 114, col 17 to line 114, col 135 of module BenOr: 17
@!@!@ENDMSG 2221 @!@!@
@!@!@STARTMSG 2221:0 @!@!@
  |line 114, col 37 to line 114, col 134 of module BenOr: 17
@!@!@ENDMSG 2221 @!@!@
@!@!@STARTMSG 2221:0 @!@!@
  ||line 114, col 37 to line 114, col 51 of module BenOr: 17
@!@!@ENDMSG 2221 @!@!@
@!@!@STARTMSG 2775:0 @!@!@
  ||line 114, col 60 to line 114, col 134 of module BenOr: 17:22
@!@!@ENDMSG 2775 @!@!@
@!@!@STARTMSG 2221:0 @!@!@
  |||line 114, col 61 to line 114, col 133 of module BenOr: 17
@!@!@ENDMSG 2221 @!@!@
@!@!@STARTMSG 2221:0 @!@!@
  ||||line 114, col 68 to line 114, col 102 of module BenOr: 17
@!@!@ENDMSG 2221 @!@!@
@!@!@STARTMSG 2221:0 @!@!@
  |||||line 114, col 80 to line 114, col 101 of module BenOr: 17
@!@!@ENDMSG 2221 @!@!@
@!@!@STARTMSG 2221:0 @!@!@
  ||||||line 81, col 21 to line 81, col 48 of module BenOr: 17
@!@!@ENDMSG 2221 @!@!@
@!@!@STARTMSG 2221:0 @!@!@
  |||||||line 81, col 36 to line 81, col 46 of module BenOr: 60
@!@!@ENDMSG 2221 @!@!@
@!@!@STARTMSG 2221:0 @!@!@
  |||||||line 81, col 28 to line 81, col 32 of module BenOr: 17
@!@!@ENDMSG 2221 @!@!@
@!@!@STARTMSG 2221:0 @!@!@
  ||||||line 114, col 94 to line 114, col 100 of module BenOr: 18
@!@!@ENDMSG 2221 @!@!@
@!@!@STARTMSG 2221:0 @!@!@
  ||||line 114, col 111 to line 114, col 132 of module BenOr: 18
@!@!@ENDMSG 2221 @!@!@
@!@!@STARTMSG 2221:0 @!@!@
  |||||line 81, col 21 to line 81, col 48 of module BenOr: 18
@!@!@ENDMSG 2221 @!@!@
@!@!@STARTMSG 2221:0 @!@!@
  ||||||line 81, col 36 to line 81, col 46 of module BenOr: 66
@!@!@ENDMSG 2221 @!@!@
@!@!@STARTMSG 2221:0 @!@!@
  ||||||line 81, col 28 to line 81, col 32 of module BenOr: 18
@!@!@ENDMSG 2221 @!@!@
{0, 1}
@!@!@STARTMSG 2221:0 @!@!@
  |||||line 114, col 125 to line 114, col 131 of module BenOr: 18
@!@!@ENDMSG 2221 @!@!@
@!@!@STARTMSG 2221:0 @!@!@
  line 115, col 17 to line 115, col 61 of module BenOr: 17
@!@!@ENDMSG 2221 @!@!@
@!@!@STARTMSG 2221:0 @!@!@
  |line 115, col 24 to line 115, col 60 of module BenOr: 18
@!@!@ENDMSG 2221 @!@!@
@!@!@STARTMSG 2221:0 @!@!@
  ||line 80, col 21 to line 80, col 38 of module BenOr: 18
@!@!@ENDMSG 2221 @!@!@
@!@!@STARTMSG 2221:0 @!@!@
  |||line 80, col 22 to line 80, col 28 of module BenOr: 36
@!@!@ENDMSG 2221 @!@!@
@!@!@STARTMSG 2221:0 @!@!@
  |||line 80, col 37 to line 80, col 37 of module BenOr: 18
@!@!@ENDMSG 2221 @!@!@
@!@!@STARTMSG 2221:0 @!@!@
  ||line 115, col 38 to line 115, col 59 of module BenOr: 18
@!@!@ENDMSG 2221 @!@!@
@!@!@STARTMSG 2775:0 @!@!@
  |||line 81, col 21 to line 81, col 48 of module BenOr: 18:54
@!@!@ENDMSG 2775 @!@!@
@!@!@STARTMSG 2221:0 @!@!@
  ||||line 81, col 36 to line 81, col 46 of module BenOr: 66
@!@!@ENDMSG 2221 @!@!@
@!@!@STARTMSG 2221:0 @!@!@
  ||||line 81, col 28 to line 81, col 32 of module BenOr: 18
@!@!@ENDMSG 2221 @!@!@
@!@!@STARTMSG 2221:0 @!@!@
  |||line 115, col 52 to line 115, col 58 of module BenOr: 18
@!@!@ENDMSG 2221 @!@!@
@!@!@STARTMSG 2221:0 @!@!@
  line 116, col 20 to line 116, col 88 of module BenOr: 18
@!@!@ENDMSG 2221 @!@!@
@!@!@STARTMSG 2221:0 @!@!@
  |line 116, col 36 to line 116, col 88 of module BenOr: 35
@!@!@ENDMSG 2221 @!@!@
@!@!@STARTMSG 2221:0 @!@!@
  ||line 116, col 84 to line 116, col 88 of module BenOr: 43
@!@!@ENDMSG 2221 @!@!@
@!@!@STARTMSG 2221:0 @!@!@
  ||line 116, col 45 to line 116, col 81 of module BenOr: 35
@!@!@ENDMSG 2221 @!@!@
@!@!@STARTMSG 2775:0 @!@!@
  |||line 80, col 21 to line 80, col 38 of module BenOr: 35:78
@!@!@ENDMSG 2775 @!@!@
@!@!@STARTMSG 2221:0 @!@!@
  ||||line 80, col 22 to line 80, col 28 of module BenOr: 70
@!@!@ENDMSG 2221 @!@!@
@!@!@STARTMSG 2221:0 @!@!@
  ||||line 80, col 37 to line 80, col 37 of module BenOr: 35
@!@!@ENDMSG 2221 @!@!@
@!@!@STARTMSG 2221:0 @!@!@
  |||line 116, col 59 to line 116, col 80 of module BenOr: 35
@!@!@ENDMSG 2221 @!@!@
@!@!@STARTMSG 2775:0 @!@!@
  ||||line 81, col 21 to line 81, col 48 of module BenOr: 35:105
@!@!@ENDMSG 2775 @!@!@
@!@!@STARTMSG 2221:0 @!@!@
  |||||line 81, col 36 to line 81, col 46 of module BenOr: 130
@!@!@ENDMSG 2221 @!@!@
@!@!@STARTMSG 2221:0 @!@!@
  |||||line 81, col 28 to line 81, col 32 of module BenOr: 35
@!@!@ENDMSG 2221 @!@!@
@!@!@STARTMSG 2221:0 @!@!@
  ||||line 116, col 73 to line 116, col 79 of module BenOr: 35
@!@!@ENDMSG 2221 @!@!@
@!@!@STARTMSG 2775:0 @!@!@
  |line 116, col 29 to line 116, col 33 of module BenOr: 18:53
@!@!@ENDMSG 2775 @!@!@
@!@!@STARTMSG 2221:0 @!@!@
  line 117, col 31 to line 117, col 88 of module BenOr: 10
@!@!@ENDMSG 2221 @!@!@
@!@!@STARTMSG 2221:0 @!@!@
  |line 117, col 31 to line 117, col 82 of module BenOr: 10
@!@!@ENDMSG 2221 @!@!@
@!@!@STARTMSG 2221:0 @!@!@
  ||line 117, col 31 to line 117, col 67 of module BenOr: 10
@!@!@ENDMSG 2221 @!@!@
@!@!@STARTMSG 2221:0 @!@!@
  |||line 80, col 21 to line 80, col 38 of module BenOr: 10
@!@!@ENDMSG 2221 @!@!@
@!@!@STARTMSG 2221:0 @!@!@
  ||||line 80, col 22 to line 80, col 28 of module BenOr: 20
@!@!@ENDMSG 2221 @!@!@
@!@!@STARTMSG 2221:0 @!@!@
  ||||line 80, col 37 to line 80, col 37 of module BenOr: 10
@!@!@ENDMSG 2221 @!@!@
@!@!@STARTMSG 2221:0 @!@!@
  |||line 117, col 45 to line 117, col 66 of module BenOr: 10
@!@!@ENDMSG 2221 @!@!@
@!@!@STARTMSG 2775:0 @!@!@
  ||||line 81, col 21 to line 81, col 48 of module BenOr: 10:30
@!@!@ENDMSG 2775 @!@!@
@!@!@STARTMSG 2221:0 @!@!@
  |||||line 81, col 36 to line 81, col 46 of module BenOr: 34
@!@!@ENDMSG 2221 @!@!@
@!@!@STARTMSG 2221:0 @!@!@
  |||||line 81, col 28 to line 81, col 32 of module BenOr: 10
@!@!@ENDMSG 2221 @!@!@
@!@!@STARTMSG 2221:0 @!@!@
  ||||line 117, col 59 to line 117, col 65 of module BenOr: 10
@!@!@ENDMSG 2221 @!@!@
@!@!@STARTMSG 2221:0 @!@!@
  ||line 117, col 80 to line 117, col 82 of module BenOr: 10
@!@!@ENDMSG 2221 @!@!@
@!@!@STARTMSG 2221:0 @!@!@
  |line 117, col 86 to line 117, col 88 of module BenOr: 10
@!@!@ENDMSG 2221 @!@!@
@!@!@STARTMSG 2221:0 @!@!@
  line 118, col 36 to line 118, col 69 of module BenOr: 9
@!@!@ENDMSG 2221 @!@!@
@!@!@STARTMSG 2221:0 @!@!@
  line 119, col 36 to line 119, col 69 of module BenOr: 1
@!@!@ENDMSG 2221 @!@!@
{0}
@!@!@STARTMSG 2221:0 @!@!@
  line 120, col 25 to line 121, col 37 of module BenOr: 5
@!@!@ENDMSG 2221 @!@!@
{0}
@!@!@STARTMSG 2221:0 @!@!@
  line 122, col 17 to line 122, col 49 of module BenOr: 18
@!@!@ENDMSG 2221 @!@!@
@!@!@STARTMSG 2221:0 @!@!@
  line 123, col 17 to line 123, col 61 of module BenOr: 15
@!@!@ENDMSG 2221 @!@!@
@!@!@STARTMSG 2772:0 @!@!@
<P2S line 125, col 1 to line 125, col 9 of module BenOr>: 0:18
@!@!@ENDMSG 2772 @!@!@
@!@!@STARTMSG 2221:0 @!@!@
  line 125, col 17 to line 125, col 32 of module BenOr: 325
@!@!@ENDMSG 2221 @!@!@
@!@!@STARTMSG 2221:0 @!@!@
  |line 125, col 17 to line 125, col 24 of module BenOr: 307
@!@!@ENDMSG 2221 @!@!@
@!@!@STARTMSG 2221:0 @!@!@
  line 126, col 17 to line 126, col 99 of module BenOr: 18
@!@!@ENDMSG 2221 @!@!@
{0}
@!@!@STARTMSG 2221:0 @!@!@
  line 127, col 17 to line 127, col 53 of module BenOr: 18
@!@!@ENDMSG 2221 @!@!@
@!@!@STARTMSG 2221:0 @!@!@
  line 128, col 17 to line 128, col 55 of module BenOr: 18
@!@!@ENDMSG 2221 @!@!@
@!@!@STARTMSG 2221:0 @!@!@
  line 129, col 17 to line 129, col 73 of module BenOr: 18
@!@!@ENDMSG 2221 @!@!@
@!@!@STARTMSG 2772:0 @!@!@
<Terminating line 134, col 1 to line 134, col 11 of module BenOr>: 0:0
@!@!@ENDMSG 2772 @!@!@
@!@!@STARTMSG 2221:0 @!@!@
  line 134, col 19 to line 134, col 56 of module BenOr: 75
@!@!@ENDMSG 2221 @!@!@
{1}
@!@!@STARTMSG 2221:0 @!@!@
  line 135, col 19 to line 135, col 32 of module BenOr: 0
@!@!@ENDMSG 2221 @!@!@
@!@!@STARTMSG 2202:0 @!@!@
End of statistics.
@!@!@ENDMSG 2202 @!@!@
@!@!@STARTMSG 2209:0 @!@!@
Progress(-1) at 2019-11-26 00:27:25: 253 states generated, -1 distinct states found, -1 states left on queue.
@!@!@ENDMSG 2209 @!@!@
{0, 1}
@!@!@STARTMSG 2210:0 @!@!@
The number of states generated: 253
Simulation using seed -6041184272094791380 and aril 0
@!@!@ENDMSG 2210 @!@!@
{0, 1}
{0, 1}
@!@!@STARTMSG 2209:0 @!@!@
Progress(-1) at 2019-11-26 00:27:25: 281 states generated, -1 distinct states found, -1 states left on queue.
@!@!@ENDMSG 2209 @!@!@
@!@!@STARTMSG 2186:0 @!@!@
Finished in 237ms at (2019-11-26 00:27:25)
@!@!@ENDMSG 2186 @!@!@
