@!@!@STARTMSG 2262:0 @!@!@
TLC2 Version 2.14 of 10 July 2019
@!@!@ENDMSG 2262 @!@!@
@!@!@STARTMSG 2187:0 @!@!@
Running breadth-first search Model-Checking with fp 103 and seed -4372501889186041576 with 6 workers on 12 cores with 1173MB heap and 2638MB offheap memory [pid: 4998] (Linux 5.0.0-36-generic amd64, AdoptOpenJDK 11.0.3 x86_64, OffHeapDiskFPSet, DiskStateQueue).
@!@!@ENDMSG 2187 @!@!@
@!@!@STARTMSG 2220:0 @!@!@
Starting SANY...
@!@!@ENDMSG 2220 @!@!@
Parsing file /home/pratik/TLA-Plus/BenOr/BenOr.toolbox/Model_1/MC.tla
Parsing file /home/pratik/TLA-Plus/BenOr/BenOr.toolbox/Model_1/BenOr.tla
Parsing file /home/pratik/TLAToolbox-1.6.0-linux.gtk.x86_64/toolbox/plugins/org.lamport.tlatools_1.0.0.201907102009/tla2sany/StandardModules/TLC.tla
Parsing file /home/pratik/TLAToolbox-1.6.0-linux.gtk.x86_64/toolbox/plugins/org.lamport.tlatools_1.0.0.201907102009/tla2sany/StandardModules/Integers.tla
Parsing file /home/pratik/TLAToolbox-1.6.0-linux.gtk.x86_64/toolbox/plugins/org.lamport.tlatools_1.0.0.201907102009/tla2sany/StandardModules/Sequences.tla
Parsing file /home/pratik/TLAToolbox-1.6.0-linux.gtk.x86_64/toolbox/plugins/org.lamport.tlatools_1.0.0.201907102009/tla2sany/StandardModules/FiniteSets.tla
Parsing file /home/pratik/TLAToolbox-1.6.0-linux.gtk.x86_64/toolbox/plugins/org.lamport.tlatools_1.0.0.201907102009/tla2sany/StandardModules/Naturals.tla
Semantic processing of module Naturals
Semantic processing of module Integers
Semantic processing of module Sequences
Semantic processing of module FiniteSets
Semantic processing of module TLC
Semantic processing of module BenOr
Semantic processing of module MC
@!@!@STARTMSG 2219:0 @!@!@
SANY finished.
@!@!@ENDMSG 2219 @!@!@
@!@!@STARTMSG 2185:0 @!@!@
Starting... (2019-11-25 22:00:50)
@!@!@ENDMSG 2185 @!@!@
@!@!@STARTMSG 2189:0 @!@!@
Computing initial states...
@!@!@ENDMSG 2189 @!@!@
@!@!@STARTMSG 2190:0 @!@!@
Finished computing initial states: 1 distinct state generated at 2019-11-25 22:00:50.
@!@!@ENDMSG 2190 @!@!@
-1
-1
-1
-1
-1
-1
-1
-1
-1
-1
-1
-1
-1
-1
-1
-1
-1
-1
-1
-1
-1
-1
-1
-1
-1
-1
-1
-1
-1
-1
-1
-1
-1
-1
-1
-1
-1
-1
-1
-1
-1
-1
-1
-1
@!@!@STARTMSG 2114:1 @!@!@
Deadlock reached.
@!@!@ENDMSG 2114 @!@!@
-1
-1
-1
-1
-1
-1
-1
-1
-1
-1
-1
-1
-1
-1
-1
-1
-1
-1
-1
@!@!@STARTMSG 2121:1 @!@!@
The behavior up to this point is:
@!@!@ENDMSG 2121 @!@!@
-1
-1
-1
@!@!@STARTMSG 2217:4 @!@!@
1: <Initial predicate>
/\ decided = <<-1, -1, -1, -1>>
/\ p1v = <<0, 1, 0, 1>>
/\ p2v = <<-1, -1, -1, -1>>
/\ p2Msg = {}
/\ p1Msg = {}
/\ r = <<1, 1, 1, 1>>
/\ pc = <<"broadcast", "broadcast", "broadcast", "broadcast">>

@!@!@ENDMSG 2217 @!@!@
-1
@!@!@STARTMSG 2217:4 @!@!@
2: <broadcast line 88, col 20 to line 90, col 72 of module BenOr>
/\ decided = <<-1, -1, -1, -1>>
/\ p1v = <<0, 1, 0, 1>>
/\ p2v = <<-1, -1, -1, -1>>
/\ p2Msg = {}
/\ p1Msg = {}
/\ r = <<1, 1, 1, 1>>
/\ pc = <<"broadcast", "P1S", "broadcast", "broadcast">>

@!@!@ENDMSG 2217 @!@!@
@!@!@STARTMSG 2217:4 @!@!@
3: <broadcast line 88, col 20 to line 90, col 72 of module BenOr>
/\ decided = <<-1, -1, -1, -1>>
/\ p1v = <<0, 1, 0, 1>>
/\ p2v = <<-1, -1, -1, -1>>
/\ p2Msg = {}
/\ p1Msg = {}
/\ r = <<1, 1, 1, 1>>
/\ pc = <<"P1S", "P1S", "broadcast", "broadcast">>

@!@!@ENDMSG 2217 @!@!@
-1
-1
-1
@!@!@STARTMSG 2217:4 @!@!@
4: <P1S line 92, col 14 to line 95, col 59 of module BenOr>
/\ decided = <<-1, -1, -1, -1>>
/\ p1v = <<0, 1, 0, 1>>
/\ p2v = <<-1, -1, -1, -1>>
/\ p2Msg = {}
/\ p1Msg = {[value |-> 0, round |-> 1, nodeid |-> 1]}
/\ r = <<1, 1, 1, 1>>
/\ pc = <<"P1R", "P1S", "broadcast", "broadcast">>

@!@!@ENDMSG 2217 @!@!@
-1
@!@!@STARTMSG 2217:4 @!@!@
5: <P1S line 92, col 14 to line 95, col 59 of module BenOr>
/\ decided = <<-1, -1, -1, -1>>
/\ p1v = <<0, 1, 0, 1>>
/\ p2v = <<-1, -1, -1, -1>>
/\ p2Msg = {}
/\ p1Msg = { [value |-> 0, round |-> 1, nodeid |-> 1],
  [value |-> 1, round |-> 1, nodeid |-> 2] }
/\ r = <<1, 1, 1, 1>>
/\ pc = <<"P1R", "P1R", "broadcast", "broadcast">>

@!@!@ENDMSG 2217 @!@!@
@!@!@STARTMSG 2217:4 @!@!@
6: <broadcast line 88, col 20 to line 90, col 72 of module BenOr>
/\ decided = <<-1, -1, -1, -1>>
/\ p1v = <<0, 1, 0, 1>>
/\ p2v = <<-1, -1, -1, -1>>
/\ p2Msg = {}
/\ p1Msg = { [value |-> 0, round |-> 1, nodeid |-> 1],
  [value |-> 1, round |-> 1, nodeid |-> 2] }
/\ r = <<1, 1, 1, 1>>
/\ pc = <<"P1R", "P1R", "P1S", "broadcast">>

@!@!@ENDMSG 2217 @!@!@
-1
-1
-1
-1
@!@!@STARTMSG 2217:4 @!@!@
7: <broadcast line 88, col 20 to line 90, col 72 of module BenOr>
/\ decided = <<-1, -1, -1, -1>>
/\ p1v = <<0, 1, 0, 1>>
/\ p2v = <<-1, -1, -1, -1>>
/\ p2Msg = {}
/\ p1Msg = { [value |-> 0, round |-> 1, nodeid |-> 1],
  [value |-> 1, round |-> 1, nodeid |-> 2] }
/\ r = <<1, 1, 1, 1>>
/\ pc = <<"P1R", "P1R", "P1S", "P1S">>

@!@!@ENDMSG 2217 @!@!@
@!@!@STARTMSG 2217:4 @!@!@
8: <P1S line 92, col 14 to line 95, col 59 of module BenOr>
/\ decided = <<-1, -1, -1, -1>>
/\ p1v = <<0, 1, 0, 1>>
/\ p2v = <<-1, -1, -1, -1>>
/\ p2Msg = {}
/\ p1Msg = { [value |-> 0, round |-> 1, nodeid |-> 1],
  [value |-> 1, round |-> 1, nodeid |-> 2],
  [value |-> 1, round |-> 1, nodeid |-> 4] }
/\ r = <<1, 1, 1, 1>>
/\ pc = <<"P1R", "P1R", "P1S", "P1R">>

@!@!@ENDMSG 2217 @!@!@
-1
-1
-1
-1
-1
-1
-1
-1
-1
@!@!@STARTMSG 2217:4 @!@!@
9: <P1S line 92, col 14 to line 95, col 59 of module BenOr>
/\ decided = <<-1, -1, -1, -1>>
/\ p1v = <<0, 1, 0, 1>>
/\ p2v = <<-1, -1, -1, -1>>
/\ p2Msg = {}
/\ p1Msg = { [value |-> 0, round |-> 1, nodeid |-> 1],
  [value |-> 0, round |-> 1, nodeid |-> 3],
  [value |-> 1, round |-> 1, nodeid |-> 2],
  [value |-> 1, round |-> 1, nodeid |-> 4] }
/\ r = <<1, 1, 1, 1>>
/\ pc = <<"P1R", "P1R", "P1R", "P1R">>

@!@!@ENDMSG 2217 @!@!@
-1
-1
-1
-1
@!@!@STARTMSG 2201:0 @!@!@
The coverage statistics at 2019-11-25 22:00:50
@!@!@ENDMSG 2201 @!@!@
@!@!@STARTMSG 2773:0 @!@!@
<Init line 78, col 1 to line 78, col 4 of module BenOr>: 2:2
@!@!@ENDMSG 2773 @!@!@
@!@!@STARTMSG 2221:0 @!@!@
  line 79, col 9 to line 86, col 50 of module BenOr: 2
@!@!@ENDMSG 2221 @!@!@
@!@!@STARTMSG 2772:0 @!@!@
<broadcast line 88, col 1 to line 88, col 15 of module BenOr>: 65:169
@!@!@ENDMSG 2772 @!@!@
@!@!@STARTMSG 2221:0 @!@!@
  line 88, col 23 to line 88, col 44 of module BenOr: 657
@!@!@ENDMSG 2221 @!@!@
@!@!@STARTMSG 2221:0 @!@!@
  |line 88, col 23 to line 88, col 30 of module BenOr: 488
@!@!@ENDMSG 2221 @!@!@
@!@!@STARTMSG 2221:0 @!@!@
  line 89, col 23 to line 89, col 55 of module BenOr: 169
@!@!@ENDMSG 2221 @!@!@
@!@!@STARTMSG 2221:0 @!@!@
  line 90, col 23 to line 90, col 72 of module BenOr: 169
@!@!@ENDMSG 2221 @!@!@
@!@!@STARTMSG 2772:0 @!@!@
<P1S line 92, col 1 to line 92, col 9 of module BenOr>: 57:137
@!@!@ENDMSG 2772 @!@!@
@!@!@STARTMSG 2221:0 @!@!@
  line 92, col 17 to line 92, col 32 of module BenOr: 621
@!@!@ENDMSG 2221 @!@!@
@!@!@STARTMSG 2221:0 @!@!@
  |line 92, col 17 to line 92, col 24 of module BenOr: 484
@!@!@ENDMSG 2221 @!@!@
@!@!@STARTMSG 2221:0 @!@!@
  line 93, col 17 to line 93, col 99 of module BenOr: 137
@!@!@ENDMSG 2221 @!@!@
@!@!@STARTMSG 2221:0 @!@!@
  line 94, col 17 to line 94, col 49 of module BenOr: 137
@!@!@ENDMSG 2221 @!@!@
@!@!@STARTMSG 2221:0 @!@!@
  line 95, col 17 to line 95, col 59 of module BenOr: 137
@!@!@ENDMSG 2221 @!@!@
@!@!@STARTMSG 2772:0 @!@!@
<P1R line 97, col 1 to line 97, col 9 of module BenOr>: 60:88
@!@!@ENDMSG 2772 @!@!@
@!@!@STARTMSG 2221:0 @!@!@
  line 97, col 17 to line 97, col 32 of module BenOr: 568
@!@!@ENDMSG 2221 @!@!@
@!@!@STARTMSG 2221:0 @!@!@
  |line 97, col 17 to line 97, col 24 of module BenOr: 480
@!@!@ENDMSG 2221 @!@!@
@!@!@STARTMSG 2221:0 @!@!@
  line 98, col 18 to line 98, col 58 of module BenOr: 270
@!@!@ENDMSG 2221 @!@!@
@!@!@STARTMSG 2221:0 @!@!@
  |line 98, col 18 to line 98, col 52 of module BenOr: 182
@!@!@ENDMSG 2221 @!@!@
@!@!@STARTMSG 2221:0 @!@!@
  ||line 98, col 30 to line 98, col 51 of module BenOr: 182
@!@!@ENDMSG 2221 @!@!@
@!@!@STARTMSG 2221:0 @!@!@
  |||line 70, col 21 to line 70, col 48 of module BenOr: 182
@!@!@ENDMSG 2221 @!@!@
@!@!@STARTMSG 2221:0 @!@!@
  ||||line 70, col 36 to line 70, col 46 of module BenOr: 433
@!@!@ENDMSG 2221 @!@!@
@!@!@STARTMSG 2221:0 @!@!@
  ||||line 70, col 28 to line 70, col 32 of module BenOr: 182
@!@!@ENDMSG 2221 @!@!@
@!@!@STARTMSG 2221:0 @!@!@
  |||line 98, col 44 to line 98, col 50 of module BenOr: 182
@!@!@ENDMSG 2221 @!@!@
@!@!@STARTMSG 2221:0 @!@!@
  |line 98, col 56 to line 98, col 58 of module BenOr: 182
@!@!@ENDMSG 2221 @!@!@
@!@!@STARTMSG 2221:0 @!@!@
  line 99, col 20 to line 99, col 88 of module BenOr: 88
@!@!@ENDMSG 2221 @!@!@
@!@!@STARTMSG 2221:0 @!@!@
  |line 99, col 36 to line 99, col 88 of module BenOr: 176
@!@!@ENDMSG 2221 @!@!@
@!@!@STARTMSG 2221:0 @!@!@
  ||line 99, col 84 to line 99, col 88 of module BenOr: 264
@!@!@ENDMSG 2221 @!@!@
@!@!@STARTMSG 2221:0 @!@!@
  ||line 99, col 45 to line 99, col 81 of module BenOr: 176
@!@!@ENDMSG 2221 @!@!@
@!@!@STARTMSG 2775:0 @!@!@
  |||line 69, col 21 to line 69, col 38 of module BenOr: 176:440
@!@!@ENDMSG 2775 @!@!@
@!@!@STARTMSG 2221:0 @!@!@
  ||||line 69, col 22 to line 69, col 28 of module BenOr: 528
@!@!@ENDMSG 2221 @!@!@
@!@!@STARTMSG 2221:0 @!@!@
  ||||line 69, col 37 to line 69, col 37 of module BenOr: 176
@!@!@ENDMSG 2221 @!@!@
@!@!@STARTMSG 2221:0 @!@!@
  |||line 99, col 59 to line 99, col 80 of module BenOr: 176
@!@!@ENDMSG 2221 @!@!@
@!@!@STARTMSG 2775:0 @!@!@
  ||||line 70, col 21 to line 70, col 48 of module BenOr: 176:704
@!@!@ENDMSG 2775 @!@!@
@!@!@STARTMSG 2221:0 @!@!@
  |||||line 70, col 36 to line 70, col 46 of module BenOr: 528
@!@!@ENDMSG 2221 @!@!@
@!@!@STARTMSG 2221:0 @!@!@
  |||||line 70, col 28 to line 70, col 32 of module BenOr: 176
@!@!@ENDMSG 2221 @!@!@
@!@!@STARTMSG 2221:0 @!@!@
  ||||line 99, col 73 to line 99, col 79 of module BenOr: 176
@!@!@ENDMSG 2221 @!@!@
@!@!@STARTMSG 2775:0 @!@!@
  |line 99, col 29 to line 99, col 33 of module BenOr: 88:264
@!@!@ENDMSG 2775 @!@!@
@!@!@STARTMSG 2221:0 @!@!@
  line 101, col 39 to line 101, col 69 of module BenOr: 0
@!@!@ENDMSG 2221 @!@!@
@!@!@STARTMSG 2221:0 @!@!@
  line 102, col 39 to line 102, col 69 of module BenOr: 0
@!@!@ENDMSG 2221 @!@!@
@!@!@STARTMSG 2221:0 @!@!@
  line 103, col 25 to line 104, col 37 of module BenOr: 88
@!@!@ENDMSG 2221 @!@!@
@!@!@STARTMSG 2221:0 @!@!@
  line 105, col 17 to line 105, col 34 of module BenOr: 88
@!@!@ENDMSG 2221 @!@!@
@!@!@STARTMSG 2221:0 @!@!@
  line 106, col 17 to line 106, col 53 of module BenOr: 88
@!@!@ENDMSG 2221 @!@!@
@!@!@STARTMSG 2221:0 @!@!@
  line 107, col 17 to line 107, col 55 of module BenOr: 88
@!@!@ENDMSG 2221 @!@!@
@!@!@STARTMSG 2221:0 @!@!@
  line 108, col 17 to line 108, col 58 of module BenOr: 88
@!@!@ENDMSG 2221 @!@!@
@!@!@STARTMSG 2202:0 @!@!@
End of statistics.
@!@!@ENDMSG 2202 @!@!@
@!@!@STARTMSG 2200:0 @!@!@
Progress(11) at 2019-11-25 22:00:50: 382 states generated (33,169 s/min), 183 distinct states found (15,890 ds/min), 66 states left on queue.
@!@!@ENDMSG 2200 @!@!@
@!@!@STARTMSG 2199:0 @!@!@
382 states generated, 183 distinct states found, 66 states left on queue.
@!@!@ENDMSG 2199 @!@!@
@!@!@STARTMSG 2194:0 @!@!@
The depth of the complete state graph search is 11.
@!@!@ENDMSG 2194 @!@!@
@!@!@STARTMSG 2268:0 @!@!@
The average outdegree of the complete state graph is 2 (minimum is 0, the maximum 4 and the 95th percentile is 3).
@!@!@ENDMSG 2268 @!@!@
@!@!@STARTMSG 2186:0 @!@!@
Finished in 695ms at (2019-11-25 22:00:50)
@!@!@ENDMSG 2186 @!@!@
