@!@!@STARTMSG 2262:0 @!@!@
TLC2 Version 2.14 of 10 July 2019
@!@!@ENDMSG 2262 @!@!@
@!@!@STARTMSG 2187:0 @!@!@
Running breadth-first search Model-Checking with fp 4 and seed -7174994364270982594 with 2 workers on 4 cores with 599MB heap and 1346MB offheap memory [pid: 1984] (Windows 10 10.0 amd64, AdoptOpenJDK 11.0.3 x86_64, OffHeapDiskFPSet, DiskStateQueue).
@!@!@ENDMSG 2187 @!@!@
@!@!@STARTMSG 2220:0 @!@!@
Starting SANY...
@!@!@ENDMSG 2220 @!@!@
Parsing file C:\Users\HP\Desktop\Distributed Systems\project\TLA-Plus\BenOr\BenOr.toolbox\Model_2\MC.tla
Parsing file C:\Users\HP\Desktop\Distributed Systems\project\TLA-Plus\BenOr\BenOr.toolbox\Model_2\BenOr.tla
Parsing file C:\Users\HP\Desktop\Distributed Systems\tla+\toolbox\plugins\org.lamport.tlatools_1.0.0.201907102009\tla2sany\StandardModules\TLC.tla
Parsing file C:\Users\HP\Desktop\Distributed Systems\tla+\toolbox\plugins\org.lamport.tlatools_1.0.0.201907102009\tla2sany\StandardModules\Integers.tla
Parsing file C:\Users\HP\Desktop\Distributed Systems\tla+\toolbox\plugins\org.lamport.tlatools_1.0.0.201907102009\tla2sany\StandardModules\Sequences.tla
Parsing file C:\Users\HP\Desktop\Distributed Systems\tla+\toolbox\plugins\org.lamport.tlatools_1.0.0.201907102009\tla2sany\StandardModules\FiniteSets.tla
Parsing file C:\Users\HP\Desktop\Distributed Systems\tla+\toolbox\plugins\org.lamport.tlatools_1.0.0.201907102009\tla2sany\StandardModules\Naturals.tla
Semantic processing of module Naturals
Semantic processing of module Integers
Semantic processing of module Sequences
Semantic processing of module FiniteSets
Semantic processing of module TLC
Semantic processing of module BenOr
Semantic processing of module MC
@!@!@STARTMSG 2219:0 @!@!@
SANY finished.
@!@!@ENDMSG 2219 @!@!@
@!@!@STARTMSG 2185:0 @!@!@
Starting... (2019-11-27 16:38:17)
@!@!@ENDMSG 2185 @!@!@
@!@!@STARTMSG 2189:0 @!@!@
Computing initial states...
@!@!@ENDMSG 2189 @!@!@
@!@!@STARTMSG 2190:0 @!@!@
Finished computing initial states: 1 distinct state generated at 2019-11-27 16:38:19.
@!@!@ENDMSG 2190 @!@!@
"-1"
"-1"
"-1"
"-1"
"-1"
"-1"
"-1"
"-1"
"-1"
"1"
"-1"
"1"
"-1"
"-1"
"-1"
"-1"
"-1"
"-1"
"1"
"-1"
"1"
"1"
"1"
"1"
"-1"
"1"
"-1"
"-1"
"-1"
"-1"
"-1"
"-1"
"1"
"1"
"-1"
"-1"
"1"
"1"
"1"
"1"
"1"
"1"
"-1"
"1"
"1"
"1"
"-1"
"-1"
"-1"
"-1"
"-1"
"-1"
"-1"
"-1"
"1"
"-1"
"-1"
"1"
"-1"
"1"
"1"
"1"
"1"
"1"
"1"
"1"
"1"
"1"
"1"
"1"
"1"
"1"
"1"
"1"
"1"
"-1"
"1"
"1"
"-1"
"-1"
"-1"
"-1"
"-1"
"-1"
"-1"
"-1"
"-1"
"-1"
"1"
"-1"
"-1"
"1"
"-1"
"-1"
"-1"
"1"
"1"
"1"
"1"
"1"
"-1"
"1"
"1"
"1"
"1"
"1"
"1"
"1"
"1"
"1"
"1"
"1"
"-1"
"1"
"1"
"1"
"1"
"-1"
"1"
"1"
"1"
"1"
"1"
"-1"
"1"
"-1"
"1"
"1"
"-1"
"1"
"-1"
"-1"
"-1"
"-1"
"-1"
"-1"
"1"
"-1"
"-1"
"-1"
"-1"
"-1"
"1"
"-1"
"-1"
"1"
"1"
"-1"
"1"
"1"
"1"
"1"
"1"
"-1"
"1"
"-1"
"-1"
"1"
"1"
"1"
"1"
"1"
"-1"
"-1"
"1"
"1"
"1"
"-1"
"1"
"1"
"1"
"1"
"-1"
"1"
"1"
"-1"
"1"
"1"
"1"
"1"
"1"
"1"
"-1"
"1"
"1"
"1"
"1"
"1"
"1"
"-1"
"-1"
"1"
"1"
"1"
"1"
"-1"
"-1"
"1"
"1"
"-1"
"-1"
"-1"
"-1"
"-1"
"-1"
"1"
"-1"
"1"
"-1"
"-1"
"-1"
"-1"
"-1"
"1"
"1"
"-1"
"1"
"1"
"1"
"-1"
"-1"
"1"
"1"
"1"
"-1"
"1"
"1"
"1"
"-1"
"-1"
"1"
"-1"
"-1"
"-1"
"1"
"1"
"1"
"1"
"-1"
"1"
"1"
"-1"
"1"
"1"
"1"
"1"
"-1"
"1"
"1"
"1"
"1"
"-1"
"-1"
"1"
"-1"
"1"
"-1"
"1"
"1"
"1"
"1"
"-1"
"1"
"1"
"1"
"-1"
"1"
"1"
"1"
"1"
"-1"
"1"
"1"
"1"
"-1"
"1"
"1"
"1"
"1"
"1"
"1"
"-1"
"-1"
"1"
"1"
"-1"
"-1"
"-1"
"-1"
"-1"
"-1"
"1"
"-1"
"1"
"-1"
"1"
"1"
"-1"
"-1"
"-1"
"-1"
"1"
"-1"
"1"
"-1"
"1"
"-1"
"-1"
"1"
"1"
"1"
"-1"
"-1"
"-1"
"1"
"1"
"1"
"-1"
"-1"
"1"
"1"
"-1"
"1"
"-1"
"1"
"1"
"-1"
"-1"
"-1"
"1"
"1"
"1"
"-1"
"1"
"-1"
"1"
"1"
"-1"
"1"
"1"
"-1"
"1"
"1"
"-1"
"1"
"1"
"1"
"1"
"-1"
"1"
"1"
"1"
"-1"
"-1"
"-1"
"-1"
"1"
"-1"
"1"
"-1"
"1"
"-1"
"1"
"1"
"1"
"1"
"1"
"1"
"1"
"1"
"1"
"-1"
"1"
"1"
"1"
"-1"
"-1"
"-1"
"1"
"1"
"1"
"1"
"-1"
"1"
"-1"
"-1"
"1"
"-1"
"1"
"1"
"1"
"-1"
"1"
"1"
"1"
"-1"
"1"
"-1"
"1"
"-1"
"-1"
"-1"
"-1"
"-1"
"-1"
"1"
"-1"
"1"
"1"
"1"
"1"
"1"
"1"
"-1"
"1"
"1"
"-1"
"-1"
"1"
"-1"
"-1"
"1"
"-1"
"-1"
"-1"
"1"
"-1"
"1"
"1"
"1"
"-1"
"-1"
"-1"
"-1"
"1"
"1"
"-1"
"1"
"-1"
"1"
"-1"
"-1"
"1"
"-1"
"-1"
"1"
"1"
"1"
"1"
"1"
"1"
"-1"
"1"
"-1"
"-1"
"1"
"-1"
"1"
"1"
"-1"
"1"
"1"
"-1"
"1"
"1"
"-1"
"1"
"-1"
"-1"
"1"
"1"
"1"
"1"
"1"
"-1"
"1"
"1"
"-1"
"1"
"1"
"1"
"1"
"-1"
"-1"
"1"
"-1"
"-1"
"1"
"-1"
"1"
"1"
"-1"
"-1"
"1"
"1"
"1"
"1"
"1"
"1"
"1"
"-1"
"1"
"1"
"-1"
"1"
"-1"
"1"
"1"
"-1"
"-1"
"1"
"1"
"1"
"-1"
"-1"
"-1"
"1"
"-1"
"1"
"-1"
"-1"
"1"
"1"
"-1"
"1"
"1"
"-1"
"1"
"1"
"-1"
"1"
"1"
"-1"
"1"
"-1"
"-1"
"-1"
"1"
"-1"
"-1"
"-1"
"1"
"1"
"1"
"1"
"1"
"1"
"1"
"1"
"1"
"-1"
"1"
"1"
"1"
"1"
"-1"
"1"
"-1"
"-1"
"-1"
"1"
"-1"
"-1"
"-1"
"1"
"-1"
"-1"
"1"
"-1"
"1"
"1"
"-1"
"1"
"-1"
"-1"
"1"
"-1"
"-1"
"-1"
"1"
"-1"
"1"
"1"
"-1"
"-1"
"1"
"-1"
"-1"
"1"
"1"
"1"
"1"
"1"
"1"
"1"
"1"
"1"
"1"
"1"
"-1"
"1"
"-1"
"-1"
"1"
"1"
"-1"
"1"
"-1"
"1"
"1"
"-1"
"1"
"-1"
"-1"
"1"
"1"
"-1"
"-1"
"1"
"1"
"1"
"1"
"1"
"1"
"-1"
"1"
"-1"
"1"
"1"
"1"
"1"
"1"
"1"
"1"
"1"
"1"
"-1"
"1"
"-1"
"-1"
"1"
"-1"
"1"
"1"
"-1"
"-1"
"1"
"-1"
"-1"
"1"
"1"
"1"
"1"
"1"
"1"
"1"
"-1"
"1"
"-1"
"1"
"1"
"1"
"1"
"1"
"1"
"-1"
"-1"
"1"
"1"
"-1"
"-1"
"-1"
"1"
"-1"
"-1"
"1"
"-1"
"-1"
"1"
"-1"
"-1"
"-1"
"1"
"1"
"1"
"-1"
"1"
"-1"
"1"
"1"
"1"
"-1"
"1"
"1"
"-1"
"-1"
"1"
"-1"
"-1"
"1"
"-1"
"-1"
"1"
"1"
"1"
"1"
"1"
"1"
"1"
"-1"
"1"
"1"
"1"
"1"
"-1"
"1"
"1"
"1"
"1"
"1"
"1"
"1"
"-1"
"-1"
"-1"
"-1"
"1"
"-1"
"-1"
"-1"
"-1"
"-1"
"1"
"-1"
"-1"
"1"
"1"
"1"
"-1"
"-1"
"1"
"-1"
"-1"
"1"
"-1"
"1"
"-1"
"-1"
"-1"
"1"
"-1"
"1"
"1"
"-1"
"-1"
"1"
"-1"
"-1"
"1"
"1"
"1"
"1"
"1"
"1"
"1"
"1"
"1"
"1"
"1"
"1"
"1"
"1"
"1"
"-1"
"-1"
"-1"
"1"
"1"
"1"
"-1"
"1"
"-1"
"1"
"-1"
"-1"
"1"
"1"
"-1"
"-1"
"1"
"1"
"-1"
"-1"
"1"
"1"
"1"
"1"
"1"
"-1"
"-1"
"1"
"1"
"1"
"1"
"1"
"1"
"1"
"1"
"1"
"1"
"1"
"1"
"1"
"1"
"1"
"-1"
"-1"
"-1"
"1"
"1"
"1"
"-1"
"-1"
"1"
"-1"
"-1"
"1"
"-1"
"-1"
"1"
"1"
"1"
"1"
"-1"
"-1"
"1"
"1"
"1"
"1"
"1"
"1"
"-1"
"1"
"1"
"1"
"-1"
"-1"
"-1"
"-1"
"-1"
"-1"
"1"
"-1"
"1"
"-1"
"-1"
"1"
"-1"
"-1"
"1"
"-1"
"-1"
"-1"
"1"
"-1"
"-1"
"-1"
"1"
"1"
"1"
"1"
"-1"
"-1"
"1"
"1"
"-1"
"1"
"1"
"-1"
"1"
"-1"
"-1"
"-1"
"1"
"-1"
"-1"
"1"
"-1"
"-1"
"1"
"1"
"1"
"1"
"-1"
"1"
"1"
"1"
"-1"
"1"
"1"
"1"
"1"
"-1"
"1"
"-1"
"1"
"1"
"1"
"1"
"1"
"1"
"1"
"1"
"1"
"1"
"-1"
"-1"
"-1"
"-1"
"-1"
"1"
"1"
"1"
"-1"
"-1"
"-1"
"-1"
"-1"
"1"
"-1"
"1"
"1"
"1"
"1"
"1"
"-1"
"-1"
"1"
"-1"
"-1"
"1"
"-1"
"1"
"-1"
"-1"
"-1"
"-1"
"1"
"1"
"-1"
"-1"
"-1"
"-1"
"1"
"1"
"1"
"1"
"1"
"1"
"1"
"1"
"1"
"1"
"1"
"1"
"1"
"1"
"1"
"1"
"1"
"1"
"-1"
"-1"
"-1"
"-1"
"1"
"-1"
"1"
"1"
"1"
"1"
"-1"
"1"
"1"
"-1"
"-1"
"1"
"1"
"-1"
"-1"
"1"
"-1"
"-1"
"1"
"1"
"1"
"-1"
"1"
"-1"
"1"
"1"
"1"
"1"
"1"
"1"
"1"
"1"
"1"
"1"
"1"
"1"
"1"
"1"
"1"
"1"
"1"
"1"
"-1"
"-1"
"-1"
"-1"
"1"
"1"
"1"
"1"
"1"
"-1"
"-1"
"1"
"-1"
"-1"
"-1"
"-1"
"1"
"1"
"1"
"-1"
"1"
"-1"
"1"
"1"
"1"
"1"
"-1"
"1"
"-1"
"1"
"1"
"1"
"-1"
"1"
"1"
"-1"
"-1"
"-1"
"-1"
"-1"
"-1"
"-1"
"1"
"1"
"-1"
"-1"
"1"
"-1"
"-1"
"1"
"1"
"-1"
"-1"
"-1"
"-1"
"1"
"-1"
"-1"
"1"
"1"
"1"
"-1"
"1"
"-1"
"1"
"1"
"-1"
"-1"
"1"
"-1"
"-1"
"1"
"-1"
"-1"
"-1"
"-1"
"1"
"1"
"1"
"1"
"-1"
"1"
"1"
"1"
"-1"
"1"
"-1"
"1"
"1"
"-1"
"1"
"1"
"-1"
"1"
"1"
"1"
"1"
"1"
"1"
"1"
"1"
"1"
"1"
"-1"
"1"
"1"
"-1"
"-1"
"-1"
"-1"
"1"
"1"
"1"
"1"
"1"
"-1"
"-1"
"-1"
"-1"
"1"
"-1"
"1"
"1"
"-1"
"1"
"1"
"1"
"1"
"-1"
"-1"
"1"
"1"
"-1"
"-1"
"1"
"-1"
"-1"
"-1"
"-1"
"-1"
"-1"
"-1"
"-1"
"1"
"1"
"1"
"1"
"1"
"1"
"1"
"1"
"-1"
"-1"
"1"
"1"
"1"
"1"
"1"
"1"
"1"
"1"
"1"
"1"
"1"
"-1"
"-1"
"-1"
"-1"
"1"
"1"
"1"
"1"
"1"
"1"
"-1"
"1"
"1"
"-1"
"-1"
"1"
"-1"
"-1"
"-1"
"-1"
"1"
"1"
"-1"
"1"
"1"
"-1"
"1"
"1"
"1"
"1"
"1"
"1"
"1"
"-1"
"1"
"1"
"1"
"1"
"1"
"1"
"1"
"1"
"1"
"1"
"1"
"-1"
"-1"
"-1"
"-1"
"1"
"1"
"1"
"1"
"1"
"1"
"-1"
"-1"
"-1"
"-1"
"-1"
"1"
"1"
"-1"
"1"
"1"
"-1"
"1"
"1"
"-1"
"1"
"-1"
"1"
"-1"
"1"
"1"
"1"
"-1"
"1"
"-1"
"1"
"1"
"1"
"1"
"1"
"-1"
"-1"
"-1"
"-1"
"1"
"-1"
"-1"
"-1"
"1"
"1"
"-1"
"-1"
"-1"
"-1"
"1"
"1"
"1"
"1"
"-1"
"-1"
"-1"
"-1"
"1"
"-1"
"-1"
"1"
"1"
"-1"
"1"
"1"
"-1"
"1"
"-1"
"1"
"-1"
"1"
"-1"
"-1"
"-1"
"-1"
"1"
"1"
"1"
"-1"
"1"
"-1"
"1"
"1"
"1"
"-1"
"-1"
"1"
"1"
"1"
"1"
"-1"
"1"
"1"
"-1"
"1"
"1"
"1"
"1"
"1"
"1"
"1"
"1"
"1"
"1"
"1"
"1"
"1"
"-1"
"-1"
"-1"
"-1"
"1"
"1"
"-1"
"1"
"1"
"1"
"1"
"1"
"-1"
"-1"
"-1"
"-1"
"-1"
"1"
"1"
"1"
"1"
"1"
"1"
"1"
"-1"
"-1"
"1"
"1"
"-1"
"-1"
"-1"
"-1"
"-1"
"-1"
"-1"
"-1"
"-1"
"-1"
"1"
"1"
"1"
"1"
"1"
"-1"
"-1"
"1"
"1"
"1"
"-1"
"1"
"1"
"1"
"1"
"1"
"1"
"1"
"1"
"1"
"1"
"1"
"1"
"-1"
"-1"
"-1"
"-1"
"1"
"1"
"1"
"1"
"1"
"1"
"1"
"-1"
"1"
"-1"
"-1"
"-1"
"-1"
"-1"
"-1"
"1"
"-1"
"1"
"1"
"1"
"-1"
"1"
"1"
"1"
"1"
"-1"
"1"
"1"
"-1"
"1"
"1"
"1"
"1"
"1"
"1"
"1"
"1"
"1"
"1"
"1"
"1"
"-1"
"-1"
"-1"
"-1"
"1"
"1"
"1"
"1"
"1"
"1"
"-1"
"-1"
"-1"
"-1"
"-1"
"-1"
"1"
"-1"
"1"
"1"
"1"
"-1"
"1"
"-1"
"1"
"-1"
"1"
"1"
"-1"
"1"
"1"
"-1"
"1"
"-1"
"1"
"1"
"-1"
"1"
"1"
"1"
"1"
"1"
"1"
"1"
"-1"
"-1"
"-1"
"-1"
"1"
"1"
"-1"
"-1"
"-1"
"1"
"-1"
"-1"
"-1"
"-1"
"1"
"1"
"1"
"1"
"1"
"1"
"-1"
"-1"
"-1"
"-1"
"1"
"-1"
"1"
"-1"
"1"
"1"
"1"
"-1"
"1"
"-1"
"-1"
"1"
"-1"
"-1"
"-1"
"-1"
"1"
"1"
"-1"
"1"
"1"
"-1"
"1"
"1"
"1"
"-1"
"1"
"-1"
"1"
"1"
"1"
"1"
"-1"
"1"
"1"
"-1"
"1"
"1"
"1"
"1"
"1"
"1"
"1"
"1"
"1"
"1"
"1"
"1"
"1"
"-1"
"-1"
"-1"
"1"
"1"
"1"
"1"
"1"
"1"
"1"
"1"
"1"
"-1"
"-1"
"-1"
"1"
"1"
"1"
"1"
"1"
"1"
"-1"
"-1"
"1"
"1"
"1"
"-1"
"-1"
"-1"
"-1"
"-1"
"-1"
"-1"
"-1"
"-1"
"-1"
"-1"
"1"
"1"
"-1"
"1"
"1"
"-1"
"1"
"1"
"1"
"-1"
"1"
"1"
"1"
"1"
"1"
"1"
"1"
"1"
"1"
"1"
"1"
"1"
"-1"
"1"
"-1"
"-1"
"1"
"1"
"1"
"1"
"1"
"1"
"1"
"-1"
"-1"
"-1"
"-1"
"-1"
"-1"
"1"
"1"
"1"
"1"
"1"
"-1"
"1"
"1"
"-1"
"1"
"1"
"-1"
"1"
"1"
"1"
"1"
"1"
"1"
"1"
"1"
"1"
"1"
"-1"
"1"
"1"
"-1"
"-1"
"1"
"1"
"1"
"1"
"1"
"1"
"-1"
"-1"
"-1"
"-1"
"-1"
"1"
"-1"
"1"
"1"
"1"
"1"
"-1"
"1"
"-1"
"1"
"1"
"-1"
"1"
"1"
"1"
"-1"
"1"
"-1"
"1"
"1"
"-1"
"1"
"1"
"1"
"1"
"1"
"1"
"1"
"1"
"-1"
"1"
"1"
"-1"
"-1"
"1"
"1"
"1"
"-1"
"-1"
"-1"
"-1"
"-1"
"-1"
"1"
"1"
"1"
"1"
"1"
"1"
"1"
"1"
"-1"
"1"
"-1"
"-1"
"1"
"1"
"1"
"1"
"1"
"-1"
"-1"
"1"
"-1"
"-1"
"-1"
"-1"
"1"
"1"
"-1"
"1"
"-1"
"1"
"1"
"1"
"1"
"-1"
"1"
"-1"
"1"
"1"
"1"
"1"
"1"
"1"
"1"
"1"
"1"
"1"
"1"
"1"
"1"
"1"
"1"
"1"
"1"
"1"
"1"
"1"
"-1"
"-1"
"1"
"1"
"1"
"1"
"1"
"1"
"1"
"1"
"1"
"1"
"1"
"-1"
"1"
"-1"
"1"
"1"
"1"
"1"
"1"
"1"
"-1"
"-1"
"1"
"1"
"1"
"1"
"-1"
"-1"
"-1"
"-1"
"-1"
"-1"
"1"
"1"
"1"
"-1"
"1"
"-1"
"1"
"1"
"1"
"1"
"1"
"1"
"1"
"1"
"1"
"1"
"1"
"1"
"1"
"1"
"1"
"1"
"1"
"1"
"-1"
"-1"
"1"
"1"
"1"
"1"
"1"
"1"
"-1"
"-1"
"-1"
"-1"
"1"
"1"
"1"
"1"
"-1"
"1"
"1"
"-1"
"1"
"1"
"1"
"1"
"1"
"1"
"1"
"1"
"1"
"1"
"1"
"1"
"1"
"1"
"-1"
"1"
"1"
"-1"
"1"
"1"
"1"
"1"
"1"
"1"
"-1"
"-1"
"-1"
"-1"
"1"
"1"
"1"
"-1"
"1"
"1"
"-1"
"1"
"1"
"1"
"1"
"-1"
"1"
"1"
"-1"
"1"
"1"
"1"
"1"
"1"
"1"
"1"
"1"
"1"
"1"
"1"
"1"
"1"
"-1"
"1"
"1"
"-1"
"1"
"1"
"1"
"1"
"-1"
"-1"
"-1"
"-1"
"1"
"1"
"1"
"1"
"1"
"1"
"1"
"1"
"1"
"1"
"-1"
"1"
"1"
"-1"
"1"
"1"
"1"
"1"
"-1"
"1"
"1"
"-1"
"-1"
"-1"
"1"
"1"
"-1"
"1"
"-1"
"1"
"1"
"1"
"1"
"1"
"1"
"1"
"1"
"1"
"1"
"1"
"1"
"1"
"1"
"1"
"1"
"1"
"1"
"1"
"1"
"1"
"1"
"1"
"1"
"1"
"1"
"1"
"1"
"1"
"1"
"1"
"1"
"1"
"1"
"1"
"1"
"1"
"1"
"1"
"1"
"1"
"1"
"1"
"-1"
"1"
"1"
"1"
"1"
"1"
"-1"
"1"
"1"
"-1"
"1"
"1"
"1"
"1"
"-1"
"1"
"1"
"-1"
"1"
"-1"
"1"
"-1"
"1"
"1"
"1"
"1"
"1"
"1"
"1"
"1"
"1"
"1"
"1"
"1"
"1"
"1"
"1"
"1"
"1"
"1"
"1"
"1"
"1"
"1"
"-1"
"1"
"1"
"1"
"1"
"1"
"-1"
"1"
"1"
"-1"
"1"
"1"
"1"
"-1"
"1"
"1"
"1"
"1"
"1"
"1"
"1"
"1"
"1"
"1"
"1"
"1"
"1"
"1"
"1"
"1"
"1"
"1"
"1"
"-1"
"1"
"1"
"1"
"1"
"1"
"1"
"1"
"-1"
"1"
"1"
"-1"
"1"
"1"
"-1"
"1"
"1"
"1"
"1"
"1"
"1"
"1"
"-1"
"1"
"1"
"1"
"1"
"1"
"1"
"1"
"1"
"1"
"1"
"1"
"1"
"1"
"1"
"1"
"1"
"1"
"1"
"1"
"-1"
"1"
"1"
"1"
"1"
"1"
"1"
"-1"
"1"
"1"
"-1"
"1"
"1"
"1"
"1"
"1"
"1"
"1"
"1"
"1"
"1"
"1"
"1"
"1"
"-1"
"1"
"1"
"1"
"1"
"-1"
"1"
"1"
"1"
"1"
"1"
"-1"
"1"
"1"
"1"
"1"
"1"
"1"
"1"
"1"
"1"
"1"
"1"
"1"
"1"
"1"
"1"
"1"
"1"
"1"
"1"
"1"
"1"
"1"
"1"
"1"
"1"
"1"
"1"
"1"
"1"
"1"
"1"
"1"
"1"
"1"
"1"
"1"
"1"
"1"
"1"
"1"
"1"
"1"
"1"
"1"
"1"
"1"
"1"
"1"
"1"
"1"
"1"
"1"
"1"
"1"
"1"
"1"
"1"
"1"
"1"
"1"
"1"
"1"
"1"
"1"
"1"
"1"
"1"
"1"
"1"
"1"
"1"
"1"
"1"
"1"
"1"
"1"
"1"
"1"
"1"
"1"
"1"
"1"
"1"
"1"
"1"
"1"
"1"
"1"
"1"
"1"
"1"
"1"
"1"
"1"
"1"
"1"
"1"
"1"
"1"
"1"
"1"
"1"
"1"
"1"
"1"
"1"
"1"
"1"
"1"
"1"
"1"
"1"
"1"
"1"
"1"
"1"
"1"
"1"
"1"
"1"
"1"
"1"
"1"
"1"
"1"
"1"
"1"
"1"
"1"
"1"
"1"
"1"
"1"
"1"
"1"
"1"
"1"
"1"
"1"
"1"
"1"
"1"
"1"
"1"
"1"
"1"
"1"
"1"
"1"
"1"
"1"
"1"
"1"
"1"
"1"
"1"
"1"
"1"
"1"
"1"
"1"
"1"
"1"
"1"
"1"
"1"
"1"
"1"
"1"
"1"
"1"
"1"
"1"
"1"
"1"
"1"
"1"
"1"
"1"
"1"
"1"
"1"
"1"
"1"
"1"
"1"
"1"
"1"
"1"
"1"
"1"
"1"
"1"
"1"
"1"
"1"
"1"
"1"
"1"
"1"
"1"
"1"
"1"
"1"
"1"
"1"
"1"
"1"
"1"
"1"
"1"
"1"
"1"
"1"
"1"
"1"
"1"
"1"
"1"
"1"
"1"
"1"
"1"
"1"
"1"
"1"
"1"
"1"
"1"
"1"
"1"
"1"
"1"
"1"
"1"
"1"
"1"
"1"
"1"
"1"
"1"
"1"
"1"
"1"
"1"
"1"
"1"
"1"
"1"
"1"
"1"
"1"
"1"
"1"
"1"
"1"
"1"
"1"
"1"
"1"
"1"
"1"
"1"
"1"
"1"
"1"
"1"
"1"
"1"
"1"
"1"
"1"
"1"
"1"
"1"
"1"
"1"
"1"
"1"
"1"
"1"
"1"
"1"
"1"
"1"
"1"
"1"
"1"
"1"
"1"
"1"
"1"
"1"
"1"
"1"
"1"
"1"
"1"
"1"
"1"
"1"
"1"
"1"
"1"
"1"
"1"
"1"
"1"
"1"
"1"
"1"
"1"
"1"
"1"
"1"
"1"
"1"
"1"
"1"
"1"
"1"
"1"
"1"
"1"
"1"
"1"
"1"
"1"
"1"
"1"
"1"
"1"
"1"
"1"
"1"
"1"
"1"
"1"
"1"
"1"
"1"
"1"
"1"
"1"
"1"
"1"
"1"
"1"
"1"
"1"
"1"
"1"
"1"
"1"
"1"
"1"
"1"
"1"
"1"
"1"
"1"
"1"
"1"
"1"
"1"
"1"
"1"
"1"
"1"
"1"
"1"
"1"
"1"
"1"
"1"
"1"
"1"
"1"
"1"
"1"
"1"
"1"
"1"
"1"
"1"
"1"
"1"
"1"
"1"
"1"
"1"
"1"
"1"
"1"
"1"
"1"
"1"
"1"
"1"
"1"
"1"
"1"
"1"
"1"
"1"
"1"
"1"
"1"
"1"
"1"
"1"
"1"
"1"
"1"
"1"
"1"
"1"
"1"
"1"
"1"
"1"
"1"
"1"
"1"
"1"
"1"
"1"
"1"
"1"
"1"
"1"
"1"
"1"
"1"
"1"
"1"
"1"
"1"
"1"
"1"
"1"
"1"
"1"
"1"
"1"
"1"
"1"
"1"
"1"
"1"
"1"
"1"
"1"
"1"
"1"
"1"
"1"
"1"
"1"
"1"
"1"
"1"
"1"
"1"
"1"
"1"
"1"
"1"
"1"
"1"
"1"
"1"
"1"
"1"
"1"
"1"
"1"
"1"
"1"
"1"
"1"
"1"
"1"
"1"
"1"
"1"
"1"
"1"
"1"
"1"
"1"
"1"
"1"
"1"
"1"
"1"
"1"
"1"
"1"
"1"
"1"
"1"
"1"
"1"
"1"
"1"
"1"
"1"
"1"
"1"
"1"
"1"
"1"
"1"
"1"
"1"
"1"
"1"
"1"
"1"
"1"
"1"
"1"
"1"
"1"
"1"
"1"
"1"
"1"
"1"
"1"
"1"
"1"
"1"
"1"
"1"
"1"
"1"
"1"
"1"
"1"
"1"
"1"
"1"
"1"
"1"
"1"
"1"
"1"
"1"
"1"
"1"
"1"
"1"
"1"
"1"
"1"
"1"
"1"
"1"
"1"
"1"
"1"
"1"
"1"
"1"
"1"
"1"
"1"
"1"
"1"
"1"
"1"
"1"
"1"
"1"
"1"
"1"
"1"
"1"
"1"
"1"
"1"
"1"
"1"
"1"
"1"
"1"
"1"
"1"
"1"
"1"
"1"
"1"
"1"
"1"
"1"
"1"
"1"
"1"
@!@!@STARTMSG 2193:0 @!@!@
Model checking completed. No error has been found.
  Estimates of the probability that TLC did not check all reachable states
  because two distinct states had the same fingerprint:
  calculated (optimistic):  val = 2.3E-12
@!@!@ENDMSG 2193 @!@!@
@!@!@STARTMSG 2201:0 @!@!@
The coverage statistics at 2019-11-27 16:38:20
@!@!@ENDMSG 2201 @!@!@
@!@!@STARTMSG 2773:0 @!@!@
<Init line 107, col 1 to line 107, col 4 of module BenOr>: 1:1
@!@!@ENDMSG 2773 @!@!@
@!@!@STARTMSG 2221:0 @!@!@
  line 108, col 9 to line 116, col 50 of module BenOr: 1
@!@!@ENDMSG 2221 @!@!@
@!@!@STARTMSG 2772:0 @!@!@
<broadcast line 118, col 1 to line 118, col 15 of module BenOr>: 1810:4542
@!@!@ENDMSG 2772 @!@!@
@!@!@STARTMSG 2221:0 @!@!@
  line 118, col 23 to line 118, col 44 of module BenOr: 20430
@!@!@ENDMSG 2221 @!@!@
@!@!@STARTMSG 2221:0 @!@!@
  |line 118, col 23 to line 118, col 30 of module BenOr: 15888
@!@!@ENDMSG 2221 @!@!@
@!@!@STARTMSG 2221:0 @!@!@
  line 119, col 26 to line 119, col 42 of module BenOr: 4542
@!@!@ENDMSG 2221 @!@!@
@!@!@STARTMSG 2221:0 @!@!@
  line 120, col 31 to line 120, col 66 of module BenOr: 1838
@!@!@ENDMSG 2221 @!@!@
@!@!@STARTMSG 2221:0 @!@!@
  line 121, col 31 to line 121, col 67 of module BenOr: 2704
@!@!@ENDMSG 2221 @!@!@
@!@!@STARTMSG 2221:0 @!@!@
  line 122, col 23 to line 123, col 45 of module BenOr: 4542
@!@!@ENDMSG 2221 @!@!@
@!@!@STARTMSG 2772:0 @!@!@
<P1S line 125, col 1 to line 125, col 9 of module BenOr>: 977:1838
@!@!@ENDMSG 2772 @!@!@
@!@!@STARTMSG 2221:0 @!@!@
  line 125, col 17 to line 125, col 32 of module BenOr: 17726
@!@!@ENDMSG 2221 @!@!@
@!@!@STARTMSG 2221:0 @!@!@
  |line 125, col 17 to line 125, col 24 of module BenOr: 15888
@!@!@ENDMSG 2221 @!@!@
@!@!@STARTMSG 2221:0 @!@!@
  line 126, col 17 to line 126, col 99 of module BenOr: 1838
@!@!@ENDMSG 2221 @!@!@
@!@!@STARTMSG 2221:0 @!@!@
  line 127, col 17 to line 127, col 49 of module BenOr: 1838
@!@!@ENDMSG 2221 @!@!@
@!@!@STARTMSG 2221:0 @!@!@
  line 128, col 17 to line 128, col 76 of module BenOr: 1838
@!@!@ENDMSG 2221 @!@!@
@!@!@STARTMSG 2772:0 @!@!@
<P1R line 130, col 1 to line 130, col 9 of module BenOr>: 964:2746
@!@!@ENDMSG 2772 @!@!@
@!@!@STARTMSG 2221:0 @!@!@
  line 130, col 17 to line 130, col 32 of module BenOr: 18634
@!@!@ENDMSG 2221 @!@!@
@!@!@STARTMSG 2221:0 @!@!@
  |line 130, col 17 to line 130, col 24 of module BenOr: 15888
@!@!@ENDMSG 2221 @!@!@
@!@!@STARTMSG 2221:0 @!@!@
  line 131, col 18 to line 131, col 61 of module BenOr: 2746
@!@!@ENDMSG 2221 @!@!@
@!@!@STARTMSG 2221:0 @!@!@
  |line 131, col 18 to line 131, col 52 of module BenOr: 2746
@!@!@ENDMSG 2221 @!@!@
@!@!@STARTMSG 2221:0 @!@!@
  ||line 131, col 30 to line 131, col 51 of module BenOr: 2746
@!@!@ENDMSG 2221 @!@!@
@!@!@STARTMSG 2221:0 @!@!@
  |||line 96, col 21 to line 96, col 48 of module BenOr: 2746
@!@!@ENDMSG 2221 @!@!@
@!@!@STARTMSG 2221:0 @!@!@
  ||||line 96, col 36 to line 96, col 46 of module BenOr: 13076
@!@!@ENDMSG 2221 @!@!@
@!@!@STARTMSG 2221:0 @!@!@
  ||||line 96, col 28 to line 96, col 32 of module BenOr: 2746
@!@!@ENDMSG 2221 @!@!@
@!@!@STARTMSG 2221:0 @!@!@
  |||line 131, col 44 to line 131, col 50 of module BenOr: 2746
@!@!@ENDMSG 2221 @!@!@
@!@!@STARTMSG 2221:0 @!@!@
  |line 131, col 57 to line 131, col 61 of module BenOr: 2746
@!@!@ENDMSG 2221 @!@!@
@!@!@STARTMSG 2221:0 @!@!@
  line 132, col 20 to line 132, col 135 of module BenOr: 2746
@!@!@ENDMSG 2221 @!@!@
@!@!@STARTMSG 2221:0 @!@!@
  |line 132, col 21 to line 132, col 61 of module BenOr: 2746
@!@!@ENDMSG 2221 @!@!@
@!@!@STARTMSG 2221:0 @!@!@
  ||line 132, col 21 to line 132, col 57 of module BenOr: 2746
@!@!@ENDMSG 2221 @!@!@
@!@!@STARTMSG 2221:0 @!@!@
  |||line 132, col 21 to line 132, col 55 of module BenOr: 2746
@!@!@ENDMSG 2221 @!@!@
@!@!@STARTMSG 2221:0 @!@!@
  ||||line 132, col 33 to line 132, col 54 of module BenOr: 2746
@!@!@ENDMSG 2221 @!@!@
@!@!@STARTMSG 2221:0 @!@!@
  |||||line 96, col 21 to line 96, col 48 of module BenOr: 2746
@!@!@ENDMSG 2221 @!@!@
@!@!@STARTMSG 2221:0 @!@!@
  ||||||line 96, col 36 to line 96, col 46 of module BenOr: 13076
@!@!@ENDMSG 2221 @!@!@
@!@!@STARTMSG 2221:0 @!@!@
  ||||||line 96, col 28 to line 96, col 32 of module BenOr: 2746
@!@!@ENDMSG 2221 @!@!@
@!@!@STARTMSG 2221:0 @!@!@
  |||||line 132, col 47 to line 132, col 53 of module BenOr: 2746
@!@!@ENDMSG 2221 @!@!@
@!@!@STARTMSG 2221:0 @!@!@
  ||line 132, col 61 to line 132, col 61 of module BenOr: 2746
@!@!@ENDMSG 2221 @!@!@
@!@!@STARTMSG 2221:0 @!@!@
  |line 132, col 68 to line 132, col 134 of module BenOr: 2412
@!@!@ENDMSG 2221 @!@!@
@!@!@STARTMSG 2221:0 @!@!@
  ||line 132, col 68 to line 132, col 99 of module BenOr: 2412
@!@!@ENDMSG 2221 @!@!@
@!@!@STARTMSG 2221:0 @!@!@
  |||line 132, col 80 to line 132, col 98 of module BenOr: 2412
@!@!@ENDMSG 2221 @!@!@
@!@!@STARTMSG 2221:0 @!@!@
  ||||line 99, col 19 to line 99, col 63 of module BenOr: 2412
@!@!@ENDMSG 2221 @!@!@
@!@!@STARTMSG 2221:0 @!@!@
  |||||line 99, col 33 to line 99, col 62 of module BenOr: 11876
@!@!@ENDMSG 2221 @!@!@
@!@!@STARTMSG 2221:0 @!@!@
  ||||||line 99, col 34 to line 99, col 44 of module BenOr: 11876
@!@!@ENDMSG 2221 @!@!@
@!@!@STARTMSG 2221:0 @!@!@
  ||||||line 99, col 51 to line 99, col 61 of module BenOr: 6350
@!@!@ENDMSG 2221 @!@!@
@!@!@STARTMSG 2221:0 @!@!@
  |||||line 99, col 26 to line 99, col 30 of module BenOr: 2412
@!@!@ENDMSG 2221 @!@!@
@!@!@STARTMSG 2221:0 @!@!@
  ||||line 132, col 89 to line 132, col 95 of module BenOr: 2412
@!@!@ENDMSG 2221 @!@!@
@!@!@STARTMSG 2221:0 @!@!@
  ||line 132, col 103 to line 132, col 134 of module BenOr: 2412
@!@!@ENDMSG 2221 @!@!@
@!@!@STARTMSG 2221:0 @!@!@
  |||line 132, col 115 to line 132, col 133 of module BenOr: 2412
@!@!@ENDMSG 2221 @!@!@
@!@!@STARTMSG 2221:0 @!@!@
  ||||line 99, col 19 to line 99, col 63 of module BenOr: 2412
@!@!@ENDMSG 2221 @!@!@
@!@!@STARTMSG 2221:0 @!@!@
  |||||line 99, col 33 to line 99, col 62 of module BenOr: 11876
@!@!@ENDMSG 2221 @!@!@
@!@!@STARTMSG 2221:0 @!@!@
  ||||||line 99, col 34 to line 99, col 44 of module BenOr: 11876
@!@!@ENDMSG 2221 @!@!@
@!@!@STARTMSG 2221:0 @!@!@
  ||||||line 99, col 51 to line 99, col 61 of module BenOr: 6350
@!@!@ENDMSG 2221 @!@!@
@!@!@STARTMSG 2221:0 @!@!@
  |||||line 99, col 26 to line 99, col 30 of module BenOr: 2412
@!@!@ENDMSG 2221 @!@!@
@!@!@STARTMSG 2221:0 @!@!@
  ||||line 132, col 124 to line 132, col 130 of module BenOr: 2412
@!@!@ENDMSG 2221 @!@!@
@!@!@STARTMSG 2221:0 @!@!@
  line 133, col 25 to line 134, col 40 of module BenOr: 1964
@!@!@ENDMSG 2221 @!@!@
@!@!@STARTMSG 2221:0 @!@!@
  line 135, col 31 to line 135, col 146 of module BenOr: 782
@!@!@ENDMSG 2221 @!@!@
@!@!@STARTMSG 2221:0 @!@!@
  |line 135, col 32 to line 135, col 72 of module BenOr: 782
@!@!@ENDMSG 2221 @!@!@
@!@!@STARTMSG 2221:0 @!@!@
  ||line 135, col 32 to line 135, col 68 of module BenOr: 782
@!@!@ENDMSG 2221 @!@!@
@!@!@STARTMSG 2221:0 @!@!@
  |||line 135, col 32 to line 135, col 66 of module BenOr: 782
@!@!@ENDMSG 2221 @!@!@
@!@!@STARTMSG 2221:0 @!@!@
  ||||line 135, col 44 to line 135, col 65 of module BenOr: 782
@!@!@ENDMSG 2221 @!@!@
@!@!@STARTMSG 2221:0 @!@!@
  |||||line 96, col 21 to line 96, col 48 of module BenOr: 782
@!@!@ENDMSG 2221 @!@!@
@!@!@STARTMSG 2221:0 @!@!@
  ||||||line 96, col 36 to line 96, col 46 of module BenOr: 3248
@!@!@ENDMSG 2221 @!@!@
@!@!@STARTMSG 2221:0 @!@!@
  ||||||line 96, col 28 to line 96, col 32 of module BenOr: 782
@!@!@ENDMSG 2221 @!@!@
@!@!@STARTMSG 2221:0 @!@!@
  |||||line 135, col 58 to line 135, col 64 of module BenOr: 782
@!@!@ENDMSG 2221 @!@!@
@!@!@STARTMSG 2221:0 @!@!@
  ||line 135, col 72 to line 135, col 72 of module BenOr: 782
@!@!@ENDMSG 2221 @!@!@
@!@!@STARTMSG 2221:0 @!@!@
  |line 135, col 79 to line 135, col 145 of module BenOr: 448
@!@!@ENDMSG 2221 @!@!@
@!@!@STARTMSG 2221:0 @!@!@
  ||line 135, col 79 to line 135, col 110 of module BenOr: 448
@!@!@ENDMSG 2221 @!@!@
@!@!@STARTMSG 2221:0 @!@!@
  |||line 135, col 91 to line 135, col 109 of module BenOr: 448
@!@!@ENDMSG 2221 @!@!@
@!@!@STARTMSG 2221:0 @!@!@
  ||||line 99, col 19 to line 99, col 63 of module BenOr: 448
@!@!@ENDMSG 2221 @!@!@
@!@!@STARTMSG 2221:0 @!@!@
  |||||line 99, col 33 to line 99, col 62 of module BenOr: 2048
@!@!@ENDMSG 2221 @!@!@
@!@!@STARTMSG 2221:0 @!@!@
  ||||||line 99, col 34 to line 99, col 44 of module BenOr: 2048
@!@!@ENDMSG 2221 @!@!@
@!@!@STARTMSG 2221:0 @!@!@
  ||||||line 99, col 51 to line 99, col 61 of module BenOr: 896
@!@!@ENDMSG 2221 @!@!@
@!@!@STARTMSG 2221:0 @!@!@
  |||||line 99, col 26 to line 99, col 30 of module BenOr: 448
@!@!@ENDMSG 2221 @!@!@
@!@!@STARTMSG 2221:0 @!@!@
  ||||line 135, col 100 to line 135, col 106 of module BenOr: 448
@!@!@ENDMSG 2221 @!@!@
@!@!@STARTMSG 2221:0 @!@!@
  ||line 135, col 114 to line 135, col 145 of module BenOr: 448
@!@!@ENDMSG 2221 @!@!@
@!@!@STARTMSG 2221:0 @!@!@
  |||line 135, col 126 to line 135, col 144 of module BenOr: 448
@!@!@ENDMSG 2221 @!@!@
@!@!@STARTMSG 2221:0 @!@!@
  ||||line 99, col 19 to line 99, col 63 of module BenOr: 448
@!@!@ENDMSG 2221 @!@!@
@!@!@STARTMSG 2221:0 @!@!@
  |||||line 99, col 33 to line 99, col 62 of module BenOr: 2048
@!@!@ENDMSG 2221 @!@!@
@!@!@STARTMSG 2221:0 @!@!@
  ||||||line 99, col 34 to line 99, col 44 of module BenOr: 2048
@!@!@ENDMSG 2221 @!@!@
@!@!@STARTMSG 2221:0 @!@!@
  ||||||line 99, col 51 to line 99, col 61 of module BenOr: 896
@!@!@ENDMSG 2221 @!@!@
@!@!@STARTMSG 2221:0 @!@!@
  |||||line 99, col 26 to line 99, col 30 of module BenOr: 448
@!@!@ENDMSG 2221 @!@!@
@!@!@STARTMSG 2221:0 @!@!@
  ||||line 135, col 135 to line 135, col 141 of module BenOr: 448
@!@!@ENDMSG 2221 @!@!@
@!@!@STARTMSG 2221:0 @!@!@
  line 137, col 39 to line 137, col 69 of module BenOr: 0
@!@!@ENDMSG 2221 @!@!@
@!@!@STARTMSG 2221:0 @!@!@
  line 138, col 36 to line 139, col 70 of module BenOr: 782
@!@!@ENDMSG 2221 @!@!@
@!@!@STARTMSG 2221:0 @!@!@
  line 140, col 17 to line 140, col 49 of module BenOr: 2746
@!@!@ENDMSG 2221 @!@!@
@!@!@STARTMSG 2221:0 @!@!@
  line 141, col 17 to line 141, col 78 of module BenOr: 2746
@!@!@ENDMSG 2221 @!@!@
@!@!@STARTMSG 2772:0 @!@!@
<P2S line 143, col 1 to line 143, col 9 of module BenOr>: 1544:4058
@!@!@ENDMSG 2772 @!@!@
@!@!@STARTMSG 2221:0 @!@!@
  line 143, col 17 to line 143, col 32 of module BenOr: 19946
@!@!@ENDMSG 2221 @!@!@
@!@!@STARTMSG 2221:0 @!@!@
  |line 143, col 17 to line 143, col 24 of module BenOr: 15888
@!@!@ENDMSG 2221 @!@!@
@!@!@STARTMSG 2221:0 @!@!@
  line 144, col 17 to line 144, col 99 of module BenOr: 4058
@!@!@ENDMSG 2221 @!@!@
@!@!@STARTMSG 2221:0 @!@!@
  line 145, col 17 to line 145, col 53 of module BenOr: 4058
@!@!@ENDMSG 2221 @!@!@
@!@!@STARTMSG 2221:0 @!@!@
  line 146, col 17 to line 146, col 55 of module BenOr: 4058
@!@!@ENDMSG 2221 @!@!@
@!@!@STARTMSG 2221:0 @!@!@
  line 147, col 17 to line 147, col 73 of module BenOr: 4058
@!@!@ENDMSG 2221 @!@!@
@!@!@STARTMSG 2772:0 @!@!@
<Terminating line 152, col 1 to line 152, col 11 of module BenOr>: 0:36
@!@!@ENDMSG 2772 @!@!@
@!@!@STARTMSG 2221:0 @!@!@
  line 152, col 40 to line 152, col 56 of module BenOr: 6526
@!@!@ENDMSG 2221 @!@!@
@!@!@STARTMSG 2221:0 @!@!@
  |line 152, col 40 to line 152, col 47 of module BenOr: 6418
@!@!@ENDMSG 2221 @!@!@
@!@!@STARTMSG 2221:0 @!@!@
  line 152, col 31 to line 152, col 37 of module BenOr: 5296
@!@!@ENDMSG 2221 @!@!@
@!@!@STARTMSG 2221:0 @!@!@
  line 153, col 19 to line 153, col 32 of module BenOr: 36
@!@!@ENDMSG 2221 @!@!@
@!@!@STARTMSG 2202:0 @!@!@
End of statistics.
@!@!@ENDMSG 2202 @!@!@
@!@!@STARTMSG 2200:0 @!@!@
Progress(28) at 2019-11-27 16:38:21: 13,221 states generated (168,886 s/min), 5,296 distinct states found (67,651 ds/min), 0 states left on queue.
@!@!@ENDMSG 2200 @!@!@
@!@!@STARTMSG 2199:0 @!@!@
13221 states generated, 5296 distinct states found, 0 states left on queue.
@!@!@ENDMSG 2199 @!@!@
@!@!@STARTMSG 2194:0 @!@!@
The depth of the complete state graph search is 28.
@!@!@ENDMSG 2194 @!@!@
@!@!@STARTMSG 2268:0 @!@!@
The average outdegree of the complete state graph is 1 (minimum is 0, the maximum 3 and the 95th percentile is 2).
@!@!@ENDMSG 2268 @!@!@
@!@!@STARTMSG 2186:0 @!@!@
Finished in 4702ms at (2019-11-27 16:38:21)
@!@!@ENDMSG 2186 @!@!@
