@!@!@STARTMSG 2262:0 @!@!@
TLC2 Version 2.14 of 10 July 2019
@!@!@ENDMSG 2262 @!@!@
@!@!@STARTMSG 2187:0 @!@!@
Running breadth-first search Model-Checking with fp 22 and seed -5589405897486006702 with 6 workers on 12 cores with 1173MB heap and 2638MB offheap memory [pid: 13915] (Linux 5.0.0-36-generic amd64, AdoptOpenJDK 11.0.3 x86_64, OffHeapDiskFPSet, DiskStateQueue).
@!@!@ENDMSG 2187 @!@!@
@!@!@STARTMSG 2220:0 @!@!@
Starting SANY...
@!@!@ENDMSG 2220 @!@!@
Parsing file /home/pratik/TLA-Plus/BenOr/BenOr.toolbox/Model_7/MC.tla
Parsing file /home/pratik/TLA-Plus/BenOr/BenOr.toolbox/Model_7/BenOr.tla
Parsing file /home/pratik/TLAToolbox-1.6.0-linux.gtk.x86_64/toolbox/plugins/org.lamport.tlatools_1.0.0.201907102009/tla2sany/StandardModules/TLC.tla
Parsing file /home/pratik/TLAToolbox-1.6.0-linux.gtk.x86_64/toolbox/plugins/org.lamport.tlatools_1.0.0.201907102009/tla2sany/StandardModules/Integers.tla
Parsing file /home/pratik/TLAToolbox-1.6.0-linux.gtk.x86_64/toolbox/plugins/org.lamport.tlatools_1.0.0.201907102009/tla2sany/StandardModules/Sequences.tla
Parsing file /home/pratik/TLAToolbox-1.6.0-linux.gtk.x86_64/toolbox/plugins/org.lamport.tlatools_1.0.0.201907102009/tla2sany/StandardModules/FiniteSets.tla
Parsing file /home/pratik/TLAToolbox-1.6.0-linux.gtk.x86_64/toolbox/plugins/org.lamport.tlatools_1.0.0.201907102009/tla2sany/StandardModules/Naturals.tla
Semantic processing of module Naturals
Semantic processing of module Integers
Semantic processing of module Sequences
Semantic processing of module FiniteSets
Semantic processing of module TLC
Semantic processing of module BenOr
Semantic processing of module MC
@!@!@STARTMSG 2219:0 @!@!@
SANY finished.
@!@!@ENDMSG 2219 @!@!@
@!@!@STARTMSG 2185:0 @!@!@
Starting... (2019-11-25 23:22:44)
@!@!@ENDMSG 2185 @!@!@
@!@!@STARTMSG 2189:0 @!@!@
Computing initial states...
@!@!@ENDMSG 2189 @!@!@
@!@!@STARTMSG 2190:0 @!@!@
Finished computing initial states: 1 distinct state generated at 2019-11-25 23:22:45.
@!@!@ENDMSG 2190 @!@!@
<<{[value |-> 0, round |-> 1, nodeid |-> 1]}>>
<<{[value |-> 0, round |-> 1, nodeid |-> 1]}>>
<<{[value |-> 0, round |-> 1, nodeid |-> 2]}>>
<<{[value |-> 0, round |-> 1, nodeid |-> 1]}>>
<<{[value |-> 0, round |-> 1, nodeid |-> 2]}>>
<<{[value |-> 0, round |-> 1, nodeid |-> 1]}>>
<<{[value |-> 0, round |-> 1, nodeid |-> 2]}>>
@!@!@STARTMSG 1000:1 @!@!@
TLC threw an unexpected exception.
This was probably caused by an error in the spec or model.
See the User Output or TLC Console for clues to what happened.
The exception was a java.lang.RuntimeException
: TLC encountered a non-enumerable quantifier bound
<<{[value |-> 0, round |-> 1, nodeid |-> 1]}>>.
line 80, col 37 to line 80, col 37 of module BenOr
@!@!@ENDMSG 1000 @!@!@
<<{[value |-> 0, round |-> 1, nodeid |-> 2]}>>
@!@!@STARTMSG 2121:1 @!@!@
The behavior up to this point is:
@!@!@ENDMSG 2121 @!@!@
@!@!@STARTMSG 2217:4 @!@!@
1: <Initial predicate>
/\ decided = <<-1, -1, -1, -1, -1>>
/\ p1v = <<0, 0, 0, 0, 0>>
/\ p2v = <<-1, -1, -1, -1, -1>>
/\ p2Msg = {}
/\ p1Msg = {}
/\ r = <<1, 1, 1, 1, 1>>
/\ pc = <<"broadcast", "broadcast", "broadcast", "broadcast", "broadcast">>

@!@!@ENDMSG 2217 @!@!@
@!@!@STARTMSG 2217:4 @!@!@
2: <broadcast line 99, col 20 to line 103, col 72 of module BenOr>
/\ decided = <<-1, -1, -1, -1, -1>>
/\ p1v = <<0, 0, 0, 0, 0>>
/\ p2v = <<-1, -1, -1, -1, -1>>
/\ p2Msg = {}
/\ p1Msg = {}
/\ r = <<1, 1, 1, 1, 1>>
/\ pc = <<"P1S", "broadcast", "broadcast", "broadcast", "broadcast">>

@!@!@ENDMSG 2217 @!@!@
@!@!@STARTMSG 2217:4 @!@!@
3: <P1S line 105, col 14 to line 108, col 59 of module BenOr>
/\ decided = <<-1, -1, -1, -1, -1>>
/\ p1v = <<0, 0, 0, 0, 0>>
/\ p2v = <<-1, -1, -1, -1, -1>>
/\ p2Msg = {}
/\ p1Msg = {[value |-> 0, round |-> 1, nodeid |-> 1]}
/\ r = <<1, 1, 1, 1, 1>>
/\ pc = <<"P1R", "broadcast", "broadcast", "broadcast", "broadcast">>

@!@!@ENDMSG 2217 @!@!@
<<{[value |-> 0, round |-> 1, nodeid |-> 1]}>>
<<{[value |-> 0, round |-> 1, nodeid |-> 1]}>>
@!@!@STARTMSG 2103:1 @!@!@
The error occurred when TLC was evaluating the nested
expressions at the following positions:
0. Line 110, column 14 to line 121, column 61 in BenOr
1. Line 110, column 17 to line 110, column 32 in BenOr
2. Line 111, column 17 to line 111, column 46 in BenOr
3. Line 112, column 18 to line 112, column 49 in BenOr
4. Line 113, column 17 to line 113, column 46 in BenOr
5. Line 114, column 17 to line 119, column 37 in BenOr
6. Line 114, column 20 to line 114, column 88 in BenOr
7. Line 114, column 36 to line 114, column 88 in BenOr
8. Line 114, column 45 to line 114, column 81 in BenOr
9. Line 80, column 21 to line 80, column 38 in BenOr


@!@!@ENDMSG 2103 @!@!@
@!@!@STARTMSG 2201:0 @!@!@
The coverage statistics at 2019-11-25 23:22:45
@!@!@ENDMSG 2201 @!@!@
@!@!@STARTMSG 2773:0 @!@!@
<Init line 89, col 1 to line 89, col 4 of module BenOr>: 2:2
@!@!@ENDMSG 2773 @!@!@
@!@!@STARTMSG 2221:0 @!@!@
  line 90, col 9 to line 97, col 50 of module BenOr: 2
@!@!@ENDMSG 2221 @!@!@
@!@!@STARTMSG 2772:0 @!@!@
<broadcast line 99, col 1 to line 99, col 15 of module BenOr>: 27:52
@!@!@ENDMSG 2772 @!@!@
@!@!@STARTMSG 2221:0 @!@!@
  line 99, col 23 to line 99, col 44 of module BenOr: 136
@!@!@ENDMSG 2221 @!@!@
@!@!@STARTMSG 2221:0 @!@!@
  |line 99, col 23 to line 99, col 30 of module BenOr: 84
@!@!@ENDMSG 2221 @!@!@
@!@!@STARTMSG 2221:0 @!@!@
  line 100, col 26 to line 100, col 42 of module BenOr: 52
@!@!@ENDMSG 2221 @!@!@
@!@!@STARTMSG 2221:0 @!@!@
  line 101, col 31 to line 101, col 66 of module BenOr: 52
@!@!@ENDMSG 2221 @!@!@
@!@!@STARTMSG 2221:0 @!@!@
  line 102, col 34 to line 102, col 67 of module BenOr: 0
@!@!@ENDMSG 2221 @!@!@
@!@!@STARTMSG 2221:0 @!@!@
  line 103, col 23 to line 103, col 72 of module BenOr: 52
@!@!@ENDMSG 2221 @!@!@
@!@!@STARTMSG 2772:0 @!@!@
<P1S line 105, col 1 to line 105, col 9 of module BenOr>: 26:27
@!@!@ENDMSG 2772 @!@!@
@!@!@STARTMSG 2221:0 @!@!@
  line 105, col 17 to line 105, col 32 of module BenOr: 110
@!@!@ENDMSG 2221 @!@!@
@!@!@STARTMSG 2221:0 @!@!@
  |line 105, col 17 to line 105, col 24 of module BenOr: 83
@!@!@ENDMSG 2221 @!@!@
@!@!@STARTMSG 2221:0 @!@!@
  line 106, col 17 to line 106, col 99 of module BenOr: 27
@!@!@ENDMSG 2221 @!@!@
@!@!@STARTMSG 2221:0 @!@!@
  line 107, col 17 to line 107, col 49 of module BenOr: 27
@!@!@ENDMSG 2221 @!@!@
@!@!@STARTMSG 2221:0 @!@!@
  line 108, col 17 to line 108, col 59 of module BenOr: 27
@!@!@ENDMSG 2221 @!@!@
@!@!@STARTMSG 2772:0 @!@!@
<P1R line 110, col 1 to line 110, col 9 of module BenOr>: 0:0
@!@!@ENDMSG 2772 @!@!@
@!@!@STARTMSG 2221:0 @!@!@
  line 110, col 17 to line 110, col 32 of module BenOr: 82
@!@!@ENDMSG 2221 @!@!@
@!@!@STARTMSG 2221:0 @!@!@
  line 111, col 17 to line 111, col 46 of module BenOr: 5
@!@!@ENDMSG 2221 @!@!@
@!@!@STARTMSG 2221:0 @!@!@
  line 112, col 18 to line 112, col 49 of module BenOr: 5
@!@!@ENDMSG 2221 @!@!@
@!@!@STARTMSG 2221:0 @!@!@
  line 113, col 17 to line 113, col 46 of module BenOr: 5
@!@!@ENDMSG 2221 @!@!@
@!@!@STARTMSG 2221:0 @!@!@
  line 114, col 20 to line 114, col 88 of module BenOr: 5
@!@!@ENDMSG 2221 @!@!@
@!@!@STARTMSG 2221:0 @!@!@
  line 116, col 39 to line 116, col 69 of module BenOr: 0
@!@!@ENDMSG 2221 @!@!@
@!@!@STARTMSG 2221:0 @!@!@
  line 117, col 39 to line 117, col 69 of module BenOr: 0
@!@!@ENDMSG 2221 @!@!@
@!@!@STARTMSG 2221:0 @!@!@
  line 119, col 28 to line 119, col 37 of module BenOr: 0
@!@!@ENDMSG 2221 @!@!@
@!@!@STARTMSG 2221:0 @!@!@
  line 120, col 17 to line 120, col 49 of module BenOr: 0
@!@!@ENDMSG 2221 @!@!@
@!@!@STARTMSG 2221:0 @!@!@
  line 121, col 17 to line 121, col 61 of module BenOr: 0
@!@!@ENDMSG 2221 @!@!@
@!@!@STARTMSG 2772:0 @!@!@
<P2S line 123, col 1 to line 123, col 9 of module BenOr>: 0:0
@!@!@ENDMSG 2772 @!@!@
@!@!@STARTMSG 2221:0 @!@!@
  line 123, col 17 to line 123, col 32 of module BenOr: 77
@!@!@ENDMSG 2221 @!@!@
@!@!@STARTMSG 2221:0 @!@!@
  line 124, col 17 to line 124, col 99 of module BenOr: 0
@!@!@ENDMSG 2221 @!@!@
@!@!@STARTMSG 2221:0 @!@!@
  line 125, col 17 to line 125, col 53 of module BenOr: 0
@!@!@ENDMSG 2221 @!@!@
@!@!@STARTMSG 2221:0 @!@!@
  line 126, col 17 to line 126, col 55 of module BenOr: 0
@!@!@ENDMSG 2221 @!@!@
@!@!@STARTMSG 2221:0 @!@!@
  line 127, col 17 to line 127, col 56 of module BenOr: 0
@!@!@ENDMSG 2221 @!@!@
@!@!@STARTMSG 2772:0 @!@!@
<Terminating line 132, col 1 to line 132, col 11 of module BenOr>: 0:0
@!@!@ENDMSG 2772 @!@!@
@!@!@STARTMSG 2221:0 @!@!@
  line 132, col 19 to line 132, col 56 of module BenOr: 15
@!@!@ENDMSG 2221 @!@!@
@!@!@STARTMSG 2221:0 @!@!@
  line 133, col 19 to line 133, col 32 of module BenOr: 0
@!@!@ENDMSG 2221 @!@!@
@!@!@STARTMSG 2202:0 @!@!@
End of statistics.
@!@!@ENDMSG 2202 @!@!@
@!@!@STARTMSG 2200:0 @!@!@
Progress(5) at 2019-11-25 23:22:45: 78 states generated (7,346 s/min), 54 distinct states found (5,086 ds/min), 35 states left on queue.
@!@!@ENDMSG 2200 @!@!@
@!@!@STARTMSG 2199:0 @!@!@
78 states generated, 54 distinct states found, 35 states left on queue.
@!@!@ENDMSG 2199 @!@!@
@!@!@STARTMSG 2186:0 @!@!@
Finished in 638ms at (2019-11-25 23:22:45)
@!@!@ENDMSG 2186 @!@!@
