@!@!@STARTMSG 2262:0 @!@!@
TLC2 Version 2.14 of 10 July 2019
@!@!@ENDMSG 2262 @!@!@
@!@!@STARTMSG 2187:0 @!@!@
Running breadth-first search Model-Checking with fp 98 and seed 448570139836215879 with 6 workers on 12 cores with 1173MB heap and 2638MB offheap memory [pid: 8281] (Linux 5.0.0-36-generic amd64, AdoptOpenJDK 11.0.3 x86_64, OffHeapDiskFPSet, DiskStateQueue).
@!@!@ENDMSG 2187 @!@!@
@!@!@STARTMSG 2220:0 @!@!@
Starting SANY...
@!@!@ENDMSG 2220 @!@!@
Parsing file /home/pratik/TLA-Plus/BenOr/BenOr.toolbox/BaitProgress/MC.tla
Parsing file /home/pratik/TLA-Plus/BenOr/BenOr.toolbox/BaitProgress/BenOr.tla
Parsing file /home/pratik/TLAToolbox-1.6.0-linux.gtk.x86_64/toolbox/plugins/org.lamport.tlatools_1.0.0.201907102009/tla2sany/StandardModules/TLC.tla
Parsing file /home/pratik/TLAToolbox-1.6.0-linux.gtk.x86_64/toolbox/plugins/org.lamport.tlatools_1.0.0.201907102009/tla2sany/StandardModules/Integers.tla
Parsing file /home/pratik/TLAToolbox-1.6.0-linux.gtk.x86_64/toolbox/plugins/org.lamport.tlatools_1.0.0.201907102009/tla2sany/StandardModules/Sequences.tla
Parsing file /home/pratik/TLAToolbox-1.6.0-linux.gtk.x86_64/toolbox/plugins/org.lamport.tlatools_1.0.0.201907102009/tla2sany/StandardModules/FiniteSets.tla
Parsing file /home/pratik/TLAToolbox-1.6.0-linux.gtk.x86_64/toolbox/plugins/org.lamport.tlatools_1.0.0.201907102009/tla2sany/StandardModules/Naturals.tla
Semantic processing of module Naturals
Semantic processing of module Integers
Semantic processing of module Sequences
Semantic processing of module FiniteSets
Semantic processing of module TLC
Semantic processing of module BenOr
Semantic processing of module MC
@!@!@STARTMSG 2219:0 @!@!@
SANY finished.
@!@!@ENDMSG 2219 @!@!@
@!@!@STARTMSG 2185:0 @!@!@
Starting... (2019-12-01 15:29:53)
@!@!@ENDMSG 2185 @!@!@
@!@!@STARTMSG 2212:0 @!@!@
Implied-temporal checking--satisfiability problem has 1 branches.
@!@!@ENDMSG 2212 @!@!@
@!@!@STARTMSG 2189:0 @!@!@
Computing initial states...
@!@!@ENDMSG 2189 @!@!@
@!@!@STARTMSG 2107:1 @!@!@
Invariant inv_1575232193599168000 is violated by the initial state:
/\ r = <<1, 1, 1, 1>>
/\ p1v = <<0, 1, 1, 1>>
/\ pc = <<"entry", "entry", "entry", "entry">>
/\ p2v = <<-1, -1, -1, -1>>
/\ p2Msg = {}
/\ decided = <<-1, -1, -1, -1>>
/\ p1Msg = {}
/\ DBCollectP1Msgs = {}

@!@!@ENDMSG 2107 @!@!@
@!@!@STARTMSG 2186:0 @!@!@
Finished in 551ms at (2019-12-01 15:29:54)
@!@!@ENDMSG 2186 @!@!@
