@!@!@STARTMSG 2262:0 @!@!@
TLC2 Version 2.14 of 10 July 2019
@!@!@ENDMSG 2262 @!@!@
@!@!@STARTMSG 2187:0 @!@!@
Running breadth-first search Model-Checking with fp 36 and seed 5631201515193564767 with 2 workers on 4 cores with 599MB heap and 1346MB offheap memory [pid: 11016] (Windows 10 10.0 amd64, AdoptOpenJDK 11.0.3 x86_64, OffHeapDiskFPSet, DiskStateQueue).
@!@!@ENDMSG 2187 @!@!@
@!@!@STARTMSG 2220:0 @!@!@
Starting SANY...
@!@!@ENDMSG 2220 @!@!@
Parsing file C:\Users\HP\Desktop\Distributed Systems\project\TLA-Plus\BenOr\BenOr.toolbox\benor9\MC.tla
Parsing file C:\Users\HP\Desktop\Distributed Systems\project\TLA-Plus\BenOr\BenOr.toolbox\benor9\BenOr.tla
Parsing file C:\Users\HP\Desktop\Distributed Systems\tla+\toolbox\plugins\org.lamport.tlatools_1.0.0.201907102009\tla2sany\StandardModules\TLC.tla
Parsing file C:\Users\HP\Desktop\Distributed Systems\tla+\toolbox\plugins\org.lamport.tlatools_1.0.0.201907102009\tla2sany\StandardModules\Integers.tla
Parsing file C:\Users\HP\Desktop\Distributed Systems\tla+\toolbox\plugins\org.lamport.tlatools_1.0.0.201907102009\tla2sany\StandardModules\Sequences.tla
Parsing file C:\Users\HP\Desktop\Distributed Systems\tla+\toolbox\plugins\org.lamport.tlatools_1.0.0.201907102009\tla2sany\StandardModules\FiniteSets.tla
Parsing file C:\Users\HP\Desktop\Distributed Systems\tla+\toolbox\plugins\org.lamport.tlatools_1.0.0.201907102009\tla2sany\StandardModules\Naturals.tla
Semantic processing of module Naturals
Semantic processing of module Integers
Semantic processing of module Sequences
Semantic processing of module FiniteSets
Semantic processing of module TLC
Semantic processing of module BenOr
Semantic processing of module MC
@!@!@STARTMSG 2219:0 @!@!@
SANY finished.
@!@!@ENDMSG 2219 @!@!@
@!@!@STARTMSG 2185:0 @!@!@
Starting... (2019-11-27 16:18:11)
@!@!@ENDMSG 2185 @!@!@
@!@!@STARTMSG 2189:0 @!@!@
Computing initial states...
@!@!@ENDMSG 2189 @!@!@
@!@!@STARTMSG 2190:0 @!@!@
Finished computing initial states: 1 distinct state generated at 2019-11-27 16:18:13.
@!@!@ENDMSG 2190 @!@!@
"-1"
"-1"
"-1"
"-1"
"-1"
"-1"
"-1"
"-1"
"-1"
"-1"
"-1"
"-1"
"-1"
"-1"
"-1"
"-1"
"-1"
"-1"
"-1"
"-1"
"-1"
"-1"
"-1"
"-1"
"-1"
"-1"
"-1"
"-1"
"-1"
"-1"
"-1"
"-1"
"-1"
"-1"
"-1"
"-1"
"-1"
"-1"
"-1"
"-1"
"-1"
"-1"
"-1"
"-1"
"-1"
"-1"
"-1"
"-1"
"-1"
"-1"
"-1"
"-1"
"-1"
"-1"
"-1"
"-1"
"-1"
"-1"
"-1"
"-1"
"-1"
"-1"
"-1"
"-1"
"-1"
"-1"
"-1"
"-1"
"-1"
"-1"
"-1"
"-1"
"-1"
"-1"
"-1"
"-1"
"-1"
"-1"
"-1"
"-1"
"-1"
"-1"
"-1"
"-1"
"-1"
"-1"
"-1"
"-1"
"-1"
"-1"
"-1"
"-1"
"-1"
"-1"
"-1"
"-1"
"-1"
"-1"
"-1"
"-1"
"-1"
"-1"
"-1"
"-1"
"-1"
"-1"
"-1"
"-1"
"-1"
"-1"
"-1"
"-1"
"-1"
"-1"
"-1"
"-1"
"-1"
"-1"
"-1"
"-1"
"-1"
"-1"
"-1"
"-1"
"-1"
"-1"
"-1"
"-1"
"-1"
"-1"
"-1"
"-1"
"-1"
"-1"
"-1"
"-1"
"-1"
"-1"
"-1"
"-1"
"-1"
"-1"
"-1"
"-1"
"-1"
"-1"
"-1"
"-1"
"-1"
"-1"
"-1"
"-1"
"-1"
"-1"
"-1"
"-1"
"-1"
"-1"
"-1"
"-1"
"-1"
"-1"
"-1"
"-1"
"-1"
"-1"
"-1"
"-1"
"-1"
"-1"
"-1"
"-1"
"-1"
"-1"
"-1"
"-1"
"-1"
"-1"
"-1"
"-1"
"-1"
"-1"
"-1"
"-1"
"-1"
"-1"
"-1"
"-1"
"-1"
"-1"
"-1"
"-1"
"-1"
"-1"
"-1"
"-1"
"-1"
"-1"
"-1"
"-1"
"-1"
"-1"
"-1"
"-1"
"-1"
"-1"
"-1"
"-1"
"-1"
"-1"
"-1"
"-1"
"-1"
"-1"
"-1"
"-1"
"-1"
"-1"
"-1"
"-1"
"-1"
"-1"
"-1"
"-1"
"-1"
"-1"
"-1"
"-1"
"-1"
"-1"
"-1"
"-1"
"-1"
"-1"
"-1"
"-1"
"-1"
"-1"
"-1"
"-1"
"-1"
"-1"
"-1"
"-1"
"-1"
"-1"
"-1"
"-1"
"-1"
"-1"
"-1"
"-1"
"-1"
"-1"
"-1"
"-1"
@!@!@STARTMSG 2193:0 @!@!@
Model checking completed. No error has been found.
  Estimates of the probability that TLC did not check all reachable states
  because two distinct states had the same fingerprint:
  calculated (optimistic):  val = 1.2E-14
@!@!@ENDMSG 2193 @!@!@
@!@!@STARTMSG 2201:0 @!@!@
The coverage statistics at 2019-11-27 16:18:13
@!@!@ENDMSG 2201 @!@!@
@!@!@STARTMSG 2773:0 @!@!@
<Init line 108, col 1 to line 108, col 4 of module BenOr>: 1:1
@!@!@ENDMSG 2773 @!@!@
@!@!@STARTMSG 2221:0 @!@!@
  line 109, col 9 to line 117, col 50 of module BenOr: 1
@!@!@ENDMSG 2221 @!@!@
@!@!@STARTMSG 2772:0 @!@!@
<broadcast line 119, col 1 to line 119, col 15 of module BenOr>: 121:364
@!@!@ENDMSG 2772 @!@!@
@!@!@STARTMSG 2221:0 @!@!@
  line 119, col 23 to line 119, col 44 of module BenOr: 1708
@!@!@ENDMSG 2221 @!@!@
@!@!@STARTMSG 2221:0 @!@!@
  |line 119, col 23 to line 119, col 30 of module BenOr: 1344
@!@!@ENDMSG 2221 @!@!@
@!@!@STARTMSG 2221:0 @!@!@
  line 120, col 26 to line 120, col 42 of module BenOr: 364
@!@!@ENDMSG 2221 @!@!@
@!@!@STARTMSG 2221:0 @!@!@
  line 121, col 31 to line 121, col 66 of module BenOr: 108
@!@!@ENDMSG 2221 @!@!@
@!@!@STARTMSG 2221:0 @!@!@
  line 122, col 31 to line 122, col 67 of module BenOr: 256
@!@!@ENDMSG 2221 @!@!@
@!@!@STARTMSG 2221:0 @!@!@
  line 123, col 23 to line 124, col 45 of module BenOr: 364
@!@!@ENDMSG 2221 @!@!@
@!@!@STARTMSG 2772:0 @!@!@
<P1S line 126, col 1 to line 126, col 9 of module BenOr>: 44:108
@!@!@ENDMSG 2772 @!@!@
@!@!@STARTMSG 2221:0 @!@!@
  line 126, col 17 to line 126, col 32 of module BenOr: 1452
@!@!@ENDMSG 2221 @!@!@
@!@!@STARTMSG 2221:0 @!@!@
  |line 126, col 17 to line 126, col 24 of module BenOr: 1344
@!@!@ENDMSG 2221 @!@!@
@!@!@STARTMSG 2221:0 @!@!@
  line 127, col 17 to line 127, col 99 of module BenOr: 108
@!@!@ENDMSG 2221 @!@!@
@!@!@STARTMSG 2221:0 @!@!@
  line 128, col 17 to line 128, col 49 of module BenOr: 108
@!@!@ENDMSG 2221 @!@!@
@!@!@STARTMSG 2221:0 @!@!@
  line 129, col 17 to line 129, col 76 of module BenOr: 108
@!@!@ENDMSG 2221 @!@!@
@!@!@STARTMSG 2772:0 @!@!@
<P1R line 131, col 1 to line 131, col 9 of module BenOr>: 77:256
@!@!@ENDMSG 2772 @!@!@
@!@!@STARTMSG 2221:0 @!@!@
  line 131, col 17 to line 131, col 32 of module BenOr: 1600
@!@!@ENDMSG 2221 @!@!@
@!@!@STARTMSG 2221:0 @!@!@
  |line 131, col 17 to line 131, col 24 of module BenOr: 1344
@!@!@ENDMSG 2221 @!@!@
@!@!@STARTMSG 2221:0 @!@!@
  line 132, col 18 to line 132, col 58 of module BenOr: 256
@!@!@ENDMSG 2221 @!@!@
@!@!@STARTMSG 2221:0 @!@!@
  |line 132, col 18 to line 132, col 54 of module BenOr: 360
@!@!@ENDMSG 2221 @!@!@
@!@!@STARTMSG 2221:0 @!@!@
  ||line 132, col 18 to line 132, col 52 of module BenOr: 360
@!@!@ENDMSG 2221 @!@!@
@!@!@STARTMSG 2221:0 @!@!@
  |||line 132, col 30 to line 132, col 51 of module BenOr: 360
@!@!@ENDMSG 2221 @!@!@
@!@!@STARTMSG 2221:0 @!@!@
  ||||line 97, col 21 to line 97, col 48 of module BenOr: 360
@!@!@ENDMSG 2221 @!@!@
@!@!@STARTMSG 2221:0 @!@!@
  |||||line 97, col 36 to line 97, col 46 of module BenOr: 1224
@!@!@ENDMSG 2221 @!@!@
@!@!@STARTMSG 2221:0 @!@!@
  |||||line 97, col 28 to line 97, col 32 of module BenOr: 360
@!@!@ENDMSG 2221 @!@!@
@!@!@STARTMSG 2221:0 @!@!@
  ||||line 132, col 44 to line 132, col 50 of module BenOr: 360
@!@!@ENDMSG 2221 @!@!@
@!@!@STARTMSG 2221:0 @!@!@
  |line 132, col 58 to line 132, col 58 of module BenOr: 360
@!@!@ENDMSG 2221 @!@!@
@!@!@STARTMSG 2221:0 @!@!@
  line 133, col 18 to line 133, col 60 of module BenOr: 536
@!@!@ENDMSG 2221 @!@!@
@!@!@STARTMSG 2221:0 @!@!@
  |line 133, col 18 to line 133, col 52 of module BenOr: 280
@!@!@ENDMSG 2221 @!@!@
@!@!@STARTMSG 2221:0 @!@!@
  ||line 133, col 30 to line 133, col 51 of module BenOr: 280
@!@!@ENDMSG 2221 @!@!@
@!@!@STARTMSG 2221:0 @!@!@
  |||line 97, col 21 to line 97, col 48 of module BenOr: 280
@!@!@ENDMSG 2221 @!@!@
@!@!@STARTMSG 2221:0 @!@!@
  ||||line 97, col 36 to line 97, col 46 of module BenOr: 1096
@!@!@ENDMSG 2221 @!@!@
@!@!@STARTMSG 2221:0 @!@!@
  ||||line 97, col 28 to line 97, col 32 of module BenOr: 280
@!@!@ENDMSG 2221 @!@!@
@!@!@STARTMSG 2221:0 @!@!@
  |||line 133, col 44 to line 133, col 50 of module BenOr: 280
@!@!@ENDMSG 2221 @!@!@
@!@!@STARTMSG 2221:0 @!@!@
  |line 133, col 56 to line 133, col 60 of module BenOr: 280
@!@!@ENDMSG 2221 @!@!@
@!@!@STARTMSG 2221:0 @!@!@
  line 134, col 20 to line 134, col 86 of module BenOr: 256
@!@!@ENDMSG 2221 @!@!@
@!@!@STARTMSG 2221:0 @!@!@
  |line 134, col 20 to line 134, col 51 of module BenOr: 256
@!@!@ENDMSG 2221 @!@!@
@!@!@STARTMSG 2221:0 @!@!@
  ||line 134, col 32 to line 134, col 50 of module BenOr: 256
@!@!@ENDMSG 2221 @!@!@
@!@!@STARTMSG 2221:0 @!@!@
  |||line 100, col 19 to line 100, col 63 of module BenOr: 256
@!@!@ENDMSG 2221 @!@!@
@!@!@STARTMSG 2221:0 @!@!@
  ||||line 100, col 33 to line 100, col 62 of module BenOr: 1024
@!@!@ENDMSG 2221 @!@!@
@!@!@STARTMSG 2221:0 @!@!@
  ||||line 100, col 26 to line 100, col 30 of module BenOr: 256
@!@!@ENDMSG 2221 @!@!@
@!@!@STARTMSG 2221:0 @!@!@
  |||line 134, col 41 to line 134, col 47 of module BenOr: 256
@!@!@ENDMSG 2221 @!@!@
@!@!@STARTMSG 2221:0 @!@!@
  |line 134, col 55 to line 134, col 86 of module BenOr: 256
@!@!@ENDMSG 2221 @!@!@
@!@!@STARTMSG 2221:0 @!@!@
  ||line 134, col 67 to line 134, col 85 of module BenOr: 256
@!@!@ENDMSG 2221 @!@!@
@!@!@STARTMSG 2221:0 @!@!@
  |||line 100, col 19 to line 100, col 63 of module BenOr: 256
@!@!@ENDMSG 2221 @!@!@
@!@!@STARTMSG 2221:0 @!@!@
  ||||line 100, col 33 to line 100, col 62 of module BenOr: 1024
@!@!@ENDMSG 2221 @!@!@
@!@!@STARTMSG 2221:0 @!@!@
  ||||line 100, col 26 to line 100, col 30 of module BenOr: 256
@!@!@ENDMSG 2221 @!@!@
@!@!@STARTMSG 2221:0 @!@!@
  |||line 134, col 76 to line 134, col 82 of module BenOr: 256
@!@!@ENDMSG 2221 @!@!@
@!@!@STARTMSG 2221:0 @!@!@
  line 135, col 28 to line 135, col 58 of module BenOr: 0
@!@!@ENDMSG 2221 @!@!@
@!@!@STARTMSG 2221:0 @!@!@
  line 137, col 31 to line 137, col 97 of module BenOr: 256
@!@!@ENDMSG 2221 @!@!@
@!@!@STARTMSG 2221:0 @!@!@
  |line 137, col 31 to line 137, col 62 of module BenOr: 256
@!@!@ENDMSG 2221 @!@!@
@!@!@STARTMSG 2221:0 @!@!@
  ||line 137, col 43 to line 137, col 61 of module BenOr: 256
@!@!@ENDMSG 2221 @!@!@
@!@!@STARTMSG 2221:0 @!@!@
  |||line 100, col 19 to line 100, col 63 of module BenOr: 256
@!@!@ENDMSG 2221 @!@!@
@!@!@STARTMSG 2221:0 @!@!@
  ||||line 100, col 33 to line 100, col 62 of module BenOr: 1024
@!@!@ENDMSG 2221 @!@!@
@!@!@STARTMSG 2221:0 @!@!@
  ||||line 100, col 26 to line 100, col 30 of module BenOr: 256
@!@!@ENDMSG 2221 @!@!@
@!@!@STARTMSG 2221:0 @!@!@
  |||line 137, col 52 to line 137, col 58 of module BenOr: 256
@!@!@ENDMSG 2221 @!@!@
@!@!@STARTMSG 2221:0 @!@!@
  |line 137, col 66 to line 137, col 97 of module BenOr: 256
@!@!@ENDMSG 2221 @!@!@
@!@!@STARTMSG 2221:0 @!@!@
  ||line 137, col 78 to line 137, col 96 of module BenOr: 256
@!@!@ENDMSG 2221 @!@!@
@!@!@STARTMSG 2221:0 @!@!@
  |||line 100, col 19 to line 100, col 63 of module BenOr: 256
@!@!@ENDMSG 2221 @!@!@
@!@!@STARTMSG 2221:0 @!@!@
  ||||line 100, col 33 to line 100, col 62 of module BenOr: 1024
@!@!@ENDMSG 2221 @!@!@
@!@!@STARTMSG 2221:0 @!@!@
  ||||line 100, col 26 to line 100, col 30 of module BenOr: 256
@!@!@ENDMSG 2221 @!@!@
@!@!@STARTMSG 2221:0 @!@!@
  |||line 137, col 87 to line 137, col 93 of module BenOr: 256
@!@!@ENDMSG 2221 @!@!@
@!@!@STARTMSG 2221:0 @!@!@
  line 139, col 39 to line 139, col 69 of module BenOr: 0
@!@!@ENDMSG 2221 @!@!@
@!@!@STARTMSG 2221:0 @!@!@
  line 140, col 36 to line 141, col 70 of module BenOr: 256
@!@!@ENDMSG 2221 @!@!@
@!@!@STARTMSG 2221:0 @!@!@
  line 142, col 17 to line 142, col 49 of module BenOr: 256
@!@!@ENDMSG 2221 @!@!@
@!@!@STARTMSG 2221:0 @!@!@
  line 143, col 17 to line 143, col 78 of module BenOr: 256
@!@!@ENDMSG 2221 @!@!@
@!@!@STARTMSG 2772:0 @!@!@
<P2S line 145, col 1 to line 145, col 9 of module BenOr>: 93:256
@!@!@ENDMSG 2772 @!@!@
@!@!@STARTMSG 2221:0 @!@!@
  line 145, col 17 to line 145, col 32 of module BenOr: 1600
@!@!@ENDMSG 2221 @!@!@
@!@!@STARTMSG 2221:0 @!@!@
  |line 145, col 17 to line 145, col 24 of module BenOr: 1344
@!@!@ENDMSG 2221 @!@!@
@!@!@STARTMSG 2221:0 @!@!@
  line 146, col 17 to line 146, col 99 of module BenOr: 256
@!@!@ENDMSG 2221 @!@!@
@!@!@STARTMSG 2221:0 @!@!@
  line 147, col 17 to line 147, col 53 of module BenOr: 256
@!@!@ENDMSG 2221 @!@!@
@!@!@STARTMSG 2221:0 @!@!@
  line 148, col 17 to line 148, col 55 of module BenOr: 256
@!@!@ENDMSG 2221 @!@!@
@!@!@STARTMSG 2221:0 @!@!@
  line 149, col 17 to line 149, col 73 of module BenOr: 256
@!@!@ENDMSG 2221 @!@!@
@!@!@STARTMSG 2772:0 @!@!@
<Terminating line 154, col 1 to line 154, col 11 of module BenOr>: 0:1
@!@!@ENDMSG 2772 @!@!@
@!@!@STARTMSG 2221:0 @!@!@
  line 154, col 40 to line 154, col 56 of module BenOr: 424
@!@!@ENDMSG 2221 @!@!@
@!@!@STARTMSG 2221:0 @!@!@
  |line 154, col 40 to line 154, col 47 of module BenOr: 420
@!@!@ENDMSG 2221 @!@!@
@!@!@STARTMSG 2221:0 @!@!@
  line 154, col 31 to line 154, col 37 of module BenOr: 336
@!@!@ENDMSG 2221 @!@!@
@!@!@STARTMSG 2221:0 @!@!@
  line 155, col 19 to line 155, col 32 of module BenOr: 1
@!@!@ENDMSG 2221 @!@!@
@!@!@STARTMSG 2202:0 @!@!@
End of statistics.
@!@!@ENDMSG 2202 @!@!@
@!@!@STARTMSG 2200:0 @!@!@
Progress(21) at 2019-11-27 16:18:13: 986 states generated (18,332 s/min), 336 distinct states found (6,247 ds/min), 0 states left on queue.
@!@!@ENDMSG 2200 @!@!@
@!@!@STARTMSG 2199:0 @!@!@
986 states generated, 336 distinct states found, 0 states left on queue.
@!@!@ENDMSG 2199 @!@!@
@!@!@STARTMSG 2194:0 @!@!@
The depth of the complete state graph search is 21.
@!@!@ENDMSG 2194 @!@!@
@!@!@STARTMSG 2268:0 @!@!@
The average outdegree of the complete state graph is 1 (minimum is 0, the maximum 4 and the 95th percentile is 3).
@!@!@ENDMSG 2268 @!@!@
@!@!@STARTMSG 2186:0 @!@!@
Finished in 3232ms at (2019-11-27 16:18:13)
@!@!@ENDMSG 2186 @!@!@
