@!@!@STARTMSG 2262:0 @!@!@
TLC2 Version 2.14 of 10 July 2019
@!@!@ENDMSG 2262 @!@!@
@!@!@STARTMSG 2187:0 @!@!@
Running breadth-first search Model-Checking with fp 104 and seed 4283647196539226449 with 6 workers on 12 cores with 1173MB heap and 2638MB offheap memory [pid: 12519] (Linux 5.0.0-36-generic amd64, AdoptOpenJDK 11.0.3 x86_64, OffHeapDiskFPSet, DiskStateQueue).
@!@!@ENDMSG 2187 @!@!@
@!@!@STARTMSG 2220:0 @!@!@
Starting SANY...
@!@!@ENDMSG 2220 @!@!@
Parsing file /home/pratik/TLA-Plus/BenOr/BenOr.toolbox/Model_7/MC.tla
Parsing file /home/pratik/TLA-Plus/BenOr/BenOr.toolbox/Model_7/BenOr.tla
Parsing file /home/pratik/TLAToolbox-1.6.0-linux.gtk.x86_64/toolbox/plugins/org.lamport.tlatools_1.0.0.201907102009/tla2sany/StandardModules/TLC.tla
Parsing file /home/pratik/TLAToolbox-1.6.0-linux.gtk.x86_64/toolbox/plugins/org.lamport.tlatools_1.0.0.201907102009/tla2sany/StandardModules/Integers.tla
Parsing file /home/pratik/TLAToolbox-1.6.0-linux.gtk.x86_64/toolbox/plugins/org.lamport.tlatools_1.0.0.201907102009/tla2sany/StandardModules/Sequences.tla
Parsing file /home/pratik/TLAToolbox-1.6.0-linux.gtk.x86_64/toolbox/plugins/org.lamport.tlatools_1.0.0.201907102009/tla2sany/StandardModules/FiniteSets.tla
Parsing file /home/pratik/TLAToolbox-1.6.0-linux.gtk.x86_64/toolbox/plugins/org.lamport.tlatools_1.0.0.201907102009/tla2sany/StandardModules/Naturals.tla
Semantic processing of module Naturals
Semantic processing of module Integers
Semantic processing of module Sequences
Semantic processing of module FiniteSets
Semantic processing of module TLC
Semantic processing of module BenOr
Semantic processing of module MC
@!@!@STARTMSG 2219:0 @!@!@
SANY finished.
@!@!@ENDMSG 2219 @!@!@
@!@!@STARTMSG 2185:0 @!@!@
Starting... (2019-11-25 23:19:51)
@!@!@ENDMSG 2185 @!@!@
@!@!@STARTMSG 2189:0 @!@!@
Computing initial states...
@!@!@ENDMSG 2189 @!@!@
@!@!@STARTMSG 2190:0 @!@!@
Finished computing initial states: 1 distinct state generated at 2019-11-25 23:19:51.
@!@!@ENDMSG 2190 @!@!@
@!@!@STARTMSG 2114:1 @!@!@
Deadlock reached.
@!@!@ENDMSG 2114 @!@!@
@!@!@STARTMSG 2121:1 @!@!@
The behavior up to this point is:
@!@!@ENDMSG 2121 @!@!@
@!@!@STARTMSG 2217:4 @!@!@
1: <Initial predicate>
/\ decided = <<-1, -1, -1, -1, -1>>
/\ p1v = <<0, 0, 0, 0, 0>>
/\ p2v = <<-1, -1, -1, -1, -1>>
/\ p2Msg = {}
/\ p1Msg = {}
/\ r = <<1, 1, 1, 1, 1>>
/\ pc = <<"broadcast", "broadcast", "broadcast", "broadcast", "broadcast">>

@!@!@ENDMSG 2217 @!@!@
@!@!@STARTMSG 2217:4 @!@!@
2: <broadcast line 98, col 20 to line 102, col 72 of module BenOr>
/\ decided = <<-1, -1, -1, -1, -1>>
/\ p1v = <<0, 0, 0, 0, 0>>
/\ p2v = <<-1, -1, -1, -1, -1>>
/\ p2Msg = {}
/\ p1Msg = {}
/\ r = <<1, 1, 1, 1, 1>>
/\ pc = <<"broadcast", "P1S", "broadcast", "broadcast", "broadcast">>

@!@!@ENDMSG 2217 @!@!@
@!@!@STARTMSG 2217:4 @!@!@
3: <broadcast line 98, col 20 to line 102, col 72 of module BenOr>
/\ decided = <<-1, -1, -1, -1, -1>>
/\ p1v = <<0, 0, 0, 0, 0>>
/\ p2v = <<-1, -1, -1, -1, -1>>
/\ p2Msg = {}
/\ p1Msg = {}
/\ r = <<1, 1, 1, 1, 1>>
/\ pc = <<"P1S", "P1S", "broadcast", "broadcast", "broadcast">>

@!@!@ENDMSG 2217 @!@!@
@!@!@STARTMSG 2217:4 @!@!@
4: <P1S line 104, col 14 to line 107, col 59 of module BenOr>
/\ decided = <<-1, -1, -1, -1, -1>>
/\ p1v = <<0, 0, 0, 0, 0>>
/\ p2v = <<-1, -1, -1, -1, -1>>
/\ p2Msg = {}
/\ p1Msg = {[value |-> 0, round |-> 1, nodeid |-> 1]}
/\ r = <<1, 1, 1, 1, 1>>
/\ pc = <<"P1R", "P1S", "broadcast", "broadcast", "broadcast">>

@!@!@ENDMSG 2217 @!@!@
@!@!@STARTMSG 2217:4 @!@!@
5: <P1S line 104, col 14 to line 107, col 59 of module BenOr>
/\ decided = <<-1, -1, -1, -1, -1>>
/\ p1v = <<0, 0, 0, 0, 0>>
/\ p2v = <<-1, -1, -1, -1, -1>>
/\ p2Msg = {}
/\ p1Msg = { [value |-> 0, round |-> 1, nodeid |-> 1],
  [value |-> 0, round |-> 1, nodeid |-> 2] }
/\ r = <<1, 1, 1, 1, 1>>
/\ pc = <<"P1R", "P1R", "broadcast", "broadcast", "broadcast">>

@!@!@ENDMSG 2217 @!@!@
@!@!@STARTMSG 2217:4 @!@!@
6: <broadcast line 98, col 20 to line 102, col 72 of module BenOr>
/\ decided = <<-1, -1, -1, -1, -1>>
/\ p1v = <<0, 0, 0, 0, 0>>
/\ p2v = <<-1, -1, -1, -1, -1>>
/\ p2Msg = {}
/\ p1Msg = { [value |-> 0, round |-> 1, nodeid |-> 1],
  [value |-> 0, round |-> 1, nodeid |-> 2] }
/\ r = <<1, 1, 1, 1, 1>>
/\ pc = <<"P1R", "P1R", "broadcast", "P1S", "broadcast">>

@!@!@ENDMSG 2217 @!@!@
@!@!@STARTMSG 2217:4 @!@!@
7: <P1S line 104, col 14 to line 107, col 59 of module BenOr>
/\ decided = <<-1, -1, -1, -1, -1>>
/\ p1v = <<0, 0, 0, 0, 0>>
/\ p2v = <<-1, -1, -1, -1, -1>>
/\ p2Msg = {}
/\ p1Msg = { [value |-> 0, round |-> 1, nodeid |-> 1],
  [value |-> 0, round |-> 1, nodeid |-> 2],
  [value |-> 0, round |-> 1, nodeid |-> 4] }
/\ r = <<1, 1, 1, 1, 1>>
/\ pc = <<"P1R", "P1R", "broadcast", "P1R", "broadcast">>

@!@!@ENDMSG 2217 @!@!@
@!@!@STARTMSG 2217:4 @!@!@
8: <broadcast line 98, col 20 to line 102, col 72 of module BenOr>
/\ decided = <<-1, -1, -1, -1, -1>>
/\ p1v = <<0, 0, 0, 0, 0>>
/\ p2v = <<-1, -1, -1, -1, -1>>
/\ p2Msg = {}
/\ p1Msg = { [value |-> 0, round |-> 1, nodeid |-> 1],
  [value |-> 0, round |-> 1, nodeid |-> 2],
  [value |-> 0, round |-> 1, nodeid |-> 4] }
/\ r = <<1, 1, 1, 1, 1>>
/\ pc = <<"P1R", "P1R", "P1S", "P1R", "broadcast">>

@!@!@ENDMSG 2217 @!@!@
@!@!@STARTMSG 2217:4 @!@!@
9: <broadcast line 98, col 20 to line 102, col 72 of module BenOr>
/\ decided = <<-1, -1, -1, -1, -1>>
/\ p1v = <<0, 0, 0, 0, 0>>
/\ p2v = <<-1, -1, -1, -1, -1>>
/\ p2Msg = {}
/\ p1Msg = { [value |-> 0, round |-> 1, nodeid |-> 1],
  [value |-> 0, round |-> 1, nodeid |-> 2],
  [value |-> 0, round |-> 1, nodeid |-> 4] }
/\ r = <<1, 1, 1, 1, 1>>
/\ pc = <<"P1R", "P1R", "P1S", "P1R", "P1S">>

@!@!@ENDMSG 2217 @!@!@
@!@!@STARTMSG 2217:4 @!@!@
10: <P1S line 104, col 14 to line 107, col 59 of module BenOr>
/\ decided = <<-1, -1, -1, -1, -1>>
/\ p1v = <<0, 0, 0, 0, 0>>
/\ p2v = <<-1, -1, -1, -1, -1>>
/\ p2Msg = {}
/\ p1Msg = { [value |-> 0, round |-> 1, nodeid |-> 1],
  [value |-> 0, round |-> 1, nodeid |-> 2],
  [value |-> 0, round |-> 1, nodeid |-> 3],
  [value |-> 0, round |-> 1, nodeid |-> 4] }
/\ r = <<1, 1, 1, 1, 1>>
/\ pc = <<"P1R", "P1R", "P1R", "P1R", "P1S">>

@!@!@ENDMSG 2217 @!@!@
@!@!@STARTMSG 2217:4 @!@!@
11: <P1S line 104, col 14 to line 107, col 59 of module BenOr>
/\ decided = <<-1, -1, -1, -1, -1>>
/\ p1v = <<0, 0, 0, 0, 0>>
/\ p2v = <<-1, -1, -1, -1, -1>>
/\ p2Msg = {}
/\ p1Msg = { [value |-> 0, round |-> 1, nodeid |-> 1],
  [value |-> 0, round |-> 1, nodeid |-> 2],
  [value |-> 0, round |-> 1, nodeid |-> 3],
  [value |-> 0, round |-> 1, nodeid |-> 4],
  [value |-> 0, round |-> 1, nodeid |-> 5] }
/\ r = <<1, 1, 1, 1, 1>>
/\ pc = <<"P1R", "P1R", "P1R", "P1R", "P1R">>

@!@!@ENDMSG 2217 @!@!@
@!@!@STARTMSG 2201:0 @!@!@
The coverage statistics at 2019-11-25 23:19:51
@!@!@ENDMSG 2201 @!@!@
@!@!@STARTMSG 2773:0 @!@!@
<Init line 88, col 1 to line 88, col 4 of module BenOr>: 2:2
@!@!@ENDMSG 2773 @!@!@
@!@!@STARTMSG 2221:0 @!@!@
  line 89, col 9 to line 96, col 50 of module BenOr: 2
@!@!@ENDMSG 2221 @!@!@
@!@!@STARTMSG 2772:0 @!@!@
<broadcast line 98, col 1 to line 98, col 15 of module BenOr>: 112:413
@!@!@ENDMSG 2772 @!@!@
@!@!@STARTMSG 2221:0 @!@!@
  line 98, col 23 to line 98, col 44 of module BenOr: 1658
@!@!@ENDMSG 2221 @!@!@
@!@!@STARTMSG 2221:0 @!@!@
  |line 98, col 23 to line 98, col 30 of module BenOr: 1245
@!@!@ENDMSG 2221 @!@!@
@!@!@STARTMSG 2221:0 @!@!@
  line 99, col 26 to line 99, col 42 of module BenOr: 413
@!@!@ENDMSG 2221 @!@!@
@!@!@STARTMSG 2221:0 @!@!@
  line 100, col 31 to line 100, col 66 of module BenOr: 413
@!@!@ENDMSG 2221 @!@!@
@!@!@STARTMSG 2221:0 @!@!@
  line 101, col 34 to line 101, col 67 of module BenOr: 0
@!@!@ENDMSG 2221 @!@!@
@!@!@STARTMSG 2221:0 @!@!@
  line 102, col 23 to line 102, col 72 of module BenOr: 413
@!@!@ENDMSG 2221 @!@!@
@!@!@STARTMSG 2772:0 @!@!@
<P1S line 104, col 1 to line 104, col 9 of module BenOr>: 130:411
@!@!@ENDMSG 2772 @!@!@
@!@!@STARTMSG 2221:0 @!@!@
  line 104, col 17 to line 104, col 32 of module BenOr: 1651
@!@!@ENDMSG 2221 @!@!@
@!@!@STARTMSG 2221:0 @!@!@
  |line 104, col 17 to line 104, col 24 of module BenOr: 1240
@!@!@ENDMSG 2221 @!@!@
@!@!@STARTMSG 2221:0 @!@!@
  line 105, col 17 to line 105, col 99 of module BenOr: 411
@!@!@ENDMSG 2221 @!@!@
@!@!@STARTMSG 2221:0 @!@!@
  line 106, col 17 to line 106, col 49 of module BenOr: 411
@!@!@ENDMSG 2221 @!@!@
@!@!@STARTMSG 2221:0 @!@!@
  line 107, col 17 to line 107, col 59 of module BenOr: 411
@!@!@ENDMSG 2221 @!@!@
@!@!@STARTMSG 2772:0 @!@!@
<P1R line 109, col 1 to line 109, col 9 of module BenOr>: 0:0
@!@!@ENDMSG 2772 @!@!@
@!@!@STARTMSG 2221:0 @!@!@
  line 109, col 17 to line 109, col 32 of module BenOr: 1235
@!@!@ENDMSG 2221 @!@!@
@!@!@STARTMSG 2221:0 @!@!@
  line 110, col 18 to line 110, col 44 of module BenOr: 421
@!@!@ENDMSG 2221 @!@!@
@!@!@STARTMSG 2221:0 @!@!@
  |line 110, col 22 to line 110, col 43 of module BenOr: 421
@!@!@ENDMSG 2221 @!@!@
@!@!@STARTMSG 2221:0 @!@!@
  ||line 80, col 21 to line 80, col 52 of module BenOr: 421
@!@!@ENDMSG 2221 @!@!@
@!@!@STARTMSG 2221:0 @!@!@
  |||line 80, col 23 to line 80, col 50 of module BenOr: 421
@!@!@ENDMSG 2221 @!@!@
@!@!@STARTMSG 2221:0 @!@!@
  ||||line 80, col 38 to line 80, col 48 of module BenOr: 991
@!@!@ENDMSG 2221 @!@!@
@!@!@STARTMSG 2221:0 @!@!@
  ||||line 80, col 30 to line 80, col 34 of module BenOr: 421
@!@!@ENDMSG 2221 @!@!@
@!@!@STARTMSG 2221:0 @!@!@
  ||line 110, col 36 to line 110, col 42 of module BenOr: 421
@!@!@ENDMSG 2221 @!@!@
@!@!@STARTMSG 2221:0 @!@!@
  line 110, col 49 to line 110, col 51 of module BenOr: 421
@!@!@ENDMSG 2221 @!@!@
@!@!@STARTMSG 2221:0 @!@!@
  line 114, col 39 to line 114, col 69 of module BenOr: 0
@!@!@ENDMSG 2221 @!@!@
@!@!@STARTMSG 2221:0 @!@!@
  line 115, col 39 to line 115, col 69 of module BenOr: 0
@!@!@ENDMSG 2221 @!@!@
@!@!@STARTMSG 2221:0 @!@!@
  line 117, col 28 to line 117, col 37 of module BenOr: 0
@!@!@ENDMSG 2221 @!@!@
@!@!@STARTMSG 2221:0 @!@!@
  line 118, col 17 to line 118, col 49 of module BenOr: 0
@!@!@ENDMSG 2221 @!@!@
@!@!@STARTMSG 2221:0 @!@!@
  line 119, col 17 to line 119, col 61 of module BenOr: 0
@!@!@ENDMSG 2221 @!@!@
@!@!@STARTMSG 2772:0 @!@!@
<P2S line 121, col 1 to line 121, col 9 of module BenOr>: 0:0
@!@!@ENDMSG 2772 @!@!@
@!@!@STARTMSG 2221:0 @!@!@
  line 121, col 17 to line 121, col 32 of module BenOr: 1235
@!@!@ENDMSG 2221 @!@!@
@!@!@STARTMSG 2221:0 @!@!@
  line 122, col 17 to line 122, col 99 of module BenOr: 0
@!@!@ENDMSG 2221 @!@!@
@!@!@STARTMSG 2221:0 @!@!@
  line 123, col 17 to line 123, col 53 of module BenOr: 0
@!@!@ENDMSG 2221 @!@!@
@!@!@STARTMSG 2221:0 @!@!@
  line 124, col 17 to line 124, col 55 of module BenOr: 0
@!@!@ENDMSG 2221 @!@!@
@!@!@STARTMSG 2221:0 @!@!@
  line 125, col 17 to line 125, col 56 of module BenOr: 0
@!@!@ENDMSG 2221 @!@!@
@!@!@STARTMSG 2772:0 @!@!@
<Terminating line 130, col 1 to line 130, col 11 of module BenOr>: 0:0
@!@!@ENDMSG 2772 @!@!@
@!@!@STARTMSG 2221:0 @!@!@
  line 130, col 19 to line 130, col 56 of module BenOr: 243
@!@!@ENDMSG 2221 @!@!@
@!@!@STARTMSG 2221:0 @!@!@
  line 131, col 19 to line 131, col 32 of module BenOr: 0
@!@!@ENDMSG 2221 @!@!@
@!@!@STARTMSG 2202:0 @!@!@
End of statistics.
@!@!@ENDMSG 2202 @!@!@
@!@!@STARTMSG 2200:0 @!@!@
Progress(11) at 2019-11-25 23:19:51: 811 states generated (72,953 s/min), 243 distinct states found (21,859 ds/min), 0 states left on queue.
@!@!@ENDMSG 2200 @!@!@
@!@!@STARTMSG 2199:0 @!@!@
811 states generated, 243 distinct states found, 0 states left on queue.
@!@!@ENDMSG 2199 @!@!@
@!@!@STARTMSG 2194:0 @!@!@
The depth of the complete state graph search is 11.
@!@!@ENDMSG 2194 @!@!@
@!@!@STARTMSG 2268:0 @!@!@
The average outdegree of the complete state graph is 1 (minimum is 0, the maximum 5 and the 95th percentile is 3).
@!@!@ENDMSG 2268 @!@!@
@!@!@STARTMSG 2186:0 @!@!@
Finished in 669ms at (2019-11-25 23:19:51)
@!@!@ENDMSG 2186 @!@!@
