@!@!@STARTMSG 2262:0 @!@!@
TLC2 Version 2.14 of 10 July 2019
@!@!@ENDMSG 2262 @!@!@
@!@!@STARTMSG 2187:0 @!@!@
Running breadth-first search Model-Checking with fp 10 and seed 3062092456812501198 with 6 workers on 12 cores with 1173MB heap and 2638MB offheap memory [pid: 16392] (Linux 5.0.0-36-generic amd64, AdoptOpenJDK 11.0.3 x86_64, OffHeapDiskFPSet, DiskStateQueue).
@!@!@ENDMSG 2187 @!@!@
@!@!@STARTMSG 2220:0 @!@!@
Starting SANY...
@!@!@ENDMSG 2220 @!@!@
Parsing file /home/pratik/TLA-Plus/BenOr/BenOr.toolbox/Model_1/MC.tla
Parsing file /home/pratik/TLA-Plus/BenOr/BenOr.toolbox/Model_1/BenOr.tla
Parsing file /home/pratik/TLAToolbox-1.6.0-linux.gtk.x86_64/toolbox/plugins/org.lamport.tlatools_1.0.0.201907102009/tla2sany/StandardModules/TLC.tla
Parsing file /home/pratik/TLAToolbox-1.6.0-linux.gtk.x86_64/toolbox/plugins/org.lamport.tlatools_1.0.0.201907102009/tla2sany/StandardModules/Integers.tla
Parsing file /home/pratik/TLAToolbox-1.6.0-linux.gtk.x86_64/toolbox/plugins/org.lamport.tlatools_1.0.0.201907102009/tla2sany/StandardModules/Sequences.tla
Parsing file /home/pratik/TLAToolbox-1.6.0-linux.gtk.x86_64/toolbox/plugins/org.lamport.tlatools_1.0.0.201907102009/tla2sany/StandardModules/FiniteSets.tla
Parsing file /home/pratik/TLAToolbox-1.6.0-linux.gtk.x86_64/toolbox/plugins/org.lamport.tlatools_1.0.0.201907102009/tla2sany/StandardModules/Naturals.tla
Semantic processing of module Naturals
Semantic processing of module Integers
Semantic processing of module Sequences
Semantic processing of module FiniteSets
Semantic processing of module TLC
Semantic processing of module BenOr
Semantic processing of module MC
@!@!@STARTMSG 2219:0 @!@!@
SANY finished.
@!@!@ENDMSG 2219 @!@!@
@!@!@STARTMSG 2185:0 @!@!@
Starting... (2019-12-01 19:32:15)
@!@!@ENDMSG 2185 @!@!@
@!@!@STARTMSG 2212:0 @!@!@
Implied-temporal checking--satisfiability problem has 1 branches.
@!@!@ENDMSG 2212 @!@!@
@!@!@STARTMSG 2189:0 @!@!@
Computing initial states...
@!@!@ENDMSG 2189 @!@!@
@!@!@STARTMSG 2190:0 @!@!@
Finished computing initial states: 1 distinct state generated at 2019-12-01 19:32:16.
@!@!@ENDMSG 2190 @!@!@
@!@!@STARTMSG 2192:0 @!@!@
Checking temporal properties for the current state space with 48940 total distinct states at (2019-12-01 19:32:19)
@!@!@ENDMSG 2192 @!@!@
@!@!@STARTMSG 2267:0 @!@!@
Finished checking temporal properties in 00s at 2019-12-01 19:32:19
@!@!@ENDMSG 2267 @!@!@
@!@!@STARTMSG 2200:0 @!@!@
Progress(23) at 2019-12-01 19:32:19: 152,143 states generated (152,143 s/min), 52,572 distinct states found (52,572 ds/min), 10,833 states left on queue.
@!@!@ENDMSG 2200 @!@!@
@!@!@STARTMSG 2192:0 @!@!@
Checking temporal properties for the current state space with 1458467 total distinct states at (2019-12-01 19:33:19)
@!@!@ENDMSG 2192 @!@!@
@!@!@STARTMSG 2267:0 @!@!@
Finished checking temporal properties in 04s at 2019-12-01 19:33:24
@!@!@ENDMSG 2267 @!@!@
@!@!@STARTMSG 2200:0 @!@!@
Progress(39) at 2019-12-01 19:33:24: 4,868,224 states generated (4,716,081 s/min), 1,563,515 distinct states found (1,510,943 ds/min), 138,894 states left on queue.
@!@!@ENDMSG 2200 @!@!@
@!@!@STARTMSG 2200:0 @!@!@
Progress(45) at 2019-12-01 19:33:40: 6,170,606 states generated, 1,941,696 distinct states found, 0 states left on queue.
@!@!@ENDMSG 2200 @!@!@
@!@!@STARTMSG 2192:0 @!@!@
Checking temporal properties for the complete state space with 1941696 total distinct states at (2019-12-01 19:33:40)
@!@!@ENDMSG 2192 @!@!@
@!@!@STARTMSG 2116:1 @!@!@
Temporal properties were violated.

@!@!@ENDMSG 2116 @!@!@
@!@!@STARTMSG 2264:1 @!@!@
The following behavior constitutes a counter-example:

@!@!@ENDMSG 2264 @!@!@
@!@!@STARTMSG 2217:4 @!@!@
1: <Initial predicate>
/\ r = <<1, 1, 1, 1>>
/\ p1v = <<1, 1, 1, 1>>
/\ pc = <<"entry", "entry", "entry", "entry">>
/\ p2v = <<-1, -1, -1, -1>>
/\ p2Msg = {}
/\ decided = <<-1, -1, -1, -1>>
/\ p1Msg = {}

@!@!@ENDMSG 2217 @!@!@
@!@!@STARTMSG 2217:4 @!@!@
2: <entry line 129, col 16 to line 133, col 68 of module BenOr>
/\ r = <<1, 1, 1, 1>>
/\ p1v = <<1, 1, 1, 1>>
/\ pc = <<"entry", "entry", "entry", "P1S">>
/\ p2v = <<-1, -1, -1, -1>>
/\ p2Msg = {}
/\ decided = <<-1, -1, -1, -1>>
/\ p1Msg = {}

@!@!@ENDMSG 2217 @!@!@
@!@!@STARTMSG 2217:4 @!@!@
3: <entry line 129, col 16 to line 133, col 68 of module BenOr>
/\ r = <<1, 1, 1, 1>>
/\ p1v = <<1, 1, 1, 1>>
/\ pc = <<"P1S", "entry", "entry", "P1S">>
/\ p2v = <<-1, -1, -1, -1>>
/\ p2Msg = {}
/\ decided = <<-1, -1, -1, -1>>
/\ p1Msg = {}

@!@!@ENDMSG 2217 @!@!@
@!@!@STARTMSG 2217:4 @!@!@
4: <entry line 129, col 16 to line 133, col 68 of module BenOr>
/\ r = <<1, 1, 1, 1>>
/\ p1v = <<1, 1, 1, 1>>
/\ pc = <<"P1S", "P1S", "entry", "P1S">>
/\ p2v = <<-1, -1, -1, -1>>
/\ p2Msg = {}
/\ decided = <<-1, -1, -1, -1>>
/\ p1Msg = {}

@!@!@ENDMSG 2217 @!@!@
@!@!@STARTMSG 2217:4 @!@!@
5: <P1S line 135, col 14 to line 138, col 59 of module BenOr>
/\ r = <<1, 1, 1, 1>>
/\ p1v = <<1, 1, 1, 1>>
/\ pc = <<"P1S", "P1R", "entry", "P1S">>
/\ p2v = <<-1, -1, -1, -1>>
/\ p2Msg = {}
/\ decided = <<-1, -1, -1, -1>>
/\ p1Msg = {[value |-> 1, round |-> 1, nodeid |-> 2]}

@!@!@ENDMSG 2217 @!@!@
@!@!@STARTMSG 2217:4 @!@!@
6: <entry line 129, col 16 to line 133, col 68 of module BenOr>
/\ r = <<1, 1, 1, 1>>
/\ p1v = <<1, 1, 1, 1>>
/\ pc = <<"P1S", "P1R", "P1S", "P1S">>
/\ p2v = <<-1, -1, -1, -1>>
/\ p2Msg = {}
/\ decided = <<-1, -1, -1, -1>>
/\ p1Msg = {[value |-> 1, round |-> 1, nodeid |-> 2]}

@!@!@ENDMSG 2217 @!@!@
@!@!@STARTMSG 2217:4 @!@!@
7: <P1S line 135, col 14 to line 138, col 59 of module BenOr>
/\ r = <<1, 1, 1, 1>>
/\ p1v = <<1, 1, 1, 1>>
/\ pc = <<"P1S", "P1R", "P1R", "P1S">>
/\ p2v = <<-1, -1, -1, -1>>
/\ p2Msg = {}
/\ decided = <<-1, -1, -1, -1>>
/\ p1Msg = { [value |-> 1, round |-> 1, nodeid |-> 2],
  [value |-> 1, round |-> 1, nodeid |-> 3] }

@!@!@ENDMSG 2217 @!@!@
@!@!@STARTMSG 2217:4 @!@!@
8: <P1R line 140, col 14 to line 148, col 61 of module BenOr>
/\ r = <<1, 1, 1, 1>>
/\ p1v = <<1, 1, 1, 1>>
/\ pc = <<"P1S", "P1R", "P2S", "P1S">>
/\ p2v = <<-1, -1, -1, -1>>
/\ p2Msg = {}
/\ decided = <<-1, -1, -1, -1>>
/\ p1Msg = { [value |-> 1, round |-> 1, nodeid |-> 2],
  [value |-> 1, round |-> 1, nodeid |-> 3] }

@!@!@ENDMSG 2217 @!@!@
@!@!@STARTMSG 2217:4 @!@!@
9: <P1R line 140, col 14 to line 148, col 61 of module BenOr>
/\ r = <<1, 1, 1, 1>>
/\ p1v = <<1, 1, 1, 1>>
/\ pc = <<"P1S", "P2S", "P2S", "P1S">>
/\ p2v = <<-1, -1, -1, -1>>
/\ p2Msg = {}
/\ decided = <<-1, -1, -1, -1>>
/\ p1Msg = { [value |-> 1, round |-> 1, nodeid |-> 2],
  [value |-> 1, round |-> 1, nodeid |-> 3] }

@!@!@ENDMSG 2217 @!@!@
@!@!@STARTMSG 2217:4 @!@!@
10: <P2S line 150, col 14 to line 153, col 59 of module BenOr>
/\ r = <<1, 1, 1, 1>>
/\ p1v = <<1, 1, 1, 1>>
/\ pc = <<"P1S", "P2R", "P2S", "P1S">>
/\ p2v = <<-1, -1, -1, -1>>
/\ p2Msg = {[value |-> -1, round |-> 1, nodeid |-> 2]}
/\ decided = <<-1, -1, -1, -1>>
/\ p1Msg = { [value |-> 1, round |-> 1, nodeid |-> 2],
  [value |-> 1, round |-> 1, nodeid |-> 3] }

@!@!@ENDMSG 2217 @!@!@
@!@!@STARTMSG 2217:4 @!@!@
11: <P1S line 135, col 14 to line 138, col 59 of module BenOr>
/\ r = <<1, 1, 1, 1>>
/\ p1v = <<1, 1, 1, 1>>
/\ pc = <<"P1R", "P2R", "P2S", "P1S">>
/\ p2v = <<-1, -1, -1, -1>>
/\ p2Msg = {[value |-> -1, round |-> 1, nodeid |-> 2]}
/\ decided = <<-1, -1, -1, -1>>
/\ p1Msg = { [value |-> 1, round |-> 1, nodeid |-> 1],
  [value |-> 1, round |-> 1, nodeid |-> 2],
  [value |-> 1, round |-> 1, nodeid |-> 3] }

@!@!@ENDMSG 2217 @!@!@
@!@!@STARTMSG 2217:4 @!@!@
12: <P1S line 135, col 14 to line 138, col 59 of module BenOr>
/\ r = <<1, 1, 1, 1>>
/\ p1v = <<1, 1, 1, 1>>
/\ pc = <<"P1R", "P2R", "P2S", "P1R">>
/\ p2v = <<-1, -1, -1, -1>>
/\ p2Msg = {[value |-> -1, round |-> 1, nodeid |-> 2]}
/\ decided = <<-1, -1, -1, -1>>
/\ p1Msg = { [value |-> 1, round |-> 1, nodeid |-> 1],
  [value |-> 1, round |-> 1, nodeid |-> 2],
  [value |-> 1, round |-> 1, nodeid |-> 3],
  [value |-> 1, round |-> 1, nodeid |-> 4] }

@!@!@ENDMSG 2217 @!@!@
@!@!@STARTMSG 2217:4 @!@!@
13: <P1R line 140, col 14 to line 148, col 61 of module BenOr>
/\ r = <<1, 1, 1, 1>>
/\ p1v = <<1, 1, 1, 1>>
/\ pc = <<"P2S", "P2R", "P2S", "P1R">>
/\ p2v = <<1, -1, -1, -1>>
/\ p2Msg = {[value |-> -1, round |-> 1, nodeid |-> 2]}
/\ decided = <<-1, -1, -1, -1>>
/\ p1Msg = { [value |-> 1, round |-> 1, nodeid |-> 1],
  [value |-> 1, round |-> 1, nodeid |-> 2],
  [value |-> 1, round |-> 1, nodeid |-> 3],
  [value |-> 1, round |-> 1, nodeid |-> 4] }

@!@!@ENDMSG 2217 @!@!@
@!@!@STARTMSG 2217:4 @!@!@
14: <P2S line 150, col 14 to line 153, col 59 of module BenOr>
/\ r = <<1, 1, 1, 1>>
/\ p1v = <<1, 1, 1, 1>>
/\ pc = <<"P2S", "P2R", "P2R", "P1R">>
/\ p2v = <<1, -1, -1, -1>>
/\ p2Msg = { [value |-> -1, round |-> 1, nodeid |-> 2],
  [value |-> -1, round |-> 1, nodeid |-> 3] }
/\ decided = <<-1, -1, -1, -1>>
/\ p1Msg = { [value |-> 1, round |-> 1, nodeid |-> 1],
  [value |-> 1, round |-> 1, nodeid |-> 2],
  [value |-> 1, round |-> 1, nodeid |-> 3],
  [value |-> 1, round |-> 1, nodeid |-> 4] }

@!@!@ENDMSG 2217 @!@!@
@!@!@STARTMSG 2217:4 @!@!@
15: <P2R line 155, col 14 to line 174, col 49 of module BenOr>
/\ r = <<1, 2, 1, 1>>
/\ p1v = <<1, 1, 1, 1>>
/\ pc = <<"P2S", "entry", "P2R", "P1R">>
/\ p2v = <<1, -1, -1, -1>>
/\ p2Msg = { [value |-> -1, round |-> 1, nodeid |-> 2],
  [value |-> -1, round |-> 1, nodeid |-> 3] }
/\ decided = <<-1, -1, -1, -1>>
/\ p1Msg = { [value |-> 1, round |-> 1, nodeid |-> 1],
  [value |-> 1, round |-> 1, nodeid |-> 2],
  [value |-> 1, round |-> 1, nodeid |-> 3],
  [value |-> 1, round |-> 1, nodeid |-> 4] }

@!@!@ENDMSG 2217 @!@!@
@!@!@STARTMSG 2217:4 @!@!@
16: <P2R line 155, col 14 to line 174, col 49 of module BenOr>
/\ r = <<1, 2, 2, 1>>
/\ p1v = <<1, 1, 1, 1>>
/\ pc = <<"P2S", "entry", "entry", "P1R">>
/\ p2v = <<1, -1, -1, -1>>
/\ p2Msg = { [value |-> -1, round |-> 1, nodeid |-> 2],
  [value |-> -1, round |-> 1, nodeid |-> 3] }
/\ decided = <<-1, -1, -1, -1>>
/\ p1Msg = { [value |-> 1, round |-> 1, nodeid |-> 1],
  [value |-> 1, round |-> 1, nodeid |-> 2],
  [value |-> 1, round |-> 1, nodeid |-> 3],
  [value |-> 1, round |-> 1, nodeid |-> 4] }

@!@!@ENDMSG 2217 @!@!@
@!@!@STARTMSG 2217:4 @!@!@
17: <entry line 129, col 16 to line 133, col 68 of module BenOr>
/\ r = <<1, 2, 2, 1>>
/\ p1v = <<1, 1, 1, 1>>
/\ pc = <<"P2S", "entry", "P1S", "P1R">>
/\ p2v = <<1, -1, -1, -1>>
/\ p2Msg = { [value |-> -1, round |-> 1, nodeid |-> 2],
  [value |-> -1, round |-> 1, nodeid |-> 3] }
/\ decided = <<-1, -1, -1, -1>>
/\ p1Msg = { [value |-> 1, round |-> 1, nodeid |-> 1],
  [value |-> 1, round |-> 1, nodeid |-> 2],
  [value |-> 1, round |-> 1, nodeid |-> 3],
  [value |-> 1, round |-> 1, nodeid |-> 4] }

@!@!@ENDMSG 2217 @!@!@
@!@!@STARTMSG 2217:4 @!@!@
18: <P1R line 140, col 14 to line 148, col 61 of module BenOr>
/\ r = <<1, 2, 2, 1>>
/\ p1v = <<1, 1, 1, 1>>
/\ pc = <<"P2S", "entry", "P1S", "P2S">>
/\ p2v = <<1, -1, -1, 1>>
/\ p2Msg = { [value |-> -1, round |-> 1, nodeid |-> 2],
  [value |-> -1, round |-> 1, nodeid |-> 3] }
/\ decided = <<-1, -1, -1, -1>>
/\ p1Msg = { [value |-> 1, round |-> 1, nodeid |-> 1],
  [value |-> 1, round |-> 1, nodeid |-> 2],
  [value |-> 1, round |-> 1, nodeid |-> 3],
  [value |-> 1, round |-> 1, nodeid |-> 4] }

@!@!@ENDMSG 2217 @!@!@
@!@!@STARTMSG 2217:4 @!@!@
19: <P2S line 150, col 14 to line 153, col 59 of module BenOr>
/\ r = <<1, 2, 2, 1>>
/\ p1v = <<1, 1, 1, 1>>
/\ pc = <<"P2R", "entry", "P1S", "P2S">>
/\ p2v = <<1, -1, -1, 1>>
/\ p2Msg = { [value |-> -1, round |-> 1, nodeid |-> 2],
  [value |-> -1, round |-> 1, nodeid |-> 3],
  [value |-> 1, round |-> 1, nodeid |-> 1] }
/\ decided = <<-1, -1, -1, -1>>
/\ p1Msg = { [value |-> 1, round |-> 1, nodeid |-> 1],
  [value |-> 1, round |-> 1, nodeid |-> 2],
  [value |-> 1, round |-> 1, nodeid |-> 3],
  [value |-> 1, round |-> 1, nodeid |-> 4] }

@!@!@ENDMSG 2217 @!@!@
@!@!@STARTMSG 2217:4 @!@!@
20: <P1S line 135, col 14 to line 138, col 59 of module BenOr>
/\ r = <<1, 2, 2, 1>>
/\ p1v = <<1, 1, 1, 1>>
/\ pc = <<"P2R", "entry", "P1R", "P2S">>
/\ p2v = <<1, -1, -1, 1>>
/\ p2Msg = { [value |-> -1, round |-> 1, nodeid |-> 2],
  [value |-> -1, round |-> 1, nodeid |-> 3],
  [value |-> 1, round |-> 1, nodeid |-> 1] }
/\ decided = <<-1, -1, -1, -1>>
/\ p1Msg = { [value |-> 1, round |-> 1, nodeid |-> 1],
  [value |-> 1, round |-> 1, nodeid |-> 2],
  [value |-> 1, round |-> 1, nodeid |-> 3],
  [value |-> 1, round |-> 1, nodeid |-> 4],
  [value |-> 1, round |-> 2, nodeid |-> 3] }

@!@!@ENDMSG 2217 @!@!@
@!@!@STARTMSG 2217:4 @!@!@
21: <P2S line 150, col 14 to line 153, col 59 of module BenOr>
/\ r = <<1, 2, 2, 1>>
/\ p1v = <<1, 1, 1, 1>>
/\ pc = <<"P2R", "entry", "P1R", "P2R">>
/\ p2v = <<1, -1, -1, 1>>
/\ p2Msg = { [value |-> -1, round |-> 1, nodeid |-> 2],
  [value |-> -1, round |-> 1, nodeid |-> 3],
  [value |-> 1, round |-> 1, nodeid |-> 1],
  [value |-> 1, round |-> 1, nodeid |-> 4] }
/\ decided = <<-1, -1, -1, -1>>
/\ p1Msg = { [value |-> 1, round |-> 1, nodeid |-> 1],
  [value |-> 1, round |-> 1, nodeid |-> 2],
  [value |-> 1, round |-> 1, nodeid |-> 3],
  [value |-> 1, round |-> 1, nodeid |-> 4],
  [value |-> 1, round |-> 2, nodeid |-> 3] }

@!@!@ENDMSG 2217 @!@!@
@!@!@STARTMSG 2217:4 @!@!@
22: <P2R line 155, col 14 to line 174, col 49 of module BenOr>
/\ r = <<1, 2, 2, 2>>
/\ p1v = <<1, 1, 1, 1>>
/\ pc = <<"P2R", "entry", "P1R", "entry">>
/\ p2v = <<1, -1, -1, 1>>
/\ p2Msg = { [value |-> -1, round |-> 1, nodeid |-> 2],
  [value |-> -1, round |-> 1, nodeid |-> 3],
  [value |-> 1, round |-> 1, nodeid |-> 1],
  [value |-> 1, round |-> 1, nodeid |-> 4] }
/\ decided = <<-1, -1, -1, -1>>
/\ p1Msg = { [value |-> 1, round |-> 1, nodeid |-> 1],
  [value |-> 1, round |-> 1, nodeid |-> 2],
  [value |-> 1, round |-> 1, nodeid |-> 3],
  [value |-> 1, round |-> 1, nodeid |-> 4],
  [value |-> 1, round |-> 2, nodeid |-> 3] }

@!@!@ENDMSG 2217 @!@!@
@!@!@STARTMSG 2217:4 @!@!@
23: <P2R line 155, col 14 to line 174, col 49 of module BenOr>
/\ r = <<2, 2, 2, 2>>
/\ p1v = <<1, 1, 1, 1>>
/\ pc = <<"entry", "entry", "P1R", "entry">>
/\ p2v = <<1, -1, -1, 1>>
/\ p2Msg = { [value |-> -1, round |-> 1, nodeid |-> 2],
  [value |-> -1, round |-> 1, nodeid |-> 3],
  [value |-> 1, round |-> 1, nodeid |-> 1],
  [value |-> 1, round |-> 1, nodeid |-> 4] }
/\ decided = <<-1, -1, -1, -1>>
/\ p1Msg = { [value |-> 1, round |-> 1, nodeid |-> 1],
  [value |-> 1, round |-> 1, nodeid |-> 2],
  [value |-> 1, round |-> 1, nodeid |-> 3],
  [value |-> 1, round |-> 1, nodeid |-> 4],
  [value |-> 1, round |-> 2, nodeid |-> 3] }

@!@!@ENDMSG 2217 @!@!@
@!@!@STARTMSG 2217:4 @!@!@
24: <entry line 129, col 16 to line 133, col 68 of module BenOr>
/\ r = <<2, 2, 2, 2>>
/\ p1v = <<1, 1, 1, 1>>
/\ pc = <<"entry", "entry", "P1R", "P1S">>
/\ p2v = <<1, -1, -1, 1>>
/\ p2Msg = { [value |-> -1, round |-> 1, nodeid |-> 2],
  [value |-> -1, round |-> 1, nodeid |-> 3],
  [value |-> 1, round |-> 1, nodeid |-> 1],
  [value |-> 1, round |-> 1, nodeid |-> 4] }
/\ decided = <<-1, -1, -1, -1>>
/\ p1Msg = { [value |-> 1, round |-> 1, nodeid |-> 1],
  [value |-> 1, round |-> 1, nodeid |-> 2],
  [value |-> 1, round |-> 1, nodeid |-> 3],
  [value |-> 1, round |-> 1, nodeid |-> 4],
  [value |-> 1, round |-> 2, nodeid |-> 3] }

@!@!@ENDMSG 2217 @!@!@
@!@!@STARTMSG 2217:4 @!@!@
25: <entry line 129, col 16 to line 133, col 68 of module BenOr>
/\ r = <<2, 2, 2, 2>>
/\ p1v = <<1, 1, 1, 1>>
/\ pc = <<"P1S", "entry", "P1R", "P1S">>
/\ p2v = <<1, -1, -1, 1>>
/\ p2Msg = { [value |-> -1, round |-> 1, nodeid |-> 2],
  [value |-> -1, round |-> 1, nodeid |-> 3],
  [value |-> 1, round |-> 1, nodeid |-> 1],
  [value |-> 1, round |-> 1, nodeid |-> 4] }
/\ decided = <<-1, -1, -1, -1>>
/\ p1Msg = { [value |-> 1, round |-> 1, nodeid |-> 1],
  [value |-> 1, round |-> 1, nodeid |-> 2],
  [value |-> 1, round |-> 1, nodeid |-> 3],
  [value |-> 1, round |-> 1, nodeid |-> 4],
  [value |-> 1, round |-> 2, nodeid |-> 3] }

@!@!@ENDMSG 2217 @!@!@
@!@!@STARTMSG 2217:4 @!@!@
26: <entry line 129, col 16 to line 133, col 68 of module BenOr>
/\ r = <<2, 2, 2, 2>>
/\ p1v = <<1, 1, 1, 1>>
/\ pc = <<"P1S", "P1S", "P1R", "P1S">>
/\ p2v = <<1, -1, -1, 1>>
/\ p2Msg = { [value |-> -1, round |-> 1, nodeid |-> 2],
  [value |-> -1, round |-> 1, nodeid |-> 3],
  [value |-> 1, round |-> 1, nodeid |-> 1],
  [value |-> 1, round |-> 1, nodeid |-> 4] }
/\ decided = <<-1, -1, -1, -1>>
/\ p1Msg = { [value |-> 1, round |-> 1, nodeid |-> 1],
  [value |-> 1, round |-> 1, nodeid |-> 2],
  [value |-> 1, round |-> 1, nodeid |-> 3],
  [value |-> 1, round |-> 1, nodeid |-> 4],
  [value |-> 1, round |-> 2, nodeid |-> 3] }

@!@!@ENDMSG 2217 @!@!@
@!@!@STARTMSG 2217:4 @!@!@
27: <P1S line 135, col 14 to line 138, col 59 of module BenOr>
/\ r = <<2, 2, 2, 2>>
/\ p1v = <<1, 1, 1, 1>>
/\ pc = <<"P1S", "P1S", "P1R", "P1R">>
/\ p2v = <<1, -1, -1, 1>>
/\ p2Msg = { [value |-> -1, round |-> 1, nodeid |-> 2],
  [value |-> -1, round |-> 1, nodeid |-> 3],
  [value |-> 1, round |-> 1, nodeid |-> 1],
  [value |-> 1, round |-> 1, nodeid |-> 4] }
/\ decided = <<-1, -1, -1, -1>>
/\ p1Msg = { [value |-> 1, round |-> 1, nodeid |-> 1],
  [value |-> 1, round |-> 1, nodeid |-> 2],
  [value |-> 1, round |-> 1, nodeid |-> 3],
  [value |-> 1, round |-> 1, nodeid |-> 4],
  [value |-> 1, round |-> 2, nodeid |-> 3],
  [value |-> 1, round |-> 2, nodeid |-> 4] }

@!@!@ENDMSG 2217 @!@!@
@!@!@STARTMSG 2217:4 @!@!@
28: <P1R line 140, col 14 to line 148, col 61 of module BenOr>
/\ r = <<2, 2, 2, 2>>
/\ p1v = <<1, 1, 1, 1>>
/\ pc = <<"P1S", "P1S", "P2S", "P1R">>
/\ p2v = <<1, -1, -1, 1>>
/\ p2Msg = { [value |-> -1, round |-> 1, nodeid |-> 2],
  [value |-> -1, round |-> 1, nodeid |-> 3],
  [value |-> 1, round |-> 1, nodeid |-> 1],
  [value |-> 1, round |-> 1, nodeid |-> 4] }
/\ decided = <<-1, -1, -1, -1>>
/\ p1Msg = { [value |-> 1, round |-> 1, nodeid |-> 1],
  [value |-> 1, round |-> 1, nodeid |-> 2],
  [value |-> 1, round |-> 1, nodeid |-> 3],
  [value |-> 1, round |-> 1, nodeid |-> 4],
  [value |-> 1, round |-> 2, nodeid |-> 3],
  [value |-> 1, round |-> 2, nodeid |-> 4] }

@!@!@ENDMSG 2217 @!@!@
@!@!@STARTMSG 2217:4 @!@!@
29: <P2S line 150, col 14 to line 153, col 59 of module BenOr>
/\ r = <<2, 2, 2, 2>>
/\ p1v = <<1, 1, 1, 1>>
/\ pc = <<"P1S", "P1S", "P2R", "P1R">>
/\ p2v = <<1, -1, -1, 1>>
/\ p2Msg = { [value |-> -1, round |-> 1, nodeid |-> 2],
  [value |-> -1, round |-> 1, nodeid |-> 3],
  [value |-> -1, round |-> 2, nodeid |-> 3],
  [value |-> 1, round |-> 1, nodeid |-> 1],
  [value |-> 1, round |-> 1, nodeid |-> 4] }
/\ decided = <<-1, -1, -1, -1>>
/\ p1Msg = { [value |-> 1, round |-> 1, nodeid |-> 1],
  [value |-> 1, round |-> 1, nodeid |-> 2],
  [value |-> 1, round |-> 1, nodeid |-> 3],
  [value |-> 1, round |-> 1, nodeid |-> 4],
  [value |-> 1, round |-> 2, nodeid |-> 3],
  [value |-> 1, round |-> 2, nodeid |-> 4] }

@!@!@ENDMSG 2217 @!@!@
@!@!@STARTMSG 2217:4 @!@!@
30: <P1R line 140, col 14 to line 148, col 61 of module BenOr>
/\ r = <<2, 2, 2, 2>>
/\ p1v = <<1, 1, 1, 1>>
/\ pc = <<"P1S", "P1S", "P2R", "P2S">>
/\ p2v = <<1, -1, -1, -1>>
/\ p2Msg = { [value |-> -1, round |-> 1, nodeid |-> 2],
  [value |-> -1, round |-> 1, nodeid |-> 3],
  [value |-> -1, round |-> 2, nodeid |-> 3],
  [value |-> 1, round |-> 1, nodeid |-> 1],
  [value |-> 1, round |-> 1, nodeid |-> 4] }
/\ decided = <<-1, -1, -1, -1>>
/\ p1Msg = { [value |-> 1, round |-> 1, nodeid |-> 1],
  [value |-> 1, round |-> 1, nodeid |-> 2],
  [value |-> 1, round |-> 1, nodeid |-> 3],
  [value |-> 1, round |-> 1, nodeid |-> 4],
  [value |-> 1, round |-> 2, nodeid |-> 3],
  [value |-> 1, round |-> 2, nodeid |-> 4] }

@!@!@ENDMSG 2217 @!@!@
@!@!@STARTMSG 2217:4 @!@!@
31: <P2S line 150, col 14 to line 153, col 59 of module BenOr>
/\ r = <<2, 2, 2, 2>>
/\ p1v = <<1, 1, 1, 1>>
/\ pc = <<"P1S", "P1S", "P2R", "P2R">>
/\ p2v = <<1, -1, -1, -1>>
/\ p2Msg = { [value |-> -1, round |-> 1, nodeid |-> 2],
  [value |-> -1, round |-> 1, nodeid |-> 3],
  [value |-> -1, round |-> 2, nodeid |-> 3],
  [value |-> -1, round |-> 2, nodeid |-> 4],
  [value |-> 1, round |-> 1, nodeid |-> 1],
  [value |-> 1, round |-> 1, nodeid |-> 4] }
/\ decided = <<-1, -1, -1, -1>>
/\ p1Msg = { [value |-> 1, round |-> 1, nodeid |-> 1],
  [value |-> 1, round |-> 1, nodeid |-> 2],
  [value |-> 1, round |-> 1, nodeid |-> 3],
  [value |-> 1, round |-> 1, nodeid |-> 4],
  [value |-> 1, round |-> 2, nodeid |-> 3],
  [value |-> 1, round |-> 2, nodeid |-> 4] }

@!@!@ENDMSG 2217 @!@!@
@!@!@STARTMSG 2217:4 @!@!@
32: <P1S line 135, col 14 to line 138, col 59 of module BenOr>
/\ r = <<2, 2, 2, 2>>
/\ p1v = <<1, 1, 1, 1>>
/\ pc = <<"P1R", "P1S", "P2R", "P2R">>
/\ p2v = <<1, -1, -1, -1>>
/\ p2Msg = { [value |-> -1, round |-> 1, nodeid |-> 2],
  [value |-> -1, round |-> 1, nodeid |-> 3],
  [value |-> -1, round |-> 2, nodeid |-> 3],
  [value |-> -1, round |-> 2, nodeid |-> 4],
  [value |-> 1, round |-> 1, nodeid |-> 1],
  [value |-> 1, round |-> 1, nodeid |-> 4] }
/\ decided = <<-1, -1, -1, -1>>
/\ p1Msg = { [value |-> 1, round |-> 1, nodeid |-> 1],
  [value |-> 1, round |-> 1, nodeid |-> 2],
  [value |-> 1, round |-> 1, nodeid |-> 3],
  [value |-> 1, round |-> 1, nodeid |-> 4],
  [value |-> 1, round |-> 2, nodeid |-> 1],
  [value |-> 1, round |-> 2, nodeid |-> 3],
  [value |-> 1, round |-> 2, nodeid |-> 4] }

@!@!@ENDMSG 2217 @!@!@
@!@!@STARTMSG 2217:4 @!@!@
33: <P2R line 155, col 14 to line 174, col 49 of module BenOr>
/\ r = <<2, 2, 3, 2>>
/\ p1v = <<1, 1, 1, 1>>
/\ pc = <<"P1R", "P1S", "entry", "P2R">>
/\ p2v = <<1, -1, -1, -1>>
/\ p2Msg = { [value |-> -1, round |-> 1, nodeid |-> 2],
  [value |-> -1, round |-> 1, nodeid |-> 3],
  [value |-> -1, round |-> 2, nodeid |-> 3],
  [value |-> -1, round |-> 2, nodeid |-> 4],
  [value |-> 1, round |-> 1, nodeid |-> 1],
  [value |-> 1, round |-> 1, nodeid |-> 4] }
/\ decided = <<-1, -1, -1, -1>>
/\ p1Msg = { [value |-> 1, round |-> 1, nodeid |-> 1],
  [value |-> 1, round |-> 1, nodeid |-> 2],
  [value |-> 1, round |-> 1, nodeid |-> 3],
  [value |-> 1, round |-> 1, nodeid |-> 4],
  [value |-> 1, round |-> 2, nodeid |-> 1],
  [value |-> 1, round |-> 2, nodeid |-> 3],
  [value |-> 1, round |-> 2, nodeid |-> 4] }

@!@!@ENDMSG 2217 @!@!@
@!@!@STARTMSG 2217:4 @!@!@
34: <P1R line 140, col 14 to line 148, col 61 of module BenOr>
/\ r = <<2, 2, 3, 2>>
/\ p1v = <<1, 1, 1, 1>>
/\ pc = <<"P2S", "P1S", "entry", "P2R">>
/\ p2v = <<1, -1, -1, -1>>
/\ p2Msg = { [value |-> -1, round |-> 1, nodeid |-> 2],
  [value |-> -1, round |-> 1, nodeid |-> 3],
  [value |-> -1, round |-> 2, nodeid |-> 3],
  [value |-> -1, round |-> 2, nodeid |-> 4],
  [value |-> 1, round |-> 1, nodeid |-> 1],
  [value |-> 1, round |-> 1, nodeid |-> 4] }
/\ decided = <<-1, -1, -1, -1>>
/\ p1Msg = { [value |-> 1, round |-> 1, nodeid |-> 1],
  [value |-> 1, round |-> 1, nodeid |-> 2],
  [value |-> 1, round |-> 1, nodeid |-> 3],
  [value |-> 1, round |-> 1, nodeid |-> 4],
  [value |-> 1, round |-> 2, nodeid |-> 1],
  [value |-> 1, round |-> 2, nodeid |-> 3],
  [value |-> 1, round |-> 2, nodeid |-> 4] }

@!@!@ENDMSG 2217 @!@!@
@!@!@STARTMSG 2217:4 @!@!@
35: <P1S line 135, col 14 to line 138, col 59 of module BenOr>
/\ r = <<2, 2, 3, 2>>
/\ p1v = <<1, 1, 1, 1>>
/\ pc = <<"P2S", "P1R", "entry", "P2R">>
/\ p2v = <<1, -1, -1, -1>>
/\ p2Msg = { [value |-> -1, round |-> 1, nodeid |-> 2],
  [value |-> -1, round |-> 1, nodeid |-> 3],
  [value |-> -1, round |-> 2, nodeid |-> 3],
  [value |-> -1, round |-> 2, nodeid |-> 4],
  [value |-> 1, round |-> 1, nodeid |-> 1],
  [value |-> 1, round |-> 1, nodeid |-> 4] }
/\ decided = <<-1, -1, -1, -1>>
/\ p1Msg = { [value |-> 1, round |-> 1, nodeid |-> 1],
  [value |-> 1, round |-> 1, nodeid |-> 2],
  [value |-> 1, round |-> 1, nodeid |-> 3],
  [value |-> 1, round |-> 1, nodeid |-> 4],
  [value |-> 1, round |-> 2, nodeid |-> 1],
  [value |-> 1, round |-> 2, nodeid |-> 2],
  [value |-> 1, round |-> 2, nodeid |-> 3],
  [value |-> 1, round |-> 2, nodeid |-> 4] }

@!@!@ENDMSG 2217 @!@!@
@!@!@STARTMSG 2217:4 @!@!@
36: <P2S line 150, col 14 to line 153, col 59 of module BenOr>
/\ r = <<2, 2, 3, 2>>
/\ p1v = <<1, 1, 1, 1>>
/\ pc = <<"P2R", "P1R", "entry", "P2R">>
/\ p2v = <<1, -1, -1, -1>>
/\ p2Msg = { [value |-> -1, round |-> 1, nodeid |-> 2],
  [value |-> -1, round |-> 1, nodeid |-> 3],
  [value |-> -1, round |-> 2, nodeid |-> 3],
  [value |-> -1, round |-> 2, nodeid |-> 4],
  [value |-> 1, round |-> 1, nodeid |-> 1],
  [value |-> 1, round |-> 1, nodeid |-> 4],
  [value |-> 1, round |-> 2, nodeid |-> 1] }
/\ decided = <<-1, -1, -1, -1>>
/\ p1Msg = { [value |-> 1, round |-> 1, nodeid |-> 1],
  [value |-> 1, round |-> 1, nodeid |-> 2],
  [value |-> 1, round |-> 1, nodeid |-> 3],
  [value |-> 1, round |-> 1, nodeid |-> 4],
  [value |-> 1, round |-> 2, nodeid |-> 1],
  [value |-> 1, round |-> 2, nodeid |-> 2],
  [value |-> 1, round |-> 2, nodeid |-> 3],
  [value |-> 1, round |-> 2, nodeid |-> 4] }

@!@!@ENDMSG 2217 @!@!@
@!@!@STARTMSG 2217:4 @!@!@
37: <P2R line 155, col 14 to line 174, col 49 of module BenOr>
/\ r = <<3, 2, 3, 2>>
/\ p1v = <<1, 1, 1, 1>>
/\ pc = <<"entry", "P1R", "entry", "P2R">>
/\ p2v = <<1, -1, -1, -1>>
/\ p2Msg = { [value |-> -1, round |-> 1, nodeid |-> 2],
  [value |-> -1, round |-> 1, nodeid |-> 3],
  [value |-> -1, round |-> 2, nodeid |-> 3],
  [value |-> -1, round |-> 2, nodeid |-> 4],
  [value |-> 1, round |-> 1, nodeid |-> 1],
  [value |-> 1, round |-> 1, nodeid |-> 4],
  [value |-> 1, round |-> 2, nodeid |-> 1] }
/\ decided = <<-1, -1, -1, -1>>
/\ p1Msg = { [value |-> 1, round |-> 1, nodeid |-> 1],
  [value |-> 1, round |-> 1, nodeid |-> 2],
  [value |-> 1, round |-> 1, nodeid |-> 3],
  [value |-> 1, round |-> 1, nodeid |-> 4],
  [value |-> 1, round |-> 2, nodeid |-> 1],
  [value |-> 1, round |-> 2, nodeid |-> 2],
  [value |-> 1, round |-> 2, nodeid |-> 3],
  [value |-> 1, round |-> 2, nodeid |-> 4] }

@!@!@ENDMSG 2217 @!@!@
@!@!@STARTMSG 2217:4 @!@!@
38: <P1R line 140, col 14 to line 148, col 61 of module BenOr>
/\ r = <<3, 2, 3, 2>>
/\ p1v = <<1, 1, 1, 1>>
/\ pc = <<"entry", "P2S", "entry", "P2R">>
/\ p2v = <<1, 1, -1, -1>>
/\ p2Msg = { [value |-> -1, round |-> 1, nodeid |-> 2],
  [value |-> -1, round |-> 1, nodeid |-> 3],
  [value |-> -1, round |-> 2, nodeid |-> 3],
  [value |-> -1, round |-> 2, nodeid |-> 4],
  [value |-> 1, round |-> 1, nodeid |-> 1],
  [value |-> 1, round |-> 1, nodeid |-> 4],
  [value |-> 1, round |-> 2, nodeid |-> 1] }
/\ decided = <<-1, -1, -1, -1>>
/\ p1Msg = { [value |-> 1, round |-> 1, nodeid |-> 1],
  [value |-> 1, round |-> 1, nodeid |-> 2],
  [value |-> 1, round |-> 1, nodeid |-> 3],
  [value |-> 1, round |-> 1, nodeid |-> 4],
  [value |-> 1, round |-> 2, nodeid |-> 1],
  [value |-> 1, round |-> 2, nodeid |-> 2],
  [value |-> 1, round |-> 2, nodeid |-> 3],
  [value |-> 1, round |-> 2, nodeid |-> 4] }

@!@!@ENDMSG 2217 @!@!@
@!@!@STARTMSG 2217:4 @!@!@
39: <P2R line 155, col 14 to line 174, col 49 of module BenOr>
/\ r = <<3, 2, 3, 3>>
/\ p1v = <<1, 1, 1, 1>>
/\ pc = <<"entry", "P2S", "entry", "entry">>
/\ p2v = <<1, 1, -1, -1>>
/\ p2Msg = { [value |-> -1, round |-> 1, nodeid |-> 2],
  [value |-> -1, round |-> 1, nodeid |-> 3],
  [value |-> -1, round |-> 2, nodeid |-> 3],
  [value |-> -1, round |-> 2, nodeid |-> 4],
  [value |-> 1, round |-> 1, nodeid |-> 1],
  [value |-> 1, round |-> 1, nodeid |-> 4],
  [value |-> 1, round |-> 2, nodeid |-> 1] }
/\ decided = <<-1, -1, -1, -1>>
/\ p1Msg = { [value |-> 1, round |-> 1, nodeid |-> 1],
  [value |-> 1, round |-> 1, nodeid |-> 2],
  [value |-> 1, round |-> 1, nodeid |-> 3],
  [value |-> 1, round |-> 1, nodeid |-> 4],
  [value |-> 1, round |-> 2, nodeid |-> 1],
  [value |-> 1, round |-> 2, nodeid |-> 2],
  [value |-> 1, round |-> 2, nodeid |-> 3],
  [value |-> 1, round |-> 2, nodeid |-> 4] }

@!@!@ENDMSG 2217 @!@!@
@!@!@STARTMSG 2217:4 @!@!@
40: <entry line 129, col 16 to line 133, col 68 of module BenOr>
/\ r = <<3, 2, 3, 3>>
/\ p1v = <<1, 1, 1, 1>>
/\ pc = <<"entry", "P2S", "entry", "Done">>
/\ p2v = <<1, 1, -1, -1>>
/\ p2Msg = { [value |-> -1, round |-> 1, nodeid |-> 2],
  [value |-> -1, round |-> 1, nodeid |-> 3],
  [value |-> -1, round |-> 2, nodeid |-> 3],
  [value |-> -1, round |-> 2, nodeid |-> 4],
  [value |-> 1, round |-> 1, nodeid |-> 1],
  [value |-> 1, round |-> 1, nodeid |-> 4],
  [value |-> 1, round |-> 2, nodeid |-> 1] }
/\ decided = <<-1, -1, -1, -1>>
/\ p1Msg = { [value |-> 1, round |-> 1, nodeid |-> 1],
  [value |-> 1, round |-> 1, nodeid |-> 2],
  [value |-> 1, round |-> 1, nodeid |-> 3],
  [value |-> 1, round |-> 1, nodeid |-> 4],
  [value |-> 1, round |-> 2, nodeid |-> 1],
  [value |-> 1, round |-> 2, nodeid |-> 2],
  [value |-> 1, round |-> 2, nodeid |-> 3],
  [value |-> 1, round |-> 2, nodeid |-> 4] }

@!@!@ENDMSG 2217 @!@!@
@!@!@STARTMSG 2217:4 @!@!@
41: <P2S line 150, col 14 to line 153, col 59 of module BenOr>
/\ r = <<3, 2, 3, 3>>
/\ p1v = <<1, 1, 1, 1>>
/\ pc = <<"entry", "P2R", "entry", "Done">>
/\ p2v = <<1, 1, -1, -1>>
/\ p2Msg = { [value |-> -1, round |-> 1, nodeid |-> 2],
  [value |-> -1, round |-> 1, nodeid |-> 3],
  [value |-> -1, round |-> 2, nodeid |-> 3],
  [value |-> -1, round |-> 2, nodeid |-> 4],
  [value |-> 1, round |-> 1, nodeid |-> 1],
  [value |-> 1, round |-> 1, nodeid |-> 4],
  [value |-> 1, round |-> 2, nodeid |-> 1],
  [value |-> 1, round |-> 2, nodeid |-> 2] }
/\ decided = <<-1, -1, -1, -1>>
/\ p1Msg = { [value |-> 1, round |-> 1, nodeid |-> 1],
  [value |-> 1, round |-> 1, nodeid |-> 2],
  [value |-> 1, round |-> 1, nodeid |-> 3],
  [value |-> 1, round |-> 1, nodeid |-> 4],
  [value |-> 1, round |-> 2, nodeid |-> 1],
  [value |-> 1, round |-> 2, nodeid |-> 2],
  [value |-> 1, round |-> 2, nodeid |-> 3],
  [value |-> 1, round |-> 2, nodeid |-> 4] }

@!@!@ENDMSG 2217 @!@!@
@!@!@STARTMSG 2217:4 @!@!@
42: <P2R line 155, col 14 to line 174, col 49 of module BenOr>
/\ r = <<3, 3, 3, 3>>
/\ p1v = <<1, 1, 1, 1>>
/\ pc = <<"entry", "entry", "entry", "Done">>
/\ p2v = <<1, 1, -1, -1>>
/\ p2Msg = { [value |-> -1, round |-> 1, nodeid |-> 2],
  [value |-> -1, round |-> 1, nodeid |-> 3],
  [value |-> -1, round |-> 2, nodeid |-> 3],
  [value |-> -1, round |-> 2, nodeid |-> 4],
  [value |-> 1, round |-> 1, nodeid |-> 1],
  [value |-> 1, round |-> 1, nodeid |-> 4],
  [value |-> 1, round |-> 2, nodeid |-> 1],
  [value |-> 1, round |-> 2, nodeid |-> 2] }
/\ decided = <<-1, -1, -1, -1>>
/\ p1Msg = { [value |-> 1, round |-> 1, nodeid |-> 1],
  [value |-> 1, round |-> 1, nodeid |-> 2],
  [value |-> 1, round |-> 1, nodeid |-> 3],
  [value |-> 1, round |-> 1, nodeid |-> 4],
  [value |-> 1, round |-> 2, nodeid |-> 1],
  [value |-> 1, round |-> 2, nodeid |-> 2],
  [value |-> 1, round |-> 2, nodeid |-> 3],
  [value |-> 1, round |-> 2, nodeid |-> 4] }

@!@!@ENDMSG 2217 @!@!@
@!@!@STARTMSG 2217:4 @!@!@
43: <entry line 129, col 16 to line 133, col 68 of module BenOr>
/\ r = <<3, 3, 3, 3>>
/\ p1v = <<1, 1, 1, 1>>
/\ pc = <<"Done", "entry", "entry", "Done">>
/\ p2v = <<1, 1, -1, -1>>
/\ p2Msg = { [value |-> -1, round |-> 1, nodeid |-> 2],
  [value |-> -1, round |-> 1, nodeid |-> 3],
  [value |-> -1, round |-> 2, nodeid |-> 3],
  [value |-> -1, round |-> 2, nodeid |-> 4],
  [value |-> 1, round |-> 1, nodeid |-> 1],
  [value |-> 1, round |-> 1, nodeid |-> 4],
  [value |-> 1, round |-> 2, nodeid |-> 1],
  [value |-> 1, round |-> 2, nodeid |-> 2] }
/\ decided = <<-1, -1, -1, -1>>
/\ p1Msg = { [value |-> 1, round |-> 1, nodeid |-> 1],
  [value |-> 1, round |-> 1, nodeid |-> 2],
  [value |-> 1, round |-> 1, nodeid |-> 3],
  [value |-> 1, round |-> 1, nodeid |-> 4],
  [value |-> 1, round |-> 2, nodeid |-> 1],
  [value |-> 1, round |-> 2, nodeid |-> 2],
  [value |-> 1, round |-> 2, nodeid |-> 3],
  [value |-> 1, round |-> 2, nodeid |-> 4] }

@!@!@ENDMSG 2217 @!@!@
@!@!@STARTMSG 2217:4 @!@!@
44: <entry line 129, col 16 to line 133, col 68 of module BenOr>
/\ r = <<3, 3, 3, 3>>
/\ p1v = <<1, 1, 1, 1>>
/\ pc = <<"Done", "entry", "Done", "Done">>
/\ p2v = <<1, 1, -1, -1>>
/\ p2Msg = { [value |-> -1, round |-> 1, nodeid |-> 2],
  [value |-> -1, round |-> 1, nodeid |-> 3],
  [value |-> -1, round |-> 2, nodeid |-> 3],
  [value |-> -1, round |-> 2, nodeid |-> 4],
  [value |-> 1, round |-> 1, nodeid |-> 1],
  [value |-> 1, round |-> 1, nodeid |-> 4],
  [value |-> 1, round |-> 2, nodeid |-> 1],
  [value |-> 1, round |-> 2, nodeid |-> 2] }
/\ decided = <<-1, -1, -1, -1>>
/\ p1Msg = { [value |-> 1, round |-> 1, nodeid |-> 1],
  [value |-> 1, round |-> 1, nodeid |-> 2],
  [value |-> 1, round |-> 1, nodeid |-> 3],
  [value |-> 1, round |-> 1, nodeid |-> 4],
  [value |-> 1, round |-> 2, nodeid |-> 1],
  [value |-> 1, round |-> 2, nodeid |-> 2],
  [value |-> 1, round |-> 2, nodeid |-> 3],
  [value |-> 1, round |-> 2, nodeid |-> 4] }

@!@!@ENDMSG 2217 @!@!@
@!@!@STARTMSG 2217:4 @!@!@
45: <entry line 129, col 16 to line 133, col 68 of module BenOr>
/\ r = <<3, 3, 3, 3>>
/\ p1v = <<1, 1, 1, 1>>
/\ pc = <<"Done", "Done", "Done", "Done">>
/\ p2v = <<1, 1, -1, -1>>
/\ p2Msg = { [value |-> -1, round |-> 1, nodeid |-> 2],
  [value |-> -1, round |-> 1, nodeid |-> 3],
  [value |-> -1, round |-> 2, nodeid |-> 3],
  [value |-> -1, round |-> 2, nodeid |-> 4],
  [value |-> 1, round |-> 1, nodeid |-> 1],
  [value |-> 1, round |-> 1, nodeid |-> 4],
  [value |-> 1, round |-> 2, nodeid |-> 1],
  [value |-> 1, round |-> 2, nodeid |-> 2] }
/\ decided = <<-1, -1, -1, -1>>
/\ p1Msg = { [value |-> 1, round |-> 1, nodeid |-> 1],
  [value |-> 1, round |-> 1, nodeid |-> 2],
  [value |-> 1, round |-> 1, nodeid |-> 3],
  [value |-> 1, round |-> 1, nodeid |-> 4],
  [value |-> 1, round |-> 2, nodeid |-> 1],
  [value |-> 1, round |-> 2, nodeid |-> 2],
  [value |-> 1, round |-> 2, nodeid |-> 3],
  [value |-> 1, round |-> 2, nodeid |-> 4] }

@!@!@ENDMSG 2217 @!@!@
@!@!@STARTMSG 2218:4 @!@!@
46: Stuttering
@!@!@ENDMSG 2218 @!@!@
@!@!@STARTMSG 2267:0 @!@!@
Finished checking temporal properties in 03s at 2019-12-01 19:33:43
@!@!@ENDMSG 2267 @!@!@
@!@!@STARTMSG 2201:0 @!@!@
The coverage statistics at 2019-12-01 19:33:43
@!@!@ENDMSG 2201 @!@!@
@!@!@STARTMSG 2773:0 @!@!@
<Init line 119, col 1 to line 119, col 4 of module BenOr>: 2:2
@!@!@ENDMSG 2773 @!@!@
@!@!@STARTMSG 2221:0 @!@!@
  line 120, col 9 to line 127, col 46 of module BenOr: 2
@!@!@ENDMSG 2221 @!@!@
@!@!@STARTMSG 2772:0 @!@!@
<entry line 129, col 1 to line 129, col 11 of module BenOr>: 724951:2223180
@!@!@ENDMSG 2772 @!@!@
@!@!@STARTMSG 2221:0 @!@!@
  line 129, col 19 to line 129, col 36 of module BenOr: 9990086
@!@!@ENDMSG 2221 @!@!@
@!@!@STARTMSG 2221:0 @!@!@
  |line 129, col 19 to line 129, col 26 of module BenOr: 7766906
@!@!@ENDMSG 2221 @!@!@
@!@!@STARTMSG 2221:0 @!@!@
  line 130, col 22 to line 130, col 38 of module BenOr: 2223180
@!@!@ENDMSG 2221 @!@!@
@!@!@STARTMSG 2221:0 @!@!@
  line 131, col 27 to line 131, col 62 of module BenOr: 528096
@!@!@ENDMSG 2221 @!@!@
@!@!@STARTMSG 2221:0 @!@!@
  line 132, col 27 to line 132, col 63 of module BenOr: 1695084
@!@!@ENDMSG 2221 @!@!@
@!@!@STARTMSG 2221:0 @!@!@
  line 133, col 19 to line 133, col 68 of module BenOr: 2223180
@!@!@ENDMSG 2221 @!@!@
@!@!@STARTMSG 2772:0 @!@!@
<P1S line 135, col 1 to line 135, col 9 of module BenOr>: 145350:528098
@!@!@ENDMSG 2772 @!@!@
@!@!@STARTMSG 2221:0 @!@!@
  line 135, col 17 to line 135, col 32 of module BenOr: 8294992
@!@!@ENDMSG 2221 @!@!@
@!@!@STARTMSG 2221:0 @!@!@
  |line 135, col 17 to line 135, col 24 of module BenOr: 7766894
@!@!@ENDMSG 2221 @!@!@
@!@!@STARTMSG 2221:0 @!@!@
  line 136, col 17 to line 136, col 99 of module BenOr: 528098
@!@!@ENDMSG 2221 @!@!@
@!@!@STARTMSG 2221:0 @!@!@
  line 137, col 17 to line 137, col 49 of module BenOr: 528098
@!@!@ENDMSG 2221 @!@!@
@!@!@STARTMSG 2221:0 @!@!@
  line 138, col 17 to line 138, col 59 of module BenOr: 528098
@!@!@ENDMSG 2221 @!@!@
@!@!@STARTMSG 2772:0 @!@!@
<P1R line 140, col 1 to line 140, col 9 of module BenOr>: 195803:696107
@!@!@ENDMSG 2772 @!@!@
@!@!@STARTMSG 2221:0 @!@!@
  line 140, col 17 to line 140, col 32 of module BenOr: 8462993
@!@!@ENDMSG 2221 @!@!@
@!@!@STARTMSG 2221:0 @!@!@
  |line 140, col 17 to line 140, col 24 of module BenOr: 7766886
@!@!@ENDMSG 2221 @!@!@
@!@!@STARTMSG 2221:0 @!@!@
  line 141, col 18 to line 141, col 61 of module BenOr: 696107
@!@!@ENDMSG 2221 @!@!@
@!@!@STARTMSG 2221:0 @!@!@
  |line 141, col 18 to line 141, col 52 of module BenOr: 715190
@!@!@ENDMSG 2221 @!@!@
@!@!@STARTMSG 2221:0 @!@!@
  ||line 141, col 30 to line 141, col 51 of module BenOr: 715190
@!@!@ENDMSG 2221 @!@!@
@!@!@STARTMSG 2221:0 @!@!@
  |||line 108, col 21 to line 108, col 48 of module BenOr: 715190
@!@!@ENDMSG 2221 @!@!@
@!@!@STARTMSG 2221:0 @!@!@
  ||||line 108, col 36 to line 108, col 46 of module BenOr: 5098614
@!@!@ENDMSG 2221 @!@!@
@!@!@STARTMSG 2221:0 @!@!@
  ||||line 108, col 28 to line 108, col 32 of module BenOr: 715190
@!@!@ENDMSG 2221 @!@!@
@!@!@STARTMSG 2221:0 @!@!@
  |||line 141, col 44 to line 141, col 50 of module BenOr: 715190
@!@!@ENDMSG 2221 @!@!@
@!@!@STARTMSG 2221:0 @!@!@
  |line 141, col 57 to line 141, col 61 of module BenOr: 715190
@!@!@ENDMSG 2221 @!@!@
@!@!@STARTMSG 2221:0 @!@!@
  line 142, col 21 to line 142, col 58 of module BenOr: 696107
@!@!@ENDMSG 2221 @!@!@
@!@!@STARTMSG 2221:0 @!@!@
  |line 142, col 21 to line 142, col 54 of module BenOr: 696107
@!@!@ENDMSG 2221 @!@!@
@!@!@STARTMSG 2221:0 @!@!@
  ||line 142, col 21 to line 142, col 52 of module BenOr: 696107
@!@!@ENDMSG 2221 @!@!@
@!@!@STARTMSG 2221:0 @!@!@
  |||line 142, col 33 to line 142, col 51 of module BenOr: 696107
@!@!@ENDMSG 2221 @!@!@
@!@!@STARTMSG 2221:0 @!@!@
  ||||line 110, col 19 to line 110, col 63 of module BenOr: 696107
@!@!@ENDMSG 2221 @!@!@
@!@!@STARTMSG 2221:0 @!@!@
  |||||line 110, col 33 to line 110, col 62 of module BenOr: 5010347
@!@!@ENDMSG 2221 @!@!@
@!@!@STARTMSG 2221:0 @!@!@
  ||||||line 110, col 34 to line 110, col 44 of module BenOr: 5010347
@!@!@ENDMSG 2221 @!@!@
@!@!@STARTMSG 2221:0 @!@!@
  ||||||line 110, col 51 to line 110, col 61 of module BenOr: 2427439
@!@!@ENDMSG 2221 @!@!@
@!@!@STARTMSG 2221:0 @!@!@
  |||||line 110, col 26 to line 110, col 30 of module BenOr: 696107
@!@!@ENDMSG 2221 @!@!@
@!@!@STARTMSG 2221:0 @!@!@
  ||||line 142, col 42 to line 142, col 48 of module BenOr: 696107
@!@!@ENDMSG 2221 @!@!@
@!@!@STARTMSG 2221:0 @!@!@
  |line 142, col 58 to line 142, col 58 of module BenOr: 696107
@!@!@ENDMSG 2221 @!@!@
@!@!@STARTMSG 2221:0 @!@!@
  line 143, col 25 to line 143, col 58 of module BenOr: 612198
@!@!@ENDMSG 2221 @!@!@
@!@!@STARTMSG 2221:0 @!@!@
  line 144, col 32 to line 144, col 69 of module BenOr: 83909
@!@!@ENDMSG 2221 @!@!@
@!@!@STARTMSG 2221:0 @!@!@
  |line 144, col 32 to line 144, col 65 of module BenOr: 83909
@!@!@ENDMSG 2221 @!@!@
@!@!@STARTMSG 2221:0 @!@!@
  ||line 144, col 32 to line 144, col 63 of module BenOr: 83909
@!@!@ENDMSG 2221 @!@!@
@!@!@STARTMSG 2221:0 @!@!@
  |||line 144, col 44 to line 144, col 62 of module BenOr: 83909
@!@!@ENDMSG 2221 @!@!@
@!@!@STARTMSG 2221:0 @!@!@
  ||||line 110, col 19 to line 110, col 63 of module BenOr: 83909
@!@!@ENDMSG 2221 @!@!@
@!@!@STARTMSG 2221:0 @!@!@
  |||||line 110, col 33 to line 110, col 62 of module BenOr: 528690
@!@!@ENDMSG 2221 @!@!@
@!@!@STARTMSG 2221:0 @!@!@
  ||||||line 110, col 34 to line 110, col 44 of module BenOr: 528690
@!@!@ENDMSG 2221 @!@!@
@!@!@STARTMSG 2221:0 @!@!@
  ||||||line 110, col 51 to line 110, col 61 of module BenOr: 212866
@!@!@ENDMSG 2221 @!@!@
@!@!@STARTMSG 2221:0 @!@!@
  |||||line 110, col 26 to line 110, col 30 of module BenOr: 83909
@!@!@ENDMSG 2221 @!@!@
@!@!@STARTMSG 2221:0 @!@!@
  ||||line 144, col 53 to line 144, col 59 of module BenOr: 83909
@!@!@ENDMSG 2221 @!@!@
@!@!@STARTMSG 2221:0 @!@!@
  |line 144, col 69 to line 144, col 69 of module BenOr: 83909
@!@!@ENDMSG 2221 @!@!@
@!@!@STARTMSG 2221:0 @!@!@
  line 145, col 39 to line 145, col 69 of module BenOr: 0
@!@!@ENDMSG 2221 @!@!@
@!@!@STARTMSG 2221:0 @!@!@
  line 146, col 36 to line 146, col 70 of module BenOr: 83909
@!@!@ENDMSG 2221 @!@!@
@!@!@STARTMSG 2221:0 @!@!@
  line 147, col 17 to line 147, col 49 of module BenOr: 696107
@!@!@ENDMSG 2221 @!@!@
@!@!@STARTMSG 2221:0 @!@!@
  line 148, col 17 to line 148, col 61 of module BenOr: 696107
@!@!@ENDMSG 2221 @!@!@
@!@!@STARTMSG 2772:0 @!@!@
<P2S line 150, col 1 to line 150, col 9 of module BenOr>: 351883:1031741
@!@!@ENDMSG 2772 @!@!@
@!@!@STARTMSG 2221:0 @!@!@
  line 150, col 17 to line 150, col 32 of module BenOr: 8798619
@!@!@ENDMSG 2221 @!@!@
@!@!@STARTMSG 2221:0 @!@!@
  |line 150, col 17 to line 150, col 24 of module BenOr: 7766878
@!@!@ENDMSG 2221 @!@!@
@!@!@STARTMSG 2221:0 @!@!@
  line 151, col 17 to line 151, col 99 of module BenOr: 1031741
@!@!@ENDMSG 2221 @!@!@
@!@!@STARTMSG 2221:0 @!@!@
  line 152, col 17 to line 152, col 49 of module BenOr: 1031741
@!@!@ENDMSG 2221 @!@!@
@!@!@STARTMSG 2221:0 @!@!@
  line 153, col 17 to line 153, col 59 of module BenOr: 1031741
@!@!@ENDMSG 2221 @!@!@
@!@!@STARTMSG 2772:0 @!@!@
<P2R line 155, col 1 to line 155, col 9 of module BenOr>: 523708:1687650
@!@!@ENDMSG 2772 @!@!@
@!@!@STARTMSG 2221:0 @!@!@
  line 155, col 17 to line 155, col 32 of module BenOr: 9236813
@!@!@ENDMSG 2221 @!@!@
@!@!@STARTMSG 2221:0 @!@!@
  |line 155, col 17 to line 155, col 24 of module BenOr: 7766870
@!@!@ENDMSG 2221 @!@!@
@!@!@STARTMSG 2221:0 @!@!@
  line 156, col 18 to line 156, col 61 of module BenOr: 1469943
@!@!@ENDMSG 2221 @!@!@
@!@!@STARTMSG 2221:0 @!@!@
  |line 156, col 18 to line 156, col 52 of module BenOr: 1573623
@!@!@ENDMSG 2221 @!@!@
@!@!@STARTMSG 2221:0 @!@!@
  ||line 156, col 30 to line 156, col 51 of module BenOr: 1573623
@!@!@ENDMSG 2221 @!@!@
@!@!@STARTMSG 2221:0 @!@!@
  |||line 109, col 21 to line 109, col 48 of module BenOr: 1573623
@!@!@ENDMSG 2221 @!@!@
@!@!@STARTMSG 2221:0 @!@!@
  ||||line 109, col 36 to line 109, col 46 of module BenOr: 10032738
@!@!@ENDMSG 2221 @!@!@
@!@!@STARTMSG 2221:0 @!@!@
  ||||line 109, col 28 to line 109, col 32 of module BenOr: 1573623
@!@!@ENDMSG 2221 @!@!@
@!@!@STARTMSG 2221:0 @!@!@
  |||line 156, col 44 to line 156, col 50 of module BenOr: 1573623
@!@!@ENDMSG 2221 @!@!@
@!@!@STARTMSG 2221:0 @!@!@
  |line 156, col 57 to line 156, col 61 of module BenOr: 1573623
@!@!@ENDMSG 2221 @!@!@
@!@!@STARTMSG 2221:0 @!@!@
  line 157, col 20 to line 157, col 60 of module BenOr: 1469943
@!@!@ENDMSG 2221 @!@!@
@!@!@STARTMSG 2221:0 @!@!@
  |line 157, col 20 to line 157, col 53 of module BenOr: 1469943
@!@!@ENDMSG 2221 @!@!@
@!@!@STARTMSG 2221:0 @!@!@
  ||line 157, col 32 to line 157, col 52 of module BenOr: 1469943
@!@!@ENDMSG 2221 @!@!@
@!@!@STARTMSG 2221:0 @!@!@
  |||line 111, col 21 to line 111, col 65 of module BenOr: 1469943
@!@!@ENDMSG 2221 @!@!@
@!@!@STARTMSG 2221:0 @!@!@
  ||||line 111, col 35 to line 111, col 64 of module BenOr: 9550098
@!@!@ENDMSG 2221 @!@!@
@!@!@STARTMSG 2221:0 @!@!@
  |||||line 111, col 36 to line 111, col 46 of module BenOr: 9550098
@!@!@ENDMSG 2221 @!@!@
@!@!@STARTMSG 2221:0 @!@!@
  |||||line 111, col 53 to line 111, col 63 of module BenOr: 4421450
@!@!@ENDMSG 2221 @!@!@
@!@!@STARTMSG 2221:0 @!@!@
  ||||line 111, col 28 to line 111, col 32 of module BenOr: 1469943
@!@!@ENDMSG 2221 @!@!@
@!@!@STARTMSG 2221:0 @!@!@
  |||line 157, col 43 to line 157, col 49 of module BenOr: 1469943
@!@!@ENDMSG 2221 @!@!@
@!@!@STARTMSG 2221:0 @!@!@
  |line 157, col 58 to line 157, col 60 of module BenOr: 1469943
@!@!@ENDMSG 2221 @!@!@
@!@!@STARTMSG 2221:0 @!@!@
  line 158, col 25 to line 158, col 66 of module BenOr: 331336
@!@!@ENDMSG 2221 @!@!@
@!@!@STARTMSG 2221:0 @!@!@
  line 159, col 31 to line 159, col 71 of module BenOr: 1138607
@!@!@ENDMSG 2221 @!@!@
@!@!@STARTMSG 2221:0 @!@!@
  |line 159, col 31 to line 159, col 64 of module BenOr: 1138607
@!@!@ENDMSG 2221 @!@!@
@!@!@STARTMSG 2221:0 @!@!@
  ||line 159, col 43 to line 159, col 63 of module BenOr: 1138607
@!@!@ENDMSG 2221 @!@!@
@!@!@STARTMSG 2221:0 @!@!@
  |||line 111, col 21 to line 111, col 65 of module BenOr: 1138607
@!@!@ENDMSG 2221 @!@!@
@!@!@STARTMSG 2221:0 @!@!@
  ||||line 111, col 35 to line 111, col 64 of module BenOr: 7347266
@!@!@ENDMSG 2221 @!@!@
@!@!@STARTMSG 2221:0 @!@!@
  |||||line 111, col 36 to line 111, col 46 of module BenOr: 7347266
@!@!@ENDMSG 2221 @!@!@
@!@!@STARTMSG 2221:0 @!@!@
  |||||line 111, col 53 to line 111, col 63 of module BenOr: 3182290
@!@!@ENDMSG 2221 @!@!@
@!@!@STARTMSG 2221:0 @!@!@
  ||||line 111, col 28 to line 111, col 32 of module BenOr: 1138607
@!@!@ENDMSG 2221 @!@!@
@!@!@STARTMSG 2221:0 @!@!@
  |||line 159, col 54 to line 159, col 60 of module BenOr: 1138607
@!@!@ENDMSG 2221 @!@!@
@!@!@STARTMSG 2221:0 @!@!@
  |line 159, col 69 to line 159, col 71 of module BenOr: 1138607
@!@!@ENDMSG 2221 @!@!@
@!@!@STARTMSG 2221:0 @!@!@
  line 160, col 39 to line 160, col 77 of module BenOr: 0
@!@!@ENDMSG 2221 @!@!@
@!@!@STARTMSG 2221:0 @!@!@
  line 161, col 39 to line 161, col 42 of module BenOr: 1138607
@!@!@ENDMSG 2221 @!@!@
@!@!@STARTMSG 2221:0 @!@!@
  line 162, col 39 to line 162, col 55 of module BenOr: 1138607
@!@!@ENDMSG 2221 @!@!@
@!@!@STARTMSG 2221:0 @!@!@
  line 163, col 21 to line 163, col 57 of module BenOr: 1469943
@!@!@ENDMSG 2221 @!@!@
@!@!@STARTMSG 2221:0 @!@!@
  |line 163, col 21 to line 163, col 54 of module BenOr: 1469943
@!@!@ENDMSG 2221 @!@!@
@!@!@STARTMSG 2221:0 @!@!@
  ||line 163, col 33 to line 163, col 53 of module BenOr: 1469943
@!@!@ENDMSG 2221 @!@!@
@!@!@STARTMSG 2221:0 @!@!@
  |||line 111, col 21 to line 111, col 65 of module BenOr: 1469943
@!@!@ENDMSG 2221 @!@!@
@!@!@STARTMSG 2221:0 @!@!@
  ||||line 111, col 35 to line 111, col 64 of module BenOr: 9550098
@!@!@ENDMSG 2221 @!@!@
@!@!@STARTMSG 2221:0 @!@!@
  |||||line 111, col 36 to line 111, col 46 of module BenOr: 9550098
@!@!@ENDMSG 2221 @!@!@
@!@!@STARTMSG 2221:0 @!@!@
  |||||line 111, col 53 to line 111, col 63 of module BenOr: 4421450
@!@!@ENDMSG 2221 @!@!@
@!@!@STARTMSG 2221:0 @!@!@
  ||||line 111, col 28 to line 111, col 32 of module BenOr: 1469943
@!@!@ENDMSG 2221 @!@!@
@!@!@STARTMSG 2221:0 @!@!@
  |||line 163, col 44 to line 163, col 50 of module BenOr: 1469943
@!@!@ENDMSG 2221 @!@!@
@!@!@STARTMSG 2221:0 @!@!@
  line 164, col 28 to line 164, col 58 of module BenOr: 0
@!@!@ENDMSG 2221 @!@!@
@!@!@STARTMSG 2221:0 @!@!@
  line 165, col 32 to line 165, col 68 of module BenOr: 1469943
@!@!@ENDMSG 2221 @!@!@
@!@!@STARTMSG 2221:0 @!@!@
  |line 165, col 32 to line 165, col 65 of module BenOr: 1469943
@!@!@ENDMSG 2221 @!@!@
@!@!@STARTMSG 2221:0 @!@!@
  ||line 165, col 44 to line 165, col 64 of module BenOr: 1469943
@!@!@ENDMSG 2221 @!@!@
@!@!@STARTMSG 2221:0 @!@!@
  |||line 111, col 21 to line 111, col 65 of module BenOr: 1469943
@!@!@ENDMSG 2221 @!@!@
@!@!@STARTMSG 2221:0 @!@!@
  ||||line 111, col 35 to line 111, col 64 of module BenOr: 9550098
@!@!@ENDMSG 2221 @!@!@
@!@!@STARTMSG 2221:0 @!@!@
  |||||line 111, col 36 to line 111, col 46 of module BenOr: 9550098
@!@!@ENDMSG 2221 @!@!@
@!@!@STARTMSG 2221:0 @!@!@
  |||||line 111, col 53 to line 111, col 63 of module BenOr: 4421450
@!@!@ENDMSG 2221 @!@!@
@!@!@STARTMSG 2221:0 @!@!@
  ||||line 111, col 28 to line 111, col 32 of module BenOr: 1469943
@!@!@ENDMSG 2221 @!@!@
@!@!@STARTMSG 2221:0 @!@!@
  |||line 165, col 55 to line 165, col 61 of module BenOr: 1469943
@!@!@ENDMSG 2221 @!@!@
@!@!@STARTMSG 2221:0 @!@!@
  line 166, col 36 to line 166, col 69 of module BenOr: 1252236
@!@!@ENDMSG 2221 @!@!@
@!@!@STARTMSG 2221:0 @!@!@
  line 167, col 43 to line 167, col 81 of module BenOr: 217707
@!@!@ENDMSG 2221 @!@!@
@!@!@STARTMSG 2221:0 @!@!@
  |line 167, col 43 to line 167, col 77 of module BenOr: 217707
@!@!@ENDMSG 2221 @!@!@
@!@!@STARTMSG 2221:0 @!@!@
  ||line 167, col 55 to line 167, col 76 of module BenOr: 217707
@!@!@ENDMSG 2221 @!@!@
@!@!@STARTMSG 2221:0 @!@!@
  |||line 111, col 21 to line 111, col 65 of module BenOr: 217707
@!@!@ENDMSG 2221 @!@!@
@!@!@STARTMSG 2221:0 @!@!@
  ||||line 111, col 35 to line 111, col 64 of module BenOr: 1258378
@!@!@ENDMSG 2221 @!@!@
@!@!@STARTMSG 2221:0 @!@!@
  |||||line 111, col 36 to line 111, col 46 of module BenOr: 1258378
@!@!@ENDMSG 2221 @!@!@
@!@!@STARTMSG 2221:0 @!@!@
  |||||line 111, col 53 to line 111, col 63 of module BenOr: 473814
@!@!@ENDMSG 2221 @!@!@
@!@!@STARTMSG 2221:0 @!@!@
  ||||line 111, col 28 to line 111, col 32 of module BenOr: 217707
@!@!@ENDMSG 2221 @!@!@
@!@!@STARTMSG 2221:0 @!@!@
  |||line 167, col 66 to line 167, col 72 of module BenOr: 217707
@!@!@ENDMSG 2221 @!@!@
@!@!@STARTMSG 2221:0 @!@!@
  |||line 167, col 74 to line 167, col 75 of module BenOr: 217707
@!@!@ENDMSG 2221 @!@!@
@!@!@STARTMSG 2221:0 @!@!@
  line 169, col 52 to line 169, col 82 of module BenOr: 435414
@!@!@ENDMSG 2221 @!@!@
@!@!@STARTMSG 2775:0 @!@!@
  line 168, col 59 to line 168, col 63 of module BenOr: 217707:653121
@!@!@ENDMSG 2775 @!@!@
@!@!@STARTMSG 2221:0 @!@!@
  line 171, col 50 to line 171, col 59 of module BenOr: 0
@!@!@ENDMSG 2221 @!@!@
@!@!@STARTMSG 2221:0 @!@!@
  line 172, col 17 to line 172, col 53 of module BenOr: 1687650
@!@!@ENDMSG 2221 @!@!@
@!@!@STARTMSG 2221:0 @!@!@
  line 173, col 17 to line 173, col 51 of module BenOr: 1687650
@!@!@ENDMSG 2221 @!@!@
@!@!@STARTMSG 2221:0 @!@!@
  line 174, col 17 to line 174, col 49 of module BenOr: 1687650
@!@!@ENDMSG 2221 @!@!@
@!@!@STARTMSG 2772:0 @!@!@
<Terminating line 179, col 1 to line 179, col 11 of module BenOr>: 0:3941
@!@!@ENDMSG 2772 @!@!@
@!@!@STARTMSG 2221:0 @!@!@
  line 179, col 40 to line 179, col 56 of module BenOr: 2495965
@!@!@ENDMSG 2221 @!@!@
@!@!@STARTMSG 2221:0 @!@!@
  |line 179, col 40 to line 179, col 47 of module BenOr: 2480201
@!@!@ENDMSG 2221 @!@!@
@!@!@STARTMSG 2221:0 @!@!@
  line 179, col 31 to line 179, col 37 of module BenOr: 1941699
@!@!@ENDMSG 2221 @!@!@
@!@!@STARTMSG 2221:0 @!@!@
  line 180, col 19 to line 180, col 32 of module BenOr: 3941
@!@!@ENDMSG 2221 @!@!@
@!@!@STARTMSG 2202:0 @!@!@
End of statistics.
@!@!@ENDMSG 2202 @!@!@
@!@!@STARTMSG 2200:0 @!@!@
Progress(45) at 2019-12-01 19:33:43: 6,170,606 states generated (4,189,805 s/min), 1,941,696 distinct states found (1,318,400 ds/min), 0 states left on queue.
@!@!@ENDMSG 2200 @!@!@
@!@!@STARTMSG 2199:0 @!@!@
6170606 states generated, 1941696 distinct states found, 0 states left on queue.
@!@!@ENDMSG 2199 @!@!@
@!@!@STARTMSG 2186:0 @!@!@
Finished in 88368ms at (2019-12-01 19:33:43)
@!@!@ENDMSG 2186 @!@!@
