@!@!@STARTMSG 2262:0 @!@!@
TLC2 Version 2.14 of 10 July 2019
@!@!@ENDMSG 2262 @!@!@
@!@!@STARTMSG 2188:0 @!@!@
Running Random Simulation with seed -8602238299306186234 with 6 workers on 4 cores with 599MB heap and 1346MB offheap memory [pid: 10472] (Windows 10 10.0 amd64, AdoptOpenJDK 11.0.3 x86_64).
@!@!@ENDMSG 2188 @!@!@
@!@!@STARTMSG 2220:0 @!@!@
Starting SANY...
@!@!@ENDMSG 2220 @!@!@
Parsing file C:\Users\HP\Desktop\Distributed Systems\project\TLA-Plus\BenOr\BenOr.toolbox\Model_7\MC.tla
Parsing file C:\Users\HP\Desktop\Distributed Systems\project\TLA-Plus\BenOr\BenOr.toolbox\Model_7\BenOr.tla
Parsing file C:\Users\HP\Desktop\Distributed Systems\tla+\toolbox\plugins\org.lamport.tlatools_1.0.0.201907102009\tla2sany\StandardModules\TLC.tla
Parsing file C:\Users\HP\Desktop\Distributed Systems\tla+\toolbox\plugins\org.lamport.tlatools_1.0.0.201907102009\tla2sany\StandardModules\Integers.tla
Parsing file C:\Users\HP\Desktop\Distributed Systems\tla+\toolbox\plugins\org.lamport.tlatools_1.0.0.201907102009\tla2sany\StandardModules\Sequences.tla
Parsing file C:\Users\HP\Desktop\Distributed Systems\tla+\toolbox\plugins\org.lamport.tlatools_1.0.0.201907102009\tla2sany\StandardModules\FiniteSets.tla
Parsing file C:\Users\HP\Desktop\Distributed Systems\tla+\toolbox\plugins\org.lamport.tlatools_1.0.0.201907102009\tla2sany\StandardModules\Naturals.tla
Semantic processing of module Naturals
Semantic processing of module Integers
Semantic processing of module Sequences
Semantic processing of module FiniteSets
Semantic processing of module TLC
Semantic processing of module BenOr
Semantic processing of module MC
@!@!@STARTMSG 2219:0 @!@!@
SANY finished.
@!@!@ENDMSG 2219 @!@!@
@!@!@STARTMSG 2185:0 @!@!@
Starting... (2019-11-26 15:03:43)
@!@!@ENDMSG 2185 @!@!@
@!@!@STARTMSG 2269:0 @!@!@
Computed 1 initial states...
@!@!@ENDMSG 2269 @!@!@
@!@!@STARTMSG 2114:1 @!@!@
Deadlock reached.
@!@!@ENDMSG 2114 @!@!@
@!@!@STARTMSG 2121:1 @!@!@
The behavior up to this point is:
@!@!@ENDMSG 2121 @!@!@
@!@!@STARTMSG 2216:4 @!@!@
1:
/\ decided = <<-1, -1, -1, -1, -1>>
/\ p1v = <<0, 0, 0, 0, 0>>
/\ p2v = <<-1, -1, -1, -1, -1>>
/\ p2Msg = {}
/\ p1Msg = {}
/\ r = <<1, 1, 1, 1, 1>>
/\ pc = <<"broadcast", "broadcast", "broadcast", "broadcast", "broadcast">>
/\ DBCollectP1Msgs = {}

@!@!@ENDMSG 2216 @!@!@
@!@!@STARTMSG 2216:4 @!@!@
2:
/\ decided = <<-1, -1, -1, -1, -1>>
/\ p1v = <<0, 0, 0, 0, 0>>
/\ p2v = <<-1, -1, -1, -1, -1>>
/\ p2Msg = {}
/\ p1Msg = {}
/\ r = <<1, 1, 1, 1, 1>>
/\ pc = <<"broadcast", "broadcast", "broadcast", "broadcast", "P1S">>
/\ DBCollectP1Msgs = {}

@!@!@ENDMSG 2216 @!@!@
@!@!@STARTMSG 2216:4 @!@!@
3:
/\ decided = <<-1, -1, -1, -1, -1>>
/\ p1v = <<0, 0, 0, 0, 0>>
/\ p2v = <<-1, -1, -1, -1, -1>>
/\ p2Msg = {}
/\ p1Msg = {}
/\ r = <<1, 1, 1, 1, 1>>
/\ pc = <<"P1S", "broadcast", "broadcast", "broadcast", "P1S">>
/\ DBCollectP1Msgs = {}

@!@!@ENDMSG 2216 @!@!@
@!@!@STARTMSG 2216:4 @!@!@
4:
/\ decided = <<-1, -1, -1, -1, -1>>
/\ p1v = <<0, 0, 0, 0, 0>>
/\ p2v = <<-1, -1, -1, -1, -1>>
/\ p2Msg = {}
/\ p1Msg = {[value |-> 0, round |-> 1, nodeid |-> 5]}
/\ r = <<1, 1, 1, 1, 1>>
/\ pc = <<"P1S", "broadcast", "broadcast", "broadcast", "P1R">>
/\ DBCollectP1Msgs = {}

@!@!@ENDMSG 2216 @!@!@
@!@!@STARTMSG 2216:4 @!@!@
5:
/\ decided = <<-1, -1, -1, -1, -1>>
/\ p1v = <<0, 0, 0, 0, 0>>
/\ p2v = <<-1, -1, -1, -1, -1>>
/\ p2Msg = {}
/\ p1Msg = { [value |-> 0, round |-> 1, nodeid |-> 1],
  [value |-> 0, round |-> 1, nodeid |-> 5] }
/\ r = <<1, 1, 1, 1, 1>>
/\ pc = <<"P1R", "broadcast", "broadcast", "broadcast", "P1R">>
/\ DBCollectP1Msgs = {}

@!@!@ENDMSG 2216 @!@!@
@!@!@STARTMSG 2216:4 @!@!@
6:
/\ decided = <<-1, -1, -1, -1, -1>>
/\ p1v = <<0, 0, 0, 0, 0>>
/\ p2v = <<-1, -1, -1, -1, -1>>
/\ p2Msg = {}
/\ p1Msg = { [value |-> 0, round |-> 1, nodeid |-> 1],
  [value |-> 0, round |-> 1, nodeid |-> 5] }
/\ r = <<1, 1, 1, 1, 1>>
/\ pc = <<"P1R", "P1S", "broadcast", "broadcast", "P1R">>
/\ DBCollectP1Msgs = {}

@!@!@ENDMSG 2216 @!@!@
@!@!@STARTMSG 2216:4 @!@!@
7:
/\ decided = <<-1, -1, -1, -1, -1>>
/\ p1v = <<0, 0, 0, 0, 0>>
/\ p2v = <<-1, -1, -1, -1, -1>>
/\ p2Msg = {}
/\ p1Msg = { [value |-> 0, round |-> 1, nodeid |-> 1],
  [value |-> 0, round |-> 1, nodeid |-> 5] }
/\ r = <<1, 1, 1, 1, 1>>
/\ pc = <<"P1R", "P1S", "broadcast", "P1S", "P1R">>
/\ DBCollectP1Msgs = {}

@!@!@ENDMSG 2216 @!@!@
@!@!@STARTMSG 2216:4 @!@!@
8:
/\ decided = <<-1, -1, -1, -1, -1>>
/\ p1v = <<0, 0, 0, 0, 0>>
/\ p2v = <<-1, -1, -1, -1, -1>>
/\ p2Msg = {}
/\ p1Msg = { [value |-> 0, round |-> 1, nodeid |-> 1],
  [value |-> 0, round |-> 1, nodeid |-> 4],
  [value |-> 0, round |-> 1, nodeid |-> 5] }
/\ r = <<1, 1, 1, 1, 1>>
/\ pc = <<"P1R", "P1S", "broadcast", "P1R", "P1R">>
/\ DBCollectP1Msgs = {}

@!@!@ENDMSG 2216 @!@!@
@!@!@STARTMSG 2216:4 @!@!@
9:
/\ decided = <<-1, -1, -1, -1, -1>>
/\ p1v = <<0, 0, 0, 0, 0>>
/\ p2v = <<-1, -1, -1, -1, -1>>
/\ p2Msg = {}
/\ p1Msg = { [value |-> 0, round |-> 1, nodeid |-> 1],
  [value |-> 0, round |-> 1, nodeid |-> 4],
  [value |-> 0, round |-> 1, nodeid |-> 5] }
/\ r = <<1, 1, 1, 1, 1>>
/\ pc = <<"P1R", "P1S", "P1S", "P1R", "P1R">>
/\ DBCollectP1Msgs = {}

@!@!@ENDMSG 2216 @!@!@
@!@!@STARTMSG 2216:4 @!@!@
10:
/\ decided = <<-1, -1, -1, -1, -1>>
/\ p1v = <<0, 0, 0, 0, 0>>
/\ p2v = <<-1, -1, -1, -1, -1>>
/\ p2Msg = {}
/\ p1Msg = { [value |-> 0, round |-> 1, nodeid |-> 1],
  [value |-> 0, round |-> 1, nodeid |-> 3],
  [value |-> 0, round |-> 1, nodeid |-> 4],
  [value |-> 0, round |-> 1, nodeid |-> 5] }
/\ r = <<1, 1, 1, 1, 1>>
/\ pc = <<"P1R", "P1S", "P1R", "P1R", "P1R">>
/\ DBCollectP1Msgs = {}

@!@!@ENDMSG 2216 @!@!@
@!@!@STARTMSG 2216:4 @!@!@
11:
/\ decided = <<-1, -1, -1, -1, -1>>
/\ p1v = <<0, 0, 0, 0, 0>>
/\ p2v = <<-1, -1, -1, -1, -1>>
/\ p2Msg = {}
/\ p1Msg = { [value |-> 0, round |-> 1, nodeid |-> 1],
  [value |-> 0, round |-> 1, nodeid |-> 2],
  [value |-> 0, round |-> 1, nodeid |-> 3],
  [value |-> 0, round |-> 1, nodeid |-> 4],
  [value |-> 0, round |-> 1, nodeid |-> 5] }
/\ r = <<1, 1, 1, 1, 1>>
/\ pc = <<"P1R", "P1R", "P1R", "P1R", "P1R">>
/\ DBCollectP1Msgs = {}

@!@!@ENDMSG 2216 @!@!@
@!@!@STARTMSG 2216:4 @!@!@
12:
/\ decided = <<-1, -1, -1, -1, -1>>
/\ p1v = <<0, 0, 0, 0, 0>>
/\ p2v = <<-1, -1, -1, -1, -1>>
/\ p2Msg = {}
/\ p1Msg = { [value |-> 0, round |-> 1, nodeid |-> 1],
  [value |-> 0, round |-> 1, nodeid |-> 2],
  [value |-> 0, round |-> 1, nodeid |-> 3],
  [value |-> 0, round |-> 1, nodeid |-> 4],
  [value |-> 0, round |-> 1, nodeid |-> 5] }
/\ r = <<1, 1, 1, 1, 1>>
/\ pc = <<"P1R", "P1R", "P1R", "P1R", "P1R">>
/\ DBCollectP1Msgs = {}

@!@!@ENDMSG 2216 @!@!@
@!@!@STARTMSG 2201:0 @!@!@
The coverage statistics at 2019-11-26 15:03:44
@!@!@ENDMSG 2201 @!@!@
@!@!@STARTMSG 2773:0 @!@!@
<Init line 86, col 1 to line 86, col 4 of module BenOr>: 1:1
@!@!@ENDMSG 2773 @!@!@
@!@!@STARTMSG 2221:0 @!@!@
  line 87, col 9 to line 95, col 50 of module BenOr: 1
@!@!@ENDMSG 2221 @!@!@
@!@!@STARTMSG 2772:0 @!@!@
<broadcast line 97, col 1 to line 97, col 15 of module BenOr>: 0:9315
@!@!@ENDMSG 2772 @!@!@
@!@!@STARTMSG 2221:0 @!@!@
  line 97, col 23 to line 97, col 44 of module BenOr: 47207
@!@!@ENDMSG 2221 @!@!@
@!@!@STARTMSG 2221:0 @!@!@
  |line 97, col 23 to line 97, col 30 of module BenOr: 37892
@!@!@ENDMSG 2221 @!@!@
@!@!@STARTMSG 2221:0 @!@!@
  line 98, col 26 to line 98, col 42 of module BenOr: 9316
@!@!@ENDMSG 2221 @!@!@
@!@!@STARTMSG 2221:0 @!@!@
  line 99, col 31 to line 99, col 66 of module BenOr: 8179
@!@!@ENDMSG 2221 @!@!@
@!@!@STARTMSG 2221:0 @!@!@
  line 100, col 31 to line 100, col 67 of module BenOr: 1136
@!@!@ENDMSG 2221 @!@!@
@!@!@STARTMSG 2221:0 @!@!@
  line 101, col 23 to line 102, col 45 of module BenOr: 9315
@!@!@ENDMSG 2221 @!@!@
@!@!@STARTMSG 2772:0 @!@!@
<P1S line 104, col 1 to line 104, col 9 of module BenOr>: 0:8173
@!@!@ENDMSG 2772 @!@!@
@!@!@STARTMSG 2221:0 @!@!@
  line 104, col 17 to line 104, col 32 of module BenOr: 46392
@!@!@ENDMSG 2221 @!@!@
@!@!@STARTMSG 2221:0 @!@!@
  |line 104, col 17 to line 104, col 24 of module BenOr: 38219
@!@!@ENDMSG 2221 @!@!@
@!@!@STARTMSG 2221:0 @!@!@
  line 105, col 17 to line 105, col 99 of module BenOr: 8173
@!@!@ENDMSG 2221 @!@!@
@!@!@STARTMSG 2221:0 @!@!@
  line 106, col 17 to line 106, col 49 of module BenOr: 8173
@!@!@ENDMSG 2221 @!@!@
@!@!@STARTMSG 2221:0 @!@!@
  line 107, col 17 to line 107, col 76 of module BenOr: 8173
@!@!@ENDMSG 2221 @!@!@
@!@!@STARTMSG 2772:0 @!@!@
<P1R line 109, col 1 to line 109, col 9 of module BenOr>: 0:3560
@!@!@ENDMSG 2772 @!@!@
@!@!@STARTMSG 2221:0 @!@!@
  line 109, col 17 to line 109, col 32 of module BenOr: 40203
@!@!@ENDMSG 2221 @!@!@
@!@!@STARTMSG 2221:0 @!@!@
  |line 109, col 17 to line 109, col 24 of module BenOr: 36643
@!@!@ENDMSG 2221 @!@!@
@!@!@STARTMSG 2221:0 @!@!@
  line 110, col 18 to line 110, col 58 of module BenOr: 22226
@!@!@ENDMSG 2221 @!@!@
@!@!@STARTMSG 2221:0 @!@!@
  |line 110, col 18 to line 110, col 52 of module BenOr: 18666
@!@!@ENDMSG 2221 @!@!@
@!@!@STARTMSG 2221:0 @!@!@
  ||line 110, col 30 to line 110, col 51 of module BenOr: 18666
@!@!@ENDMSG 2221 @!@!@
@!@!@STARTMSG 2221:0 @!@!@
  |||line 78, col 21 to line 78, col 48 of module BenOr: 18666
@!@!@ENDMSG 2221 @!@!@
@!@!@STARTMSG 2221:0 @!@!@
  ||||line 78, col 36 to line 78, col 46 of module BenOr: 104361
@!@!@ENDMSG 2221 @!@!@
@!@!@STARTMSG 2221:0 @!@!@
  |||||line 78, col 36 to line 78, col 42 of module BenOr: 104361
@!@!@ENDMSG 2221 @!@!@
@!@!@STARTMSG 2221:0 @!@!@
  |||||line 78, col 46 to line 78, col 46 of module BenOr: 104360
@!@!@ENDMSG 2221 @!@!@
@!@!@STARTMSG 2221:0 @!@!@
  ||||line 78, col 28 to line 78, col 32 of module BenOr: 18666
@!@!@ENDMSG 2221 @!@!@
@!@!@STARTMSG 2221:0 @!@!@
  |||line 110, col 44 to line 110, col 50 of module BenOr: 18665
@!@!@ENDMSG 2221 @!@!@
@!@!@STARTMSG 2221:0 @!@!@
  |line 110, col 56 to line 110, col 58 of module BenOr: 18664
@!@!@ENDMSG 2221 @!@!@
@!@!@STARTMSG 2221:0 @!@!@
  line 111, col 20 to line 111, col 88 of module BenOr: 3561
@!@!@ENDMSG 2221 @!@!@
@!@!@STARTMSG 2221:0 @!@!@
  |line 111, col 36 to line 111, col 88 of module BenOr: 3561
@!@!@ENDMSG 2221 @!@!@
@!@!@STARTMSG 2221:0 @!@!@
  ||line 111, col 84 to line 111, col 88 of module BenOr: 3561
@!@!@ENDMSG 2221 @!@!@
@!@!@STARTMSG 2221:0 @!@!@
  ||line 111, col 45 to line 111, col 81 of module BenOr: 3561
@!@!@ENDMSG 2221 @!@!@
@!@!@STARTMSG 2775:0 @!@!@
  |||line 77, col 21 to line 77, col 38 of module BenOr: 3561:7122
@!@!@ENDMSG 2775 @!@!@
@!@!@STARTMSG 2221:0 @!@!@
  ||||line 77, col 22 to line 77, col 28 of module BenOr: 14244
@!@!@ENDMSG 2221 @!@!@
@!@!@STARTMSG 2221:0 @!@!@
  ||||line 77, col 37 to line 77, col 37 of module BenOr: 3561
@!@!@ENDMSG 2221 @!@!@
@!@!@STARTMSG 2221:0 @!@!@
  |||line 111, col 59 to line 111, col 80 of module BenOr: 3561
@!@!@ENDMSG 2221 @!@!@
@!@!@STARTMSG 2775:0 @!@!@
  ||||line 78, col 21 to line 78, col 48 of module BenOr: 7628:38135
@!@!@ENDMSG 2775 @!@!@
@!@!@STARTMSG 2221:0 @!@!@
  |||||line 78, col 36 to line 78, col 46 of module BenOr: 42683
@!@!@ENDMSG 2221 @!@!@
@!@!@STARTMSG 2221:0 @!@!@
  |||||line 78, col 28 to line 78, col 32 of module BenOr: 7627
@!@!@ENDMSG 2221 @!@!@
@!@!@STARTMSG 2221:0 @!@!@
  ||||line 111, col 73 to line 111, col 79 of module BenOr: 7627
@!@!@ENDMSG 2221 @!@!@
@!@!@STARTMSG 2775:0 @!@!@
  |line 111, col 29 to line 111, col 33 of module BenOr: 7628:15256
@!@!@ENDMSG 2775 @!@!@
@!@!@STARTMSG 2221:0 @!@!@
  line 112, col 31 to line 112, col 88 of module BenOr: 7627
@!@!@ENDMSG 2221 @!@!@
@!@!@STARTMSG 2221:0 @!@!@
  |line 112, col 31 to line 112, col 82 of module BenOr: 7627
@!@!@ENDMSG 2221 @!@!@
@!@!@STARTMSG 2221:0 @!@!@
  ||line 112, col 31 to line 112, col 67 of module BenOr: 7627
@!@!@ENDMSG 2221 @!@!@
@!@!@STARTMSG 2221:0 @!@!@
  |||line 77, col 21 to line 77, col 38 of module BenOr: 7627
@!@!@ENDMSG 2221 @!@!@
@!@!@STARTMSG 2221:0 @!@!@
  ||||line 77, col 22 to line 77, col 28 of module BenOr: 30508
@!@!@ENDMSG 2221 @!@!@
@!@!@STARTMSG 2221:0 @!@!@
  ||||line 77, col 37 to line 77, col 37 of module BenOr: 7627
@!@!@ENDMSG 2221 @!@!@
@!@!@STARTMSG 2221:0 @!@!@
  |||line 112, col 45 to line 112, col 66 of module BenOr: 7627
@!@!@ENDMSG 2221 @!@!@
@!@!@STARTMSG 2775:0 @!@!@
  ||||line 78, col 21 to line 78, col 48 of module BenOr: 7627:38135
@!@!@ENDMSG 2775 @!@!@
@!@!@STARTMSG 2221:0 @!@!@
  |||||line 78, col 36 to line 78, col 46 of module BenOr: 42683
@!@!@ENDMSG 2221 @!@!@
@!@!@STARTMSG 2221:0 @!@!@
  |||||line 78, col 28 to line 78, col 32 of module BenOr: 7627
@!@!@ENDMSG 2221 @!@!@
@!@!@STARTMSG 2221:0 @!@!@
  ||||line 112, col 59 to line 112, col 65 of module BenOr: 7627
@!@!@ENDMSG 2221 @!@!@
@!@!@STARTMSG 2221:0 @!@!@
  ||line 112, col 80 to line 112, col 82 of module BenOr: 7627
@!@!@ENDMSG 2221 @!@!@
@!@!@STARTMSG 2221:0 @!@!@
  |line 112, col 86 to line 112, col 88 of module BenOr: 7627
@!@!@ENDMSG 2221 @!@!@
@!@!@STARTMSG 2221:0 @!@!@
  line 113, col 39 to line 113, col 69 of module BenOr: 0
@!@!@ENDMSG 2221 @!@!@
@!@!@STARTMSG 2221:0 @!@!@
  line 114, col 36 to line 114, col 69 of module BenOr: 3560
@!@!@ENDMSG 2221 @!@!@
@!@!@STARTMSG 2221:0 @!@!@
  line 116, col 28 to line 116, col 37 of module BenOr: 0
@!@!@ENDMSG 2221 @!@!@
@!@!@STARTMSG 2221:0 @!@!@
  line 117, col 17 to line 117, col 49 of module BenOr: 7627
@!@!@ENDMSG 2221 @!@!@
@!@!@STARTMSG 2221:0 @!@!@
  line 118, col 17 to line 118, col 78 of module BenOr: 3560
@!@!@ENDMSG 2221 @!@!@
@!@!@STARTMSG 2772:0 @!@!@
<P2S line 120, col 1 to line 120, col 9 of module BenOr>: 0:7626
@!@!@ENDMSG 2772 @!@!@
@!@!@STARTMSG 2221:0 @!@!@
  line 120, col 17 to line 120, col 32 of module BenOr: 88042
@!@!@ENDMSG 2221 @!@!@
@!@!@STARTMSG 2221:0 @!@!@
  |line 120, col 17 to line 120, col 24 of module BenOr: 80416
@!@!@ENDMSG 2221 @!@!@
@!@!@STARTMSG 2221:0 @!@!@
  line 121, col 17 to line 121, col 99 of module BenOr: 7626
@!@!@ENDMSG 2221 @!@!@
@!@!@STARTMSG 2221:0 @!@!@
  line 122, col 17 to line 122, col 53 of module BenOr: 7626
@!@!@ENDMSG 2221 @!@!@
@!@!@STARTMSG 2221:0 @!@!@
  line 123, col 17 to line 123, col 55 of module BenOr: 7626
@!@!@ENDMSG 2221 @!@!@
@!@!@STARTMSG 2221:0 @!@!@
  line 124, col 17 to line 124, col 73 of module BenOr: 7626
@!@!@ENDMSG 2221 @!@!@
@!@!@STARTMSG 2772:0 @!@!@
<Terminating line 129, col 1 to line 129, col 11 of module BenOr>: 0:0
@!@!@ENDMSG 2772 @!@!@
@!@!@STARTMSG 2221:0 @!@!@
  line 129, col 40 to line 129, col 56 of module BenOr: 17940
@!@!@ENDMSG 2221 @!@!@
@!@!@STARTMSG 2221:0 @!@!@
  line 129, col 31 to line 129, col 37 of module BenOr: 15878
@!@!@ENDMSG 2221 @!@!@
@!@!@STARTMSG 2221:0 @!@!@
  line 130, col 19 to line 130, col 32 of module BenOr: 0
@!@!@ENDMSG 2221 @!@!@
@!@!@STARTMSG 2202:0 @!@!@
End of statistics.
@!@!@ENDMSG 2202 @!@!@
@!@!@STARTMSG 2209:0 @!@!@
Progress(-1) at 2019-11-26 15:03:44: 53082 states generated, -1 distinct states found, -1 states left on queue.
@!@!@ENDMSG 2209 @!@!@
@!@!@STARTMSG 2210:0 @!@!@
The number of states generated: 53082
Simulation using seed -8602238299306186234 and aril 0
@!@!@ENDMSG 2210 @!@!@
@!@!@STARTMSG 2209:0 @!@!@
Progress(-1) at 2019-11-26 15:03:48: 313029 states generated, -1 distinct states found, -1 states left on queue.
@!@!@ENDMSG 2209 @!@!@
@!@!@STARTMSG 2186:0 @!@!@
Finished in 6377ms at (2019-11-26 15:03:48)
@!@!@ENDMSG 2186 @!@!@
