@!@!@STARTMSG 2262:0 @!@!@
TLC2 Version 2.14 of 10 July 2019
@!@!@ENDMSG 2262 @!@!@
@!@!@STARTMSG 2187:0 @!@!@
Running breadth-first search Model-Checking with fp 77 and seed -2387396578874042393 with 6 workers on 12 cores with 1173MB heap and 2638MB offheap memory [pid: 10457] (Linux 5.0.0-36-generic amd64, AdoptOpenJDK 11.0.3 x86_64, OffHeapDiskFPSet, DiskStateQueue).
@!@!@ENDMSG 2187 @!@!@
@!@!@STARTMSG 2220:0 @!@!@
Starting SANY...
@!@!@ENDMSG 2220 @!@!@
Parsing file /home/pratik/TLA-Plus/BenOr/BenOr.toolbox/Model_5/MC.tla
Parsing file /home/pratik/TLA-Plus/BenOr/BenOr.toolbox/Model_5/BenOr.tla
Parsing file /home/pratik/TLAToolbox-1.6.0-linux.gtk.x86_64/toolbox/plugins/org.lamport.tlatools_1.0.0.201907102009/tla2sany/StandardModules/TLC.tla
Parsing file /home/pratik/TLAToolbox-1.6.0-linux.gtk.x86_64/toolbox/plugins/org.lamport.tlatools_1.0.0.201907102009/tla2sany/StandardModules/Integers.tla
Parsing file /home/pratik/TLAToolbox-1.6.0-linux.gtk.x86_64/toolbox/plugins/org.lamport.tlatools_1.0.0.201907102009/tla2sany/StandardModules/Sequences.tla
Parsing file /home/pratik/TLAToolbox-1.6.0-linux.gtk.x86_64/toolbox/plugins/org.lamport.tlatools_1.0.0.201907102009/tla2sany/StandardModules/FiniteSets.tla
Parsing file /home/pratik/TLAToolbox-1.6.0-linux.gtk.x86_64/toolbox/plugins/org.lamport.tlatools_1.0.0.201907102009/tla2sany/StandardModules/Naturals.tla
Semantic processing of module Naturals
Semantic processing of module Integers
Semantic processing of module Sequences
Semantic processing of module FiniteSets
Semantic processing of module TLC
Semantic processing of module BenOr
Semantic processing of module MC
@!@!@STARTMSG 2219:0 @!@!@
SANY finished.
@!@!@ENDMSG 2219 @!@!@
@!@!@STARTMSG 2185:0 @!@!@
Starting... (2019-11-30 19:31:54)
@!@!@ENDMSG 2185 @!@!@
@!@!@STARTMSG 2189:0 @!@!@
Computing initial states...
@!@!@ENDMSG 2189 @!@!@
@!@!@STARTMSG 2190:0 @!@!@
Finished computing initial states: 1 distinct state generated at 2019-11-30 19:31:54.
@!@!@ENDMSG 2190 @!@!@
@!@!@STARTMSG 2110:1 @!@!@
Invariant inv_1575160313780114000 is violated.
@!@!@ENDMSG 2110 @!@!@
@!@!@STARTMSG 2121:1 @!@!@
The behavior up to this point is:
@!@!@ENDMSG 2121 @!@!@
@!@!@STARTMSG 2217:4 @!@!@
1: <Initial predicate>
/\ r = <<1, 1, 1, 1>>
/\ p1v = <<0, 0, 1, 1>>
/\ pc = <<"entry", "entry", "entry", "entry">>
/\ p2v = <<-1, -1, -1, -1>>
/\ p2Msg = {}
/\ decided = <<-1, -1, -1, -1>>
/\ p1Msg = {}
/\ DBCollectP1Msgs = {}

@!@!@ENDMSG 2217 @!@!@
@!@!@STARTMSG 2217:4 @!@!@
2: <entry line 158, col 16 to line 163, col 41 of module BenOr>
/\ r = <<1, 1, 1, 1>>
/\ p1v = <<0, 0, 1, 1>>
/\ pc = <<"entry", "P1S", "entry", "entry">>
/\ p2v = <<-1, -1, -1, -1>>
/\ p2Msg = {}
/\ decided = <<-1, -1, -1, -1>>
/\ p1Msg = {}
/\ DBCollectP1Msgs = {}

@!@!@ENDMSG 2217 @!@!@
@!@!@STARTMSG 2217:4 @!@!@
3: <entry line 158, col 16 to line 163, col 41 of module BenOr>
/\ r = <<1, 1, 1, 1>>
/\ p1v = <<0, 0, 1, 1>>
/\ pc = <<"P1S", "P1S", "entry", "entry">>
/\ p2v = <<-1, -1, -1, -1>>
/\ p2Msg = {}
/\ decided = <<-1, -1, -1, -1>>
/\ p1Msg = {}
/\ DBCollectP1Msgs = {}

@!@!@ENDMSG 2217 @!@!@
@!@!@STARTMSG 2217:4 @!@!@
4: <P1S line 165, col 14 to line 168, col 76 of module BenOr>
/\ r = <<1, 1, 1, 1>>
/\ p1v = <<0, 0, 1, 1>>
/\ pc = <<"P1R", "P1S", "entry", "entry">>
/\ p2v = <<-1, -1, -1, -1>>
/\ p2Msg = {}
/\ decided = <<-1, -1, -1, -1>>
/\ p1Msg = {[value |-> 0, round |-> 1, nodeid |-> 1]}
/\ DBCollectP1Msgs = {}

@!@!@ENDMSG 2217 @!@!@
@!@!@STARTMSG 2217:4 @!@!@
5: <P1S line 165, col 14 to line 168, col 76 of module BenOr>
/\ r = <<1, 1, 1, 1>>
/\ p1v = <<0, 0, 1, 1>>
/\ pc = <<"P1R", "P1R", "entry", "entry">>
/\ p2v = <<-1, -1, -1, -1>>
/\ p2Msg = {}
/\ decided = <<-1, -1, -1, -1>>
/\ p1Msg = { [value |-> 0, round |-> 1, nodeid |-> 1],
  [value |-> 0, round |-> 1, nodeid |-> 2] }
/\ DBCollectP1Msgs = {}

@!@!@ENDMSG 2217 @!@!@
@!@!@STARTMSG 2217:4 @!@!@
6: <entry line 158, col 16 to line 163, col 41 of module BenOr>
/\ r = <<1, 1, 1, 1>>
/\ p1v = <<0, 0, 1, 1>>
/\ pc = <<"P1R", "P1R", "P1S", "entry">>
/\ p2v = <<-1, -1, -1, -1>>
/\ p2Msg = {}
/\ decided = <<-1, -1, -1, -1>>
/\ p1Msg = { [value |-> 0, round |-> 1, nodeid |-> 1],
  [value |-> 0, round |-> 1, nodeid |-> 2] }
/\ DBCollectP1Msgs = {}

@!@!@ENDMSG 2217 @!@!@
@!@!@STARTMSG 2217:4 @!@!@
7: <P1S line 165, col 14 to line 168, col 76 of module BenOr>
/\ r = <<1, 1, 1, 1>>
/\ p1v = <<0, 0, 1, 1>>
/\ pc = <<"P1R", "P1R", "P1R", "entry">>
/\ p2v = <<-1, -1, -1, -1>>
/\ p2Msg = {}
/\ decided = <<-1, -1, -1, -1>>
/\ p1Msg = { [value |-> 0, round |-> 1, nodeid |-> 1],
  [value |-> 0, round |-> 1, nodeid |-> 2],
  [value |-> 1, round |-> 1, nodeid |-> 3] }
/\ DBCollectP1Msgs = {}

@!@!@ENDMSG 2217 @!@!@
@!@!@STARTMSG 2217:4 @!@!@
8: <P1R line 170, col 14 to line 178, col 78 of module BenOr>
/\ r = <<1, 1, 1, 1>>
/\ p1v = <<0, 0, 1, 1>>
/\ pc = <<"P2S", "P1R", "P1R", "entry">>
/\ p2v = <<-1, -1, -1, -1>>
/\ p2Msg = {}
/\ decided = <<-1, -1, -1, -1>>
/\ p1Msg = { [value |-> 0, round |-> 1, nodeid |-> 1],
  [value |-> 0, round |-> 1, nodeid |-> 2],
  [value |-> 1, round |-> 1, nodeid |-> 3] }
/\ DBCollectP1Msgs = {}

@!@!@ENDMSG 2217 @!@!@
@!@!@STARTMSG 2217:4 @!@!@
9: <P2S line 180, col 14 to line 183, col 76 of module BenOr>
/\ r = <<1, 1, 1, 1>>
/\ p1v = <<0, 0, 1, 1>>
/\ pc = <<"P2R", "P1R", "P1R", "entry">>
/\ p2v = <<-1, -1, -1, -1>>
/\ p2Msg = {[value |-> -1, round |-> 1, nodeid |-> 1]}
/\ decided = <<-1, -1, -1, -1>>
/\ p1Msg = { [value |-> 0, round |-> 1, nodeid |-> 1],
  [value |-> 0, round |-> 1, nodeid |-> 2],
  [value |-> 1, round |-> 1, nodeid |-> 3] }
/\ DBCollectP1Msgs = {}

@!@!@ENDMSG 2217 @!@!@
@!@!@STARTMSG 2217:4 @!@!@
10: <P1R line 170, col 14 to line 178, col 78 of module BenOr>
/\ r = <<1, 1, 1, 1>>
/\ p1v = <<0, 0, 1, 1>>
/\ pc = <<"P2R", "P2S", "P1R", "entry">>
/\ p2v = <<-1, -1, -1, -1>>
/\ p2Msg = {[value |-> -1, round |-> 1, nodeid |-> 1]}
/\ decided = <<-1, -1, -1, -1>>
/\ p1Msg = { [value |-> 0, round |-> 1, nodeid |-> 1],
  [value |-> 0, round |-> 1, nodeid |-> 2],
  [value |-> 1, round |-> 1, nodeid |-> 3] }
/\ DBCollectP1Msgs = {}

@!@!@ENDMSG 2217 @!@!@
@!@!@STARTMSG 2217:4 @!@!@
11: <P2S line 180, col 14 to line 183, col 76 of module BenOr>
/\ r = <<1, 1, 1, 1>>
/\ p1v = <<0, 0, 1, 1>>
/\ pc = <<"P2R", "P2R", "P1R", "entry">>
/\ p2v = <<-1, -1, -1, -1>>
/\ p2Msg = { [value |-> -1, round |-> 1, nodeid |-> 1],
  [value |-> -1, round |-> 1, nodeid |-> 2] }
/\ decided = <<-1, -1, -1, -1>>
/\ p1Msg = { [value |-> 0, round |-> 1, nodeid |-> 1],
  [value |-> 0, round |-> 1, nodeid |-> 2],
  [value |-> 1, round |-> 1, nodeid |-> 3] }
/\ DBCollectP1Msgs = {}

@!@!@ENDMSG 2217 @!@!@
@!@!@STARTMSG 2217:4 @!@!@
12: <P1R line 170, col 14 to line 178, col 78 of module BenOr>
/\ r = <<1, 1, 1, 1>>
/\ p1v = <<0, 0, 1, 1>>
/\ pc = <<"P2R", "P2R", "P2S", "entry">>
/\ p2v = <<-1, -1, -1, -1>>
/\ p2Msg = { [value |-> -1, round |-> 1, nodeid |-> 1],
  [value |-> -1, round |-> 1, nodeid |-> 2] }
/\ decided = <<-1, -1, -1, -1>>
/\ p1Msg = { [value |-> 0, round |-> 1, nodeid |-> 1],
  [value |-> 0, round |-> 1, nodeid |-> 2],
  [value |-> 1, round |-> 1, nodeid |-> 3] }
/\ DBCollectP1Msgs = {}

@!@!@ENDMSG 2217 @!@!@
@!@!@STARTMSG 2217:4 @!@!@
13: <P2S line 180, col 14 to line 183, col 76 of module BenOr>
/\ r = <<1, 1, 1, 1>>
/\ p1v = <<0, 0, 1, 1>>
/\ pc = <<"P2R", "P2R", "P2R", "entry">>
/\ p2v = <<-1, -1, -1, -1>>
/\ p2Msg = { [value |-> -1, round |-> 1, nodeid |-> 1],
  [value |-> -1, round |-> 1, nodeid |-> 2],
  [value |-> -1, round |-> 1, nodeid |-> 3] }
/\ decided = <<-1, -1, -1, -1>>
/\ p1Msg = { [value |-> 0, round |-> 1, nodeid |-> 1],
  [value |-> 0, round |-> 1, nodeid |-> 2],
  [value |-> 1, round |-> 1, nodeid |-> 3] }
/\ DBCollectP1Msgs = {}

@!@!@ENDMSG 2217 @!@!@
@!@!@STARTMSG 2217:4 @!@!@
14: <P2R line 185, col 14 to line 204, col 66 of module BenOr>
/\ r = <<2, 1, 1, 1>>
/\ p1v = <<0, 0, 1, 1>>
/\ pc = <<"entry", "P2R", "P2R", "entry">>
/\ p2v = <<-1, -1, -1, -1>>
/\ p2Msg = { [value |-> -1, round |-> 1, nodeid |-> 1],
  [value |-> -1, round |-> 1, nodeid |-> 2],
  [value |-> -1, round |-> 1, nodeid |-> 3] }
/\ decided = <<-1, -1, -1, -1>>
/\ p1Msg = { [value |-> 0, round |-> 1, nodeid |-> 1],
  [value |-> 0, round |-> 1, nodeid |-> 2],
  [value |-> 1, round |-> 1, nodeid |-> 3] }
/\ DBCollectP1Msgs = {}

@!@!@ENDMSG 2217 @!@!@
@!@!@STARTMSG 2217:4 @!@!@
15: <entry line 158, col 16 to line 163, col 41 of module BenOr>
/\ r = <<2, 1, 1, 1>>
/\ p1v = <<0, 0, 1, 1>>
/\ pc = <<"P1S", "P2R", "P2R", "entry">>
/\ p2v = <<-1, -1, -1, -1>>
/\ p2Msg = { [value |-> -1, round |-> 1, nodeid |-> 1],
  [value |-> -1, round |-> 1, nodeid |-> 2],
  [value |-> -1, round |-> 1, nodeid |-> 3] }
/\ decided = <<-1, -1, -1, -1>>
/\ p1Msg = { [value |-> 0, round |-> 1, nodeid |-> 1],
  [value |-> 0, round |-> 1, nodeid |-> 2],
  [value |-> 1, round |-> 1, nodeid |-> 3] }
/\ DBCollectP1Msgs = {}

@!@!@ENDMSG 2217 @!@!@
@!@!@STARTMSG 2217:4 @!@!@
16: <P1S line 165, col 14 to line 168, col 76 of module BenOr>
/\ r = <<2, 1, 1, 1>>
/\ p1v = <<0, 0, 1, 1>>
/\ pc = <<"P1R", "P2R", "P2R", "entry">>
/\ p2v = <<-1, -1, -1, -1>>
/\ p2Msg = { [value |-> -1, round |-> 1, nodeid |-> 1],
  [value |-> -1, round |-> 1, nodeid |-> 2],
  [value |-> -1, round |-> 1, nodeid |-> 3] }
/\ decided = <<-1, -1, -1, -1>>
/\ p1Msg = { [value |-> 0, round |-> 1, nodeid |-> 1],
  [value |-> 0, round |-> 1, nodeid |-> 2],
  [value |-> 0, round |-> 2, nodeid |-> 1],
  [value |-> 1, round |-> 1, nodeid |-> 3] }
/\ DBCollectP1Msgs = {}

@!@!@ENDMSG 2217 @!@!@
@!@!@STARTMSG 2217:4 @!@!@
17: <P2R line 185, col 14 to line 204, col 66 of module BenOr>
/\ r = <<2, 2, 1, 1>>
/\ p1v = <<0, 0, 1, 1>>
/\ pc = <<"P1R", "entry", "P2R", "entry">>
/\ p2v = <<-1, -1, -1, -1>>
/\ p2Msg = { [value |-> -1, round |-> 1, nodeid |-> 1],
  [value |-> -1, round |-> 1, nodeid |-> 2],
  [value |-> -1, round |-> 1, nodeid |-> 3] }
/\ decided = <<-1, -1, -1, -1>>
/\ p1Msg = { [value |-> 0, round |-> 1, nodeid |-> 1],
  [value |-> 0, round |-> 1, nodeid |-> 2],
  [value |-> 0, round |-> 2, nodeid |-> 1],
  [value |-> 1, round |-> 1, nodeid |-> 3] }
/\ DBCollectP1Msgs = {}

@!@!@ENDMSG 2217 @!@!@
@!@!@STARTMSG 2217:4 @!@!@
18: <entry line 158, col 16 to line 163, col 41 of module BenOr>
/\ r = <<2, 2, 1, 1>>
/\ p1v = <<0, 0, 1, 1>>
/\ pc = <<"P1R", "P1S", "P2R", "entry">>
/\ p2v = <<-1, -1, -1, -1>>
/\ p2Msg = { [value |-> -1, round |-> 1, nodeid |-> 1],
  [value |-> -1, round |-> 1, nodeid |-> 2],
  [value |-> -1, round |-> 1, nodeid |-> 3] }
/\ decided = <<-1, -1, -1, -1>>
/\ p1Msg = { [value |-> 0, round |-> 1, nodeid |-> 1],
  [value |-> 0, round |-> 1, nodeid |-> 2],
  [value |-> 0, round |-> 2, nodeid |-> 1],
  [value |-> 1, round |-> 1, nodeid |-> 3] }
/\ DBCollectP1Msgs = {}

@!@!@ENDMSG 2217 @!@!@
@!@!@STARTMSG 2217:4 @!@!@
19: <P1S line 165, col 14 to line 168, col 76 of module BenOr>
/\ r = <<2, 2, 1, 1>>
/\ p1v = <<0, 0, 1, 1>>
/\ pc = <<"P1R", "P1R", "P2R", "entry">>
/\ p2v = <<-1, -1, -1, -1>>
/\ p2Msg = { [value |-> -1, round |-> 1, nodeid |-> 1],
  [value |-> -1, round |-> 1, nodeid |-> 2],
  [value |-> -1, round |-> 1, nodeid |-> 3] }
/\ decided = <<-1, -1, -1, -1>>
/\ p1Msg = { [value |-> 0, round |-> 1, nodeid |-> 1],
  [value |-> 0, round |-> 1, nodeid |-> 2],
  [value |-> 0, round |-> 2, nodeid |-> 1],
  [value |-> 0, round |-> 2, nodeid |-> 2],
  [value |-> 1, round |-> 1, nodeid |-> 3] }
/\ DBCollectP1Msgs = {}

@!@!@ENDMSG 2217 @!@!@
@!@!@STARTMSG 2217:4 @!@!@
20: <P2R line 185, col 14 to line 204, col 66 of module BenOr>
/\ r = <<2, 2, 2, 1>>
/\ p1v = <<0, 0, 1, 1>>
/\ pc = <<"P1R", "P1R", "entry", "entry">>
/\ p2v = <<-1, -1, -1, -1>>
/\ p2Msg = { [value |-> -1, round |-> 1, nodeid |-> 1],
  [value |-> -1, round |-> 1, nodeid |-> 2],
  [value |-> -1, round |-> 1, nodeid |-> 3] }
/\ decided = <<-1, -1, -1, -1>>
/\ p1Msg = { [value |-> 0, round |-> 1, nodeid |-> 1],
  [value |-> 0, round |-> 1, nodeid |-> 2],
  [value |-> 0, round |-> 2, nodeid |-> 1],
  [value |-> 0, round |-> 2, nodeid |-> 2],
  [value |-> 1, round |-> 1, nodeid |-> 3] }
/\ DBCollectP1Msgs = {}

@!@!@ENDMSG 2217 @!@!@
@!@!@STARTMSG 2217:4 @!@!@
21: <entry line 158, col 16 to line 163, col 41 of module BenOr>
/\ r = <<2, 2, 2, 1>>
/\ p1v = <<0, 0, 1, 1>>
/\ pc = <<"P1R", "P1R", "P1S", "entry">>
/\ p2v = <<-1, -1, -1, -1>>
/\ p2Msg = { [value |-> -1, round |-> 1, nodeid |-> 1],
  [value |-> -1, round |-> 1, nodeid |-> 2],
  [value |-> -1, round |-> 1, nodeid |-> 3] }
/\ decided = <<-1, -1, -1, -1>>
/\ p1Msg = { [value |-> 0, round |-> 1, nodeid |-> 1],
  [value |-> 0, round |-> 1, nodeid |-> 2],
  [value |-> 0, round |-> 2, nodeid |-> 1],
  [value |-> 0, round |-> 2, nodeid |-> 2],
  [value |-> 1, round |-> 1, nodeid |-> 3] }
/\ DBCollectP1Msgs = {}

@!@!@ENDMSG 2217 @!@!@
@!@!@STARTMSG 2217:4 @!@!@
22: <entry line 158, col 16 to line 163, col 41 of module BenOr>
/\ r = <<2, 2, 2, 1>>
/\ p1v = <<0, 0, 1, 1>>
/\ pc = <<"P1R", "P1R", "P1S", "P1S">>
/\ p2v = <<-1, -1, -1, -1>>
/\ p2Msg = { [value |-> -1, round |-> 1, nodeid |-> 1],
  [value |-> -1, round |-> 1, nodeid |-> 2],
  [value |-> -1, round |-> 1, nodeid |-> 3] }
/\ decided = <<-1, -1, -1, -1>>
/\ p1Msg = { [value |-> 0, round |-> 1, nodeid |-> 1],
  [value |-> 0, round |-> 1, nodeid |-> 2],
  [value |-> 0, round |-> 2, nodeid |-> 1],
  [value |-> 0, round |-> 2, nodeid |-> 2],
  [value |-> 1, round |-> 1, nodeid |-> 3] }
/\ DBCollectP1Msgs = {}

@!@!@ENDMSG 2217 @!@!@
@!@!@STARTMSG 2217:4 @!@!@
23: <P1S line 165, col 14 to line 168, col 76 of module BenOr>
/\ r = <<2, 2, 2, 1>>
/\ p1v = <<0, 0, 1, 1>>
/\ pc = <<"P1R", "P1R", "P1R", "P1S">>
/\ p2v = <<-1, -1, -1, -1>>
/\ p2Msg = { [value |-> -1, round |-> 1, nodeid |-> 1],
  [value |-> -1, round |-> 1, nodeid |-> 2],
  [value |-> -1, round |-> 1, nodeid |-> 3] }
/\ decided = <<-1, -1, -1, -1>>
/\ p1Msg = { [value |-> 0, round |-> 1, nodeid |-> 1],
  [value |-> 0, round |-> 1, nodeid |-> 2],
  [value |-> 0, round |-> 2, nodeid |-> 1],
  [value |-> 0, round |-> 2, nodeid |-> 2],
  [value |-> 1, round |-> 1, nodeid |-> 3],
  [value |-> 1, round |-> 2, nodeid |-> 3] }
/\ DBCollectP1Msgs = {}

@!@!@ENDMSG 2217 @!@!@
@!@!@STARTMSG 2217:4 @!@!@
24: <P1R line 170, col 14 to line 178, col 78 of module BenOr>
/\ r = <<2, 2, 2, 1>>
/\ p1v = <<0, 0, 1, 1>>
/\ pc = <<"P2S", "P1R", "P1R", "P1S">>
/\ p2v = <<-1, -1, -1, -1>>
/\ p2Msg = { [value |-> -1, round |-> 1, nodeid |-> 1],
  [value |-> -1, round |-> 1, nodeid |-> 2],
  [value |-> -1, round |-> 1, nodeid |-> 3] }
/\ decided = <<-1, -1, -1, -1>>
/\ p1Msg = { [value |-> 0, round |-> 1, nodeid |-> 1],
  [value |-> 0, round |-> 1, nodeid |-> 2],
  [value |-> 0, round |-> 2, nodeid |-> 1],
  [value |-> 0, round |-> 2, nodeid |-> 2],
  [value |-> 1, round |-> 1, nodeid |-> 3],
  [value |-> 1, round |-> 2, nodeid |-> 3] }
/\ DBCollectP1Msgs = {}

@!@!@ENDMSG 2217 @!@!@
@!@!@STARTMSG 2217:4 @!@!@
25: <P2S line 180, col 14 to line 183, col 76 of module BenOr>
/\ r = <<2, 2, 2, 1>>
/\ p1v = <<0, 0, 1, 1>>
/\ pc = <<"P2R", "P1R", "P1R", "P1S">>
/\ p2v = <<-1, -1, -1, -1>>
/\ p2Msg = { [value |-> -1, round |-> 1, nodeid |-> 1],
  [value |-> -1, round |-> 1, nodeid |-> 2],
  [value |-> -1, round |-> 1, nodeid |-> 3],
  [value |-> -1, round |-> 2, nodeid |-> 1] }
/\ decided = <<-1, -1, -1, -1>>
/\ p1Msg = { [value |-> 0, round |-> 1, nodeid |-> 1],
  [value |-> 0, round |-> 1, nodeid |-> 2],
  [value |-> 0, round |-> 2, nodeid |-> 1],
  [value |-> 0, round |-> 2, nodeid |-> 2],
  [value |-> 1, round |-> 1, nodeid |-> 3],
  [value |-> 1, round |-> 2, nodeid |-> 3] }
/\ DBCollectP1Msgs = {}

@!@!@ENDMSG 2217 @!@!@
@!@!@STARTMSG 2217:4 @!@!@
26: <P1R line 170, col 14 to line 178, col 78 of module BenOr>
/\ r = <<2, 2, 2, 1>>
/\ p1v = <<0, 0, 1, 1>>
/\ pc = <<"P2R", "P2S", "P1R", "P1S">>
/\ p2v = <<-1, -1, -1, -1>>
/\ p2Msg = { [value |-> -1, round |-> 1, nodeid |-> 1],
  [value |-> -1, round |-> 1, nodeid |-> 2],
  [value |-> -1, round |-> 1, nodeid |-> 3],
  [value |-> -1, round |-> 2, nodeid |-> 1] }
/\ decided = <<-1, -1, -1, -1>>
/\ p1Msg = { [value |-> 0, round |-> 1, nodeid |-> 1],
  [value |-> 0, round |-> 1, nodeid |-> 2],
  [value |-> 0, round |-> 2, nodeid |-> 1],
  [value |-> 0, round |-> 2, nodeid |-> 2],
  [value |-> 1, round |-> 1, nodeid |-> 3],
  [value |-> 1, round |-> 2, nodeid |-> 3] }
/\ DBCollectP1Msgs = {}

@!@!@ENDMSG 2217 @!@!@
@!@!@STARTMSG 2217:4 @!@!@
27: <P2S line 180, col 14 to line 183, col 76 of module BenOr>
/\ r = <<2, 2, 2, 1>>
/\ p1v = <<0, 0, 1, 1>>
/\ pc = <<"P2R", "P2R", "P1R", "P1S">>
/\ p2v = <<-1, -1, -1, -1>>
/\ p2Msg = { [value |-> -1, round |-> 1, nodeid |-> 1],
  [value |-> -1, round |-> 1, nodeid |-> 2],
  [value |-> -1, round |-> 1, nodeid |-> 3],
  [value |-> -1, round |-> 2, nodeid |-> 1],
  [value |-> -1, round |-> 2, nodeid |-> 2] }
/\ decided = <<-1, -1, -1, -1>>
/\ p1Msg = { [value |-> 0, round |-> 1, nodeid |-> 1],
  [value |-> 0, round |-> 1, nodeid |-> 2],
  [value |-> 0, round |-> 2, nodeid |-> 1],
  [value |-> 0, round |-> 2, nodeid |-> 2],
  [value |-> 1, round |-> 1, nodeid |-> 3],
  [value |-> 1, round |-> 2, nodeid |-> 3] }
/\ DBCollectP1Msgs = {}

@!@!@ENDMSG 2217 @!@!@
@!@!@STARTMSG 2217:4 @!@!@
28: <P1S line 165, col 14 to line 168, col 76 of module BenOr>
/\ r = <<2, 2, 2, 1>>
/\ p1v = <<0, 0, 1, 1>>
/\ pc = <<"P2R", "P2R", "P1R", "P1R">>
/\ p2v = <<-1, -1, -1, -1>>
/\ p2Msg = { [value |-> -1, round |-> 1, nodeid |-> 1],
  [value |-> -1, round |-> 1, nodeid |-> 2],
  [value |-> -1, round |-> 1, nodeid |-> 3],
  [value |-> -1, round |-> 2, nodeid |-> 1],
  [value |-> -1, round |-> 2, nodeid |-> 2] }
/\ decided = <<-1, -1, -1, -1>>
/\ p1Msg = { [value |-> 0, round |-> 1, nodeid |-> 1],
  [value |-> 0, round |-> 1, nodeid |-> 2],
  [value |-> 0, round |-> 2, nodeid |-> 1],
  [value |-> 0, round |-> 2, nodeid |-> 2],
  [value |-> 1, round |-> 1, nodeid |-> 3],
  [value |-> 1, round |-> 1, nodeid |-> 4],
  [value |-> 1, round |-> 2, nodeid |-> 3] }
/\ DBCollectP1Msgs = {}

@!@!@ENDMSG 2217 @!@!@
@!@!@STARTMSG 2217:4 @!@!@
29: <P1R line 170, col 14 to line 178, col 78 of module BenOr>
/\ r = <<2, 2, 2, 1>>
/\ p1v = <<0, 0, 1, 1>>
/\ pc = <<"P2R", "P2R", "P1R", "P2S">>
/\ p2v = <<-1, -1, -1, -1>>
/\ p2Msg = { [value |-> -1, round |-> 1, nodeid |-> 1],
  [value |-> -1, round |-> 1, nodeid |-> 2],
  [value |-> -1, round |-> 1, nodeid |-> 3],
  [value |-> -1, round |-> 2, nodeid |-> 1],
  [value |-> -1, round |-> 2, nodeid |-> 2] }
/\ decided = <<-1, -1, -1, -1>>
/\ p1Msg = { [value |-> 0, round |-> 1, nodeid |-> 1],
  [value |-> 0, round |-> 1, nodeid |-> 2],
  [value |-> 0, round |-> 2, nodeid |-> 1],
  [value |-> 0, round |-> 2, nodeid |-> 2],
  [value |-> 1, round |-> 1, nodeid |-> 3],
  [value |-> 1, round |-> 1, nodeid |-> 4],
  [value |-> 1, round |-> 2, nodeid |-> 3] }
/\ DBCollectP1Msgs = {}

@!@!@ENDMSG 2217 @!@!@
@!@!@STARTMSG 2217:4 @!@!@
30: <P2S line 180, col 14 to line 183, col 76 of module BenOr>
/\ r = <<2, 2, 2, 1>>
/\ p1v = <<0, 0, 1, 1>>
/\ pc = <<"P2R", "P2R", "P1R", "P2R">>
/\ p2v = <<-1, -1, -1, -1>>
/\ p2Msg = { [value |-> -1, round |-> 1, nodeid |-> 1],
  [value |-> -1, round |-> 1, nodeid |-> 2],
  [value |-> -1, round |-> 1, nodeid |-> 3],
  [value |-> -1, round |-> 1, nodeid |-> 4],
  [value |-> -1, round |-> 2, nodeid |-> 1],
  [value |-> -1, round |-> 2, nodeid |-> 2] }
/\ decided = <<-1, -1, -1, -1>>
/\ p1Msg = { [value |-> 0, round |-> 1, nodeid |-> 1],
  [value |-> 0, round |-> 1, nodeid |-> 2],
  [value |-> 0, round |-> 2, nodeid |-> 1],
  [value |-> 0, round |-> 2, nodeid |-> 2],
  [value |-> 1, round |-> 1, nodeid |-> 3],
  [value |-> 1, round |-> 1, nodeid |-> 4],
  [value |-> 1, round |-> 2, nodeid |-> 3] }
/\ DBCollectP1Msgs = {}

@!@!@ENDMSG 2217 @!@!@
@!@!@STARTMSG 2217:4 @!@!@
31: <P2R line 185, col 14 to line 204, col 66 of module BenOr>
/\ r = <<2, 2, 2, 2>>
/\ p1v = <<0, 0, 1, 0>>
/\ pc = <<"P2R", "P2R", "P1R", "entry">>
/\ p2v = <<-1, -1, -1, -1>>
/\ p2Msg = { [value |-> -1, round |-> 1, nodeid |-> 1],
  [value |-> -1, round |-> 1, nodeid |-> 2],
  [value |-> -1, round |-> 1, nodeid |-> 3],
  [value |-> -1, round |-> 1, nodeid |-> 4],
  [value |-> -1, round |-> 2, nodeid |-> 1],
  [value |-> -1, round |-> 2, nodeid |-> 2] }
/\ decided = <<-1, -1, -1, -1>>
/\ p1Msg = { [value |-> 0, round |-> 1, nodeid |-> 1],
  [value |-> 0, round |-> 1, nodeid |-> 2],
  [value |-> 0, round |-> 2, nodeid |-> 1],
  [value |-> 0, round |-> 2, nodeid |-> 2],
  [value |-> 1, round |-> 1, nodeid |-> 3],
  [value |-> 1, round |-> 1, nodeid |-> 4],
  [value |-> 1, round |-> 2, nodeid |-> 3] }
/\ DBCollectP1Msgs = {}

@!@!@ENDMSG 2217 @!@!@
@!@!@STARTMSG 2217:4 @!@!@
32: <entry line 158, col 16 to line 163, col 41 of module BenOr>
/\ r = <<2, 2, 2, 2>>
/\ p1v = <<0, 0, 1, 0>>
/\ pc = <<"P2R", "P2R", "P1R", "P1S">>
/\ p2v = <<-1, -1, -1, -1>>
/\ p2Msg = { [value |-> -1, round |-> 1, nodeid |-> 1],
  [value |-> -1, round |-> 1, nodeid |-> 2],
  [value |-> -1, round |-> 1, nodeid |-> 3],
  [value |-> -1, round |-> 1, nodeid |-> 4],
  [value |-> -1, round |-> 2, nodeid |-> 1],
  [value |-> -1, round |-> 2, nodeid |-> 2] }
/\ decided = <<-1, -1, -1, -1>>
/\ p1Msg = { [value |-> 0, round |-> 1, nodeid |-> 1],
  [value |-> 0, round |-> 1, nodeid |-> 2],
  [value |-> 0, round |-> 2, nodeid |-> 1],
  [value |-> 0, round |-> 2, nodeid |-> 2],
  [value |-> 1, round |-> 1, nodeid |-> 3],
  [value |-> 1, round |-> 1, nodeid |-> 4],
  [value |-> 1, round |-> 2, nodeid |-> 3] }
/\ DBCollectP1Msgs = {}

@!@!@ENDMSG 2217 @!@!@
@!@!@STARTMSG 2217:4 @!@!@
33: <P1S line 165, col 14 to line 168, col 76 of module BenOr>
/\ r = <<2, 2, 2, 2>>
/\ p1v = <<0, 0, 1, 0>>
/\ pc = <<"P2R", "P2R", "P1R", "P1R">>
/\ p2v = <<-1, -1, -1, -1>>
/\ p2Msg = { [value |-> -1, round |-> 1, nodeid |-> 1],
  [value |-> -1, round |-> 1, nodeid |-> 2],
  [value |-> -1, round |-> 1, nodeid |-> 3],
  [value |-> -1, round |-> 1, nodeid |-> 4],
  [value |-> -1, round |-> 2, nodeid |-> 1],
  [value |-> -1, round |-> 2, nodeid |-> 2] }
/\ decided = <<-1, -1, -1, -1>>
/\ p1Msg = { [value |-> 0, round |-> 1, nodeid |-> 1],
  [value |-> 0, round |-> 1, nodeid |-> 2],
  [value |-> 0, round |-> 2, nodeid |-> 1],
  [value |-> 0, round |-> 2, nodeid |-> 2],
  [value |-> 0, round |-> 2, nodeid |-> 4],
  [value |-> 1, round |-> 1, nodeid |-> 3],
  [value |-> 1, round |-> 1, nodeid |-> 4],
  [value |-> 1, round |-> 2, nodeid |-> 3] }
/\ DBCollectP1Msgs = {}

@!@!@ENDMSG 2217 @!@!@
@!@!@STARTMSG 2217:4 @!@!@
34: <P1R line 170, col 14 to line 178, col 78 of module BenOr>
/\ r = <<2, 2, 2, 2>>
/\ p1v = <<0, 0, 1, 0>>
/\ pc = <<"P2R", "P2R", "P1R", "P2S">>
/\ p2v = <<-1, -1, -1, 0>>
/\ p2Msg = { [value |-> -1, round |-> 1, nodeid |-> 1],
  [value |-> -1, round |-> 1, nodeid |-> 2],
  [value |-> -1, round |-> 1, nodeid |-> 3],
  [value |-> -1, round |-> 1, nodeid |-> 4],
  [value |-> -1, round |-> 2, nodeid |-> 1],
  [value |-> -1, round |-> 2, nodeid |-> 2] }
/\ decided = <<-1, -1, -1, -1>>
/\ p1Msg = { [value |-> 0, round |-> 1, nodeid |-> 1],
  [value |-> 0, round |-> 1, nodeid |-> 2],
  [value |-> 0, round |-> 2, nodeid |-> 1],
  [value |-> 0, round |-> 2, nodeid |-> 2],
  [value |-> 0, round |-> 2, nodeid |-> 4],
  [value |-> 1, round |-> 1, nodeid |-> 3],
  [value |-> 1, round |-> 1, nodeid |-> 4],
  [value |-> 1, round |-> 2, nodeid |-> 3] }
/\ DBCollectP1Msgs = {}

@!@!@ENDMSG 2217 @!@!@
@!@!@STARTMSG 2217:4 @!@!@
35: <P1R line 170, col 14 to line 178, col 78 of module BenOr>
/\ r = <<2, 2, 2, 2>>
/\ p1v = <<0, 0, 1, 0>>
/\ pc = <<"P2R", "P2R", "P2S", "P2S">>
/\ p2v = <<-1, -1, 0, 0>>
/\ p2Msg = { [value |-> -1, round |-> 1, nodeid |-> 1],
  [value |-> -1, round |-> 1, nodeid |-> 2],
  [value |-> -1, round |-> 1, nodeid |-> 3],
  [value |-> -1, round |-> 1, nodeid |-> 4],
  [value |-> -1, round |-> 2, nodeid |-> 1],
  [value |-> -1, round |-> 2, nodeid |-> 2] }
/\ decided = <<-1, -1, -1, -1>>
/\ p1Msg = { [value |-> 0, round |-> 1, nodeid |-> 1],
  [value |-> 0, round |-> 1, nodeid |-> 2],
  [value |-> 0, round |-> 2, nodeid |-> 1],
  [value |-> 0, round |-> 2, nodeid |-> 2],
  [value |-> 0, round |-> 2, nodeid |-> 4],
  [value |-> 1, round |-> 1, nodeid |-> 3],
  [value |-> 1, round |-> 1, nodeid |-> 4],
  [value |-> 1, round |-> 2, nodeid |-> 3] }
/\ DBCollectP1Msgs = {}

@!@!@ENDMSG 2217 @!@!@
@!@!@STARTMSG 2217:4 @!@!@
36: <P2S line 180, col 14 to line 183, col 76 of module BenOr>
/\ r = <<2, 2, 2, 2>>
/\ p1v = <<0, 0, 1, 0>>
/\ pc = <<"P2R", "P2R", "P2S", "P2R">>
/\ p2v = <<-1, -1, 0, 0>>
/\ p2Msg = { [value |-> -1, round |-> 1, nodeid |-> 1],
  [value |-> -1, round |-> 1, nodeid |-> 2],
  [value |-> -1, round |-> 1, nodeid |-> 3],
  [value |-> -1, round |-> 1, nodeid |-> 4],
  [value |-> -1, round |-> 2, nodeid |-> 1],
  [value |-> -1, round |-> 2, nodeid |-> 2],
  [value |-> 0, round |-> 2, nodeid |-> 4] }
/\ decided = <<-1, -1, -1, -1>>
/\ p1Msg = { [value |-> 0, round |-> 1, nodeid |-> 1],
  [value |-> 0, round |-> 1, nodeid |-> 2],
  [value |-> 0, round |-> 2, nodeid |-> 1],
  [value |-> 0, round |-> 2, nodeid |-> 2],
  [value |-> 0, round |-> 2, nodeid |-> 4],
  [value |-> 1, round |-> 1, nodeid |-> 3],
  [value |-> 1, round |-> 1, nodeid |-> 4],
  [value |-> 1, round |-> 2, nodeid |-> 3] }
/\ DBCollectP1Msgs = {}

@!@!@ENDMSG 2217 @!@!@
@!@!@STARTMSG 2217:4 @!@!@
37: <P2R line 185, col 14 to line 204, col 66 of module BenOr>
/\ r = <<3, 2, 2, 2>>
/\ p1v = <<0, 0, 1, 0>>
/\ pc = <<"entry", "P2R", "P2S", "P2R">>
/\ p2v = <<-1, -1, 0, 0>>
/\ p2Msg = { [value |-> -1, round |-> 1, nodeid |-> 1],
  [value |-> -1, round |-> 1, nodeid |-> 2],
  [value |-> -1, round |-> 1, nodeid |-> 3],
  [value |-> -1, round |-> 1, nodeid |-> 4],
  [value |-> -1, round |-> 2, nodeid |-> 1],
  [value |-> -1, round |-> 2, nodeid |-> 2],
  [value |-> 0, round |-> 2, nodeid |-> 4] }
/\ decided = <<-1, -1, -1, -1>>
/\ p1Msg = { [value |-> 0, round |-> 1, nodeid |-> 1],
  [value |-> 0, round |-> 1, nodeid |-> 2],
  [value |-> 0, round |-> 2, nodeid |-> 1],
  [value |-> 0, round |-> 2, nodeid |-> 2],
  [value |-> 0, round |-> 2, nodeid |-> 4],
  [value |-> 1, round |-> 1, nodeid |-> 3],
  [value |-> 1, round |-> 1, nodeid |-> 4],
  [value |-> 1, round |-> 2, nodeid |-> 3] }
/\ DBCollectP1Msgs = {}

@!@!@ENDMSG 2217 @!@!@
@!@!@STARTMSG 2217:4 @!@!@
38: <P2S line 180, col 14 to line 183, col 76 of module BenOr>
/\ r = <<3, 2, 2, 2>>
/\ p1v = <<0, 0, 1, 0>>
/\ pc = <<"entry", "P2R", "P2R", "P2R">>
/\ p2v = <<-1, -1, 0, 0>>
/\ p2Msg = { [value |-> -1, round |-> 1, nodeid |-> 1],
  [value |-> -1, round |-> 1, nodeid |-> 2],
  [value |-> -1, round |-> 1, nodeid |-> 3],
  [value |-> -1, round |-> 1, nodeid |-> 4],
  [value |-> -1, round |-> 2, nodeid |-> 1],
  [value |-> -1, round |-> 2, nodeid |-> 2],
  [value |-> 0, round |-> 2, nodeid |-> 3],
  [value |-> 0, round |-> 2, nodeid |-> 4] }
/\ decided = <<-1, -1, -1, -1>>
/\ p1Msg = { [value |-> 0, round |-> 1, nodeid |-> 1],
  [value |-> 0, round |-> 1, nodeid |-> 2],
  [value |-> 0, round |-> 2, nodeid |-> 1],
  [value |-> 0, round |-> 2, nodeid |-> 2],
  [value |-> 0, round |-> 2, nodeid |-> 4],
  [value |-> 1, round |-> 1, nodeid |-> 3],
  [value |-> 1, round |-> 1, nodeid |-> 4],
  [value |-> 1, round |-> 2, nodeid |-> 3] }
/\ DBCollectP1Msgs = {}

@!@!@ENDMSG 2217 @!@!@
@!@!@STARTMSG 2217:4 @!@!@
39: <P2R line 185, col 14 to line 204, col 66 of module BenOr>
/\ r = <<3, 3, 2, 2>>
/\ p1v = <<0, 0, 1, 0>>
/\ pc = <<"entry", "entry", "P2R", "P2R">>
/\ p2v = <<-1, -1, 0, 0>>
/\ p2Msg = { [value |-> -1, round |-> 1, nodeid |-> 1],
  [value |-> -1, round |-> 1, nodeid |-> 2],
  [value |-> -1, round |-> 1, nodeid |-> 3],
  [value |-> -1, round |-> 1, nodeid |-> 4],
  [value |-> -1, round |-> 2, nodeid |-> 1],
  [value |-> -1, round |-> 2, nodeid |-> 2],
  [value |-> 0, round |-> 2, nodeid |-> 3],
  [value |-> 0, round |-> 2, nodeid |-> 4] }
/\ decided = <<-1, 0, -1, -1>>
/\ p1Msg = { [value |-> 0, round |-> 1, nodeid |-> 1],
  [value |-> 0, round |-> 1, nodeid |-> 2],
  [value |-> 0, round |-> 2, nodeid |-> 1],
  [value |-> 0, round |-> 2, nodeid |-> 2],
  [value |-> 0, round |-> 2, nodeid |-> 4],
  [value |-> 1, round |-> 1, nodeid |-> 3],
  [value |-> 1, round |-> 1, nodeid |-> 4],
  [value |-> 1, round |-> 2, nodeid |-> 3] }
/\ DBCollectP1Msgs = {}

@!@!@ENDMSG 2217 @!@!@
@!@!@STARTMSG 2201:0 @!@!@
The coverage statistics at 2019-11-30 19:31:56
@!@!@ENDMSG 2201 @!@!@
@!@!@STARTMSG 2773:0 @!@!@
<Init line 147, col 1 to line 147, col 4 of module BenOr>: 2:2
@!@!@ENDMSG 2773 @!@!@
@!@!@STARTMSG 2221:0 @!@!@
  line 148, col 9 to line 156, col 46 of module BenOr: 2
@!@!@ENDMSG 2221 @!@!@
@!@!@STARTMSG 2772:0 @!@!@
<entry line 158, col 1 to line 158, col 11 of module BenOr>: 25825:78828
@!@!@ENDMSG 2772 @!@!@
@!@!@STARTMSG 2221:0 @!@!@
  line 158, col 19 to line 158, col 36 of module BenOr: 368930
@!@!@ENDMSG 2221 @!@!@
@!@!@STARTMSG 2221:0 @!@!@
  |line 158, col 19 to line 158, col 26 of module BenOr: 290102
@!@!@ENDMSG 2221 @!@!@
@!@!@STARTMSG 2221:0 @!@!@
  line 159, col 22 to line 159, col 38 of module BenOr: 78828
@!@!@ENDMSG 2221 @!@!@
@!@!@STARTMSG 2221:0 @!@!@
  line 160, col 27 to line 160, col 62 of module BenOr: 78828
@!@!@ENDMSG 2221 @!@!@
@!@!@STARTMSG 2221:0 @!@!@
  line 161, col 30 to line 161, col 63 of module BenOr: 0
@!@!@ENDMSG 2221 @!@!@
@!@!@STARTMSG 2221:0 @!@!@
  line 162, col 19 to line 163, col 41 of module BenOr: 78828
@!@!@ENDMSG 2221 @!@!@
@!@!@STARTMSG 2772:0 @!@!@
<P1S line 165, col 1 to line 165, col 9 of module BenOr>: 20397:61146
@!@!@ENDMSG 2772 @!@!@
@!@!@STARTMSG 2221:0 @!@!@
  line 165, col 17 to line 165, col 32 of module BenOr: 351240
@!@!@ENDMSG 2221 @!@!@
@!@!@STARTMSG 2221:0 @!@!@
  |line 165, col 17 to line 165, col 24 of module BenOr: 290094
@!@!@ENDMSG 2221 @!@!@
@!@!@STARTMSG 2221:0 @!@!@
  line 166, col 17 to line 166, col 99 of module BenOr: 61146
@!@!@ENDMSG 2221 @!@!@
@!@!@STARTMSG 2221:0 @!@!@
  line 167, col 17 to line 167, col 49 of module BenOr: 61146
@!@!@ENDMSG 2221 @!@!@
@!@!@STARTMSG 2221:0 @!@!@
  line 168, col 17 to line 168, col 76 of module BenOr: 61146
@!@!@ENDMSG 2221 @!@!@
@!@!@STARTMSG 2772:0 @!@!@
<P1R line 170, col 1 to line 170, col 9 of module BenOr>: 8073:26564
@!@!@ENDMSG 2772 @!@!@
@!@!@STARTMSG 2221:0 @!@!@
  line 170, col 17 to line 170, col 32 of module BenOr: 316650
@!@!@ENDMSG 2221 @!@!@
@!@!@STARTMSG 2221:0 @!@!@
  |line 170, col 17 to line 170, col 24 of module BenOr: 290086
@!@!@ENDMSG 2221 @!@!@
@!@!@STARTMSG 2221:0 @!@!@
  line 171, col 18 to line 171, col 61 of module BenOr: 26564
@!@!@ENDMSG 2221 @!@!@
@!@!@STARTMSG 2221:0 @!@!@
  |line 171, col 18 to line 171, col 52 of module BenOr: 59658
@!@!@ENDMSG 2221 @!@!@
@!@!@STARTMSG 2221:0 @!@!@
  ||line 171, col 30 to line 171, col 51 of module BenOr: 59658
@!@!@ENDMSG 2221 @!@!@
@!@!@STARTMSG 2221:0 @!@!@
  |||line 135, col 21 to line 135, col 48 of module BenOr: 59658
@!@!@ENDMSG 2221 @!@!@
@!@!@STARTMSG 2221:0 @!@!@
  ||||line 135, col 36 to line 135, col 46 of module BenOr: 434630
@!@!@ENDMSG 2221 @!@!@
@!@!@STARTMSG 2221:0 @!@!@
  ||||line 135, col 28 to line 135, col 32 of module BenOr: 59658
@!@!@ENDMSG 2221 @!@!@
@!@!@STARTMSG 2221:0 @!@!@
  |||line 171, col 44 to line 171, col 50 of module BenOr: 59658
@!@!@ENDMSG 2221 @!@!@
@!@!@STARTMSG 2221:0 @!@!@
  |line 171, col 57 to line 171, col 61 of module BenOr: 59658
@!@!@ENDMSG 2221 @!@!@
@!@!@STARTMSG 2221:0 @!@!@
  line 172, col 21 to line 172, col 58 of module BenOr: 26564
@!@!@ENDMSG 2221 @!@!@
@!@!@STARTMSG 2221:0 @!@!@
  |line 172, col 21 to line 172, col 54 of module BenOr: 26564
@!@!@ENDMSG 2221 @!@!@
@!@!@STARTMSG 2221:0 @!@!@
  ||line 172, col 21 to line 172, col 52 of module BenOr: 26564
@!@!@ENDMSG 2221 @!@!@
@!@!@STARTMSG 2221:0 @!@!@
  |||line 172, col 33 to line 172, col 51 of module BenOr: 26564
@!@!@ENDMSG 2221 @!@!@
@!@!@STARTMSG 2221:0 @!@!@
  ||||line 138, col 19 to line 138, col 63 of module BenOr: 26564
@!@!@ENDMSG 2221 @!@!@
@!@!@STARTMSG 2221:0 @!@!@
  |||||line 138, col 33 to line 138, col 62 of module BenOr: 194364
@!@!@ENDMSG 2221 @!@!@
@!@!@STARTMSG 2221:0 @!@!@
  ||||||line 138, col 34 to line 138, col 44 of module BenOr: 194364
@!@!@ENDMSG 2221 @!@!@
@!@!@STARTMSG 2221:0 @!@!@
  ||||||line 138, col 51 to line 138, col 61 of module BenOr: 97874
@!@!@ENDMSG 2221 @!@!@
@!@!@STARTMSG 2221:0 @!@!@
  |||||line 138, col 26 to line 138, col 30 of module BenOr: 26564
@!@!@ENDMSG 2221 @!@!@
@!@!@STARTMSG 2221:0 @!@!@
  ||||line 172, col 42 to line 172, col 48 of module BenOr: 26564
@!@!@ENDMSG 2221 @!@!@
@!@!@STARTMSG 2221:0 @!@!@
  |line 172, col 58 to line 172, col 58 of module BenOr: 26564
@!@!@ENDMSG 2221 @!@!@
@!@!@STARTMSG 2221:0 @!@!@
  line 173, col 25 to line 173, col 58 of module BenOr: 4429
@!@!@ENDMSG 2221 @!@!@
@!@!@STARTMSG 2221:0 @!@!@
  line 174, col 32 to line 174, col 69 of module BenOr: 22135
@!@!@ENDMSG 2221 @!@!@
@!@!@STARTMSG 2221:0 @!@!@
  |line 174, col 32 to line 174, col 65 of module BenOr: 22135
@!@!@ENDMSG 2221 @!@!@
@!@!@STARTMSG 2221:0 @!@!@
  ||line 174, col 32 to line 174, col 63 of module BenOr: 22135
@!@!@ENDMSG 2221 @!@!@
@!@!@STARTMSG 2221:0 @!@!@
  |||line 174, col 44 to line 174, col 62 of module BenOr: 22135
@!@!@ENDMSG 2221 @!@!@
@!@!@STARTMSG 2221:0 @!@!@
  ||||line 138, col 19 to line 138, col 63 of module BenOr: 22135
@!@!@ENDMSG 2221 @!@!@
@!@!@STARTMSG 2221:0 @!@!@
  |||||line 138, col 33 to line 138, col 62 of module BenOr: 160071
@!@!@ENDMSG 2221 @!@!@
@!@!@STARTMSG 2221:0 @!@!@
  ||||||line 138, col 34 to line 138, col 44 of module BenOr: 160071
@!@!@ENDMSG 2221 @!@!@
@!@!@STARTMSG 2221:0 @!@!@
  ||||||line 138, col 51 to line 138, col 61 of module BenOr: 81179
@!@!@ENDMSG 2221 @!@!@
@!@!@STARTMSG 2221:0 @!@!@
  |||||line 138, col 26 to line 138, col 30 of module BenOr: 22135
@!@!@ENDMSG 2221 @!@!@
@!@!@STARTMSG 2221:0 @!@!@
  ||||line 174, col 53 to line 174, col 59 of module BenOr: 22135
@!@!@ENDMSG 2221 @!@!@
@!@!@STARTMSG 2221:0 @!@!@
  |line 174, col 69 to line 174, col 69 of module BenOr: 22135
@!@!@ENDMSG 2221 @!@!@
@!@!@STARTMSG 2221:0 @!@!@
  line 175, col 36 to line 175, col 69 of module BenOr: 4560
@!@!@ENDMSG 2221 @!@!@
@!@!@STARTMSG 2221:0 @!@!@
  line 176, col 36 to line 176, col 70 of module BenOr: 17575
@!@!@ENDMSG 2221 @!@!@
@!@!@STARTMSG 2221:0 @!@!@
  line 177, col 17 to line 177, col 49 of module BenOr: 26564
@!@!@ENDMSG 2221 @!@!@
@!@!@STARTMSG 2221:0 @!@!@
  line 178, col 17 to line 178, col 78 of module BenOr: 26564
@!@!@ENDMSG 2221 @!@!@
@!@!@STARTMSG 2772:0 @!@!@
<P2S line 180, col 1 to line 180, col 9 of module BenOr>: 8809:27073
@!@!@ENDMSG 2772 @!@!@
@!@!@STARTMSG 2221:0 @!@!@
  line 180, col 17 to line 180, col 32 of module BenOr: 317151
@!@!@ENDMSG 2221 @!@!@
@!@!@STARTMSG 2221:0 @!@!@
  |line 180, col 17 to line 180, col 24 of module BenOr: 290078
@!@!@ENDMSG 2221 @!@!@
@!@!@STARTMSG 2221:0 @!@!@
  line 181, col 17 to line 181, col 99 of module BenOr: 27073
@!@!@ENDMSG 2221 @!@!@
@!@!@STARTMSG 2221:0 @!@!@
  line 182, col 17 to line 182, col 49 of module BenOr: 27073
@!@!@ENDMSG 2221 @!@!@
@!@!@STARTMSG 2221:0 @!@!@
  line 183, col 17 to line 183, col 76 of module BenOr: 27073
@!@!@ENDMSG 2221 @!@!@
@!@!@STARTMSG 2772:0 @!@!@
<P2R line 185, col 1 to line 185, col 9 of module BenOr>: 29239:89581
@!@!@ENDMSG 2772 @!@!@
@!@!@STARTMSG 2221:0 @!@!@
  line 185, col 17 to line 185, col 32 of module BenOr: 340761
@!@!@ENDMSG 2221 @!@!@
@!@!@STARTMSG 2221:0 @!@!@
  |line 185, col 17 to line 185, col 24 of module BenOr: 290070
@!@!@ENDMSG 2221 @!@!@
@!@!@STARTMSG 2221:0 @!@!@
  line 186, col 18 to line 186, col 61 of module BenOr: 50691
@!@!@ENDMSG 2221 @!@!@
@!@!@STARTMSG 2221:0 @!@!@
  |line 186, col 18 to line 186, col 52 of module BenOr: 63397
@!@!@ENDMSG 2221 @!@!@
@!@!@STARTMSG 2221:0 @!@!@
  ||line 186, col 30 to line 186, col 51 of module BenOr: 63397
@!@!@ENDMSG 2221 @!@!@
@!@!@STARTMSG 2221:0 @!@!@
  |||line 136, col 21 to line 136, col 48 of module BenOr: 63397
@!@!@ENDMSG 2221 @!@!@
@!@!@STARTMSG 2221:0 @!@!@
  ||||line 136, col 36 to line 136, col 46 of module BenOr: 391146
@!@!@ENDMSG 2221 @!@!@
@!@!@STARTMSG 2221:0 @!@!@
  ||||line 136, col 28 to line 136, col 32 of module BenOr: 63397
@!@!@ENDMSG 2221 @!@!@
@!@!@STARTMSG 2221:0 @!@!@
  |||line 186, col 44 to line 186, col 50 of module BenOr: 63397
@!@!@ENDMSG 2221 @!@!@
@!@!@STARTMSG 2221:0 @!@!@
  |line 186, col 57 to line 186, col 61 of module BenOr: 63397
@!@!@ENDMSG 2221 @!@!@
@!@!@STARTMSG 2221:0 @!@!@
  line 187, col 20 to line 187, col 60 of module BenOr: 50691
@!@!@ENDMSG 2221 @!@!@
@!@!@STARTMSG 2221:0 @!@!@
  |line 187, col 20 to line 187, col 53 of module BenOr: 50691
@!@!@ENDMSG 2221 @!@!@
@!@!@STARTMSG 2221:0 @!@!@
  ||line 187, col 32 to line 187, col 52 of module BenOr: 50691
@!@!@ENDMSG 2221 @!@!@
@!@!@STARTMSG 2221:0 @!@!@
  |||line 139, col 21 to line 139, col 65 of module BenOr: 50691
@!@!@ENDMSG 2221 @!@!@
@!@!@STARTMSG 2221:0 @!@!@
  ||||line 139, col 35 to line 139, col 64 of module BenOr: 324586
@!@!@ENDMSG 2221 @!@!@
@!@!@STARTMSG 2221:0 @!@!@
  |||||line 139, col 36 to line 139, col 46 of module BenOr: 324586
@!@!@ENDMSG 2221 @!@!@
@!@!@STARTMSG 2221:0 @!@!@
  |||||line 139, col 53 to line 139, col 63 of module BenOr: 159922
@!@!@ENDMSG 2221 @!@!@
@!@!@STARTMSG 2221:0 @!@!@
  ||||line 139, col 28 to line 139, col 32 of module BenOr: 50691
@!@!@ENDMSG 2221 @!@!@
@!@!@STARTMSG 2221:0 @!@!@
  |||line 187, col 43 to line 187, col 49 of module BenOr: 50691
@!@!@ENDMSG 2221 @!@!@
@!@!@STARTMSG 2221:0 @!@!@
  |line 187, col 58 to line 187, col 60 of module BenOr: 50691
@!@!@ENDMSG 2221 @!@!@
@!@!@STARTMSG 2221:0 @!@!@
  line 188, col 25 to line 188, col 66 of module BenOr: 4092
@!@!@ENDMSG 2221 @!@!@
@!@!@STARTMSG 2221:0 @!@!@
  line 189, col 31 to line 189, col 71 of module BenOr: 46599
@!@!@ENDMSG 2221 @!@!@
@!@!@STARTMSG 2221:0 @!@!@
  |line 189, col 31 to line 189, col 64 of module BenOr: 46599
@!@!@ENDMSG 2221 @!@!@
@!@!@STARTMSG 2221:0 @!@!@
  ||line 189, col 43 to line 189, col 63 of module BenOr: 46599
@!@!@ENDMSG 2221 @!@!@
@!@!@STARTMSG 2221:0 @!@!@
  |||line 139, col 21 to line 139, col 65 of module BenOr: 46599
@!@!@ENDMSG 2221 @!@!@
@!@!@STARTMSG 2221:0 @!@!@
  ||||line 139, col 35 to line 139, col 64 of module BenOr: 296530
@!@!@ENDMSG 2221 @!@!@
@!@!@STARTMSG 2221:0 @!@!@
  |||||line 139, col 36 to line 139, col 46 of module BenOr: 296530
@!@!@ENDMSG 2221 @!@!@
@!@!@STARTMSG 2221:0 @!@!@
  |||||line 139, col 53 to line 139, col 63 of module BenOr: 147466
@!@!@ENDMSG 2221 @!@!@
@!@!@STARTMSG 2221:0 @!@!@
  ||||line 139, col 28 to line 139, col 32 of module BenOr: 46599
@!@!@ENDMSG 2221 @!@!@
@!@!@STARTMSG 2221:0 @!@!@
  |||line 189, col 54 to line 189, col 60 of module BenOr: 46599
@!@!@ENDMSG 2221 @!@!@
@!@!@STARTMSG 2221:0 @!@!@
  |line 189, col 69 to line 189, col 71 of module BenOr: 46599
@!@!@ENDMSG 2221 @!@!@
@!@!@STARTMSG 2221:0 @!@!@
  line 190, col 36 to line 190, col 77 of module BenOr: 4288
@!@!@ENDMSG 2221 @!@!@
@!@!@STARTMSG 2221:0 @!@!@
  line 191, col 39 to line 191, col 42 of module BenOr: 42311
@!@!@ENDMSG 2221 @!@!@
@!@!@STARTMSG 2221:0 @!@!@
  line 192, col 39 to line 192, col 55 of module BenOr: 42311
@!@!@ENDMSG 2221 @!@!@
@!@!@STARTMSG 2221:0 @!@!@
  line 193, col 20 to line 193, col 103 of module BenOr: 50691
@!@!@ENDMSG 2221 @!@!@
@!@!@STARTMSG 2221:0 @!@!@
  |line 193, col 21 to line 193, col 59 of module BenOr: 50691
@!@!@ENDMSG 2221 @!@!@
@!@!@STARTMSG 2221:0 @!@!@
  ||line 193, col 21 to line 193, col 55 of module BenOr: 50691
@!@!@ENDMSG 2221 @!@!@
@!@!@STARTMSG 2221:0 @!@!@
  |||line 193, col 33 to line 193, col 54 of module BenOr: 50691
@!@!@ENDMSG 2221 @!@!@
@!@!@STARTMSG 2221:0 @!@!@
  ||||line 139, col 21 to line 139, col 65 of module BenOr: 50691
@!@!@ENDMSG 2221 @!@!@
@!@!@STARTMSG 2221:0 @!@!@
  |||||line 139, col 35 to line 139, col 64 of module BenOr: 324586
@!@!@ENDMSG 2221 @!@!@
@!@!@STARTMSG 2221:0 @!@!@
  ||||||line 139, col 36 to line 139, col 46 of module BenOr: 324586
@!@!@ENDMSG 2221 @!@!@
@!@!@STARTMSG 2221:0 @!@!@
  ||||||line 139, col 53 to line 139, col 63 of module BenOr: 159922
@!@!@ENDMSG 2221 @!@!@
@!@!@STARTMSG 2221:0 @!@!@
  |||||line 139, col 28 to line 139, col 32 of module BenOr: 50691
@!@!@ENDMSG 2221 @!@!@
@!@!@STARTMSG 2221:0 @!@!@
  ||||line 193, col 44 to line 193, col 50 of module BenOr: 50691
@!@!@ENDMSG 2221 @!@!@
@!@!@STARTMSG 2221:0 @!@!@
  ||||line 193, col 52 to line 193, col 53 of module BenOr: 50691
@!@!@ENDMSG 2221 @!@!@
@!@!@STARTMSG 2221:0 @!@!@
  |line 193, col 66 to line 193, col 102 of module BenOr: 46104
@!@!@ENDMSG 2221 @!@!@
@!@!@STARTMSG 2221:0 @!@!@
  ||line 193, col 66 to line 193, col 99 of module BenOr: 46104
@!@!@ENDMSG 2221 @!@!@
@!@!@STARTMSG 2221:0 @!@!@
  |||line 193, col 78 to line 193, col 98 of module BenOr: 46104
@!@!@ENDMSG 2221 @!@!@
@!@!@STARTMSG 2221:0 @!@!@
  ||||line 139, col 21 to line 139, col 65 of module BenOr: 46104
@!@!@ENDMSG 2221 @!@!@
@!@!@STARTMSG 2221:0 @!@!@
  |||||line 139, col 35 to line 139, col 64 of module BenOr: 293949
@!@!@ENDMSG 2221 @!@!@
@!@!@STARTMSG 2221:0 @!@!@
  ||||||line 139, col 36 to line 139, col 46 of module BenOr: 293949
@!@!@ENDMSG 2221 @!@!@
@!@!@STARTMSG 2221:0 @!@!@
  ||||||line 139, col 53 to line 139, col 63 of module BenOr: 146097
@!@!@ENDMSG 2221 @!@!@
@!@!@STARTMSG 2221:0 @!@!@
  |||||line 139, col 28 to line 139, col 32 of module BenOr: 46104
@!@!@ENDMSG 2221 @!@!@
@!@!@STARTMSG 2221:0 @!@!@
  ||||line 193, col 89 to line 193, col 95 of module BenOr: 46104
@!@!@ENDMSG 2221 @!@!@
@!@!@STARTMSG 2221:0 @!@!@
  line 194, col 25 to line 194, col 58 of module BenOr: 3658
@!@!@ENDMSG 2221 @!@!@
@!@!@STARTMSG 2221:0 @!@!@
  line 195, col 31 to line 195, col 114 of module BenOr: 47033
@!@!@ENDMSG 2221 @!@!@
@!@!@STARTMSG 2221:0 @!@!@
  |line 195, col 32 to line 195, col 70 of module BenOr: 47033
@!@!@ENDMSG 2221 @!@!@
@!@!@STARTMSG 2221:0 @!@!@
  ||line 195, col 32 to line 195, col 66 of module BenOr: 47033
@!@!@ENDMSG 2221 @!@!@
@!@!@STARTMSG 2221:0 @!@!@
  |||line 195, col 44 to line 195, col 65 of module BenOr: 47033
@!@!@ENDMSG 2221 @!@!@
@!@!@STARTMSG 2221:0 @!@!@
  ||||line 139, col 21 to line 139, col 65 of module BenOr: 47033
@!@!@ENDMSG 2221 @!@!@
@!@!@STARTMSG 2221:0 @!@!@
  |||||line 139, col 35 to line 139, col 64 of module BenOr: 298734
@!@!@ENDMSG 2221 @!@!@
@!@!@STARTMSG 2221:0 @!@!@
  ||||||line 139, col 36 to line 139, col 46 of module BenOr: 298734
@!@!@ENDMSG 2221 @!@!@
@!@!@STARTMSG 2221:0 @!@!@
  ||||||line 139, col 53 to line 139, col 63 of module BenOr: 148702
@!@!@ENDMSG 2221 @!@!@
@!@!@STARTMSG 2221:0 @!@!@
  |||||line 139, col 28 to line 139, col 32 of module BenOr: 47033
@!@!@ENDMSG 2221 @!@!@
@!@!@STARTMSG 2221:0 @!@!@
  ||||line 195, col 55 to line 195, col 61 of module BenOr: 47033
@!@!@ENDMSG 2221 @!@!@
@!@!@STARTMSG 2221:0 @!@!@
  ||||line 195, col 63 to line 195, col 64 of module BenOr: 47033
@!@!@ENDMSG 2221 @!@!@
@!@!@STARTMSG 2221:0 @!@!@
  |line 195, col 77 to line 195, col 113 of module BenOr: 42446
@!@!@ENDMSG 2221 @!@!@
@!@!@STARTMSG 2221:0 @!@!@
  ||line 195, col 77 to line 195, col 110 of module BenOr: 42446
@!@!@ENDMSG 2221 @!@!@
@!@!@STARTMSG 2221:0 @!@!@
  |||line 195, col 89 to line 195, col 109 of module BenOr: 42446
@!@!@ENDMSG 2221 @!@!@
@!@!@STARTMSG 2221:0 @!@!@
  ||||line 139, col 21 to line 139, col 65 of module BenOr: 42446
@!@!@ENDMSG 2221 @!@!@
@!@!@STARTMSG 2221:0 @!@!@
  |||||line 139, col 35 to line 139, col 64 of module BenOr: 268097
@!@!@ENDMSG 2221 @!@!@
@!@!@STARTMSG 2221:0 @!@!@
  ||||||line 139, col 36 to line 139, col 46 of module BenOr: 268097
@!@!@ENDMSG 2221 @!@!@
@!@!@STARTMSG 2221:0 @!@!@
  ||||||line 139, col 53 to line 139, col 63 of module BenOr: 134877
@!@!@ENDMSG 2221 @!@!@
@!@!@STARTMSG 2221:0 @!@!@
  |||||line 139, col 28 to line 139, col 32 of module BenOr: 42446
@!@!@ENDMSG 2221 @!@!@
@!@!@STARTMSG 2221:0 @!@!@
  ||||line 195, col 100 to line 195, col 106 of module BenOr: 42446
@!@!@ENDMSG 2221 @!@!@
@!@!@STARTMSG 2221:0 @!@!@
  line 196, col 36 to line 196, col 69 of module BenOr: 3556
@!@!@ENDMSG 2221 @!@!@
@!@!@STARTMSG 2221:0 @!@!@
  line 197, col 43 to line 197, col 81 of module BenOr: 43477
@!@!@ENDMSG 2221 @!@!@
@!@!@STARTMSG 2221:0 @!@!@
  |line 197, col 43 to line 197, col 77 of module BenOr: 43477
@!@!@ENDMSG 2221 @!@!@
@!@!@STARTMSG 2221:0 @!@!@
  ||line 197, col 55 to line 197, col 76 of module BenOr: 43477
@!@!@ENDMSG 2221 @!@!@
@!@!@STARTMSG 2221:0 @!@!@
  |||line 139, col 21 to line 139, col 65 of module BenOr: 43477
@!@!@ENDMSG 2221 @!@!@
@!@!@STARTMSG 2221:0 @!@!@
  ||||line 139, col 35 to line 139, col 64 of module BenOr: 273634
@!@!@ENDMSG 2221 @!@!@
@!@!@STARTMSG 2221:0 @!@!@
  |||||line 139, col 36 to line 139, col 46 of module BenOr: 273634
@!@!@ENDMSG 2221 @!@!@
@!@!@STARTMSG 2221:0 @!@!@
  |||||line 139, col 53 to line 139, col 63 of module BenOr: 137826
@!@!@ENDMSG 2221 @!@!@
@!@!@STARTMSG 2221:0 @!@!@
  ||||line 139, col 28 to line 139, col 32 of module BenOr: 43477
@!@!@ENDMSG 2221 @!@!@
@!@!@STARTMSG 2221:0 @!@!@
  |||line 197, col 66 to line 197, col 72 of module BenOr: 43477
@!@!@ENDMSG 2221 @!@!@
@!@!@STARTMSG 2221:0 @!@!@
  |||line 197, col 74 to line 197, col 75 of module BenOr: 43477
@!@!@ENDMSG 2221 @!@!@
@!@!@STARTMSG 2221:0 @!@!@
  line 199, col 52 to line 199, col 82 of module BenOr: 77780
@!@!@ENDMSG 2221 @!@!@
@!@!@STARTMSG 2775:0 @!@!@
  line 198, col 59 to line 198, col 63 of module BenOr: 38890:116670
@!@!@ENDMSG 2775 @!@!@
@!@!@STARTMSG 2221:0 @!@!@
  line 200, col 47 to line 201, col 59 of module BenOr: 4587
@!@!@ENDMSG 2221 @!@!@
@!@!@STARTMSG 2221:0 @!@!@
  line 202, col 17 to line 202, col 53 of module BenOr: 89581
@!@!@ENDMSG 2221 @!@!@
@!@!@STARTMSG 2221:0 @!@!@
  line 203, col 17 to line 203, col 51 of module BenOr: 89581
@!@!@ENDMSG 2221 @!@!@
@!@!@STARTMSG 2221:0 @!@!@
  line 204, col 17 to line 204, col 66 of module BenOr: 89581
@!@!@ENDMSG 2221 @!@!@
@!@!@STARTMSG 2772:0 @!@!@
<Terminating line 209, col 1 to line 209, col 11 of module BenOr>: 0:0
@!@!@ENDMSG 2772 @!@!@
@!@!@STARTMSG 2221:0 @!@!@
  line 209, col 19 to line 209, col 56 of module BenOr: 72501
@!@!@ENDMSG 2221 @!@!@
@!@!@STARTMSG 2221:0 @!@!@
  line 210, col 19 to line 210, col 32 of module BenOr: 0
@!@!@ENDMSG 2221 @!@!@
@!@!@STARTMSG 2774:0 @!@!@
<inv_1575160313780114000 line 25, col 1 to line 25, col 23 of module MC>
@!@!@ENDMSG 2774 @!@!@
@!@!@STARTMSG 2221:0 @!@!@
  line 26, col 2 to line 26, col 57 of module MC: 92344
@!@!@ENDMSG 2221 @!@!@
@!@!@STARTMSG 2221:0 @!@!@
  |line 26, col 20 to line 26, col 57 of module MC: 1477451
@!@!@ENDMSG 2221 @!@!@
@!@!@STARTMSG 2221:0 @!@!@
  ||line 26, col 20 to line 26, col 30 of module MC: 1477451
@!@!@ENDMSG 2221 @!@!@
@!@!@STARTMSG 2221:0 @!@!@
  ||line 26, col 35 to line 26, col 57 of module MC: 885276
@!@!@ENDMSG 2221 @!@!@
@!@!@STARTMSG 2221:0 @!@!@
  |line 26, col 13 to line 26, col 17 of module MC: 92344
@!@!@ENDMSG 2221 @!@!@
@!@!@STARTMSG 2202:0 @!@!@
End of statistics.
@!@!@ENDMSG 2202 @!@!@
@!@!@STARTMSG 2200:0 @!@!@
Progress(39) at 2019-11-30 19:31:56: 283,138 states generated (7,757,205 s/min), 92,344 distinct states found (2,529,972 ds/min), 19,835 states left on queue.
@!@!@ENDMSG 2200 @!@!@
@!@!@STARTMSG 2199:0 @!@!@
283138 states generated, 92344 distinct states found, 19835 states left on queue.
@!@!@ENDMSG 2199 @!@!@
@!@!@STARTMSG 2194:0 @!@!@
The depth of the complete state graph search is 39.
@!@!@ENDMSG 2194 @!@!@
@!@!@STARTMSG 2268:0 @!@!@
The average outdegree of the complete state graph is 1 (minimum is 0, the maximum 7 and the 95th percentile is 3).
@!@!@ENDMSG 2268 @!@!@
@!@!@STARTMSG 2186:0 @!@!@
Finished in 2194ms at (2019-11-30 19:31:56)
@!@!@ENDMSG 2186 @!@!@
