@!@!@STARTMSG 2262:0 @!@!@
TLC2 Version 2.14 of 10 July 2019
@!@!@ENDMSG 2262 @!@!@
@!@!@STARTMSG 2187:0 @!@!@
Running breadth-first search Model-Checking with fp 116 and seed 1847829105756508204 with 6 workers on 12 cores with 1173MB heap and 2638MB offheap memory [pid: 9824] (Linux 5.0.0-36-generic amd64, AdoptOpenJDK 11.0.3 x86_64, OffHeapDiskFPSet, DiskStateQueue).
@!@!@ENDMSG 2187 @!@!@
@!@!@STARTMSG 2220:0 @!@!@
Starting SANY...
@!@!@ENDMSG 2220 @!@!@
Parsing file /home/pratik/TLA-Plus/BenOr/BenOr.toolbox/Model_4/MC.tla
Parsing file /home/pratik/TLA-Plus/BenOr/BenOr.toolbox/Model_4/BenOr.tla
Parsing file /home/pratik/TLAToolbox-1.6.0-linux.gtk.x86_64/toolbox/plugins/org.lamport.tlatools_1.0.0.201907102009/tla2sany/StandardModules/TLC.tla
Parsing file /home/pratik/TLAToolbox-1.6.0-linux.gtk.x86_64/toolbox/plugins/org.lamport.tlatools_1.0.0.201907102009/tla2sany/StandardModules/Integers.tla
Parsing file /home/pratik/TLAToolbox-1.6.0-linux.gtk.x86_64/toolbox/plugins/org.lamport.tlatools_1.0.0.201907102009/tla2sany/StandardModules/Sequences.tla
Parsing file /home/pratik/TLAToolbox-1.6.0-linux.gtk.x86_64/toolbox/plugins/org.lamport.tlatools_1.0.0.201907102009/tla2sany/StandardModules/FiniteSets.tla
Parsing file /home/pratik/TLAToolbox-1.6.0-linux.gtk.x86_64/toolbox/plugins/org.lamport.tlatools_1.0.0.201907102009/tla2sany/StandardModules/Naturals.tla
Semantic processing of module Naturals
Semantic processing of module Integers
Semantic processing of module Sequences
Semantic processing of module FiniteSets
Semantic processing of module TLC
Semantic processing of module BenOr
Semantic processing of module MC
@!@!@STARTMSG 2219:0 @!@!@
SANY finished.
@!@!@ENDMSG 2219 @!@!@
@!@!@STARTMSG 2185:0 @!@!@
Starting... (2019-11-30 19:08:35)
@!@!@ENDMSG 2185 @!@!@
@!@!@STARTMSG 2189:0 @!@!@
Computing initial states...
@!@!@ENDMSG 2189 @!@!@
@!@!@STARTMSG 2190:0 @!@!@
Finished computing initial states: 1 distinct state generated at 2019-11-30 19:08:35.
@!@!@ENDMSG 2190 @!@!@
@!@!@STARTMSG 2110:1 @!@!@
Invariant inv_157515891509785000 is violated.
@!@!@ENDMSG 2110 @!@!@
@!@!@STARTMSG 2121:1 @!@!@
The behavior up to this point is:
@!@!@ENDMSG 2121 @!@!@
@!@!@STARTMSG 2217:4 @!@!@
1: <Initial predicate>
/\ r = <<1, 1, 1, 1>>
/\ p1v = <<0, 0, 1, 1>>
/\ pc = <<"entry", "entry", "entry", "entry">>
/\ p2v = <<-1, -1, -1, -1>>
/\ p2Msg = {}
/\ decided = <<-1, -1, -1, -1>>
/\ p1Msg = {}
/\ DBCollectP1Msgs = {}

@!@!@ENDMSG 2217 @!@!@
@!@!@STARTMSG 2217:4 @!@!@
2: <entry line 160, col 16 to line 165, col 41 of module BenOr>
/\ r = <<1, 1, 1, 1>>
/\ p1v = <<0, 0, 1, 1>>
/\ pc = <<"entry", "P1S", "entry", "entry">>
/\ p2v = <<-1, -1, -1, -1>>
/\ p2Msg = {}
/\ decided = <<-1, -1, -1, -1>>
/\ p1Msg = {}
/\ DBCollectP1Msgs = {}

@!@!@ENDMSG 2217 @!@!@
@!@!@STARTMSG 2217:4 @!@!@
3: <entry line 160, col 16 to line 165, col 41 of module BenOr>
/\ r = <<1, 1, 1, 1>>
/\ p1v = <<0, 0, 1, 1>>
/\ pc = <<"P1S", "P1S", "entry", "entry">>
/\ p2v = <<-1, -1, -1, -1>>
/\ p2Msg = {}
/\ decided = <<-1, -1, -1, -1>>
/\ p1Msg = {}
/\ DBCollectP1Msgs = {}

@!@!@ENDMSG 2217 @!@!@
@!@!@STARTMSG 2217:4 @!@!@
4: <P1S line 167, col 14 to line 170, col 76 of module BenOr>
/\ r = <<1, 1, 1, 1>>
/\ p1v = <<0, 0, 1, 1>>
/\ pc = <<"P1R", "P1S", "entry", "entry">>
/\ p2v = <<-1, -1, -1, -1>>
/\ p2Msg = {}
/\ decided = <<-1, -1, -1, -1>>
/\ p1Msg = {[value |-> 0, round |-> 1, nodeid |-> 1]}
/\ DBCollectP1Msgs = {}

@!@!@ENDMSG 2217 @!@!@
@!@!@STARTMSG 2217:4 @!@!@
5: <P1S line 167, col 14 to line 170, col 76 of module BenOr>
/\ r = <<1, 1, 1, 1>>
/\ p1v = <<0, 0, 1, 1>>
/\ pc = <<"P1R", "P1R", "entry", "entry">>
/\ p2v = <<-1, -1, -1, -1>>
/\ p2Msg = {}
/\ decided = <<-1, -1, -1, -1>>
/\ p1Msg = { [value |-> 0, round |-> 1, nodeid |-> 1],
  [value |-> 0, round |-> 1, nodeid |-> 2] }
/\ DBCollectP1Msgs = {}

@!@!@ENDMSG 2217 @!@!@
@!@!@STARTMSG 2217:4 @!@!@
6: <entry line 160, col 16 to line 165, col 41 of module BenOr>
/\ r = <<1, 1, 1, 1>>
/\ p1v = <<0, 0, 1, 1>>
/\ pc = <<"P1R", "P1R", "P1S", "entry">>
/\ p2v = <<-1, -1, -1, -1>>
/\ p2Msg = {}
/\ decided = <<-1, -1, -1, -1>>
/\ p1Msg = { [value |-> 0, round |-> 1, nodeid |-> 1],
  [value |-> 0, round |-> 1, nodeid |-> 2] }
/\ DBCollectP1Msgs = {}

@!@!@ENDMSG 2217 @!@!@
@!@!@STARTMSG 2217:4 @!@!@
7: <P1S line 167, col 14 to line 170, col 76 of module BenOr>
/\ r = <<1, 1, 1, 1>>
/\ p1v = <<0, 0, 1, 1>>
/\ pc = <<"P1R", "P1R", "P1R", "entry">>
/\ p2v = <<-1, -1, -1, -1>>
/\ p2Msg = {}
/\ decided = <<-1, -1, -1, -1>>
/\ p1Msg = { [value |-> 0, round |-> 1, nodeid |-> 1],
  [value |-> 0, round |-> 1, nodeid |-> 2],
  [value |-> 1, round |-> 1, nodeid |-> 3] }
/\ DBCollectP1Msgs = {}

@!@!@ENDMSG 2217 @!@!@
@!@!@STARTMSG 2217:4 @!@!@
8: <P1R line 172, col 14 to line 180, col 78 of module BenOr>
/\ r = <<1, 1, 1, 1>>
/\ p1v = <<0, 0, 1, 1>>
/\ pc = <<"P2S", "P1R", "P1R", "entry">>
/\ p2v = <<-1, -1, -1, -1>>
/\ p2Msg = {}
/\ decided = <<-1, -1, -1, -1>>
/\ p1Msg = { [value |-> 0, round |-> 1, nodeid |-> 1],
  [value |-> 0, round |-> 1, nodeid |-> 2],
  [value |-> 1, round |-> 1, nodeid |-> 3] }
/\ DBCollectP1Msgs = {}

@!@!@ENDMSG 2217 @!@!@
@!@!@STARTMSG 2217:4 @!@!@
9: <P2S line 182, col 14 to line 185, col 76 of module BenOr>
/\ r = <<1, 1, 1, 1>>
/\ p1v = <<0, 0, 1, 1>>
/\ pc = <<"P2R", "P1R", "P1R", "entry">>
/\ p2v = <<-1, -1, -1, -1>>
/\ p2Msg = {[value |-> -1, round |-> 1, nodeid |-> 1]}
/\ decided = <<-1, -1, -1, -1>>
/\ p1Msg = { [value |-> 0, round |-> 1, nodeid |-> 1],
  [value |-> 0, round |-> 1, nodeid |-> 2],
  [value |-> 1, round |-> 1, nodeid |-> 3] }
/\ DBCollectP1Msgs = {}

@!@!@ENDMSG 2217 @!@!@
@!@!@STARTMSG 2217:4 @!@!@
10: <P1R line 172, col 14 to line 180, col 78 of module BenOr>
/\ r = <<1, 1, 1, 1>>
/\ p1v = <<0, 0, 1, 1>>
/\ pc = <<"P2R", "P2S", "P1R", "entry">>
/\ p2v = <<-1, -1, -1, -1>>
/\ p2Msg = {[value |-> -1, round |-> 1, nodeid |-> 1]}
/\ decided = <<-1, -1, -1, -1>>
/\ p1Msg = { [value |-> 0, round |-> 1, nodeid |-> 1],
  [value |-> 0, round |-> 1, nodeid |-> 2],
  [value |-> 1, round |-> 1, nodeid |-> 3] }
/\ DBCollectP1Msgs = {}

@!@!@ENDMSG 2217 @!@!@
@!@!@STARTMSG 2217:4 @!@!@
11: <P2S line 182, col 14 to line 185, col 76 of module BenOr>
/\ r = <<1, 1, 1, 1>>
/\ p1v = <<0, 0, 1, 1>>
/\ pc = <<"P2R", "P2R", "P1R", "entry">>
/\ p2v = <<-1, -1, -1, -1>>
/\ p2Msg = { [value |-> -1, round |-> 1, nodeid |-> 1],
  [value |-> -1, round |-> 1, nodeid |-> 2] }
/\ decided = <<-1, -1, -1, -1>>
/\ p1Msg = { [value |-> 0, round |-> 1, nodeid |-> 1],
  [value |-> 0, round |-> 1, nodeid |-> 2],
  [value |-> 1, round |-> 1, nodeid |-> 3] }
/\ DBCollectP1Msgs = {}

@!@!@ENDMSG 2217 @!@!@
@!@!@STARTMSG 2217:4 @!@!@
12: <P1R line 172, col 14 to line 180, col 78 of module BenOr>
/\ r = <<1, 1, 1, 1>>
/\ p1v = <<0, 0, 1, 1>>
/\ pc = <<"P2R", "P2R", "P2S", "entry">>
/\ p2v = <<-1, -1, -1, -1>>
/\ p2Msg = { [value |-> -1, round |-> 1, nodeid |-> 1],
  [value |-> -1, round |-> 1, nodeid |-> 2] }
/\ decided = <<-1, -1, -1, -1>>
/\ p1Msg = { [value |-> 0, round |-> 1, nodeid |-> 1],
  [value |-> 0, round |-> 1, nodeid |-> 2],
  [value |-> 1, round |-> 1, nodeid |-> 3] }
/\ DBCollectP1Msgs = {}

@!@!@ENDMSG 2217 @!@!@
@!@!@STARTMSG 2217:4 @!@!@
13: <P2S line 182, col 14 to line 185, col 76 of module BenOr>
/\ r = <<1, 1, 1, 1>>
/\ p1v = <<0, 0, 1, 1>>
/\ pc = <<"P2R", "P2R", "P2R", "entry">>
/\ p2v = <<-1, -1, -1, -1>>
/\ p2Msg = { [value |-> -1, round |-> 1, nodeid |-> 1],
  [value |-> -1, round |-> 1, nodeid |-> 2],
  [value |-> -1, round |-> 1, nodeid |-> 3] }
/\ decided = <<-1, -1, -1, -1>>
/\ p1Msg = { [value |-> 0, round |-> 1, nodeid |-> 1],
  [value |-> 0, round |-> 1, nodeid |-> 2],
  [value |-> 1, round |-> 1, nodeid |-> 3] }
/\ DBCollectP1Msgs = {}

@!@!@ENDMSG 2217 @!@!@
@!@!@STARTMSG 2217:4 @!@!@
14: <P2R line 187, col 14 to line 206, col 66 of module BenOr>
/\ r = <<2, 1, 1, 1>>
/\ p1v = <<0, 0, 1, 1>>
/\ pc = <<"entry", "P2R", "P2R", "entry">>
/\ p2v = <<-1, -1, -1, -1>>
/\ p2Msg = { [value |-> -1, round |-> 1, nodeid |-> 1],
  [value |-> -1, round |-> 1, nodeid |-> 2],
  [value |-> -1, round |-> 1, nodeid |-> 3] }
/\ decided = <<-1, -1, -1, -1>>
/\ p1Msg = { [value |-> 0, round |-> 1, nodeid |-> 1],
  [value |-> 0, round |-> 1, nodeid |-> 2],
  [value |-> 1, round |-> 1, nodeid |-> 3] }
/\ DBCollectP1Msgs = {}

@!@!@ENDMSG 2217 @!@!@
@!@!@STARTMSG 2217:4 @!@!@
15: <entry line 160, col 16 to line 165, col 41 of module BenOr>
/\ r = <<2, 1, 1, 1>>
/\ p1v = <<0, 0, 1, 1>>
/\ pc = <<"P1S", "P2R", "P2R", "entry">>
/\ p2v = <<-1, -1, -1, -1>>
/\ p2Msg = { [value |-> -1, round |-> 1, nodeid |-> 1],
  [value |-> -1, round |-> 1, nodeid |-> 2],
  [value |-> -1, round |-> 1, nodeid |-> 3] }
/\ decided = <<-1, -1, -1, -1>>
/\ p1Msg = { [value |-> 0, round |-> 1, nodeid |-> 1],
  [value |-> 0, round |-> 1, nodeid |-> 2],
  [value |-> 1, round |-> 1, nodeid |-> 3] }
/\ DBCollectP1Msgs = {}

@!@!@ENDMSG 2217 @!@!@
@!@!@STARTMSG 2217:4 @!@!@
16: <P1S line 167, col 14 to line 170, col 76 of module BenOr>
/\ r = <<2, 1, 1, 1>>
/\ p1v = <<0, 0, 1, 1>>
/\ pc = <<"P1R", "P2R", "P2R", "entry">>
/\ p2v = <<-1, -1, -1, -1>>
/\ p2Msg = { [value |-> -1, round |-> 1, nodeid |-> 1],
  [value |-> -1, round |-> 1, nodeid |-> 2],
  [value |-> -1, round |-> 1, nodeid |-> 3] }
/\ decided = <<-1, -1, -1, -1>>
/\ p1Msg = { [value |-> 0, round |-> 1, nodeid |-> 1],
  [value |-> 0, round |-> 1, nodeid |-> 2],
  [value |-> 0, round |-> 2, nodeid |-> 1],
  [value |-> 1, round |-> 1, nodeid |-> 3] }
/\ DBCollectP1Msgs = {}

@!@!@ENDMSG 2217 @!@!@
@!@!@STARTMSG 2217:4 @!@!@
17: <P2R line 187, col 14 to line 206, col 66 of module BenOr>
/\ r = <<2, 2, 1, 1>>
/\ p1v = <<0, 0, 1, 1>>
/\ pc = <<"P1R", "entry", "P2R", "entry">>
/\ p2v = <<-1, -1, -1, -1>>
/\ p2Msg = { [value |-> -1, round |-> 1, nodeid |-> 1],
  [value |-> -1, round |-> 1, nodeid |-> 2],
  [value |-> -1, round |-> 1, nodeid |-> 3] }
/\ decided = <<-1, -1, -1, -1>>
/\ p1Msg = { [value |-> 0, round |-> 1, nodeid |-> 1],
  [value |-> 0, round |-> 1, nodeid |-> 2],
  [value |-> 0, round |-> 2, nodeid |-> 1],
  [value |-> 1, round |-> 1, nodeid |-> 3] }
/\ DBCollectP1Msgs = {}

@!@!@ENDMSG 2217 @!@!@
@!@!@STARTMSG 2217:4 @!@!@
18: <entry line 160, col 16 to line 165, col 41 of module BenOr>
/\ r = <<2, 2, 1, 1>>
/\ p1v = <<0, 0, 1, 1>>
/\ pc = <<"P1R", "P1S", "P2R", "entry">>
/\ p2v = <<-1, -1, -1, -1>>
/\ p2Msg = { [value |-> -1, round |-> 1, nodeid |-> 1],
  [value |-> -1, round |-> 1, nodeid |-> 2],
  [value |-> -1, round |-> 1, nodeid |-> 3] }
/\ decided = <<-1, -1, -1, -1>>
/\ p1Msg = { [value |-> 0, round |-> 1, nodeid |-> 1],
  [value |-> 0, round |-> 1, nodeid |-> 2],
  [value |-> 0, round |-> 2, nodeid |-> 1],
  [value |-> 1, round |-> 1, nodeid |-> 3] }
/\ DBCollectP1Msgs = {}

@!@!@ENDMSG 2217 @!@!@
@!@!@STARTMSG 2217:4 @!@!@
19: <P1S line 167, col 14 to line 170, col 76 of module BenOr>
/\ r = <<2, 2, 1, 1>>
/\ p1v = <<0, 0, 1, 1>>
/\ pc = <<"P1R", "P1R", "P2R", "entry">>
/\ p2v = <<-1, -1, -1, -1>>
/\ p2Msg = { [value |-> -1, round |-> 1, nodeid |-> 1],
  [value |-> -1, round |-> 1, nodeid |-> 2],
  [value |-> -1, round |-> 1, nodeid |-> 3] }
/\ decided = <<-1, -1, -1, -1>>
/\ p1Msg = { [value |-> 0, round |-> 1, nodeid |-> 1],
  [value |-> 0, round |-> 1, nodeid |-> 2],
  [value |-> 0, round |-> 2, nodeid |-> 1],
  [value |-> 0, round |-> 2, nodeid |-> 2],
  [value |-> 1, round |-> 1, nodeid |-> 3] }
/\ DBCollectP1Msgs = {}

@!@!@ENDMSG 2217 @!@!@
@!@!@STARTMSG 2217:4 @!@!@
20: <P2R line 187, col 14 to line 206, col 66 of module BenOr>
/\ r = <<2, 2, 2, 1>>
/\ p1v = <<0, 0, 1, 1>>
/\ pc = <<"P1R", "P1R", "entry", "entry">>
/\ p2v = <<-1, -1, -1, -1>>
/\ p2Msg = { [value |-> -1, round |-> 1, nodeid |-> 1],
  [value |-> -1, round |-> 1, nodeid |-> 2],
  [value |-> -1, round |-> 1, nodeid |-> 3] }
/\ decided = <<-1, -1, -1, -1>>
/\ p1Msg = { [value |-> 0, round |-> 1, nodeid |-> 1],
  [value |-> 0, round |-> 1, nodeid |-> 2],
  [value |-> 0, round |-> 2, nodeid |-> 1],
  [value |-> 0, round |-> 2, nodeid |-> 2],
  [value |-> 1, round |-> 1, nodeid |-> 3] }
/\ DBCollectP1Msgs = {}

@!@!@ENDMSG 2217 @!@!@
@!@!@STARTMSG 2217:4 @!@!@
21: <entry line 160, col 16 to line 165, col 41 of module BenOr>
/\ r = <<2, 2, 2, 1>>
/\ p1v = <<0, 0, 1, 1>>
/\ pc = <<"P1R", "P1R", "P1S", "entry">>
/\ p2v = <<-1, -1, -1, -1>>
/\ p2Msg = { [value |-> -1, round |-> 1, nodeid |-> 1],
  [value |-> -1, round |-> 1, nodeid |-> 2],
  [value |-> -1, round |-> 1, nodeid |-> 3] }
/\ decided = <<-1, -1, -1, -1>>
/\ p1Msg = { [value |-> 0, round |-> 1, nodeid |-> 1],
  [value |-> 0, round |-> 1, nodeid |-> 2],
  [value |-> 0, round |-> 2, nodeid |-> 1],
  [value |-> 0, round |-> 2, nodeid |-> 2],
  [value |-> 1, round |-> 1, nodeid |-> 3] }
/\ DBCollectP1Msgs = {}

@!@!@ENDMSG 2217 @!@!@
@!@!@STARTMSG 2217:4 @!@!@
22: <entry line 160, col 16 to line 165, col 41 of module BenOr>
/\ r = <<2, 2, 2, 1>>
/\ p1v = <<0, 0, 1, 1>>
/\ pc = <<"P1R", "P1R", "P1S", "P1S">>
/\ p2v = <<-1, -1, -1, -1>>
/\ p2Msg = { [value |-> -1, round |-> 1, nodeid |-> 1],
  [value |-> -1, round |-> 1, nodeid |-> 2],
  [value |-> -1, round |-> 1, nodeid |-> 3] }
/\ decided = <<-1, -1, -1, -1>>
/\ p1Msg = { [value |-> 0, round |-> 1, nodeid |-> 1],
  [value |-> 0, round |-> 1, nodeid |-> 2],
  [value |-> 0, round |-> 2, nodeid |-> 1],
  [value |-> 0, round |-> 2, nodeid |-> 2],
  [value |-> 1, round |-> 1, nodeid |-> 3] }
/\ DBCollectP1Msgs = {}

@!@!@ENDMSG 2217 @!@!@
@!@!@STARTMSG 2217:4 @!@!@
23: <P1S line 167, col 14 to line 170, col 76 of module BenOr>
/\ r = <<2, 2, 2, 1>>
/\ p1v = <<0, 0, 1, 1>>
/\ pc = <<"P1R", "P1R", "P1R", "P1S">>
/\ p2v = <<-1, -1, -1, -1>>
/\ p2Msg = { [value |-> -1, round |-> 1, nodeid |-> 1],
  [value |-> -1, round |-> 1, nodeid |-> 2],
  [value |-> -1, round |-> 1, nodeid |-> 3] }
/\ decided = <<-1, -1, -1, -1>>
/\ p1Msg = { [value |-> 0, round |-> 1, nodeid |-> 1],
  [value |-> 0, round |-> 1, nodeid |-> 2],
  [value |-> 0, round |-> 2, nodeid |-> 1],
  [value |-> 0, round |-> 2, nodeid |-> 2],
  [value |-> 1, round |-> 1, nodeid |-> 3],
  [value |-> 1, round |-> 2, nodeid |-> 3] }
/\ DBCollectP1Msgs = {}

@!@!@ENDMSG 2217 @!@!@
@!@!@STARTMSG 2217:4 @!@!@
24: <P1R line 172, col 14 to line 180, col 78 of module BenOr>
/\ r = <<2, 2, 2, 1>>
/\ p1v = <<0, 0, 1, 1>>
/\ pc = <<"P2S", "P1R", "P1R", "P1S">>
/\ p2v = <<-1, -1, -1, -1>>
/\ p2Msg = { [value |-> -1, round |-> 1, nodeid |-> 1],
  [value |-> -1, round |-> 1, nodeid |-> 2],
  [value |-> -1, round |-> 1, nodeid |-> 3] }
/\ decided = <<-1, -1, -1, -1>>
/\ p1Msg = { [value |-> 0, round |-> 1, nodeid |-> 1],
  [value |-> 0, round |-> 1, nodeid |-> 2],
  [value |-> 0, round |-> 2, nodeid |-> 1],
  [value |-> 0, round |-> 2, nodeid |-> 2],
  [value |-> 1, round |-> 1, nodeid |-> 3],
  [value |-> 1, round |-> 2, nodeid |-> 3] }
/\ DBCollectP1Msgs = {}

@!@!@ENDMSG 2217 @!@!@
@!@!@STARTMSG 2217:4 @!@!@
25: <P2S line 182, col 14 to line 185, col 76 of module BenOr>
/\ r = <<2, 2, 2, 1>>
/\ p1v = <<0, 0, 1, 1>>
/\ pc = <<"P2R", "P1R", "P1R", "P1S">>
/\ p2v = <<-1, -1, -1, -1>>
/\ p2Msg = { [value |-> -1, round |-> 1, nodeid |-> 1],
  [value |-> -1, round |-> 1, nodeid |-> 2],
  [value |-> -1, round |-> 1, nodeid |-> 3],
  [value |-> -1, round |-> 2, nodeid |-> 1] }
/\ decided = <<-1, -1, -1, -1>>
/\ p1Msg = { [value |-> 0, round |-> 1, nodeid |-> 1],
  [value |-> 0, round |-> 1, nodeid |-> 2],
  [value |-> 0, round |-> 2, nodeid |-> 1],
  [value |-> 0, round |-> 2, nodeid |-> 2],
  [value |-> 1, round |-> 1, nodeid |-> 3],
  [value |-> 1, round |-> 2, nodeid |-> 3] }
/\ DBCollectP1Msgs = {}

@!@!@ENDMSG 2217 @!@!@
@!@!@STARTMSG 2217:4 @!@!@
26: <P1R line 172, col 14 to line 180, col 78 of module BenOr>
/\ r = <<2, 2, 2, 1>>
/\ p1v = <<0, 0, 1, 1>>
/\ pc = <<"P2R", "P2S", "P1R", "P1S">>
/\ p2v = <<-1, -1, -1, -1>>
/\ p2Msg = { [value |-> -1, round |-> 1, nodeid |-> 1],
  [value |-> -1, round |-> 1, nodeid |-> 2],
  [value |-> -1, round |-> 1, nodeid |-> 3],
  [value |-> -1, round |-> 2, nodeid |-> 1] }
/\ decided = <<-1, -1, -1, -1>>
/\ p1Msg = { [value |-> 0, round |-> 1, nodeid |-> 1],
  [value |-> 0, round |-> 1, nodeid |-> 2],
  [value |-> 0, round |-> 2, nodeid |-> 1],
  [value |-> 0, round |-> 2, nodeid |-> 2],
  [value |-> 1, round |-> 1, nodeid |-> 3],
  [value |-> 1, round |-> 2, nodeid |-> 3] }
/\ DBCollectP1Msgs = {}

@!@!@ENDMSG 2217 @!@!@
@!@!@STARTMSG 2217:4 @!@!@
27: <P2S line 182, col 14 to line 185, col 76 of module BenOr>
/\ r = <<2, 2, 2, 1>>
/\ p1v = <<0, 0, 1, 1>>
/\ pc = <<"P2R", "P2R", "P1R", "P1S">>
/\ p2v = <<-1, -1, -1, -1>>
/\ p2Msg = { [value |-> -1, round |-> 1, nodeid |-> 1],
  [value |-> -1, round |-> 1, nodeid |-> 2],
  [value |-> -1, round |-> 1, nodeid |-> 3],
  [value |-> -1, round |-> 2, nodeid |-> 1],
  [value |-> -1, round |-> 2, nodeid |-> 2] }
/\ decided = <<-1, -1, -1, -1>>
/\ p1Msg = { [value |-> 0, round |-> 1, nodeid |-> 1],
  [value |-> 0, round |-> 1, nodeid |-> 2],
  [value |-> 0, round |-> 2, nodeid |-> 1],
  [value |-> 0, round |-> 2, nodeid |-> 2],
  [value |-> 1, round |-> 1, nodeid |-> 3],
  [value |-> 1, round |-> 2, nodeid |-> 3] }
/\ DBCollectP1Msgs = {}

@!@!@ENDMSG 2217 @!@!@
@!@!@STARTMSG 2217:4 @!@!@
28: <P1S line 167, col 14 to line 170, col 76 of module BenOr>
/\ r = <<2, 2, 2, 1>>
/\ p1v = <<0, 0, 1, 1>>
/\ pc = <<"P2R", "P2R", "P1R", "P1R">>
/\ p2v = <<-1, -1, -1, -1>>
/\ p2Msg = { [value |-> -1, round |-> 1, nodeid |-> 1],
  [value |-> -1, round |-> 1, nodeid |-> 2],
  [value |-> -1, round |-> 1, nodeid |-> 3],
  [value |-> -1, round |-> 2, nodeid |-> 1],
  [value |-> -1, round |-> 2, nodeid |-> 2] }
/\ decided = <<-1, -1, -1, -1>>
/\ p1Msg = { [value |-> 0, round |-> 1, nodeid |-> 1],
  [value |-> 0, round |-> 1, nodeid |-> 2],
  [value |-> 0, round |-> 2, nodeid |-> 1],
  [value |-> 0, round |-> 2, nodeid |-> 2],
  [value |-> 1, round |-> 1, nodeid |-> 3],
  [value |-> 1, round |-> 1, nodeid |-> 4],
  [value |-> 1, round |-> 2, nodeid |-> 3] }
/\ DBCollectP1Msgs = {}

@!@!@ENDMSG 2217 @!@!@
@!@!@STARTMSG 2217:4 @!@!@
29: <P1R line 172, col 14 to line 180, col 78 of module BenOr>
/\ r = <<2, 2, 2, 1>>
/\ p1v = <<0, 0, 1, 1>>
/\ pc = <<"P2R", "P2R", "P1R", "P2S">>
/\ p2v = <<-1, -1, -1, -1>>
/\ p2Msg = { [value |-> -1, round |-> 1, nodeid |-> 1],
  [value |-> -1, round |-> 1, nodeid |-> 2],
  [value |-> -1, round |-> 1, nodeid |-> 3],
  [value |-> -1, round |-> 2, nodeid |-> 1],
  [value |-> -1, round |-> 2, nodeid |-> 2] }
/\ decided = <<-1, -1, -1, -1>>
/\ p1Msg = { [value |-> 0, round |-> 1, nodeid |-> 1],
  [value |-> 0, round |-> 1, nodeid |-> 2],
  [value |-> 0, round |-> 2, nodeid |-> 1],
  [value |-> 0, round |-> 2, nodeid |-> 2],
  [value |-> 1, round |-> 1, nodeid |-> 3],
  [value |-> 1, round |-> 1, nodeid |-> 4],
  [value |-> 1, round |-> 2, nodeid |-> 3] }
/\ DBCollectP1Msgs = {}

@!@!@ENDMSG 2217 @!@!@
@!@!@STARTMSG 2217:4 @!@!@
30: <P2S line 182, col 14 to line 185, col 76 of module BenOr>
/\ r = <<2, 2, 2, 1>>
/\ p1v = <<0, 0, 1, 1>>
/\ pc = <<"P2R", "P2R", "P1R", "P2R">>
/\ p2v = <<-1, -1, -1, -1>>
/\ p2Msg = { [value |-> -1, round |-> 1, nodeid |-> 1],
  [value |-> -1, round |-> 1, nodeid |-> 2],
  [value |-> -1, round |-> 1, nodeid |-> 3],
  [value |-> -1, round |-> 1, nodeid |-> 4],
  [value |-> -1, round |-> 2, nodeid |-> 1],
  [value |-> -1, round |-> 2, nodeid |-> 2] }
/\ decided = <<-1, -1, -1, -1>>
/\ p1Msg = { [value |-> 0, round |-> 1, nodeid |-> 1],
  [value |-> 0, round |-> 1, nodeid |-> 2],
  [value |-> 0, round |-> 2, nodeid |-> 1],
  [value |-> 0, round |-> 2, nodeid |-> 2],
  [value |-> 1, round |-> 1, nodeid |-> 3],
  [value |-> 1, round |-> 1, nodeid |-> 4],
  [value |-> 1, round |-> 2, nodeid |-> 3] }
/\ DBCollectP1Msgs = {}

@!@!@ENDMSG 2217 @!@!@
@!@!@STARTMSG 2217:4 @!@!@
31: <P2R line 187, col 14 to line 206, col 66 of module BenOr>
/\ r = <<2, 2, 2, 2>>
/\ p1v = <<0, 0, 1, 0>>
/\ pc = <<"P2R", "P2R", "P1R", "entry">>
/\ p2v = <<-1, -1, -1, -1>>
/\ p2Msg = { [value |-> -1, round |-> 1, nodeid |-> 1],
  [value |-> -1, round |-> 1, nodeid |-> 2],
  [value |-> -1, round |-> 1, nodeid |-> 3],
  [value |-> -1, round |-> 1, nodeid |-> 4],
  [value |-> -1, round |-> 2, nodeid |-> 1],
  [value |-> -1, round |-> 2, nodeid |-> 2] }
/\ decided = <<-1, -1, -1, -1>>
/\ p1Msg = { [value |-> 0, round |-> 1, nodeid |-> 1],
  [value |-> 0, round |-> 1, nodeid |-> 2],
  [value |-> 0, round |-> 2, nodeid |-> 1],
  [value |-> 0, round |-> 2, nodeid |-> 2],
  [value |-> 1, round |-> 1, nodeid |-> 3],
  [value |-> 1, round |-> 1, nodeid |-> 4],
  [value |-> 1, round |-> 2, nodeid |-> 3] }
/\ DBCollectP1Msgs = {}

@!@!@ENDMSG 2217 @!@!@
@!@!@STARTMSG 2217:4 @!@!@
32: <entry line 160, col 16 to line 165, col 41 of module BenOr>
/\ r = <<2, 2, 2, 2>>
/\ p1v = <<0, 0, 1, 0>>
/\ pc = <<"P2R", "P2R", "P1R", "P1S">>
/\ p2v = <<-1, -1, -1, -1>>
/\ p2Msg = { [value |-> -1, round |-> 1, nodeid |-> 1],
  [value |-> -1, round |-> 1, nodeid |-> 2],
  [value |-> -1, round |-> 1, nodeid |-> 3],
  [value |-> -1, round |-> 1, nodeid |-> 4],
  [value |-> -1, round |-> 2, nodeid |-> 1],
  [value |-> -1, round |-> 2, nodeid |-> 2] }
/\ decided = <<-1, -1, -1, -1>>
/\ p1Msg = { [value |-> 0, round |-> 1, nodeid |-> 1],
  [value |-> 0, round |-> 1, nodeid |-> 2],
  [value |-> 0, round |-> 2, nodeid |-> 1],
  [value |-> 0, round |-> 2, nodeid |-> 2],
  [value |-> 1, round |-> 1, nodeid |-> 3],
  [value |-> 1, round |-> 1, nodeid |-> 4],
  [value |-> 1, round |-> 2, nodeid |-> 3] }
/\ DBCollectP1Msgs = {}

@!@!@ENDMSG 2217 @!@!@
@!@!@STARTMSG 2217:4 @!@!@
33: <P1S line 167, col 14 to line 170, col 76 of module BenOr>
/\ r = <<2, 2, 2, 2>>
/\ p1v = <<0, 0, 1, 0>>
/\ pc = <<"P2R", "P2R", "P1R", "P1R">>
/\ p2v = <<-1, -1, -1, -1>>
/\ p2Msg = { [value |-> -1, round |-> 1, nodeid |-> 1],
  [value |-> -1, round |-> 1, nodeid |-> 2],
  [value |-> -1, round |-> 1, nodeid |-> 3],
  [value |-> -1, round |-> 1, nodeid |-> 4],
  [value |-> -1, round |-> 2, nodeid |-> 1],
  [value |-> -1, round |-> 2, nodeid |-> 2] }
/\ decided = <<-1, -1, -1, -1>>
/\ p1Msg = { [value |-> 0, round |-> 1, nodeid |-> 1],
  [value |-> 0, round |-> 1, nodeid |-> 2],
  [value |-> 0, round |-> 2, nodeid |-> 1],
  [value |-> 0, round |-> 2, nodeid |-> 2],
  [value |-> 0, round |-> 2, nodeid |-> 4],
  [value |-> 1, round |-> 1, nodeid |-> 3],
  [value |-> 1, round |-> 1, nodeid |-> 4],
  [value |-> 1, round |-> 2, nodeid |-> 3] }
/\ DBCollectP1Msgs = {}

@!@!@ENDMSG 2217 @!@!@
@!@!@STARTMSG 2217:4 @!@!@
34: <P1R line 172, col 14 to line 180, col 78 of module BenOr>
/\ r = <<2, 2, 2, 2>>
/\ p1v = <<0, 0, 1, 0>>
/\ pc = <<"P2R", "P2R", "P2S", "P1R">>
/\ p2v = <<-1, -1, 0, -1>>
/\ p2Msg = { [value |-> -1, round |-> 1, nodeid |-> 1],
  [value |-> -1, round |-> 1, nodeid |-> 2],
  [value |-> -1, round |-> 1, nodeid |-> 3],
  [value |-> -1, round |-> 1, nodeid |-> 4],
  [value |-> -1, round |-> 2, nodeid |-> 1],
  [value |-> -1, round |-> 2, nodeid |-> 2] }
/\ decided = <<-1, -1, -1, -1>>
/\ p1Msg = { [value |-> 0, round |-> 1, nodeid |-> 1],
  [value |-> 0, round |-> 1, nodeid |-> 2],
  [value |-> 0, round |-> 2, nodeid |-> 1],
  [value |-> 0, round |-> 2, nodeid |-> 2],
  [value |-> 0, round |-> 2, nodeid |-> 4],
  [value |-> 1, round |-> 1, nodeid |-> 3],
  [value |-> 1, round |-> 1, nodeid |-> 4],
  [value |-> 1, round |-> 2, nodeid |-> 3] }
/\ DBCollectP1Msgs = {}

@!@!@ENDMSG 2217 @!@!@
@!@!@STARTMSG 2217:4 @!@!@
35: <P2S line 182, col 14 to line 185, col 76 of module BenOr>
/\ r = <<2, 2, 2, 2>>
/\ p1v = <<0, 0, 1, 0>>
/\ pc = <<"P2R", "P2R", "P2R", "P1R">>
/\ p2v = <<-1, -1, 0, -1>>
/\ p2Msg = { [value |-> -1, round |-> 1, nodeid |-> 1],
  [value |-> -1, round |-> 1, nodeid |-> 2],
  [value |-> -1, round |-> 1, nodeid |-> 3],
  [value |-> -1, round |-> 1, nodeid |-> 4],
  [value |-> -1, round |-> 2, nodeid |-> 1],
  [value |-> -1, round |-> 2, nodeid |-> 2],
  [value |-> 0, round |-> 2, nodeid |-> 3] }
/\ decided = <<-1, -1, -1, -1>>
/\ p1Msg = { [value |-> 0, round |-> 1, nodeid |-> 1],
  [value |-> 0, round |-> 1, nodeid |-> 2],
  [value |-> 0, round |-> 2, nodeid |-> 1],
  [value |-> 0, round |-> 2, nodeid |-> 2],
  [value |-> 0, round |-> 2, nodeid |-> 4],
  [value |-> 1, round |-> 1, nodeid |-> 3],
  [value |-> 1, round |-> 1, nodeid |-> 4],
  [value |-> 1, round |-> 2, nodeid |-> 3] }
/\ DBCollectP1Msgs = {}

@!@!@ENDMSG 2217 @!@!@
@!@!@STARTMSG 2217:4 @!@!@
36: <P2R line 187, col 14 to line 206, col 66 of module BenOr>
/\ r = <<3, 2, 2, 2>>
/\ p1v = <<0, 0, 1, 0>>
/\ pc = <<"entry", "P2R", "P2R", "P1R">>
/\ p2v = <<-1, -1, 0, -1>>
/\ p2Msg = { [value |-> -1, round |-> 1, nodeid |-> 1],
  [value |-> -1, round |-> 1, nodeid |-> 2],
  [value |-> -1, round |-> 1, nodeid |-> 3],
  [value |-> -1, round |-> 1, nodeid |-> 4],
  [value |-> -1, round |-> 2, nodeid |-> 1],
  [value |-> -1, round |-> 2, nodeid |-> 2],
  [value |-> 0, round |-> 2, nodeid |-> 3] }
/\ decided = <<-1, -1, -1, -1>>
/\ p1Msg = { [value |-> 0, round |-> 1, nodeid |-> 1],
  [value |-> 0, round |-> 1, nodeid |-> 2],
  [value |-> 0, round |-> 2, nodeid |-> 1],
  [value |-> 0, round |-> 2, nodeid |-> 2],
  [value |-> 0, round |-> 2, nodeid |-> 4],
  [value |-> 1, round |-> 1, nodeid |-> 3],
  [value |-> 1, round |-> 1, nodeid |-> 4],
  [value |-> 1, round |-> 2, nodeid |-> 3] }
/\ DBCollectP1Msgs = {}

@!@!@ENDMSG 2217 @!@!@
@!@!@STARTMSG 2217:4 @!@!@
37: <P1R line 172, col 14 to line 180, col 78 of module BenOr>
/\ r = <<3, 2, 2, 2>>
/\ p1v = <<0, 0, 1, 0>>
/\ pc = <<"entry", "P2R", "P2R", "P2S">>
/\ p2v = <<-1, -1, 0, 0>>
/\ p2Msg = { [value |-> -1, round |-> 1, nodeid |-> 1],
  [value |-> -1, round |-> 1, nodeid |-> 2],
  [value |-> -1, round |-> 1, nodeid |-> 3],
  [value |-> -1, round |-> 1, nodeid |-> 4],
  [value |-> -1, round |-> 2, nodeid |-> 1],
  [value |-> -1, round |-> 2, nodeid |-> 2],
  [value |-> 0, round |-> 2, nodeid |-> 3] }
/\ decided = <<-1, -1, -1, -1>>
/\ p1Msg = { [value |-> 0, round |-> 1, nodeid |-> 1],
  [value |-> 0, round |-> 1, nodeid |-> 2],
  [value |-> 0, round |-> 2, nodeid |-> 1],
  [value |-> 0, round |-> 2, nodeid |-> 2],
  [value |-> 0, round |-> 2, nodeid |-> 4],
  [value |-> 1, round |-> 1, nodeid |-> 3],
  [value |-> 1, round |-> 1, nodeid |-> 4],
  [value |-> 1, round |-> 2, nodeid |-> 3] }
/\ DBCollectP1Msgs = {}

@!@!@ENDMSG 2217 @!@!@
@!@!@STARTMSG 2217:4 @!@!@
38: <P2S line 182, col 14 to line 185, col 76 of module BenOr>
/\ r = <<3, 2, 2, 2>>
/\ p1v = <<0, 0, 1, 0>>
/\ pc = <<"entry", "P2R", "P2R", "P2R">>
/\ p2v = <<-1, -1, 0, 0>>
/\ p2Msg = { [value |-> -1, round |-> 1, nodeid |-> 1],
  [value |-> -1, round |-> 1, nodeid |-> 2],
  [value |-> -1, round |-> 1, nodeid |-> 3],
  [value |-> -1, round |-> 1, nodeid |-> 4],
  [value |-> -1, round |-> 2, nodeid |-> 1],
  [value |-> -1, round |-> 2, nodeid |-> 2],
  [value |-> 0, round |-> 2, nodeid |-> 3],
  [value |-> 0, round |-> 2, nodeid |-> 4] }
/\ decided = <<-1, -1, -1, -1>>
/\ p1Msg = { [value |-> 0, round |-> 1, nodeid |-> 1],
  [value |-> 0, round |-> 1, nodeid |-> 2],
  [value |-> 0, round |-> 2, nodeid |-> 1],
  [value |-> 0, round |-> 2, nodeid |-> 2],
  [value |-> 0, round |-> 2, nodeid |-> 4],
  [value |-> 1, round |-> 1, nodeid |-> 3],
  [value |-> 1, round |-> 1, nodeid |-> 4],
  [value |-> 1, round |-> 2, nodeid |-> 3] }
/\ DBCollectP1Msgs = {}

@!@!@ENDMSG 2217 @!@!@
@!@!@STARTMSG 2217:4 @!@!@
39: <P2R line 187, col 14 to line 206, col 66 of module BenOr>
/\ r = <<3, 3, 2, 2>>
/\ p1v = <<0, 0, 1, 0>>
/\ pc = <<"entry", "entry", "P2R", "P2R">>
/\ p2v = <<-1, -1, 0, 0>>
/\ p2Msg = { [value |-> -1, round |-> 1, nodeid |-> 1],
  [value |-> -1, round |-> 1, nodeid |-> 2],
  [value |-> -1, round |-> 1, nodeid |-> 3],
  [value |-> -1, round |-> 1, nodeid |-> 4],
  [value |-> -1, round |-> 2, nodeid |-> 1],
  [value |-> -1, round |-> 2, nodeid |-> 2],
  [value |-> 0, round |-> 2, nodeid |-> 3],
  [value |-> 0, round |-> 2, nodeid |-> 4] }
/\ decided = <<-1, 0, -1, -1>>
/\ p1Msg = { [value |-> 0, round |-> 1, nodeid |-> 1],
  [value |-> 0, round |-> 1, nodeid |-> 2],
  [value |-> 0, round |-> 2, nodeid |-> 1],
  [value |-> 0, round |-> 2, nodeid |-> 2],
  [value |-> 0, round |-> 2, nodeid |-> 4],
  [value |-> 1, round |-> 1, nodeid |-> 3],
  [value |-> 1, round |-> 1, nodeid |-> 4],
  [value |-> 1, round |-> 2, nodeid |-> 3] }
/\ DBCollectP1Msgs = {}

@!@!@ENDMSG 2217 @!@!@
@!@!@STARTMSG 2201:0 @!@!@
The coverage statistics at 2019-11-30 19:08:37
@!@!@ENDMSG 2201 @!@!@
@!@!@STARTMSG 2773:0 @!@!@
<Init line 149, col 1 to line 149, col 4 of module BenOr>: 2:2
@!@!@ENDMSG 2773 @!@!@
@!@!@STARTMSG 2221:0 @!@!@
  line 150, col 9 to line 158, col 46 of module BenOr: 2
@!@!@ENDMSG 2221 @!@!@
@!@!@STARTMSG 2772:0 @!@!@
<entry line 160, col 1 to line 160, col 11 of module BenOr>: 26012:79121
@!@!@ENDMSG 2772 @!@!@
@!@!@STARTMSG 2221:0 @!@!@
  line 160, col 19 to line 160, col 36 of module BenOr: 370982
@!@!@ENDMSG 2221 @!@!@
@!@!@STARTMSG 2221:0 @!@!@
  |line 160, col 19 to line 160, col 26 of module BenOr: 291861
@!@!@ENDMSG 2221 @!@!@
@!@!@STARTMSG 2221:0 @!@!@
  line 161, col 22 to line 161, col 38 of module BenOr: 79121
@!@!@ENDMSG 2221 @!@!@
@!@!@STARTMSG 2221:0 @!@!@
  line 162, col 27 to line 162, col 62 of module BenOr: 79121
@!@!@ENDMSG 2221 @!@!@
@!@!@STARTMSG 2221:0 @!@!@
  line 163, col 30 to line 163, col 63 of module BenOr: 0
@!@!@ENDMSG 2221 @!@!@
@!@!@STARTMSG 2221:0 @!@!@
  line 164, col 19 to line 165, col 41 of module BenOr: 79121
@!@!@ENDMSG 2221 @!@!@
@!@!@STARTMSG 2772:0 @!@!@
<P1S line 167, col 1 to line 167, col 9 of module BenOr>: 20286:61586
@!@!@ENDMSG 2772 @!@!@
@!@!@STARTMSG 2221:0 @!@!@
  line 167, col 17 to line 167, col 32 of module BenOr: 353439
@!@!@ENDMSG 2221 @!@!@
@!@!@STARTMSG 2221:0 @!@!@
  |line 167, col 17 to line 167, col 24 of module BenOr: 291853
@!@!@ENDMSG 2221 @!@!@
@!@!@STARTMSG 2221:0 @!@!@
  line 168, col 17 to line 168, col 99 of module BenOr: 61586
@!@!@ENDMSG 2221 @!@!@
@!@!@STARTMSG 2221:0 @!@!@
  line 169, col 17 to line 169, col 49 of module BenOr: 61586
@!@!@ENDMSG 2221 @!@!@
@!@!@STARTMSG 2221:0 @!@!@
  line 170, col 17 to line 170, col 76 of module BenOr: 61586
@!@!@ENDMSG 2221 @!@!@
@!@!@STARTMSG 2772:0 @!@!@
<P1R line 172, col 1 to line 172, col 9 of module BenOr>: 7962:26856
@!@!@ENDMSG 2772 @!@!@
@!@!@STARTMSG 2221:0 @!@!@
  line 172, col 17 to line 172, col 32 of module BenOr: 318701
@!@!@ENDMSG 2221 @!@!@
@!@!@STARTMSG 2221:0 @!@!@
  |line 172, col 17 to line 172, col 24 of module BenOr: 291845
@!@!@ENDMSG 2221 @!@!@
@!@!@STARTMSG 2221:0 @!@!@
  line 173, col 18 to line 173, col 61 of module BenOr: 26856
@!@!@ENDMSG 2221 @!@!@
@!@!@STARTMSG 2221:0 @!@!@
  |line 173, col 18 to line 173, col 52 of module BenOr: 60699
@!@!@ENDMSG 2221 @!@!@
@!@!@STARTMSG 2221:0 @!@!@
  ||line 173, col 30 to line 173, col 51 of module BenOr: 60699
@!@!@ENDMSG 2221 @!@!@
@!@!@STARTMSG 2221:0 @!@!@
  |||line 137, col 21 to line 137, col 48 of module BenOr: 60699
@!@!@ENDMSG 2221 @!@!@
@!@!@STARTMSG 2221:0 @!@!@
  ||||line 137, col 36 to line 137, col 46 of module BenOr: 443408
@!@!@ENDMSG 2221 @!@!@
@!@!@STARTMSG 2221:0 @!@!@
  ||||line 137, col 28 to line 137, col 32 of module BenOr: 60699
@!@!@ENDMSG 2221 @!@!@
@!@!@STARTMSG 2221:0 @!@!@
  |||line 173, col 44 to line 173, col 50 of module BenOr: 60699
@!@!@ENDMSG 2221 @!@!@
@!@!@STARTMSG 2221:0 @!@!@
  |line 173, col 57 to line 173, col 61 of module BenOr: 60699
@!@!@ENDMSG 2221 @!@!@
@!@!@STARTMSG 2221:0 @!@!@
  line 174, col 21 to line 174, col 58 of module BenOr: 26856
@!@!@ENDMSG 2221 @!@!@
@!@!@STARTMSG 2221:0 @!@!@
  |line 174, col 21 to line 174, col 54 of module BenOr: 26856
@!@!@ENDMSG 2221 @!@!@
@!@!@STARTMSG 2221:0 @!@!@
  ||line 174, col 21 to line 174, col 52 of module BenOr: 26856
@!@!@ENDMSG 2221 @!@!@
@!@!@STARTMSG 2221:0 @!@!@
  |||line 174, col 33 to line 174, col 51 of module BenOr: 26856
@!@!@ENDMSG 2221 @!@!@
@!@!@STARTMSG 2221:0 @!@!@
  ||||line 140, col 19 to line 140, col 63 of module BenOr: 26856
@!@!@ENDMSG 2221 @!@!@
@!@!@STARTMSG 2221:0 @!@!@
  |||||line 140, col 33 to line 140, col 62 of module BenOr: 196851
@!@!@ENDMSG 2221 @!@!@
@!@!@STARTMSG 2221:0 @!@!@
  ||||||line 140, col 34 to line 140, col 44 of module BenOr: 196851
@!@!@ENDMSG 2221 @!@!@
@!@!@STARTMSG 2221:0 @!@!@
  ||||||line 140, col 51 to line 140, col 61 of module BenOr: 99040
@!@!@ENDMSG 2221 @!@!@
@!@!@STARTMSG 2221:0 @!@!@
  |||||line 140, col 26 to line 140, col 30 of module BenOr: 26856
@!@!@ENDMSG 2221 @!@!@
@!@!@STARTMSG 2221:0 @!@!@
  ||||line 174, col 42 to line 174, col 48 of module BenOr: 26856
@!@!@ENDMSG 2221 @!@!@
@!@!@STARTMSG 2221:0 @!@!@
  |line 174, col 58 to line 174, col 58 of module BenOr: 26856
@!@!@ENDMSG 2221 @!@!@
@!@!@STARTMSG 2221:0 @!@!@
  line 175, col 25 to line 175, col 58 of module BenOr: 4431
@!@!@ENDMSG 2221 @!@!@
@!@!@STARTMSG 2221:0 @!@!@
  line 176, col 32 to line 176, col 69 of module BenOr: 22425
@!@!@ENDMSG 2221 @!@!@
@!@!@STARTMSG 2221:0 @!@!@
  |line 176, col 32 to line 176, col 65 of module BenOr: 22425
@!@!@ENDMSG 2221 @!@!@
@!@!@STARTMSG 2221:0 @!@!@
  ||line 176, col 32 to line 176, col 63 of module BenOr: 22425
@!@!@ENDMSG 2221 @!@!@
@!@!@STARTMSG 2221:0 @!@!@
  |||line 176, col 44 to line 176, col 62 of module BenOr: 22425
@!@!@ENDMSG 2221 @!@!@
@!@!@STARTMSG 2221:0 @!@!@
  ||||line 140, col 19 to line 140, col 63 of module BenOr: 22425
@!@!@ENDMSG 2221 @!@!@
@!@!@STARTMSG 2221:0 @!@!@
  |||||line 140, col 33 to line 140, col 62 of module BenOr: 162540
@!@!@ENDMSG 2221 @!@!@
@!@!@STARTMSG 2221:0 @!@!@
  ||||||line 140, col 34 to line 140, col 44 of module BenOr: 162540
@!@!@ENDMSG 2221 @!@!@
@!@!@STARTMSG 2221:0 @!@!@
  ||||||line 140, col 51 to line 140, col 61 of module BenOr: 82339
@!@!@ENDMSG 2221 @!@!@
@!@!@STARTMSG 2221:0 @!@!@
  |||||line 140, col 26 to line 140, col 30 of module BenOr: 22425
@!@!@ENDMSG 2221 @!@!@
@!@!@STARTMSG 2221:0 @!@!@
  ||||line 176, col 53 to line 176, col 59 of module BenOr: 22425
@!@!@ENDMSG 2221 @!@!@
@!@!@STARTMSG 2221:0 @!@!@
  |line 176, col 69 to line 176, col 69 of module BenOr: 22425
@!@!@ENDMSG 2221 @!@!@
@!@!@STARTMSG 2221:0 @!@!@
  line 177, col 36 to line 177, col 69 of module BenOr: 4563
@!@!@ENDMSG 2221 @!@!@
@!@!@STARTMSG 2221:0 @!@!@
  line 178, col 36 to line 178, col 70 of module BenOr: 17862
@!@!@ENDMSG 2221 @!@!@
@!@!@STARTMSG 2221:0 @!@!@
  line 179, col 17 to line 179, col 49 of module BenOr: 26856
@!@!@ENDMSG 2221 @!@!@
@!@!@STARTMSG 2221:0 @!@!@
  line 180, col 17 to line 180, col 78 of module BenOr: 26856
@!@!@ENDMSG 2221 @!@!@
@!@!@STARTMSG 2772:0 @!@!@
<P2S line 182, col 1 to line 182, col 9 of module BenOr>: 8878:27070
@!@!@ENDMSG 2772 @!@!@
@!@!@STARTMSG 2221:0 @!@!@
  line 182, col 17 to line 182, col 32 of module BenOr: 318907
@!@!@ENDMSG 2221 @!@!@
@!@!@STARTMSG 2221:0 @!@!@
  |line 182, col 17 to line 182, col 24 of module BenOr: 291837
@!@!@ENDMSG 2221 @!@!@
@!@!@STARTMSG 2221:0 @!@!@
  line 183, col 17 to line 183, col 99 of module BenOr: 27070
@!@!@ENDMSG 2221 @!@!@
@!@!@STARTMSG 2221:0 @!@!@
  line 184, col 17 to line 184, col 49 of module BenOr: 27070
@!@!@ENDMSG 2221 @!@!@
@!@!@STARTMSG 2221:0 @!@!@
  line 185, col 17 to line 185, col 76 of module BenOr: 27070
@!@!@ENDMSG 2221 @!@!@
@!@!@STARTMSG 2772:0 @!@!@
<P2R line 187, col 1 to line 187, col 9 of module BenOr>: 29401:89546
@!@!@ENDMSG 2772 @!@!@
@!@!@STARTMSG 2221:0 @!@!@
  line 187, col 17 to line 187, col 32 of module BenOr: 342510
@!@!@ENDMSG 2221 @!@!@
@!@!@STARTMSG 2221:0 @!@!@
  |line 187, col 17 to line 187, col 24 of module BenOr: 291829
@!@!@ENDMSG 2221 @!@!@
@!@!@STARTMSG 2221:0 @!@!@
  line 188, col 18 to line 188, col 61 of module BenOr: 50681
@!@!@ENDMSG 2221 @!@!@
@!@!@STARTMSG 2221:0 @!@!@
  |line 188, col 18 to line 188, col 52 of module BenOr: 63385
@!@!@ENDMSG 2221 @!@!@
@!@!@STARTMSG 2221:0 @!@!@
  ||line 188, col 30 to line 188, col 51 of module BenOr: 63385
@!@!@ENDMSG 2221 @!@!@
@!@!@STARTMSG 2221:0 @!@!@
  |||line 138, col 21 to line 138, col 48 of module BenOr: 63385
@!@!@ENDMSG 2221 @!@!@
@!@!@STARTMSG 2221:0 @!@!@
  ||||line 138, col 36 to line 138, col 46 of module BenOr: 391066
@!@!@ENDMSG 2221 @!@!@
@!@!@STARTMSG 2221:0 @!@!@
  ||||line 138, col 28 to line 138, col 32 of module BenOr: 63385
@!@!@ENDMSG 2221 @!@!@
@!@!@STARTMSG 2221:0 @!@!@
  |||line 188, col 44 to line 188, col 50 of module BenOr: 63385
@!@!@ENDMSG 2221 @!@!@
@!@!@STARTMSG 2221:0 @!@!@
  |line 188, col 57 to line 188, col 61 of module BenOr: 63385
@!@!@ENDMSG 2221 @!@!@
@!@!@STARTMSG 2221:0 @!@!@
  line 189, col 20 to line 189, col 60 of module BenOr: 50681
@!@!@ENDMSG 2221 @!@!@
@!@!@STARTMSG 2221:0 @!@!@
  |line 189, col 20 to line 189, col 53 of module BenOr: 50681
@!@!@ENDMSG 2221 @!@!@
@!@!@STARTMSG 2221:0 @!@!@
  ||line 189, col 32 to line 189, col 52 of module BenOr: 50681
@!@!@ENDMSG 2221 @!@!@
@!@!@STARTMSG 2221:0 @!@!@
  |||line 141, col 21 to line 141, col 65 of module BenOr: 50681
@!@!@ENDMSG 2221 @!@!@
@!@!@STARTMSG 2221:0 @!@!@
  ||||line 141, col 35 to line 141, col 64 of module BenOr: 324518
@!@!@ENDMSG 2221 @!@!@
@!@!@STARTMSG 2221:0 @!@!@
  |||||line 141, col 36 to line 141, col 46 of module BenOr: 324518
@!@!@ENDMSG 2221 @!@!@
@!@!@STARTMSG 2221:0 @!@!@
  |||||line 141, col 53 to line 141, col 63 of module BenOr: 159894
@!@!@ENDMSG 2221 @!@!@
@!@!@STARTMSG 2221:0 @!@!@
  ||||line 141, col 28 to line 141, col 32 of module BenOr: 50681
@!@!@ENDMSG 2221 @!@!@
@!@!@STARTMSG 2221:0 @!@!@
  |||line 189, col 43 to line 189, col 49 of module BenOr: 50681
@!@!@ENDMSG 2221 @!@!@
@!@!@STARTMSG 2221:0 @!@!@
  |line 189, col 58 to line 189, col 60 of module BenOr: 50681
@!@!@ENDMSG 2221 @!@!@
@!@!@STARTMSG 2221:0 @!@!@
  line 190, col 25 to line 190, col 66 of module BenOr: 4092
@!@!@ENDMSG 2221 @!@!@
@!@!@STARTMSG 2221:0 @!@!@
  line 191, col 31 to line 191, col 71 of module BenOr: 46589
@!@!@ENDMSG 2221 @!@!@
@!@!@STARTMSG 2221:0 @!@!@
  |line 191, col 31 to line 191, col 64 of module BenOr: 46589
@!@!@ENDMSG 2221 @!@!@
@!@!@STARTMSG 2221:0 @!@!@
  ||line 191, col 43 to line 191, col 63 of module BenOr: 46589
@!@!@ENDMSG 2221 @!@!@
@!@!@STARTMSG 2221:0 @!@!@
  |||line 141, col 21 to line 141, col 65 of module BenOr: 46589
@!@!@ENDMSG 2221 @!@!@
@!@!@STARTMSG 2221:0 @!@!@
  ||||line 141, col 35 to line 141, col 64 of module BenOr: 296462
@!@!@ENDMSG 2221 @!@!@
@!@!@STARTMSG 2221:0 @!@!@
  |||||line 141, col 36 to line 141, col 46 of module BenOr: 296462
@!@!@ENDMSG 2221 @!@!@
@!@!@STARTMSG 2221:0 @!@!@
  |||||line 141, col 53 to line 141, col 63 of module BenOr: 147438
@!@!@ENDMSG 2221 @!@!@
@!@!@STARTMSG 2221:0 @!@!@
  ||||line 141, col 28 to line 141, col 32 of module BenOr: 46589
@!@!@ENDMSG 2221 @!@!@
@!@!@STARTMSG 2221:0 @!@!@
  |||line 191, col 54 to line 191, col 60 of module BenOr: 46589
@!@!@ENDMSG 2221 @!@!@
@!@!@STARTMSG 2221:0 @!@!@
  |line 191, col 69 to line 191, col 71 of module BenOr: 46589
@!@!@ENDMSG 2221 @!@!@
@!@!@STARTMSG 2221:0 @!@!@
  line 192, col 36 to line 192, col 77 of module BenOr: 4294
@!@!@ENDMSG 2221 @!@!@
@!@!@STARTMSG 2221:0 @!@!@
  line 193, col 39 to line 193, col 42 of module BenOr: 42295
@!@!@ENDMSG 2221 @!@!@
@!@!@STARTMSG 2221:0 @!@!@
  line 194, col 39 to line 194, col 55 of module BenOr: 42295
@!@!@ENDMSG 2221 @!@!@
@!@!@STARTMSG 2221:0 @!@!@
  line 195, col 20 to line 195, col 103 of module BenOr: 50681
@!@!@ENDMSG 2221 @!@!@
@!@!@STARTMSG 2221:0 @!@!@
  |line 195, col 21 to line 195, col 59 of module BenOr: 50681
@!@!@ENDMSG 2221 @!@!@
@!@!@STARTMSG 2221:0 @!@!@
  ||line 195, col 21 to line 195, col 55 of module BenOr: 50681
@!@!@ENDMSG 2221 @!@!@
@!@!@STARTMSG 2221:0 @!@!@
  |||line 195, col 33 to line 195, col 54 of module BenOr: 50681
@!@!@ENDMSG 2221 @!@!@
@!@!@STARTMSG 2221:0 @!@!@
  ||||line 141, col 21 to line 141, col 65 of module BenOr: 50681
@!@!@ENDMSG 2221 @!@!@
@!@!@STARTMSG 2221:0 @!@!@
  |||||line 141, col 35 to line 141, col 64 of module BenOr: 324518
@!@!@ENDMSG 2221 @!@!@
@!@!@STARTMSG 2221:0 @!@!@
  ||||||line 141, col 36 to line 141, col 46 of module BenOr: 324518
@!@!@ENDMSG 2221 @!@!@
@!@!@STARTMSG 2221:0 @!@!@
  ||||||line 141, col 53 to line 141, col 63 of module BenOr: 159894
@!@!@ENDMSG 2221 @!@!@
@!@!@STARTMSG 2221:0 @!@!@
  |||||line 141, col 28 to line 141, col 32 of module BenOr: 50681
@!@!@ENDMSG 2221 @!@!@
@!@!@STARTMSG 2221:0 @!@!@
  ||||line 195, col 44 to line 195, col 50 of module BenOr: 50681
@!@!@ENDMSG 2221 @!@!@
@!@!@STARTMSG 2221:0 @!@!@
  ||||line 195, col 52 to line 195, col 53 of module BenOr: 50681
@!@!@ENDMSG 2221 @!@!@
@!@!@STARTMSG 2221:0 @!@!@
  |line 195, col 66 to line 195, col 102 of module BenOr: 46090
@!@!@ENDMSG 2221 @!@!@
@!@!@STARTMSG 2221:0 @!@!@
  ||line 195, col 66 to line 195, col 99 of module BenOr: 46090
@!@!@ENDMSG 2221 @!@!@
@!@!@STARTMSG 2221:0 @!@!@
  |||line 195, col 78 to line 195, col 98 of module BenOr: 46090
@!@!@ENDMSG 2221 @!@!@
@!@!@STARTMSG 2221:0 @!@!@
  ||||line 141, col 21 to line 141, col 65 of module BenOr: 46090
@!@!@ENDMSG 2221 @!@!@
@!@!@STARTMSG 2221:0 @!@!@
  |||||line 141, col 35 to line 141, col 64 of module BenOr: 293853
@!@!@ENDMSG 2221 @!@!@
@!@!@STARTMSG 2221:0 @!@!@
  ||||||line 141, col 36 to line 141, col 46 of module BenOr: 293853
@!@!@ENDMSG 2221 @!@!@
@!@!@STARTMSG 2221:0 @!@!@
  ||||||line 141, col 53 to line 141, col 63 of module BenOr: 146057
@!@!@ENDMSG 2221 @!@!@
@!@!@STARTMSG 2221:0 @!@!@
  |||||line 141, col 28 to line 141, col 32 of module BenOr: 46090
@!@!@ENDMSG 2221 @!@!@
@!@!@STARTMSG 2221:0 @!@!@
  ||||line 195, col 89 to line 195, col 95 of module BenOr: 46090
@!@!@ENDMSG 2221 @!@!@
@!@!@STARTMSG 2221:0 @!@!@
  line 196, col 25 to line 196, col 58 of module BenOr: 3669
@!@!@ENDMSG 2221 @!@!@
@!@!@STARTMSG 2221:0 @!@!@
  line 197, col 31 to line 197, col 114 of module BenOr: 47012
@!@!@ENDMSG 2221 @!@!@
@!@!@STARTMSG 2221:0 @!@!@
  |line 197, col 32 to line 197, col 70 of module BenOr: 47012
@!@!@ENDMSG 2221 @!@!@
@!@!@STARTMSG 2221:0 @!@!@
  ||line 197, col 32 to line 197, col 66 of module BenOr: 47012
@!@!@ENDMSG 2221 @!@!@
@!@!@STARTMSG 2221:0 @!@!@
  |||line 197, col 44 to line 197, col 65 of module BenOr: 47012
@!@!@ENDMSG 2221 @!@!@
@!@!@STARTMSG 2221:0 @!@!@
  ||||line 141, col 21 to line 141, col 65 of module BenOr: 47012
@!@!@ENDMSG 2221 @!@!@
@!@!@STARTMSG 2221:0 @!@!@
  |||||line 141, col 35 to line 141, col 64 of module BenOr: 298587
@!@!@ENDMSG 2221 @!@!@
@!@!@STARTMSG 2221:0 @!@!@
  ||||||line 141, col 36 to line 141, col 46 of module BenOr: 298587
@!@!@ENDMSG 2221 @!@!@
@!@!@STARTMSG 2221:0 @!@!@
  ||||||line 141, col 53 to line 141, col 63 of module BenOr: 148639
@!@!@ENDMSG 2221 @!@!@
@!@!@STARTMSG 2221:0 @!@!@
  |||||line 141, col 28 to line 141, col 32 of module BenOr: 47012
@!@!@ENDMSG 2221 @!@!@
@!@!@STARTMSG 2221:0 @!@!@
  ||||line 197, col 55 to line 197, col 61 of module BenOr: 47012
@!@!@ENDMSG 2221 @!@!@
@!@!@STARTMSG 2221:0 @!@!@
  ||||line 197, col 63 to line 197, col 64 of module BenOr: 47012
@!@!@ENDMSG 2221 @!@!@
@!@!@STARTMSG 2221:0 @!@!@
  |line 197, col 77 to line 197, col 113 of module BenOr: 42421
@!@!@ENDMSG 2221 @!@!@
@!@!@STARTMSG 2221:0 @!@!@
  ||line 197, col 77 to line 197, col 110 of module BenOr: 42421
@!@!@ENDMSG 2221 @!@!@
@!@!@STARTMSG 2221:0 @!@!@
  |||line 197, col 89 to line 197, col 109 of module BenOr: 42421
@!@!@ENDMSG 2221 @!@!@
@!@!@STARTMSG 2221:0 @!@!@
  ||||line 141, col 21 to line 141, col 65 of module BenOr: 42421
@!@!@ENDMSG 2221 @!@!@
@!@!@STARTMSG 2221:0 @!@!@
  |||||line 141, col 35 to line 141, col 64 of module BenOr: 267922
@!@!@ENDMSG 2221 @!@!@
@!@!@STARTMSG 2221:0 @!@!@
  ||||||line 141, col 36 to line 141, col 46 of module BenOr: 267922
@!@!@ENDMSG 2221 @!@!@
@!@!@STARTMSG 2221:0 @!@!@
  ||||||line 141, col 53 to line 141, col 63 of module BenOr: 134802
@!@!@ENDMSG 2221 @!@!@
@!@!@STARTMSG 2221:0 @!@!@
  |||||line 141, col 28 to line 141, col 32 of module BenOr: 42421
@!@!@ENDMSG 2221 @!@!@
@!@!@STARTMSG 2221:0 @!@!@
  ||||line 197, col 100 to line 197, col 106 of module BenOr: 42421
@!@!@ENDMSG 2221 @!@!@
@!@!@STARTMSG 2221:0 @!@!@
  line 198, col 36 to line 198, col 69 of module BenOr: 3556
@!@!@ENDMSG 2221 @!@!@
@!@!@STARTMSG 2221:0 @!@!@
  line 199, col 43 to line 199, col 81 of module BenOr: 43456
@!@!@ENDMSG 2221 @!@!@
@!@!@STARTMSG 2221:0 @!@!@
  |line 199, col 43 to line 199, col 77 of module BenOr: 43456
@!@!@ENDMSG 2221 @!@!@
@!@!@STARTMSG 2221:0 @!@!@
  ||line 199, col 55 to line 199, col 76 of module BenOr: 43456
@!@!@ENDMSG 2221 @!@!@
@!@!@STARTMSG 2221:0 @!@!@
  |||line 141, col 21 to line 141, col 65 of module BenOr: 43456
@!@!@ENDMSG 2221 @!@!@
@!@!@STARTMSG 2221:0 @!@!@
  ||||line 141, col 35 to line 141, col 64 of module BenOr: 273487
@!@!@ENDMSG 2221 @!@!@
@!@!@STARTMSG 2221:0 @!@!@
  |||||line 141, col 36 to line 141, col 46 of module BenOr: 273487
@!@!@ENDMSG 2221 @!@!@
@!@!@STARTMSG 2221:0 @!@!@
  |||||line 141, col 53 to line 141, col 63 of module BenOr: 137763
@!@!@ENDMSG 2221 @!@!@
@!@!@STARTMSG 2221:0 @!@!@
  ||||line 141, col 28 to line 141, col 32 of module BenOr: 43456
@!@!@ENDMSG 2221 @!@!@
@!@!@STARTMSG 2221:0 @!@!@
  |||line 199, col 66 to line 199, col 72 of module BenOr: 43456
@!@!@ENDMSG 2221 @!@!@
@!@!@STARTMSG 2221:0 @!@!@
  |||line 199, col 74 to line 199, col 75 of module BenOr: 43456
@!@!@ENDMSG 2221 @!@!@
@!@!@STARTMSG 2221:0 @!@!@
  line 201, col 52 to line 201, col 82 of module BenOr: 77730
@!@!@ENDMSG 2221 @!@!@
@!@!@STARTMSG 2775:0 @!@!@
  line 200, col 59 to line 200, col 63 of module BenOr: 38865:116595
@!@!@ENDMSG 2775 @!@!@
@!@!@STARTMSG 2221:0 @!@!@
  line 202, col 47 to line 203, col 59 of module BenOr: 4591
@!@!@ENDMSG 2221 @!@!@
@!@!@STARTMSG 2221:0 @!@!@
  line 204, col 17 to line 204, col 53 of module BenOr: 89546
@!@!@ENDMSG 2221 @!@!@
@!@!@STARTMSG 2221:0 @!@!@
  line 205, col 17 to line 205, col 51 of module BenOr: 89546
@!@!@ENDMSG 2221 @!@!@
@!@!@STARTMSG 2221:0 @!@!@
  line 206, col 17 to line 206, col 66 of module BenOr: 89546
@!@!@ENDMSG 2221 @!@!@
@!@!@STARTMSG 2772:0 @!@!@
<Terminating line 211, col 1 to line 211, col 11 of module BenOr>: 0:0
@!@!@ENDMSG 2772 @!@!@
@!@!@STARTMSG 2221:0 @!@!@
  line 211, col 19 to line 211, col 56 of module BenOr: 72940
@!@!@ENDMSG 2221 @!@!@
@!@!@STARTMSG 2221:0 @!@!@
  line 212, col 19 to line 212, col 32 of module BenOr: 0
@!@!@ENDMSG 2221 @!@!@
@!@!@STARTMSG 2774:0 @!@!@
<inv_157515891509785000 line 25, col 1 to line 25, col 22 of module MC>
@!@!@ENDMSG 2774 @!@!@
@!@!@STARTMSG 2221:0 @!@!@
  line 26, col 2 to line 26, col 57 of module MC: 92540
@!@!@ENDMSG 2221 @!@!@
@!@!@STARTMSG 2221:0 @!@!@
  |line 26, col 20 to line 26, col 57 of module MC: 1480559
@!@!@ENDMSG 2221 @!@!@
@!@!@STARTMSG 2221:0 @!@!@
  ||line 26, col 20 to line 26, col 30 of module MC: 1480559
@!@!@ENDMSG 2221 @!@!@
@!@!@STARTMSG 2221:0 @!@!@
  ||line 26, col 35 to line 26, col 57 of module MC: 887238
@!@!@ENDMSG 2221 @!@!@
@!@!@STARTMSG 2221:0 @!@!@
  |line 26, col 13 to line 26, col 17 of module MC: 92540
@!@!@ENDMSG 2221 @!@!@
@!@!@STARTMSG 2202:0 @!@!@
End of statistics.
@!@!@ENDMSG 2202 @!@!@
@!@!@STARTMSG 2200:0 @!@!@
Progress(39) at 2019-11-30 19:08:37: 284,123 states generated (7,444,270 s/min), 92,540 distinct states found (2,424,628 ds/min), 19,588 states left on queue.
@!@!@ENDMSG 2200 @!@!@
@!@!@STARTMSG 2199:0 @!@!@
284123 states generated, 92540 distinct states found, 19588 states left on queue.
@!@!@ENDMSG 2199 @!@!@
@!@!@STARTMSG 2194:0 @!@!@
The depth of the complete state graph search is 39.
@!@!@ENDMSG 2194 @!@!@
@!@!@STARTMSG 2268:0 @!@!@
The average outdegree of the complete state graph is 1 (minimum is 0, the maximum 7 and the 95th percentile is 3).
@!@!@ENDMSG 2268 @!@!@
@!@!@STARTMSG 2186:0 @!@!@
Finished in 2295ms at (2019-11-30 19:08:37)
@!@!@ENDMSG 2186 @!@!@
